::1 - - [07/Jul/2017:21:43:09 +0000] "POST /login.html HTTP/1.1" 200 25 "http://localhost:3000/login.html" "Mozilla/5.0 (Windows NT 10.0; Win64; x64) AppleWebKit/537.36 (KHTML, like Gecko) Chrome/59.0.3071.115 Safari/537.36"
::1 - - [07/Jul/2017:21:43:09 +0000] "GET /favicon.ico HTTP/1.1" 304 - "http://localhost:3000/login.html" "Mozilla/5.0 (Windows NT 10.0; Win64; x64) AppleWebKit/537.36 (KHTML, like Gecko) Chrome/59.0.3071.115 Safari/537.36"
::1 - - [07/Jul/2017:21:43:13 +0000] "POST /login.html HTTP/1.1" 200 25 "http://localhost:3000/login.html" "Mozilla/5.0 (Windows NT 10.0; Win64; x64) AppleWebKit/537.36 (KHTML, like Gecko) Chrome/59.0.3071.115 Safari/537.36"
::1 - - [07/Jul/2017:21:43:13 +0000] "GET /favicon.ico HTTP/1.1" 304 - "http://localhost:3000/login.html" "Mozilla/5.0 (Windows NT 10.0; Win64; x64) AppleWebKit/537.36 (KHTML, like Gecko) Chrome/59.0.3071.115 Safari/537.36"
::1 - - [07/Jul/2017:21:43:27 +0000] "POST /login.html HTTP/1.1" 200 25 "http://localhost:3000/login.html" "Mozilla/5.0 (Windows NT 10.0; Win64; x64) AppleWebKit/537.36 (KHTML, like Gecko) Chrome/59.0.3071.115 Safari/537.36"
::1 - - [07/Jul/2017:21:43:27 +0000] "GET /favicon.ico HTTP/1.1" 304 - "http://localhost:3000/login.html" "Mozilla/5.0 (Windows NT 10.0; Win64; x64) AppleWebKit/537.36 (KHTML, like Gecko) Chrome/59.0.3071.115 Safari/537.36"
::1 - - [07/Jul/2017:21:45:53 +0000] "GET /login.html HTTP/1.1" 200 3346 "-" "Mozilla/5.0 (Windows NT 10.0; Win64; x64) AppleWebKit/537.36 (KHTML, like Gecko) Chrome/59.0.3071.115 Safari/537.36"
::1 - - [07/Jul/2017:21:45:53 +0000] "GET /favicon.ico HTTP/1.1" 304 - "http://localhost:3000/login.html" "Mozilla/5.0 (Windows NT 10.0; Win64; x64) AppleWebKit/537.36 (KHTML, like Gecko) Chrome/59.0.3071.115 Safari/537.36"
::1 - - [07/Jul/2017:21:45:56 +0000] "POST /login HTTP/1.1" 200 3346 "http://localhost:3000/login.html" "Mozilla/5.0 (Windows NT 10.0; Win64; x64) AppleWebKit/537.36 (KHTML, like Gecko) Chrome/59.0.3071.115 Safari/537.36"
::1 - - [07/Jul/2017:21:45:56 +0000] "GET /favicon.ico HTTP/1.1" 304 - "http://localhost:3000/login" "Mozilla/5.0 (Windows NT 10.0; Win64; x64) AppleWebKit/537.36 (KHTML, like Gecko) Chrome/59.0.3071.115 Safari/537.36"
::1 - - [07/Jul/2017:21:47:39 +0000] "POST /login HTTP/1.1" 500 16 "http://localhost:3000/login" "Mozilla/5.0 (Windows NT 10.0; Win64; x64) AppleWebKit/537.36 (KHTML, like Gecko) Chrome/59.0.3071.115 Safari/537.36"
::1 - - [07/Jul/2017:21:47:39 +0000] "GET /favicon.ico HTTP/1.1" 304 - "http://localhost:3000/login" "Mozilla/5.0 (Windows NT 10.0; Win64; x64) AppleWebKit/537.36 (KHTML, like Gecko) Chrome/59.0.3071.115 Safari/537.36"
::1 - - [07/Jul/2017:21:51:02 +0000] "GET /favicon.ico HTTP/1.1" 304 - "http://localhost:3000/login" "Mozilla/5.0 (Windows NT 10.0; Win64; x64) AppleWebKit/537.36 (KHTML, like Gecko) Chrome/59.0.3071.115 Safari/537.36"
::1 - - [07/Jul/2017:21:51:03 +0000] "POST /login HTTP/1.1" 302 60 "http://localhost:3000/login" "Mozilla/5.0 (Windows NT 10.0; Win64; x64) AppleWebKit/537.36 (KHTML, like Gecko) Chrome/59.0.3071.115 Safari/537.36"
::1 - - [07/Jul/2017:21:51:03 +0000] "GET /upgrade HTTP/1.1" 200 25 "http://localhost:3000/login" "Mozilla/5.0 (Windows NT 10.0; Win64; x64) AppleWebKit/537.36 (KHTML, like Gecko) Chrome/59.0.3071.115 Safari/537.36"
::1 - - [07/Jul/2017:21:51:04 +0000] "GET /favicon.ico HTTP/1.1" 304 - "http://localhost:3000/upgrade" "Mozilla/5.0 (Windows NT 10.0; Win64; x64) AppleWebKit/537.36 (KHTML, like Gecko) Chrome/59.0.3071.115 Safari/537.36"
::1 - - [07/Jul/2017:21:51:06 +0000] "GET /favicon.ico HTTP/1.1" 304 - "http://localhost:3000/login" "Mozilla/5.0 (Windows NT 10.0; Win64; x64) AppleWebKit/537.36 (KHTML, like Gecko) Chrome/59.0.3071.115 Safari/537.36"
::1 - - [07/Jul/2017:21:53:17 +0000] "GET /favicon.ico HTTP/1.1" 304 - "http://localhost:3000/login" "Mozilla/5.0 (Windows NT 10.0; Win64; x64) AppleWebKit/537.36 (KHTML, like Gecko) Chrome/59.0.3071.115 Safari/537.36"
::1 - - [07/Jul/2017:21:53:18 +0000] "GET / HTTP/1.1" 200 3235 "http://localhost:3000/login" "Mozilla/5.0 (Windows NT 10.0; Win64; x64) AppleWebKit/537.36 (KHTML, like Gecko) Chrome/59.0.3071.115 Safari/537.36"
::1 - - [07/Jul/2017:21:53:18 +0000] "GET /favicon.ico HTTP/1.1" 304 - "http://localhost:3000/" "Mozilla/5.0 (Windows NT 10.0; Win64; x64) AppleWebKit/537.36 (KHTML, like Gecko) Chrome/59.0.3071.115 Safari/537.36"
::1 - - [07/Jul/2017:21:53:20 +0000] "GET /upgrade.html HTTP/1.1" 304 - "http://localhost:3000/" "Mozilla/5.0 (Windows NT 10.0; Win64; x64) AppleWebKit/537.36 (KHTML, like Gecko) Chrome/59.0.3071.115 Safari/537.36"
::1 - - [07/Jul/2017:21:53:20 +0000] "GET /favicon.ico HTTP/1.1" 304 - "http://localhost:3000/upgrade.html" "Mozilla/5.0 (Windows NT 10.0; Win64; x64) AppleWebKit/537.36 (KHTML, like Gecko) Chrome/59.0.3071.115 Safari/537.36"
::1 - - [07/Jul/2017:21:53:22 +0000] "GET /favicon.ico HTTP/1.1" 304 - "http://localhost:3000/" "Mozilla/5.0 (Windows NT 10.0; Win64; x64) AppleWebKit/537.36 (KHTML, like Gecko) Chrome/59.0.3071.115 Safari/537.36"
::1 - - [07/Jul/2017:21:53:22 +0000] "GET /login.html HTTP/1.1" 304 - "http://localhost:3000/" "Mozilla/5.0 (Windows NT 10.0; Win64; x64) AppleWebKit/537.36 (KHTML, like Gecko) Chrome/59.0.3071.115 Safari/537.36"
::1 - - [07/Jul/2017:21:53:22 +0000] "GET /favicon.ico HTTP/1.1" 304 - "http://localhost:3000/login.html" "Mozilla/5.0 (Windows NT 10.0; Win64; x64) AppleWebKit/537.36 (KHTML, like Gecko) Chrome/59.0.3071.115 Safari/537.36"
::1 - - [07/Jul/2017:21:53:23 +0000] "GET /register.html HTTP/1.1" 304 - "http://localhost:3000/login.html" "Mozilla/5.0 (Windows NT 10.0; Win64; x64) AppleWebKit/537.36 (KHTML, like Gecko) Chrome/59.0.3071.115 Safari/537.36"
::1 - - [07/Jul/2017:21:53:23 +0000] "GET /favicon.ico HTTP/1.1" 304 - "http://localhost:3000/register.html" "Mozilla/5.0 (Windows NT 10.0; Win64; x64) AppleWebKit/537.36 (KHTML, like Gecko) Chrome/59.0.3071.115 Safari/537.36"
::1 - - [07/Jul/2017:21:53:24 +0000] "GET /login.html HTTP/1.1" 304 - "http://localhost:3000/register.html" "Mozilla/5.0 (Windows NT 10.0; Win64; x64) AppleWebKit/537.36 (KHTML, like Gecko) Chrome/59.0.3071.115 Safari/537.36"
::1 - - [07/Jul/2017:21:53:24 +0000] "GET /favicon.ico HTTP/1.1" 304 - "http://localhost:3000/login.html" "Mozilla/5.0 (Windows NT 10.0; Win64; x64) AppleWebKit/537.36 (KHTML, like Gecko) Chrome/59.0.3071.115 Safari/537.36"
::1 - - [07/Jul/2017:21:53:25 +0000] "GET /register.html HTTP/1.1" 304 - "http://localhost:3000/login.html" "Mozilla/5.0 (Windows NT 10.0; Win64; x64) AppleWebKit/537.36 (KHTML, like Gecko) Chrome/59.0.3071.115 Safari/537.36"
::1 - - [07/Jul/2017:21:53:25 +0000] "GET /favicon.ico HTTP/1.1" 304 - "http://localhost:3000/register.html" "Mozilla/5.0 (Windows NT 10.0; Win64; x64) AppleWebKit/537.36 (KHTML, like Gecko) Chrome/59.0.3071.115 Safari/537.36"
::1 - - [07/Jul/2017:21:53:26 +0000] "GET /login.html HTTP/1.1" 304 - "http://localhost:3000/register.html" "Mozilla/5.0 (Windows NT 10.0; Win64; x64) AppleWebKit/537.36 (KHTML, like Gecko) Chrome/59.0.3071.115 Safari/537.36"
::1 - - [07/Jul/2017:21:53:26 +0000] "GET /favicon.ico HTTP/1.1" 304 - "http://localhost:3000/login.html" "Mozilla/5.0 (Windows NT 10.0; Win64; x64) AppleWebKit/537.36 (KHTML, like Gecko) Chrome/59.0.3071.115 Safari/537.36"
::1 - - [07/Jul/2017:21:53:27 +0000] "GET /register.html HTTP/1.1" 304 - "http://localhost:3000/login.html" "Mozilla/5.0 (Windows NT 10.0; Win64; x64) AppleWebKit/537.36 (KHTML, like Gecko) Chrome/59.0.3071.115 Safari/537.36"
::1 - - [07/Jul/2017:21:53:27 +0000] "GET /favicon.ico HTTP/1.1" 304 - "http://localhost:3000/register.html" "Mozilla/5.0 (Windows NT 10.0; Win64; x64) AppleWebKit/537.36 (KHTML, like Gecko) Chrome/59.0.3071.115 Safari/537.36"
::1 - - [07/Jul/2017:21:53:27 +0000] "GET /login.html HTTP/1.1" 304 - "http://localhost:3000/register.html" "Mozilla/5.0 (Windows NT 10.0; Win64; x64) AppleWebKit/537.36 (KHTML, like Gecko) Chrome/59.0.3071.115 Safari/537.36"
::1 - - [07/Jul/2017:21:53:27 +0000] "GET /favicon.ico HTTP/1.1" 304 - "http://localhost:3000/login.html" "Mozilla/5.0 (Windows NT 10.0; Win64; x64) AppleWebKit/537.36 (KHTML, like Gecko) Chrome/59.0.3071.115 Safari/537.36"
::1 - - [07/Jul/2017:21:53:28 +0000] "GET / HTTP/1.1" 200 3235 "http://localhost:3000/login.html" "Mozilla/5.0 (Windows NT 10.0; Win64; x64) AppleWebKit/537.36 (KHTML, like Gecko) Chrome/59.0.3071.115 Safari/537.36"
::1 - - [07/Jul/2017:21:53:28 +0000] "GET /favicon.ico HTTP/1.1" 304 - "http://localhost:3000/" "Mozilla/5.0 (Windows NT 10.0; Win64; x64) AppleWebKit/537.36 (KHTML, like Gecko) Chrome/59.0.3071.115 Safari/537.36"
::1 - - [07/Jul/2017:21:53:30 +0000] "GET / HTTP/1.1" 200 3235 "http://localhost:3000/login.html" "Mozilla/5.0 (Windows NT 10.0; Win64; x64) AppleWebKit/537.36 (KHTML, like Gecko) Chrome/59.0.3071.115 Safari/537.36"
::1 - - [07/Jul/2017:21:53:30 +0000] "GET /favicon.ico HTTP/1.1" 200 25 "http://localhost:3000/" "Mozilla/5.0 (Windows NT 10.0; Win64; x64) AppleWebKit/537.36 (KHTML, like Gecko) Chrome/59.0.3071.115 Safari/537.36"
::1 - - [07/Jul/2017:21:53:30 +0000] "GET / HTTP/1.1" 200 3235 "http://localhost:3000/login.html" "Mozilla/5.0 (Windows NT 10.0; Win64; x64) AppleWebKit/537.36 (KHTML, like Gecko) Chrome/59.0.3071.115 Safari/537.36"
::1 - - [07/Jul/2017:21:53:31 +0000] "GET /favicon.ico HTTP/1.1" 200 25 "http://localhost:3000/" "Mozilla/5.0 (Windows NT 10.0; Win64; x64) AppleWebKit/537.36 (KHTML, like Gecko) Chrome/59.0.3071.115 Safari/537.36"
::1 - - [07/Jul/2017:21:53:31 +0000] "GET / HTTP/1.1" 200 3235 "http://localhost:3000/login.html" "Mozilla/5.0 (Windows NT 10.0; Win64; x64) AppleWebKit/537.36 (KHTML, like Gecko) Chrome/59.0.3071.115 Safari/537.36"
::1 - - [07/Jul/2017:21:53:31 +0000] "GET /favicon.ico HTTP/1.1" 200 25 "http://localhost:3000/" "Mozilla/5.0 (Windows NT 10.0; Win64; x64) AppleWebKit/537.36 (KHTML, like Gecko) Chrome/59.0.3071.115 Safari/537.36"
