::1 - - [29/Jul/2017:00:49:48 +0000] "GET / HTTP/1.1" 200 2874 "-" "Mozilla/5.0 (Windows NT 10.0; Win64; x64) AppleWebKit/537.36 (KHTML, like Gecko) Chrome/59.0.3071.115 Safari/537.36"
::ffff:127.0.0.1 - - [29/Jul/2017:00:49:52 +0000] "GET / HTTP/1.1" 200 2874 "-" "Mozilla/5.0 (Windows NT 10.0; Win64; x64) AppleWebKit/537.36 (KHTML, like Gecko) Chrome/52.0.2743.116 Safari/537.36 Edge/15.15063"
::1 - - [29/Jul/2017:00:52:06 +0000] "GET / HTTP/1.1" - - "-" "Mozilla/5.0 (Windows NT 10.0; Win64; x64) AppleWebKit/537.36 (KHTML, like Gecko) Chrome/59.0.3071.115 Safari/537.36"
::1 - - [29/Jul/2017:00:52:06 +0000] "GET /favicon.ico HTTP/1.1" - - "http://localhost:3000/" "Mozilla/5.0 (Windows NT 10.0; Win64; x64) AppleWebKit/537.36 (KHTML, like Gecko) Chrome/59.0.3071.115 Safari/537.36"
::ffff:127.0.0.1 - - [29/Jul/2017:00:52:17 +0000] "GET / HTTP/1.1" 200 2874 "-" "Mozilla/5.0 (Windows NT 10.0; Win64; x64) AppleWebKit/537.36 (KHTML, like Gecko) Chrome/52.0.2743.116 Safari/537.36 Edge/15.15063"
::1 - - [29/Jul/2017:00:52:20 +0000] "GET / HTTP/1.1" 200 2875 "-" "Mozilla/5.0 (Windows NT 10.0; Win64; x64) AppleWebKit/537.36 (KHTML, like Gecko) Chrome/59.0.3071.115 Safari/537.36"
::1 - - [29/Jul/2017:00:52:20 +0000] "GET /favicon.ico HTTP/1.1" 200 1475 "http://localhost:3000/" "Mozilla/5.0 (Windows NT 10.0; Win64; x64) AppleWebKit/537.36 (KHTML, like Gecko) Chrome/59.0.3071.115 Safari/537.36"
::1 - - [29/Jul/2017:00:52:48 +0000] "GET /register.html HTTP/1.1" 304 - "http://localhost:3000/" "Mozilla/5.0 (Windows NT 10.0; Win64; x64) AppleWebKit/537.36 (KHTML, like Gecko) Chrome/59.0.3071.115 Safari/537.36"
::1 - - [29/Jul/2017:00:52:51 +0000] "GET /register HTTP/1.1" 200 3562 "-" "Mozilla/5.0 (Windows NT 10.0; Win64; x64) AppleWebKit/537.36 (KHTML, like Gecko) Chrome/59.0.3071.115 Safari/537.36"
::1 - - [29/Jul/2017:00:53:14 +0000] "GET /login.html HTTP/1.1" 200 1096 "http://localhost:3000/register" "Mozilla/5.0 (Windows NT 10.0; Win64; x64) AppleWebKit/537.36 (KHTML, like Gecko) Chrome/59.0.3071.115 Safari/537.36"
::1 - - [29/Jul/2017:00:53:17 +0000] "GET /login HTTP/1.1" 200 3445 "-" "Mozilla/5.0 (Windows NT 10.0; Win64; x64) AppleWebKit/537.36 (KHTML, like Gecko) Chrome/59.0.3071.115 Safari/537.36"
::1 - - [29/Jul/2017:00:53:24 +0000] "POST /login HTTP/1.1" 302 46 "http://localhost:3000/login" "Mozilla/5.0 (Windows NT 10.0; Win64; x64) AppleWebKit/537.36 (KHTML, like Gecko) Chrome/59.0.3071.115 Safari/537.36"
::1 - - [29/Jul/2017:00:53:24 +0000] "GET / HTTP/1.1" 200 3568 "http://localhost:3000/login" "Mozilla/5.0 (Windows NT 10.0; Win64; x64) AppleWebKit/537.36 (KHTML, like Gecko) Chrome/59.0.3071.115 Safari/537.36"
::ffff:127.0.0.1 - - [29/Jul/2017:00:53:29 +0000] "GET /register HTTP/1.1" 302 46 "-" "Mozilla/5.0 (Windows NT 10.0; Win64; x64) AppleWebKit/537.36 (KHTML, like Gecko) Chrome/59.0.3071.115 Safari/537.36"
::1 - - [29/Jul/2017:00:53:29 +0000] "GET / HTTP/1.1" 200 3567 "-" "Mozilla/5.0 (Windows NT 10.0; Win64; x64) AppleWebKit/537.36 (KHTML, like Gecko) Chrome/59.0.3071.115 Safari/537.36"
::1 - - [29/Jul/2017:00:53:34 +0000] "GET /logout HTTP/1.1" 302 46 "http://localhost:3000/" "Mozilla/5.0 (Windows NT 10.0; Win64; x64) AppleWebKit/537.36 (KHTML, like Gecko) Chrome/59.0.3071.115 Safari/537.36"
::1 - - [29/Jul/2017:00:53:34 +0000] "GET / HTTP/1.1" 200 2875 "http://localhost:3000/" "Mozilla/5.0 (Windows NT 10.0; Win64; x64) AppleWebKit/537.36 (KHTML, like Gecko) Chrome/59.0.3071.115 Safari/537.36"
::1 - - [29/Jul/2017:00:53:35 +0000] "GET /register.html HTTP/1.1" 200 1097 "http://localhost:3000/" "Mozilla/5.0 (Windows NT 10.0; Win64; x64) AppleWebKit/537.36 (KHTML, like Gecko) Chrome/59.0.3071.115 Safari/537.36"
::1 - - [29/Jul/2017:00:53:38 +0000] "GET /register HTTP/1.1" 200 3562 "-" "Mozilla/5.0 (Windows NT 10.0; Win64; x64) AppleWebKit/537.36 (KHTML, like Gecko) Chrome/59.0.3071.115 Safari/537.36"
::1 - - [29/Jul/2017:00:54:03 +0000] "GET /login.html HTTP/1.1" 200 1096 "http://localhost:3000/register" "Mozilla/5.0 (Windows NT 10.0; Win64; x64) AppleWebKit/537.36 (KHTML, like Gecko) Chrome/59.0.3071.115 Safari/537.36"
::1 - - [29/Jul/2017:00:54:06 +0000] "GET /login HTTP/1.1" 200 3445 "-" "Mozilla/5.0 (Windows NT 10.0; Win64; x64) AppleWebKit/537.36 (KHTML, like Gecko) Chrome/59.0.3071.115 Safari/537.36"
::1 - - [29/Jul/2017:00:54:14 +0000] "POST /login HTTP/1.1" 302 46 "http://localhost:3000/login" "Mozilla/5.0 (Windows NT 10.0; Win64; x64) AppleWebKit/537.36 (KHTML, like Gecko) Chrome/59.0.3071.115 Safari/537.36"
::1 - - [29/Jul/2017:00:54:14 +0000] "GET / HTTP/1.1" 200 3568 "http://localhost:3000/login" "Mozilla/5.0 (Windows NT 10.0; Win64; x64) AppleWebKit/537.36 (KHTML, like Gecko) Chrome/59.0.3071.115 Safari/537.36"
::1 - - [29/Jul/2017:00:54:24 +0000] "POST /upload HTTP/1.1" 200 38 "http://localhost:3000/" "Mozilla/5.0 (Windows NT 10.0; Win64; x64) AppleWebKit/537.36 (KHTML, like Gecko) Chrome/59.0.3071.115 Safari/537.36"
::1 - - [29/Jul/2017:00:54:26 +0000] "GET /profile HTTP/1.1" 200 4228 "http://localhost:3000/" "Mozilla/5.0 (Windows NT 10.0; Win64; x64) AppleWebKit/537.36 (KHTML, like Gecko) Chrome/59.0.3071.115 Safari/537.36"
::1 - - [29/Jul/2017:00:54:29 +0000] "GET /profile HTTP/1.1" 304 - "http://localhost:3000/" "Mozilla/5.0 (Windows NT 10.0; Win64; x64) AppleWebKit/537.36 (KHTML, like Gecko) Chrome/59.0.3071.115 Safari/537.36"
::1 - - [29/Jul/2017:00:54:29 +0000] "GET /favicon.ico HTTP/1.1" 200 1475 "http://localhost:3000/profile" "Mozilla/5.0 (Windows NT 10.0; Win64; x64) AppleWebKit/537.36 (KHTML, like Gecko) Chrome/59.0.3071.115 Safari/537.36"
::1 - - [29/Jul/2017:00:57:22 +0000] "GET / HTTP/1.1" 200 3567 "http://localhost:3000/profile" "Mozilla/5.0 (Windows NT 10.0; Win64; x64) AppleWebKit/537.36 (KHTML, like Gecko) Chrome/59.0.3071.115 Safari/537.36"
::1 - - [29/Jul/2017:00:57:25 +0000] "GET /profile HTTP/1.1" 304 - "http://localhost:3000/" "Mozilla/5.0 (Windows NT 10.0; Win64; x64) AppleWebKit/537.36 (KHTML, like Gecko) Chrome/59.0.3071.115 Safari/537.36"
::1 - - [29/Jul/2017:00:57:48 +0000] "GET /profile HTTP/1.1" 304 - "http://localhost:3000/" "Mozilla/5.0 (Windows NT 10.0; Win64; x64) AppleWebKit/537.36 (KHTML, like Gecko) Chrome/59.0.3071.115 Safari/537.36"
::1 - - [29/Jul/2017:00:57:51 +0000] "GET /myfiles HTTP/1.1" 200 1789 "http://localhost:3000/profile" "Mozilla/5.0 (Windows NT 10.0; Win64; x64) AppleWebKit/537.36 (KHTML, like Gecko) Chrome/59.0.3071.115 Safari/537.36"
::1 - - [29/Jul/2017:00:57:54 +0000] "GET / HTTP/1.1" 200 3567 "http://localhost:3000/myfiles" "Mozilla/5.0 (Windows NT 10.0; Win64; x64) AppleWebKit/537.36 (KHTML, like Gecko) Chrome/59.0.3071.115 Safari/537.36"
::1 - - [29/Jul/2017:01:01:53 +0000] "GET / HTTP/1.1" 200 3568 "http://localhost:3000/myfiles" "Mozilla/5.0 (Windows NT 10.0; Win64; x64) AppleWebKit/537.36 (KHTML, like Gecko) Chrome/59.0.3071.115 Safari/537.36"
::1 - - [29/Jul/2017:01:01:53 +0000] "GET /favicon.ico HTTP/1.1" 200 1475 "http://localhost:3000/" "Mozilla/5.0 (Windows NT 10.0; Win64; x64) AppleWebKit/537.36 (KHTML, like Gecko) Chrome/59.0.3071.115 Safari/537.36"
::1 - - [29/Jul/2017:01:02:16 +0000] "GET /profile HTTP/1.1" 304 - "http://localhost:3000/" "Mozilla/5.0 (Windows NT 10.0; Win64; x64) AppleWebKit/537.36 (KHTML, like Gecko) Chrome/59.0.3071.115 Safari/537.36"
::1 - - [29/Jul/2017:01:04:35 +0000] "GET /profile HTTP/1.1" 304 - "http://localhost:3000/" "Mozilla/5.0 (Windows NT 10.0; Win64; x64) AppleWebKit/537.36 (KHTML, like Gecko) Chrome/59.0.3071.115 Safari/537.36"
::1 - - [29/Jul/2017:01:04:36 +0000] "GET /favicon.ico HTTP/1.1" 200 1475 "http://localhost:3000/profile" "Mozilla/5.0 (Windows NT 10.0; Win64; x64) AppleWebKit/537.36 (KHTML, like Gecko) Chrome/59.0.3071.115 Safari/537.36"
::1 - - [29/Jul/2017:01:04:40 +0000] "GET /profile/myfiles HTTP/1.1" 200 5796 "-" "Mozilla/5.0 (Windows NT 10.0; Win64; x64) AppleWebKit/537.36 (KHTML, like Gecko) Chrome/59.0.3071.115 Safari/537.36"
::1 - - [29/Jul/2017:01:04:41 +0000] "DELETE /file/mdMYKzLSmf HTTP/1.1" 200 37 "http://localhost:3000/profile/myfiles" "Mozilla/5.0 (Windows NT 10.0; Win64; x64) AppleWebKit/537.36 (KHTML, like Gecko) Chrome/59.0.3071.115 Safari/537.36"
::1 - - [29/Jul/2017:01:04:42 +0000] "GET /profile/myfiles HTTP/1.1" 200 4998 "-" "Mozilla/5.0 (Windows NT 10.0; Win64; x64) AppleWebKit/537.36 (KHTML, like Gecko) Chrome/59.0.3071.115 Safari/537.36"
::1 - - [29/Jul/2017:01:04:42 +0000] "GET /favicon.ico HTTP/1.1" 200 1475 "http://localhost:3000/profile/myfiles" "Mozilla/5.0 (Windows NT 10.0; Win64; x64) AppleWebKit/537.36 (KHTML, like Gecko) Chrome/59.0.3071.115 Safari/537.36"
::1 - - [29/Jul/2017:01:04:42 +0000] "GET /profile/myfiles HTTP/1.1" 304 - "-" "Mozilla/5.0 (Windows NT 10.0; Win64; x64) AppleWebKit/537.36 (KHTML, like Gecko) Chrome/59.0.3071.115 Safari/537.36"
::1 - - [29/Jul/2017:01:04:42 +0000] "GET /favicon.ico HTTP/1.1" 200 1475 "http://localhost:3000/profile/myfiles" "Mozilla/5.0 (Windows NT 10.0; Win64; x64) AppleWebKit/537.36 (KHTML, like Gecko) Chrome/59.0.3071.115 Safari/537.36"
::1 - - [29/Jul/2017:01:04:44 +0000] "GET /profile HTTP/1.1" 200 3361 "http://localhost:3000/" "Mozilla/5.0 (Windows NT 10.0; Win64; x64) AppleWebKit/537.36 (KHTML, like Gecko) Chrome/59.0.3071.115 Safari/537.36"
::1 - - [29/Jul/2017:01:04:44 +0000] "GET /favicon.ico HTTP/1.1" 200 1475 "http://localhost:3000/profile" "Mozilla/5.0 (Windows NT 10.0; Win64; x64) AppleWebKit/537.36 (KHTML, like Gecko) Chrome/59.0.3071.115 Safari/537.36"
::1 - - [29/Jul/2017:01:04:45 +0000] "GET / HTTP/1.1" 200 3567 "http://localhost:3000/profile" "Mozilla/5.0 (Windows NT 10.0; Win64; x64) AppleWebKit/537.36 (KHTML, like Gecko) Chrome/59.0.3071.115 Safari/537.36"
::1 - - [29/Jul/2017:01:04:49 +0000] "POST /upload HTTP/1.1" 200 38 "http://localhost:3000/" "Mozilla/5.0 (Windows NT 10.0; Win64; x64) AppleWebKit/537.36 (KHTML, like Gecko) Chrome/59.0.3071.115 Safari/537.36"
::ffff:127.0.0.1 - - [29/Jul/2017:01:04:51 +0000] "GET /profile HTTP/1.1" 200 4225 "http://localhost:3000/" "Mozilla/5.0 (Windows NT 10.0; Win64; x64) AppleWebKit/537.36 (KHTML, like Gecko) Chrome/59.0.3071.115 Safari/537.36"
::1 - - [29/Jul/2017:01:06:22 +0000] "GET /profile HTTP/1.1" 304 - "http://localhost:3000/" "Mozilla/5.0 (Windows NT 10.0; Win64; x64) AppleWebKit/537.36 (KHTML, like Gecko) Chrome/59.0.3071.115 Safari/537.36"
::1 - - [29/Jul/2017:01:06:22 +0000] "GET /favicon.ico HTTP/1.1" 200 1475 "http://localhost:3000/profile" "Mozilla/5.0 (Windows NT 10.0; Win64; x64) AppleWebKit/537.36 (KHTML, like Gecko) Chrome/59.0.3071.115 Safari/537.36"
::1 - - [29/Jul/2017:01:06:23 +0000] "GET / HTTP/1.1" 200 3568 "http://localhost:3000/profile" "Mozilla/5.0 (Windows NT 10.0; Win64; x64) AppleWebKit/537.36 (KHTML, like Gecko) Chrome/59.0.3071.115 Safari/537.36"
::1 - - [29/Jul/2017:01:06:27 +0000] "GET / HTTP/1.1" 200 3567 "http://localhost:3000/profile" "Mozilla/5.0 (Windows NT 10.0; Win64; x64) AppleWebKit/537.36 (KHTML, like Gecko) Chrome/59.0.3071.115 Safari/537.36"
::1 - - [29/Jul/2017:01:06:28 +0000] "GET /favicon.ico HTTP/1.1" 200 1475 "http://localhost:3000/" "Mozilla/5.0 (Windows NT 10.0; Win64; x64) AppleWebKit/537.36 (KHTML, like Gecko) Chrome/59.0.3071.115 Safari/537.36"
::1 - - [29/Jul/2017:01:06:30 +0000] "GET /profile HTTP/1.1" 304 - "http://localhost:3000/" "Mozilla/5.0 (Windows NT 10.0; Win64; x64) AppleWebKit/537.36 (KHTML, like Gecko) Chrome/59.0.3071.115 Safari/537.36"
::1 - - [29/Jul/2017:01:06:35 +0000] "GET /profile/myfiles HTTP/1.1" 200 5793 "-" "Mozilla/5.0 (Windows NT 10.0; Win64; x64) AppleWebKit/537.36 (KHTML, like Gecko) Chrome/59.0.3071.115 Safari/537.36"
::1 - - [29/Jul/2017:01:06:36 +0000] "DELETE /file/itmgRazMPS HTTP/1.1" 200 37 "http://localhost:3000/profile/myfiles" "Mozilla/5.0 (Windows NT 10.0; Win64; x64) AppleWebKit/537.36 (KHTML, like Gecko) Chrome/59.0.3071.115 Safari/537.36"
::1 - - [29/Jul/2017:01:06:37 +0000] "GET /profile/myfiles HTTP/1.1" 200 4998 "-" "Mozilla/5.0 (Windows NT 10.0; Win64; x64) AppleWebKit/537.36 (KHTML, like Gecko) Chrome/59.0.3071.115 Safari/537.36"
::1 - - [29/Jul/2017:01:06:37 +0000] "GET /favicon.ico HTTP/1.1" 200 1475 "http://localhost:3000/profile/myfiles" "Mozilla/5.0 (Windows NT 10.0; Win64; x64) AppleWebKit/537.36 (KHTML, like Gecko) Chrome/59.0.3071.115 Safari/537.36"
::1 - - [29/Jul/2017:01:06:38 +0000] "GET / HTTP/1.1" 200 3567 "http://localhost:3000/profile/myfiles" "Mozilla/5.0 (Windows NT 10.0; Win64; x64) AppleWebKit/537.36 (KHTML, like Gecko) Chrome/59.0.3071.115 Safari/537.36"
::1 - - [29/Jul/2017:01:06:42 +0000] "POST /upload HTTP/1.1" 200 38 "http://localhost:3000/" "Mozilla/5.0 (Windows NT 10.0; Win64; x64) AppleWebKit/537.36 (KHTML, like Gecko) Chrome/59.0.3071.115 Safari/537.36"
::1 - - [29/Jul/2017:01:06:44 +0000] "GET /profile HTTP/1.1" 200 3361 "http://localhost:3000/" "Mozilla/5.0 (Windows NT 10.0; Win64; x64) AppleWebKit/537.36 (KHTML, like Gecko) Chrome/59.0.3071.115 Safari/537.36"
::1 - - [29/Jul/2017:01:06:47 +0000] "GET /profile HTTP/1.1" 304 - "http://localhost:3000/" "Mozilla/5.0 (Windows NT 10.0; Win64; x64) AppleWebKit/537.36 (KHTML, like Gecko) Chrome/59.0.3071.115 Safari/537.36"
::1 - - [29/Jul/2017:01:06:47 +0000] "GET /favicon.ico HTTP/1.1" 200 1475 "http://localhost:3000/profile" "Mozilla/5.0 (Windows NT 10.0; Win64; x64) AppleWebKit/537.36 (KHTML, like Gecko) Chrome/59.0.3071.115 Safari/537.36"
::1 - - [29/Jul/2017:01:06:58 +0000] "GET / HTTP/1.1" 200 3567 "http://localhost:3000/profile" "Mozilla/5.0 (Windows NT 10.0; Win64; x64) AppleWebKit/537.36 (KHTML, like Gecko) Chrome/59.0.3071.115 Safari/537.36"
::1 - - [29/Jul/2017:01:07:01 +0000] "POST /upload HTTP/1.1" 200 38 "http://localhost:3000/" "Mozilla/5.0 (Windows NT 10.0; Win64; x64) AppleWebKit/537.36 (KHTML, like Gecko) Chrome/59.0.3071.115 Safari/537.36"
::1 - - [29/Jul/2017:01:07:02 +0000] "GET /files/qlcUbyFhoC HTTP/1.1" 200 1789 "http://localhost:3000/" "Mozilla/5.0 (Windows NT 10.0; Win64; x64) AppleWebKit/537.36 (KHTML, like Gecko) Chrome/59.0.3071.115 Safari/537.36"
::1 - - [29/Jul/2017:01:07:05 +0000] "GET /file/qlcUbyFhoC HTTP/1.1" 200 3021 "-" "Mozilla/5.0 (Windows NT 10.0; Win64; x64) AppleWebKit/537.36 (KHTML, like Gecko) Chrome/59.0.3071.115 Safari/537.36"
::1 - - [29/Jul/2017:01:07:06 +0000] "GET /profile HTTP/1.1" 304 - "http://localhost:3000/file/qlcUbyFhoC" "Mozilla/5.0 (Windows NT 10.0; Win64; x64) AppleWebKit/537.36 (KHTML, like Gecko) Chrome/59.0.3071.115 Safari/537.36"
::1 - - [29/Jul/2017:01:07:08 +0000] "GET /myfiles HTTP/1.1" 200 1790 "http://localhost:3000/profile" "Mozilla/5.0 (Windows NT 10.0; Win64; x64) AppleWebKit/537.36 (KHTML, like Gecko) Chrome/59.0.3071.115 Safari/537.36"
::1 - - [29/Jul/2017:01:07:10 +0000] "GET / HTTP/1.1" 304 - "http://localhost:3000/myfiles" "Mozilla/5.0 (Windows NT 10.0; Win64; x64) AppleWebKit/537.36 (KHTML, like Gecko) Chrome/59.0.3071.115 Safari/537.36"
::1 - - [29/Jul/2017:01:07:48 +0000] "POST /upload HTTP/1.1" 200 38 "http://localhost:3000/" "Mozilla/5.0 (Windows NT 10.0; Win64; x64) AppleWebKit/537.36 (KHTML, like Gecko) Chrome/59.0.3071.115 Safari/537.36"
::ffff:127.0.0.1 - - [29/Jul/2017:01:07:50 +0000] "GET /profile HTTP/1.1" 200 4225 "http://localhost:3000/" "Mozilla/5.0 (Windows NT 10.0; Win64; x64) AppleWebKit/537.36 (KHTML, like Gecko) Chrome/59.0.3071.115 Safari/537.36"
::1 - - [29/Jul/2017:01:08:31 +0000] "GET / HTTP/1.1" 200 3568 "http://localhost:3000/profile" "Mozilla/5.0 (Windows NT 10.0; Win64; x64) AppleWebKit/537.36 (KHTML, like Gecko) Chrome/59.0.3071.115 Safari/537.36"
::1 - - [29/Jul/2017:01:08:33 +0000] "GET / HTTP/1.1" 200 3568 "http://localhost:3000/profile" "Mozilla/5.0 (Windows NT 10.0; Win64; x64) AppleWebKit/537.36 (KHTML, like Gecko) Chrome/59.0.3071.115 Safari/537.36"
::1 - - [29/Jul/2017:01:08:33 +0000] "GET /favicon.ico HTTP/1.1" 200 1475 "http://localhost:3000/" "Mozilla/5.0 (Windows NT 10.0; Win64; x64) AppleWebKit/537.36 (KHTML, like Gecko) Chrome/59.0.3071.115 Safari/537.36"
::1 - - [29/Jul/2017:01:08:37 +0000] "POST /upload HTTP/1.1" 200 38 "http://localhost:3000/" "Mozilla/5.0 (Windows NT 10.0; Win64; x64) AppleWebKit/537.36 (KHTML, like Gecko) Chrome/59.0.3071.115 Safari/537.36"
::ffff:127.0.0.1 - - [29/Jul/2017:01:08:39 +0000] "GET /profile HTTP/1.1" 304 - "http://localhost:3000/" "Mozilla/5.0 (Windows NT 10.0; Win64; x64) AppleWebKit/537.36 (KHTML, like Gecko) Chrome/59.0.3071.115 Safari/537.36"
::ffff:127.0.0.1 - - [29/Jul/2017:01:08:42 +0000] "GET /profile HTTP/1.1" 200 4225 "http://localhost:3000/" "Mozilla/5.0 (Windows NT 10.0; Win64; x64) AppleWebKit/537.36 (KHTML, like Gecko) Chrome/59.0.3071.115 Safari/537.36"
::ffff:127.0.0.1 - - [29/Jul/2017:01:08:43 +0000] "GET /favicon.ico HTTP/1.1" 200 1475 "http://localhost:3000/profile" "Mozilla/5.0 (Windows NT 10.0; Win64; x64) AppleWebKit/537.36 (KHTML, like Gecko) Chrome/59.0.3071.115 Safari/537.36"
::1 - - [29/Jul/2017:01:09:53 +0000] "GET /profile HTTP/1.1" 304 - "http://localhost:3000/" "Mozilla/5.0 (Windows NT 10.0; Win64; x64) AppleWebKit/537.36 (KHTML, like Gecko) Chrome/59.0.3071.115 Safari/537.36"
::1 - - [29/Jul/2017:01:09:54 +0000] "GET /favicon.ico HTTP/1.1" 200 1475 "http://localhost:3000/profile" "Mozilla/5.0 (Windows NT 10.0; Win64; x64) AppleWebKit/537.36 (KHTML, like Gecko) Chrome/59.0.3071.115 Safari/537.36"
::1 - - [29/Jul/2017:01:09:54 +0000] "GET / HTTP/1.1" 200 3567 "http://localhost:3000/profile" "Mozilla/5.0 (Windows NT 10.0; Win64; x64) AppleWebKit/537.36 (KHTML, like Gecko) Chrome/59.0.3071.115 Safari/537.36"
::1 - - [29/Jul/2017:01:09:57 +0000] "POST /upload HTTP/1.1" 200 38 "http://localhost:3000/" "Mozilla/5.0 (Windows NT 10.0; Win64; x64) AppleWebKit/537.36 (KHTML, like Gecko) Chrome/59.0.3071.115 Safari/537.36"
::1 - - [29/Jul/2017:01:09:58 +0000] "GET /profile HTTP/1.1" 200 5089 "http://localhost:3000/" "Mozilla/5.0 (Windows NT 10.0; Win64; x64) AppleWebKit/537.36 (KHTML, like Gecko) Chrome/59.0.3071.115 Safari/537.36"
::1 - - [29/Jul/2017:01:13:51 +0000] "GET /profile HTTP/1.1" 200 4305 "http://localhost:3000/" "Mozilla/5.0 (Windows NT 10.0; Win64; x64) AppleWebKit/537.36 (KHTML, like Gecko) Chrome/59.0.3071.115 Safari/537.36"
::1 - - [29/Jul/2017:01:13:51 +0000] "GET /favicon.ico HTTP/1.1" 200 1475 "http://localhost:3000/profile" "Mozilla/5.0 (Windows NT 10.0; Win64; x64) AppleWebKit/537.36 (KHTML, like Gecko) Chrome/59.0.3071.115 Safari/537.36"
::1 - - [29/Jul/2017:01:14:53 +0000] "GET /profile HTTP/1.1" 304 - "http://localhost:3000/" "Mozilla/5.0 (Windows NT 10.0; Win64; x64) AppleWebKit/537.36 (KHTML, like Gecko) Chrome/59.0.3071.115 Safari/537.36"
::1 - - [29/Jul/2017:01:14:53 +0000] "GET /favicon.ico HTTP/1.1" 200 1475 "http://localhost:3000/profile" "Mozilla/5.0 (Windows NT 10.0; Win64; x64) AppleWebKit/537.36 (KHTML, like Gecko) Chrome/59.0.3071.115 Safari/537.36"
::1 - - [29/Jul/2017:01:14:54 +0000] "GET / HTTP/1.1" 200 3568 "http://localhost:3000/profile" "Mozilla/5.0 (Windows NT 10.0; Win64; x64) AppleWebKit/537.36 (KHTML, like Gecko) Chrome/59.0.3071.115 Safari/537.36"
::1 - - [29/Jul/2017:01:14:58 +0000] "POST /upload HTTP/1.1" 200 38 "http://localhost:3000/" "Mozilla/5.0 (Windows NT 10.0; Win64; x64) AppleWebKit/537.36 (KHTML, like Gecko) Chrome/59.0.3071.115 Safari/537.36"
::1 - - [29/Jul/2017:01:14:59 +0000] "GET /profile HTTP/1.1" 200 5251 "http://localhost:3000/" "Mozilla/5.0 (Windows NT 10.0; Win64; x64) AppleWebKit/537.36 (KHTML, like Gecko) Chrome/59.0.3071.115 Safari/537.36"
::1 - - [29/Jul/2017:01:17:27 +0000] "GET / HTTP/1.1" 200 3567 "http://localhost:3000/profile" "Mozilla/5.0 (Windows NT 10.0; Win64; x64) AppleWebKit/537.36 (KHTML, like Gecko) Chrome/59.0.3071.115 Safari/537.36"
::1 - - [29/Jul/2017:01:17:28 +0000] "GET /profile HTTP/1.1" 200 5267 "http://localhost:3000/" "Mozilla/5.0 (Windows NT 10.0; Win64; x64) AppleWebKit/537.36 (KHTML, like Gecko) Chrome/59.0.3071.115 Safari/537.36"
::1 - - [29/Jul/2017:01:17:36 +0000] "GET /profile/myfiles HTTP/1.1" 200 7382 "-" "Mozilla/5.0 (Windows NT 10.0; Win64; x64) AppleWebKit/537.36 (KHTML, like Gecko) Chrome/59.0.3071.115 Safari/537.36"
::1 - - [29/Jul/2017:01:18:17 +0000] "GET /profile HTTP/1.1" 200 5265 "-" "Mozilla/5.0 (Windows NT 10.0; Win64; x64) AppleWebKit/537.36 (KHTML, like Gecko) Chrome/59.0.3071.115 Safari/537.36"
::1 - - [29/Jul/2017:01:18:20 +0000] "GET /profile HTTP/1.1" 304 - "-" "Mozilla/5.0 (Windows NT 10.0; Win64; x64) AppleWebKit/537.36 (KHTML, like Gecko) Chrome/59.0.3071.115 Safari/537.36"
::1 - - [29/Jul/2017:01:18:20 +0000] "GET /favicon.ico HTTP/1.1" 200 1475 "http://localhost:3000/profile" "Mozilla/5.0 (Windows NT 10.0; Win64; x64) AppleWebKit/537.36 (KHTML, like Gecko) Chrome/59.0.3071.115 Safari/537.36"
::1 - - [29/Jul/2017:01:18:22 +0000] "GET /profile HTTP/1.1" 304 - "-" "Mozilla/5.0 (Windows NT 10.0; Win64; x64) AppleWebKit/537.36 (KHTML, like Gecko) Chrome/59.0.3071.115 Safari/537.36"
::1 - - [29/Jul/2017:01:18:22 +0000] "GET /favicon.ico HTTP/1.1" 200 1475 "http://localhost:3000/profile" "Mozilla/5.0 (Windows NT 10.0; Win64; x64) AppleWebKit/537.36 (KHTML, like Gecko) Chrome/59.0.3071.115 Safari/537.36"
::1 - - [29/Jul/2017:01:18:25 +0000] "GET /profile/myfiles HTTP/1.1" 200 6586 "-" "Mozilla/5.0 (Windows NT 10.0; Win64; x64) AppleWebKit/537.36 (KHTML, like Gecko) Chrome/59.0.3071.115 Safari/537.36"
::1 - - [29/Jul/2017:01:18:26 +0000] "DELETE /file/fFyvBraz8U HTTP/1.1" 200 37 "http://localhost:3000/profile/myfiles" "Mozilla/5.0 (Windows NT 10.0; Win64; x64) AppleWebKit/537.36 (KHTML, like Gecko) Chrome/59.0.3071.115 Safari/537.36"
::1 - - [29/Jul/2017:01:18:27 +0000] "GET /profile HTTP/1.1" 500 16 "http://localhost:3000/profile/myfiles" "Mozilla/5.0 (Windows NT 10.0; Win64; x64) AppleWebKit/537.36 (KHTML, like Gecko) Chrome/59.0.3071.115 Safari/537.36"
::1 - - [29/Jul/2017:01:19:33 +0000] "GET /profile HTTP/1.1" 500 16 "http://localhost:3000/profile/myfiles" "Mozilla/5.0 (Windows NT 10.0; Win64; x64) AppleWebKit/537.36 (KHTML, like Gecko) Chrome/59.0.3071.115 Safari/537.36"
::1 - - [29/Jul/2017:01:19:33 +0000] "GET /favicon.ico HTTP/1.1" 200 1475 "http://localhost:3000/profile" "Mozilla/5.0 (Windows NT 10.0; Win64; x64) AppleWebKit/537.36 (KHTML, like Gecko) Chrome/59.0.3071.115 Safari/537.36"
::1 - - [29/Jul/2017:01:19:49 +0000] "GET /profile HTTP/1.1" 200 5333 "http://localhost:3000/profile/myfiles" "Mozilla/5.0 (Windows NT 10.0; Win64; x64) AppleWebKit/537.36 (KHTML, like Gecko) Chrome/59.0.3071.115 Safari/537.36"
::1 - - [29/Jul/2017:01:19:49 +0000] "GET /favicon.ico HTTP/1.1" 200 1475 "http://localhost:3000/profile" "Mozilla/5.0 (Windows NT 10.0; Win64; x64) AppleWebKit/537.36 (KHTML, like Gecko) Chrome/59.0.3071.115 Safari/537.36"
::1 - - [29/Jul/2017:01:19:58 +0000] "GET /profile/myfiles HTTP/1.1" 200 5792 "-" "Mozilla/5.0 (Windows NT 10.0; Win64; x64) AppleWebKit/537.36 (KHTML, like Gecko) Chrome/59.0.3071.115 Safari/537.36"
::1 - - [29/Jul/2017:01:19:59 +0000] "DELETE /file/ewQv2oGN7H HTTP/1.1" 200 37 "http://localhost:3000/profile/myfiles" "Mozilla/5.0 (Windows NT 10.0; Win64; x64) AppleWebKit/537.36 (KHTML, like Gecko) Chrome/59.0.3071.115 Safari/537.36"
::1 - - [29/Jul/2017:01:20:01 +0000] "GET /profile HTTP/1.1" 200 5993 "http://localhost:3000/profile/myfiles" "Mozilla/5.0 (Windows NT 10.0; Win64; x64) AppleWebKit/537.36 (KHTML, like Gecko) Chrome/59.0.3071.115 Safari/537.36"
::1 - - [29/Jul/2017:01:20:51 +0000] "GET / HTTP/1.1" 200 3567 "http://localhost:3000/profile" "Mozilla/5.0 (Windows NT 10.0; Win64; x64) AppleWebKit/537.36 (KHTML, like Gecko) Chrome/59.0.3071.115 Safari/537.36"
::1 - - [29/Jul/2017:01:20:53 +0000] "GET /profile HTTP/1.1" 304 - "http://localhost:3000/" "Mozilla/5.0 (Windows NT 10.0; Win64; x64) AppleWebKit/537.36 (KHTML, like Gecko) Chrome/59.0.3071.115 Safari/537.36"
::1 - - [29/Jul/2017:01:20:55 +0000] "GET /myfiles HTTP/1.1" 200 1790 "http://localhost:3000/profile" "Mozilla/5.0 (Windows NT 10.0; Win64; x64) AppleWebKit/537.36 (KHTML, like Gecko) Chrome/59.0.3071.115 Safari/537.36"
::1 - - [29/Jul/2017:01:20:59 +0000] "GET /profile/myfiles HTTP/1.1" 200 4998 "-" "Mozilla/5.0 (Windows NT 10.0; Win64; x64) AppleWebKit/537.36 (KHTML, like Gecko) Chrome/59.0.3071.115 Safari/537.36"
::1 - - [29/Jul/2017:01:21:01 +0000] "GET / HTTP/1.1" 200 3567 "http://localhost:3000/profile/myfiles" "Mozilla/5.0 (Windows NT 10.0; Win64; x64) AppleWebKit/537.36 (KHTML, like Gecko) Chrome/59.0.3071.115 Safari/537.36"
::1 - - [29/Jul/2017:01:21:13 +0000] "GET / HTTP/1.1" 200 3567 "http://localhost:3000/profile/myfiles" "Mozilla/5.0 (Windows NT 10.0; Win64; x64) AppleWebKit/537.36 (KHTML, like Gecko) Chrome/59.0.3071.115 Safari/537.36"
::1 - - [29/Jul/2017:01:21:13 +0000] "GET /favicon.ico HTTP/1.1" 200 1475 "http://localhost:3000/" "Mozilla/5.0 (Windows NT 10.0; Win64; x64) AppleWebKit/537.36 (KHTML, like Gecko) Chrome/59.0.3071.115 Safari/537.36"
::1 - - [29/Jul/2017:01:21:15 +0000] "GET /profile HTTP/1.1" 304 - "http://localhost:3000/" "Mozilla/5.0 (Windows NT 10.0; Win64; x64) AppleWebKit/537.36 (KHTML, like Gecko) Chrome/59.0.3071.115 Safari/537.36"
::1 - - [29/Jul/2017:01:22:35 +0000] "GET /profile HTTP/1.1" 304 - "http://localhost:3000/" "Mozilla/5.0 (Windows NT 10.0; Win64; x64) AppleWebKit/537.36 (KHTML, like Gecko) Chrome/59.0.3071.115 Safari/537.36"
::1 - - [29/Jul/2017:01:22:35 +0000] "GET /favicon.ico HTTP/1.1" 200 1475 "http://localhost:3000/profile" "Mozilla/5.0 (Windows NT 10.0; Win64; x64) AppleWebKit/537.36 (KHTML, like Gecko) Chrome/59.0.3071.115 Safari/537.36"
::1 - - [29/Jul/2017:01:22:50 +0000] "GET /profile HTTP/1.1" 304 - "http://localhost:3000/" "Mozilla/5.0 (Windows NT 10.0; Win64; x64) AppleWebKit/537.36 (KHTML, like Gecko) Chrome/59.0.3071.115 Safari/537.36"
::1 - - [29/Jul/2017:01:22:50 +0000] "GET /favicon.ico HTTP/1.1" 200 1475 "http://localhost:3000/profile" "Mozilla/5.0 (Windows NT 10.0; Win64; x64) AppleWebKit/537.36 (KHTML, like Gecko) Chrome/59.0.3071.115 Safari/537.36"
::1 - - [29/Jul/2017:01:23:33 +0000] "GET / HTTP/1.1" 200 3567 "http://localhost:3000/profile" "Mozilla/5.0 (Windows NT 10.0; Win64; x64) AppleWebKit/537.36 (KHTML, like Gecko) Chrome/59.0.3071.115 Safari/537.36"
::1 - - [29/Jul/2017:01:23:34 +0000] "GET /profile HTTP/1.1" 304 - "http://localhost:3000/" "Mozilla/5.0 (Windows NT 10.0; Win64; x64) AppleWebKit/537.36 (KHTML, like Gecko) Chrome/59.0.3071.115 Safari/537.36"
::1 - - [29/Jul/2017:01:24:57 +0000] "GET / HTTP/1.1" 200 3568 "http://localhost:3000/profile" "Mozilla/5.0 (Windows NT 10.0; Win64; x64) AppleWebKit/537.36 (KHTML, like Gecko) Chrome/59.0.3071.115 Safari/537.36"
::1 - - [29/Jul/2017:01:24:59 +0000] "GET / HTTP/1.1" 200 3567 "http://localhost:3000/profile" "Mozilla/5.0 (Windows NT 10.0; Win64; x64) AppleWebKit/537.36 (KHTML, like Gecko) Chrome/59.0.3071.115 Safari/537.36"
::1 - - [29/Jul/2017:01:24:59 +0000] "GET /favicon.ico HTTP/1.1" 200 1475 "http://localhost:3000/" "Mozilla/5.0 (Windows NT 10.0; Win64; x64) AppleWebKit/537.36 (KHTML, like Gecko) Chrome/59.0.3071.115 Safari/537.36"
::1 - - [29/Jul/2017:01:25:00 +0000] "GET / HTTP/1.1" 200 3567 "http://localhost:3000/profile" "Mozilla/5.0 (Windows NT 10.0; Win64; x64) AppleWebKit/537.36 (KHTML, like Gecko) Chrome/59.0.3071.115 Safari/537.36"
::1 - - [29/Jul/2017:01:25:00 +0000] "GET /favicon.ico HTTP/1.1" 200 1475 "http://localhost:3000/" "Mozilla/5.0 (Windows NT 10.0; Win64; x64) AppleWebKit/537.36 (KHTML, like Gecko) Chrome/59.0.3071.115 Safari/537.36"
::1 - - [29/Jul/2017:01:25:01 +0000] "GET / HTTP/1.1" 200 3567 "http://localhost:3000/profile" "Mozilla/5.0 (Windows NT 10.0; Win64; x64) AppleWebKit/537.36 (KHTML, like Gecko) Chrome/59.0.3071.115 Safari/537.36"
::1 - - [29/Jul/2017:01:25:01 +0000] "GET /favicon.ico HTTP/1.1" 200 1475 "http://localhost:3000/" "Mozilla/5.0 (Windows NT 10.0; Win64; x64) AppleWebKit/537.36 (KHTML, like Gecko) Chrome/59.0.3071.115 Safari/537.36"
::1 - - [29/Jul/2017:01:25:02 +0000] "GET /profile HTTP/1.1" 304 - "http://localhost:3000/" "Mozilla/5.0 (Windows NT 10.0; Win64; x64) AppleWebKit/537.36 (KHTML, like Gecko) Chrome/59.0.3071.115 Safari/537.36"
::1 - - [29/Jul/2017:01:25:05 +0000] "GET /profile/myfiles HTTP/1.1" 200 5710 "-" "Mozilla/5.0 (Windows NT 10.0; Win64; x64) AppleWebKit/537.36 (KHTML, like Gecko) Chrome/59.0.3071.115 Safari/537.36"
::1 - - [29/Jul/2017:01:25:07 +0000] "GET /profile/myfiles HTTP/1.1" 304 - "-" "Mozilla/5.0 (Windows NT 10.0; Win64; x64) AppleWebKit/537.36 (KHTML, like Gecko) Chrome/59.0.3071.115 Safari/537.36"
::1 - - [29/Jul/2017:01:25:08 +0000] "GET /favicon.ico HTTP/1.1" 200 1475 "http://localhost:3000/profile/myfiles" "Mozilla/5.0 (Windows NT 10.0; Win64; x64) AppleWebKit/537.36 (KHTML, like Gecko) Chrome/59.0.3071.115 Safari/537.36"
::1 - - [29/Jul/2017:01:25:08 +0000] "GET /profile/myfiles HTTP/1.1" 304 - "-" "Mozilla/5.0 (Windows NT 10.0; Win64; x64) AppleWebKit/537.36 (KHTML, like Gecko) Chrome/59.0.3071.115 Safari/537.36"
::1 - - [29/Jul/2017:01:25:08 +0000] "GET /favicon.ico HTTP/1.1" 200 1475 "http://localhost:3000/profile/myfiles" "Mozilla/5.0 (Windows NT 10.0; Win64; x64) AppleWebKit/537.36 (KHTML, like Gecko) Chrome/59.0.3071.115 Safari/537.36"
::1 - - [29/Jul/2017:01:25:09 +0000] "GET /profile/myfiles HTTP/1.1" 304 - "-" "Mozilla/5.0 (Windows NT 10.0; Win64; x64) AppleWebKit/537.36 (KHTML, like Gecko) Chrome/59.0.3071.115 Safari/537.36"
::1 - - [29/Jul/2017:01:25:09 +0000] "GET /favicon.ico HTTP/1.1" 200 1475 "http://localhost:3000/profile/myfiles" "Mozilla/5.0 (Windows NT 10.0; Win64; x64) AppleWebKit/537.36 (KHTML, like Gecko) Chrome/59.0.3071.115 Safari/537.36"
::1 - - [29/Jul/2017:01:25:14 +0000] "DELETE /file/ HTTP/1.1" 200 1789 "http://localhost:3000/profile/myfiles" "Mozilla/5.0 (Windows NT 10.0; Win64; x64) AppleWebKit/537.36 (KHTML, like Gecko) Chrome/59.0.3071.115 Safari/537.36"
::1 - - [29/Jul/2017:01:25:16 +0000] "GET /profile/myfiles HTTP/1.1" 304 - "-" "Mozilla/5.0 (Windows NT 10.0; Win64; x64) AppleWebKit/537.36 (KHTML, like Gecko) Chrome/59.0.3071.115 Safari/537.36"
::1 - - [29/Jul/2017:01:25:16 +0000] "GET /favicon.ico HTTP/1.1" 200 1475 "http://localhost:3000/profile/myfiles" "Mozilla/5.0 (Windows NT 10.0; Win64; x64) AppleWebKit/537.36 (KHTML, like Gecko) Chrome/59.0.3071.115 Safari/537.36"
::1 - - [29/Jul/2017:01:25:18 +0000] "GET / HTTP/1.1" 200 3567 "http://localhost:3000/profile/myfiles" "Mozilla/5.0 (Windows NT 10.0; Win64; x64) AppleWebKit/537.36 (KHTML, like Gecko) Chrome/59.0.3071.115 Safari/537.36"
::1 - - [29/Jul/2017:01:25:21 +0000] "POST /upload HTTP/1.1" 200 38 "http://localhost:3000/" "Mozilla/5.0 (Windows NT 10.0; Win64; x64) AppleWebKit/537.36 (KHTML, like Gecko) Chrome/59.0.3071.115 Safari/537.36"
::ffff:127.0.0.1 - - [29/Jul/2017:01:25:22 +0000] "POST /upload HTTP/1.1" - - "http://localhost:3000/" "Mozilla/5.0 (Windows NT 10.0; Win64; x64) AppleWebKit/537.36 (KHTML, like Gecko) Chrome/59.0.3071.115 Safari/537.36"
::1 - - [29/Jul/2017:01:25:22 +0000] "GET /profile HTTP/1.1" 200 6649 "http://localhost:3000/" "Mozilla/5.0 (Windows NT 10.0; Win64; x64) AppleWebKit/537.36 (KHTML, like Gecko) Chrome/59.0.3071.115 Safari/537.36"
::1 - - [29/Jul/2017:01:25:24 +0000] "GET /profile HTTP/1.1" 200 7305 "http://localhost:3000/" "Mozilla/5.0 (Windows NT 10.0; Win64; x64) AppleWebKit/537.36 (KHTML, like Gecko) Chrome/59.0.3071.115 Safari/537.36"
::1 - - [29/Jul/2017:01:25:25 +0000] "GET /favicon.ico HTTP/1.1" 200 1475 "http://localhost:3000/profile" "Mozilla/5.0 (Windows NT 10.0; Win64; x64) AppleWebKit/537.36 (KHTML, like Gecko) Chrome/59.0.3071.115 Safari/537.36"
::1 - - [29/Jul/2017:01:25:30 +0000] "GET /profile/myfiles HTTP/1.1" 200 7134 "-" "Mozilla/5.0 (Windows NT 10.0; Win64; x64) AppleWebKit/537.36 (KHTML, like Gecko) Chrome/59.0.3071.115 Safari/537.36"
::1 - - [29/Jul/2017:01:25:38 +0000] "GET /profile/myfiles HTTP/1.1" 304 - "-" "Mozilla/5.0 (Windows NT 10.0; Win64; x64) AppleWebKit/537.36 (KHTML, like Gecko) Chrome/59.0.3071.115 Safari/537.36"
::1 - - [29/Jul/2017:01:25:38 +0000] "GET /favicon.ico HTTP/1.1" 200 1475 "http://localhost:3000/profile/myfiles" "Mozilla/5.0 (Windows NT 10.0; Win64; x64) AppleWebKit/537.36 (KHTML, like Gecko) Chrome/59.0.3071.115 Safari/537.36"
::1 - - [29/Jul/2017:01:25:59 +0000] "GET /profile/myfiles HTTP/1.1" 304 - "-" "Mozilla/5.0 (Windows NT 10.0; Win64; x64) AppleWebKit/537.36 (KHTML, like Gecko) Chrome/59.0.3071.115 Safari/537.36"
::1 - - [29/Jul/2017:01:25:59 +0000] "GET /favicon.ico HTTP/1.1" 200 1475 "http://localhost:3000/profile/myfiles" "Mozilla/5.0 (Windows NT 10.0; Win64; x64) AppleWebKit/537.36 (KHTML, like Gecko) Chrome/59.0.3071.115 Safari/537.36"
::1 - - [29/Jul/2017:01:26:00 +0000] "GET /profile/myfiles HTTP/1.1" 304 - "-" "Mozilla/5.0 (Windows NT 10.0; Win64; x64) AppleWebKit/537.36 (KHTML, like Gecko) Chrome/59.0.3071.115 Safari/537.36"
::1 - - [29/Jul/2017:01:26:00 +0000] "GET /favicon.ico HTTP/1.1" 200 1475 "http://localhost:3000/profile/myfiles" "Mozilla/5.0 (Windows NT 10.0; Win64; x64) AppleWebKit/537.36 (KHTML, like Gecko) Chrome/59.0.3071.115 Safari/537.36"
::1 - - [29/Jul/2017:01:26:05 +0000] "GET /profile/myfiles HTTP/1.1" 304 - "-" "Mozilla/5.0 (Windows NT 10.0; Win64; x64) AppleWebKit/537.36 (KHTML, like Gecko) Chrome/59.0.3071.115 Safari/537.36"
::1 - - [29/Jul/2017:01:26:05 +0000] "GET /favicon.ico HTTP/1.1" 200 1475 "http://localhost:3000/profile/myfiles" "Mozilla/5.0 (Windows NT 10.0; Win64; x64) AppleWebKit/537.36 (KHTML, like Gecko) Chrome/59.0.3071.115 Safari/537.36"
::1 - - [29/Jul/2017:01:26:10 +0000] "GET /profile/myfiles HTTP/1.1" 200 6588 "-" "Mozilla/5.0 (Windows NT 10.0; Win64; x64) AppleWebKit/537.36 (KHTML, like Gecko) Chrome/59.0.3071.115 Safari/537.36"
::1 - - [29/Jul/2017:01:26:11 +0000] "GET /favicon.ico HTTP/1.1" 200 1475 "http://localhost:3000/profile/myfiles" "Mozilla/5.0 (Windows NT 10.0; Win64; x64) AppleWebKit/537.36 (KHTML, like Gecko) Chrome/59.0.3071.115 Safari/537.36"
::1 - - [29/Jul/2017:01:26:16 +0000] "DELETE /file/NeemkvexXy HTTP/1.1" 200 37 "http://localhost:3000/profile/myfiles" "Mozilla/5.0 (Windows NT 10.0; Win64; x64) AppleWebKit/537.36 (KHTML, like Gecko) Chrome/59.0.3071.115 Safari/537.36"
::1 - - [29/Jul/2017:01:26:17 +0000] "GET /profile/myfiles HTTP/1.1" 200 5793 "-" "Mozilla/5.0 (Windows NT 10.0; Win64; x64) AppleWebKit/537.36 (KHTML, like Gecko) Chrome/59.0.3071.115 Safari/537.36"
::1 - - [29/Jul/2017:01:26:17 +0000] "GET /favicon.ico HTTP/1.1" 200 1475 "http://localhost:3000/profile/myfiles" "Mozilla/5.0 (Windows NT 10.0; Win64; x64) AppleWebKit/537.36 (KHTML, like Gecko) Chrome/59.0.3071.115 Safari/537.36"
::1 - - [29/Jul/2017:01:26:19 +0000] "GET /profile HTTP/1.1" 200 7965 "http://localhost:3000/profile/myfiles" "Mozilla/5.0 (Windows NT 10.0; Win64; x64) AppleWebKit/537.36 (KHTML, like Gecko) Chrome/59.0.3071.115 Safari/537.36"
::1 - - [29/Jul/2017:01:26:30 +0000] "GET /profile HTTP/1.1" 304 - "http://localhost:3000/profile" "Mozilla/5.0 (Windows NT 10.0; Win64; x64) AppleWebKit/537.36 (KHTML, like Gecko) Chrome/59.0.3071.115 Safari/537.36"
::1 - - [29/Jul/2017:01:26:32 +0000] "DELETE /file/SeA1UtF3m8 HTTP/1.1" 200 37 "http://localhost:3000/profile/myfiles" "Mozilla/5.0 (Windows NT 10.0; Win64; x64) AppleWebKit/537.36 (KHTML, like Gecko) Chrome/59.0.3071.115 Safari/537.36"
::1 - - [29/Jul/2017:01:26:35 +0000] "GET /profile HTTP/1.1" 200 8625 "http://localhost:3000/" "Mozilla/5.0 (Windows NT 10.0; Win64; x64) AppleWebKit/537.36 (KHTML, like Gecko) Chrome/59.0.3071.115 Safari/537.36"
::1 - - [29/Jul/2017:01:26:35 +0000] "GET /favicon.ico HTTP/1.1" 200 1475 "http://localhost:3000/profile" "Mozilla/5.0 (Windows NT 10.0; Win64; x64) AppleWebKit/537.36 (KHTML, like Gecko) Chrome/59.0.3071.115 Safari/537.36"
::1 - - [29/Jul/2017:01:27:52 +0000] "GET / HTTP/1.1" 200 3567 "http://localhost:3000/profile" "Mozilla/5.0 (Windows NT 10.0; Win64; x64) AppleWebKit/537.36 (KHTML, like Gecko) Chrome/59.0.3071.115 Safari/537.36"
::1 - - [29/Jul/2017:01:27:53 +0000] "GET /profile HTTP/1.1" 304 - "http://localhost:3000/" "Mozilla/5.0 (Windows NT 10.0; Win64; x64) AppleWebKit/537.36 (KHTML, like Gecko) Chrome/59.0.3071.115 Safari/537.36"
::1 - - [29/Jul/2017:01:27:55 +0000] "GET /myfiles HTTP/1.1" 200 1789 "http://localhost:3000/profile" "Mozilla/5.0 (Windows NT 10.0; Win64; x64) AppleWebKit/537.36 (KHTML, like Gecko) Chrome/59.0.3071.115 Safari/537.36"
::1 - - [29/Jul/2017:01:27:58 +0000] "GET /profile/myfiles HTTP/1.1" 200 4998 "-" "Mozilla/5.0 (Windows NT 10.0; Win64; x64) AppleWebKit/537.36 (KHTML, like Gecko) Chrome/59.0.3071.115 Safari/537.36"
::1 - - [29/Jul/2017:01:28:12 +0000] "GET /profile HTTP/1.1" 304 - "http://localhost:3000/profile/myfiles" "Mozilla/5.0 (Windows NT 10.0; Win64; x64) AppleWebKit/537.36 (KHTML, like Gecko) Chrome/59.0.3071.115 Safari/537.36"
::1 - - [29/Jul/2017:01:29:29 +0000] "GET /profile HTTP/1.1" 304 - "http://localhost:3000/profile/myfiles" "Mozilla/5.0 (Windows NT 10.0; Win64; x64) AppleWebKit/537.36 (KHTML, like Gecko) Chrome/59.0.3071.115 Safari/537.36"
::1 - - [29/Jul/2017:01:29:29 +0000] "GET /favicon.ico HTTP/1.1" 200 1475 "http://localhost:3000/profile" "Mozilla/5.0 (Windows NT 10.0; Win64; x64) AppleWebKit/537.36 (KHTML, like Gecko) Chrome/59.0.3071.115 Safari/537.36"
::1 - - [29/Jul/2017:19:49:10 +0000] "GET /login.html HTTP/1.1" - - "http://localhost:3000/" "Mozilla/5.0 (Windows NT 10.0; Win64; x64) AppleWebKit/537.36 (KHTML, like Gecko) Chrome/59.0.3071.115 Safari/537.36"
::1 - - [29/Jul/2017:19:52:34 +0000] "GET /login.html HTTP/1.1" - - "-" "Mozilla/5.0 (Windows NT 10.0; Win64; x64) AppleWebKit/537.36 (KHTML, like Gecko) Chrome/59.0.3071.115 Safari/537.36"
