::1 - - [16/Jul/2017:22:20:49 +0000] "GET /profile HTTP/1.1" 304 - "http://localhost:3000/" "Mozilla/5.0 (Windows NT 10.0; Win64; x64) AppleWebKit/537.36 (KHTML, like Gecko) Chrome/59.0.3071.115 Safari/537.36"
::1 - - [16/Jul/2017:22:20:49 +0000] "GET /favicon.ico HTTP/1.1" 200 1404 "http://localhost:3000/profile" "Mozilla/5.0 (Windows NT 10.0; Win64; x64) AppleWebKit/537.36 (KHTML, like Gecko) Chrome/59.0.3071.115 Safari/537.36"
::1 - - [16/Jul/2017:22:21:22 +0000] "GET /profile HTTP/1.1" 304 - "http://localhost:3000/" "Mozilla/5.0 (Windows NT 10.0; Win64; x64) AppleWebKit/537.36 (KHTML, like Gecko) Chrome/59.0.3071.115 Safari/537.36"
::1 - - [16/Jul/2017:22:21:23 +0000] "GET /favicon.ico HTTP/1.1" 200 1404 "http://localhost:3000/profile" "Mozilla/5.0 (Windows NT 10.0; Win64; x64) AppleWebKit/537.36 (KHTML, like Gecko) Chrome/59.0.3071.115 Safari/537.36"
::1 - - [16/Jul/2017:22:21:24 +0000] "GET /files/XXwuI5WwSk HTTP/1.1" 200 3567 "http://localhost:3000/profile" "Mozilla/5.0 (Windows NT 10.0; Win64; x64) AppleWebKit/537.36 (KHTML, like Gecko) Chrome/59.0.3071.115 Safari/537.36"
::1 - - [16/Jul/2017:22:21:24 +0000] "GET /favicon.ico HTTP/1.1" 304 - "http://localhost:3000/files/XXwuI5WwSk" "Mozilla/5.0 (Windows NT 10.0; Win64; x64) AppleWebKit/537.36 (KHTML, like Gecko) Chrome/59.0.3071.115 Safari/537.36"
::1 - - [16/Jul/2017:22:21:25 +0000] "GET /download/XXwuI5WwSk HTTP/1.1" 500 - "http://localhost:3000/files/XXwuI5WwSk" "Mozilla/5.0 (Windows NT 10.0; Win64; x64) AppleWebKit/537.36 (KHTML, like Gecko) Chrome/59.0.3071.115 Safari/537.36"
::1 - - [16/Jul/2017:22:21:25 +0000] "GET /download/XXwuI5WwSk HTTP/1.1" 500 - "http://localhost:3000/files/XXwuI5WwSk" "Mozilla/5.0 (Windows NT 10.0; Win64; x64) AppleWebKit/537.36 (KHTML, like Gecko) Chrome/59.0.3071.115 Safari/537.36"
::1 - - [16/Jul/2017:22:21:25 +0000] "GET /download/XXwuI5WwSk HTTP/1.1" 500 - "http://localhost:3000/files/XXwuI5WwSk" "Mozilla/5.0 (Windows NT 10.0; Win64; x64) AppleWebKit/537.36 (KHTML, like Gecko) Chrome/59.0.3071.115 Safari/537.36"
::1 - - [16/Jul/2017:22:21:25 +0000] "GET /download/XXwuI5WwSk HTTP/1.1" 500 - "http://localhost:3000/files/XXwuI5WwSk" "Mozilla/5.0 (Windows NT 10.0; Win64; x64) AppleWebKit/537.36 (KHTML, like Gecko) Chrome/59.0.3071.115 Safari/537.36"
::1 - - [16/Jul/2017:22:21:25 +0000] "GET /download/XXwuI5WwSk HTTP/1.1" 500 - "http://localhost:3000/files/XXwuI5WwSk" "Mozilla/5.0 (Windows NT 10.0; Win64; x64) AppleWebKit/537.36 (KHTML, like Gecko) Chrome/59.0.3071.115 Safari/537.36"
::1 - - [16/Jul/2017:22:21:25 +0000] "GET /download/XXwuI5WwSk HTTP/1.1" 500 - "http://localhost:3000/files/XXwuI5WwSk" "Mozilla/5.0 (Windows NT 10.0; Win64; x64) AppleWebKit/537.36 (KHTML, like Gecko) Chrome/59.0.3071.115 Safari/537.36"
::1 - - [16/Jul/2017:22:21:25 +0000] "GET /download/XXwuI5WwSk HTTP/1.1" 500 - "http://localhost:3000/files/XXwuI5WwSk" "Mozilla/5.0 (Windows NT 10.0; Win64; x64) AppleWebKit/537.36 (KHTML, like Gecko) Chrome/59.0.3071.115 Safari/537.36"
::1 - - [16/Jul/2017:22:21:25 +0000] "GET /download/XXwuI5WwSk HTTP/1.1" 500 - "-" "Mozilla/5.0 (Windows NT 10.0; Win64; x64) AppleWebKit/537.36 (KHTML, like Gecko) Chrome/59.0.3071.115 Safari/537.36"
::1 - - [16/Jul/2017:22:21:30 +0000] "GET /download/XXwuI5WwSk HTTP/1.1" 500 - "-" "Mozilla/5.0 (Windows NT 10.0; Win64; x64) AppleWebKit/537.36 (KHTML, like Gecko) Chrome/59.0.3071.115 Safari/537.36"
::1 - - [16/Jul/2017:22:21:51 +0000] "GET /favicon.ico HTTP/1.1" 200 1404 "http://localhost:3000/files/XXwuI5WwSk" "Mozilla/5.0 (Windows NT 10.0; Win64; x64) AppleWebKit/537.36 (KHTML, like Gecko) Chrome/59.0.3071.115 Safari/537.36"
::1 - - [16/Jul/2017:22:21:52 +0000] "GET /files/XXwuI5WwSk HTTP/1.1" 200 3567 "http://localhost:3000/profile" "Mozilla/5.0 (Windows NT 10.0; Win64; x64) AppleWebKit/537.36 (KHTML, like Gecko) Chrome/59.0.3071.115 Safari/537.36"
::1 - - [16/Jul/2017:22:21:52 +0000] "GET /favicon.ico HTTP/1.1" 200 1404 "http://localhost:3000/files/XXwuI5WwSk" "Mozilla/5.0 (Windows NT 10.0; Win64; x64) AppleWebKit/537.36 (KHTML, like Gecko) Chrome/59.0.3071.115 Safari/537.36"
::1 - - [16/Jul/2017:22:21:53 +0000] "GET /files/XXwuI5WwSk HTTP/1.1" 200 3568 "http://localhost:3000/profile" "Mozilla/5.0 (Windows NT 10.0; Win64; x64) AppleWebKit/537.36 (KHTML, like Gecko) Chrome/59.0.3071.115 Safari/537.36"
::1 - - [16/Jul/2017:22:21:53 +0000] "GET /favicon.ico HTTP/1.1" 200 1404 "http://localhost:3000/files/XXwuI5WwSk" "Mozilla/5.0 (Windows NT 10.0; Win64; x64) AppleWebKit/537.36 (KHTML, like Gecko) Chrome/59.0.3071.115 Safari/537.36"
::1 - - [16/Jul/2017:22:21:54 +0000] "GET /download/XXwuI5WwSk HTTP/1.1" 500 - "http://localhost:3000/files/XXwuI5WwSk" "Mozilla/5.0 (Windows NT 10.0; Win64; x64) AppleWebKit/537.36 (KHTML, like Gecko) Chrome/59.0.3071.115 Safari/537.36"
::1 - - [16/Jul/2017:22:21:54 +0000] "GET /download/XXwuI5WwSk HTTP/1.1" 500 - "http://localhost:3000/files/XXwuI5WwSk" "Mozilla/5.0 (Windows NT 10.0; Win64; x64) AppleWebKit/537.36 (KHTML, like Gecko) Chrome/59.0.3071.115 Safari/537.36"
::1 - - [16/Jul/2017:22:21:54 +0000] "GET /download/XXwuI5WwSk HTTP/1.1" 500 - "http://localhost:3000/files/XXwuI5WwSk" "Mozilla/5.0 (Windows NT 10.0; Win64; x64) AppleWebKit/537.36 (KHTML, like Gecko) Chrome/59.0.3071.115 Safari/537.36"
::1 - - [16/Jul/2017:22:21:54 +0000] "GET /download/XXwuI5WwSk HTTP/1.1" 500 - "http://localhost:3000/files/XXwuI5WwSk" "Mozilla/5.0 (Windows NT 10.0; Win64; x64) AppleWebKit/537.36 (KHTML, like Gecko) Chrome/59.0.3071.115 Safari/537.36"
::1 - - [16/Jul/2017:22:21:54 +0000] "GET /download/XXwuI5WwSk HTTP/1.1" 500 - "http://localhost:3000/files/XXwuI5WwSk" "Mozilla/5.0 (Windows NT 10.0; Win64; x64) AppleWebKit/537.36 (KHTML, like Gecko) Chrome/59.0.3071.115 Safari/537.36"
::1 - - [16/Jul/2017:22:21:54 +0000] "GET /download/XXwuI5WwSk HTTP/1.1" 500 - "-" "Mozilla/5.0 (Windows NT 10.0; Win64; x64) AppleWebKit/537.36 (KHTML, like Gecko) Chrome/59.0.3071.115 Safari/537.36"
::1 - - [16/Jul/2017:22:21:55 +0000] "GET /favicon.ico HTTP/1.1" 200 1404 "http://localhost:3000/files/XXwuI5WwSk" "Mozilla/5.0 (Windows NT 10.0; Win64; x64) AppleWebKit/537.36 (KHTML, like Gecko) Chrome/59.0.3071.115 Safari/537.36"
::1 - - [16/Jul/2017:22:21:57 +0000] "GET / HTTP/1.1" 200 3182 "http://localhost:3000/files/XXwuI5WwSk" "Mozilla/5.0 (Windows NT 10.0; Win64; x64) AppleWebKit/537.36 (KHTML, like Gecko) Chrome/59.0.3071.115 Safari/537.36"
::1 - - [16/Jul/2017:22:21:57 +0000] "GET /favicon.ico HTTP/1.1" 200 1405 "http://localhost:3000/" "Mozilla/5.0 (Windows NT 10.0; Win64; x64) AppleWebKit/537.36 (KHTML, like Gecko) Chrome/59.0.3071.115 Safari/537.36"
::1 - - [16/Jul/2017:22:22:03 +0000] "GET /favicon.ico HTTP/1.1" 200 1405 "http://localhost:3000/files/XXwuI5WwSk" "Mozilla/5.0 (Windows NT 10.0; Win64; x64) AppleWebKit/537.36 (KHTML, like Gecko) Chrome/59.0.3071.115 Safari/537.36"
::1 - - [16/Jul/2017:22:22:05 +0000] "GET /download/XXwuI5WwSk HTTP/1.1" 500 - "http://localhost:3000/files/XXwuI5WwSk" "Mozilla/5.0 (Windows NT 10.0; Win64; x64) AppleWebKit/537.36 (KHTML, like Gecko) Chrome/59.0.3071.115 Safari/537.36"
::1 - - [16/Jul/2017:22:22:05 +0000] "GET /download/XXwuI5WwSk HTTP/1.1" 500 - "http://localhost:3000/files/XXwuI5WwSk" "Mozilla/5.0 (Windows NT 10.0; Win64; x64) AppleWebKit/537.36 (KHTML, like Gecko) Chrome/59.0.3071.115 Safari/537.36"
::1 - - [16/Jul/2017:22:22:05 +0000] "GET /download/XXwuI5WwSk HTTP/1.1" 500 - "http://localhost:3000/files/XXwuI5WwSk" "Mozilla/5.0 (Windows NT 10.0; Win64; x64) AppleWebKit/537.36 (KHTML, like Gecko) Chrome/59.0.3071.115 Safari/537.36"
::1 - - [16/Jul/2017:22:22:05 +0000] "GET /download/XXwuI5WwSk HTTP/1.1" 500 - "http://localhost:3000/files/XXwuI5WwSk" "Mozilla/5.0 (Windows NT 10.0; Win64; x64) AppleWebKit/537.36 (KHTML, like Gecko) Chrome/59.0.3071.115 Safari/537.36"
::1 - - [16/Jul/2017:22:22:05 +0000] "GET /download/XXwuI5WwSk HTTP/1.1" 500 - "http://localhost:3000/files/XXwuI5WwSk" "Mozilla/5.0 (Windows NT 10.0; Win64; x64) AppleWebKit/537.36 (KHTML, like Gecko) Chrome/59.0.3071.115 Safari/537.36"
::1 - - [16/Jul/2017:22:22:05 +0000] "GET /download/XXwuI5WwSk HTTP/1.1" 500 - "-" "Mozilla/5.0 (Windows NT 10.0; Win64; x64) AppleWebKit/537.36 (KHTML, like Gecko) Chrome/59.0.3071.115 Safari/537.36"
::1 - - [16/Jul/2017:22:22:06 +0000] "GET /favicon.ico HTTP/1.1" 304 - "http://localhost:3000/files/XXwuI5WwSk" "Mozilla/5.0 (Windows NT 10.0; Win64; x64) AppleWebKit/537.36 (KHTML, like Gecko) Chrome/59.0.3071.115 Safari/537.36"
::1 - - [16/Jul/2017:22:22:07 +0000] "GET / HTTP/1.1" 200 3182 "http://localhost:3000/files/XXwuI5WwSk" "Mozilla/5.0 (Windows NT 10.0; Win64; x64) AppleWebKit/537.36 (KHTML, like Gecko) Chrome/59.0.3071.115 Safari/537.36"
::1 - - [16/Jul/2017:22:22:08 +0000] "GET /favicon.ico HTTP/1.1" 200 1404 "http://localhost:3000/" "Mozilla/5.0 (Windows NT 10.0; Win64; x64) AppleWebKit/537.36 (KHTML, like Gecko) Chrome/59.0.3071.115 Safari/537.36"
::1 - - [17/Jul/2017:21:01:46 +0000] "GET / HTTP/1.1" 200 2875 "-" "Mozilla/5.0 (Windows NT 10.0; Win64; x64) AppleWebKit/537.36 (KHTML, like Gecko) Chrome/59.0.3071.115 Safari/537.36"
::1 - - [17/Jul/2017:21:01:47 +0000] "GET /favicon.ico HTTP/1.1" 200 1097 "http://localhost:3000/" "Mozilla/5.0 (Windows NT 10.0; Win64; x64) AppleWebKit/537.36 (KHTML, like Gecko) Chrome/59.0.3071.115 Safari/537.36"
::1 - - [17/Jul/2017:21:01:50 +0000] "GET / HTTP/1.1" 200 2875 "-" "Mozilla/5.0 (Windows NT 10.0; Win64; x64) AppleWebKit/537.36 (KHTML, like Gecko) Chrome/59.0.3071.115 Safari/537.36"
::1 - - [17/Jul/2017:21:01:50 +0000] "GET /favicon.ico HTTP/1.1" 200 1096 "http://localhost:3000/" "Mozilla/5.0 (Windows NT 10.0; Win64; x64) AppleWebKit/537.36 (KHTML, like Gecko) Chrome/59.0.3071.115 Safari/537.36"
::1 - - [17/Jul/2017:21:01:51 +0000] "GET / HTTP/1.1" 200 2874 "-" "Mozilla/5.0 (Windows NT 10.0; Win64; x64) AppleWebKit/537.36 (KHTML, like Gecko) Chrome/59.0.3071.115 Safari/537.36"
::1 - - [17/Jul/2017:21:01:51 +0000] "GET /favicon.ico HTTP/1.1" 200 1096 "http://localhost:3000/" "Mozilla/5.0 (Windows NT 10.0; Win64; x64) AppleWebKit/537.36 (KHTML, like Gecko) Chrome/59.0.3071.115 Safari/537.36"
::1 - - [17/Jul/2017:21:01:54 +0000] "GET /login.html HTTP/1.1" 304 - "http://localhost:3000/" "Mozilla/5.0 (Windows NT 10.0; Win64; x64) AppleWebKit/537.36 (KHTML, like Gecko) Chrome/59.0.3071.115 Safari/537.36"
::1 - - [17/Jul/2017:21:01:54 +0000] "GET /favicon.ico HTTP/1.1" 200 1097 "http://localhost:3000/login.html" "Mozilla/5.0 (Windows NT 10.0; Win64; x64) AppleWebKit/537.36 (KHTML, like Gecko) Chrome/59.0.3071.115 Safari/537.36"
::1 - - [17/Jul/2017:21:01:56 +0000] "GET / HTTP/1.1" 200 2875 "http://localhost:3000/login.html" "Mozilla/5.0 (Windows NT 10.0; Win64; x64) AppleWebKit/537.36 (KHTML, like Gecko) Chrome/59.0.3071.115 Safari/537.36"
::1 - - [17/Jul/2017:21:01:56 +0000] "GET /favicon.ico HTTP/1.1" 200 1096 "http://localhost:3000/" "Mozilla/5.0 (Windows NT 10.0; Win64; x64) AppleWebKit/537.36 (KHTML, like Gecko) Chrome/59.0.3071.115 Safari/537.36"
::1 - - [17/Jul/2017:21:01:57 +0000] "GET /register.html HTTP/1.1" 304 - "http://localhost:3000/" "Mozilla/5.0 (Windows NT 10.0; Win64; x64) AppleWebKit/537.36 (KHTML, like Gecko) Chrome/59.0.3071.115 Safari/537.36"
::1 - - [17/Jul/2017:21:02:06 +0000] "GET /favicon.ico HTTP/1.1" 200 1096 "http://localhost:3000/register.html" "Mozilla/5.0 (Windows NT 10.0; Win64; x64) AppleWebKit/537.36 (KHTML, like Gecko) Chrome/59.0.3071.115 Safari/537.36"
::1 - - [17/Jul/2017:21:22:33 +0000] "GET / HTTP/1.1" 200 2874 "-" "Mozilla/5.0 (Windows NT 10.0; Win64; x64) AppleWebKit/537.36 (KHTML, like Gecko) Chrome/59.0.3071.115 Safari/537.36"
::1 - - [17/Jul/2017:21:22:33 +0000] "GET /favicon.ico HTTP/1.1" 200 1097 "http://localhost:3000/" "Mozilla/5.0 (Windows NT 10.0; Win64; x64) AppleWebKit/537.36 (KHTML, like Gecko) Chrome/59.0.3071.115 Safari/537.36"
::1 - - [17/Jul/2017:21:22:39 +0000] "GET /login.html HTTP/1.1" 304 - "http://localhost:3000/" "Mozilla/5.0 (Windows NT 10.0; Win64; x64) AppleWebKit/537.36 (KHTML, like Gecko) Chrome/59.0.3071.115 Safari/537.36"
::1 - - [17/Jul/2017:21:22:40 +0000] "GET /favicon.ico HTTP/1.1" 200 1096 "http://localhost:3000/login.html" "Mozilla/5.0 (Windows NT 10.0; Win64; x64) AppleWebKit/537.36 (KHTML, like Gecko) Chrome/59.0.3071.115 Safari/537.36"
::1 - - [17/Jul/2017:21:22:44 +0000] "POST /login HTTP/1.1" 302 46 "http://localhost:3000/login.html" "Mozilla/5.0 (Windows NT 10.0; Win64; x64) AppleWebKit/537.36 (KHTML, like Gecko) Chrome/59.0.3071.115 Safari/537.36"
::1 - - [17/Jul/2017:21:22:44 +0000] "GET / HTTP/1.1" 200 3182 "http://localhost:3000/login.html" "Mozilla/5.0 (Windows NT 10.0; Win64; x64) AppleWebKit/537.36 (KHTML, like Gecko) Chrome/59.0.3071.115 Safari/537.36"
::1 - - [17/Jul/2017:21:22:44 +0000] "GET /favicon.ico HTTP/1.1" 200 1404 "http://localhost:3000/" "Mozilla/5.0 (Windows NT 10.0; Win64; x64) AppleWebKit/537.36 (KHTML, like Gecko) Chrome/59.0.3071.115 Safari/537.36"
::1 - - [17/Jul/2017:21:22:47 +0000] "GET /profile HTTP/1.1" 200 3016 "http://localhost:3000/" "Mozilla/5.0 (Windows NT 10.0; Win64; x64) AppleWebKit/537.36 (KHTML, like Gecko) Chrome/59.0.3071.115 Safari/537.36"
::1 - - [17/Jul/2017:21:22:47 +0000] "GET /favicon.ico HTTP/1.1" 200 1404 "http://localhost:3000/profile" "Mozilla/5.0 (Windows NT 10.0; Win64; x64) AppleWebKit/537.36 (KHTML, like Gecko) Chrome/59.0.3071.115 Safari/537.36"
::1 - - [17/Jul/2017:21:22:50 +0000] "GET / HTTP/1.1" 200 3182 "http://localhost:3000/profile" "Mozilla/5.0 (Windows NT 10.0; Win64; x64) AppleWebKit/537.36 (KHTML, like Gecko) Chrome/59.0.3071.115 Safari/537.36"
::1 - - [17/Jul/2017:21:22:56 +0000] "GET /favicon.ico HTTP/1.1" 200 1404 "http://localhost:3000/" "Mozilla/5.0 (Windows NT 10.0; Win64; x64) AppleWebKit/537.36 (KHTML, like Gecko) Chrome/59.0.3071.115 Safari/537.36"
::1 - - [17/Jul/2017:21:23:03 +0000] "POST /upload HTTP/1.1" 200 38 "http://localhost:3000/" "Mozilla/5.0 (Windows NT 10.0; Win64; x64) AppleWebKit/537.36 (KHTML, like Gecko) Chrome/59.0.3071.115 Safari/537.36"
::1 - - [17/Jul/2017:21:23:05 +0000] "GET /profile HTTP/1.1" 200 4011 "http://localhost:3000/" "Mozilla/5.0 (Windows NT 10.0; Win64; x64) AppleWebKit/537.36 (KHTML, like Gecko) Chrome/59.0.3071.115 Safari/537.36"
::1 - - [17/Jul/2017:21:23:05 +0000] "GET /favicon.ico HTTP/1.1" 200 1404 "http://localhost:3000/profile" "Mozilla/5.0 (Windows NT 10.0; Win64; x64) AppleWebKit/537.36 (KHTML, like Gecko) Chrome/59.0.3071.115 Safari/537.36"
::1 - - [17/Jul/2017:21:33:32 +0000] "GET /profile HTTP/1.1" 304 - "http://localhost:3000/" "Mozilla/5.0 (Windows NT 10.0; Win64; x64) AppleWebKit/537.36 (KHTML, like Gecko) Chrome/59.0.3071.115 Safari/537.36"
::1 - - [17/Jul/2017:21:33:38 +0000] "GET /favicon.ico HTTP/1.1" 200 1405 "http://localhost:3000/profile" "Mozilla/5.0 (Windows NT 10.0; Win64; x64) AppleWebKit/537.36 (KHTML, like Gecko) Chrome/59.0.3071.115 Safari/537.36"
::1 - - [17/Jul/2017:21:33:41 +0000] "GET /logout HTTP/1.1" 302 46 "http://localhost:3000/profile" "Mozilla/5.0 (Windows NT 10.0; Win64; x64) AppleWebKit/537.36 (KHTML, like Gecko) Chrome/59.0.3071.115 Safari/537.36"
::1 - - [17/Jul/2017:21:33:41 +0000] "GET / HTTP/1.1" 200 2875 "http://localhost:3000/profile" "Mozilla/5.0 (Windows NT 10.0; Win64; x64) AppleWebKit/537.36 (KHTML, like Gecko) Chrome/59.0.3071.115 Safari/537.36"
::1 - - [17/Jul/2017:21:33:41 +0000] "GET /favicon.ico HTTP/1.1" 200 1096 "http://localhost:3000/" "Mozilla/5.0 (Windows NT 10.0; Win64; x64) AppleWebKit/537.36 (KHTML, like Gecko) Chrome/59.0.3071.115 Safari/537.36"
::1 - - [17/Jul/2017:21:33:44 +0000] "GET / HTTP/1.1" 200 2874 "http://localhost:3000/profile" "Mozilla/5.0 (Windows NT 10.0; Win64; x64) AppleWebKit/537.36 (KHTML, like Gecko) Chrome/59.0.3071.115 Safari/537.36"
::1 - - [17/Jul/2017:21:33:44 +0000] "GET /favicon.ico HTTP/1.1" 200 1096 "http://localhost:3000/" "Mozilla/5.0 (Windows NT 10.0; Win64; x64) AppleWebKit/537.36 (KHTML, like Gecko) Chrome/59.0.3071.115 Safari/537.36"
::1 - - [17/Jul/2017:21:33:47 +0000] "GET / HTTP/1.1" 200 2874 "http://localhost:3000/profile" "Mozilla/5.0 (Windows NT 10.0; Win64; x64) AppleWebKit/537.36 (KHTML, like Gecko) Chrome/59.0.3071.115 Safari/537.36"
::1 - - [17/Jul/2017:21:33:47 +0000] "GET /favicon.ico HTTP/1.1" 200 1096 "http://localhost:3000/" "Mozilla/5.0 (Windows NT 10.0; Win64; x64) AppleWebKit/537.36 (KHTML, like Gecko) Chrome/59.0.3071.115 Safari/537.36"
::1 - - [17/Jul/2017:21:33:50 +0000] "GET /login.html HTTP/1.1" 304 - "http://localhost:3000/" "Mozilla/5.0 (Windows NT 10.0; Win64; x64) AppleWebKit/537.36 (KHTML, like Gecko) Chrome/59.0.3071.115 Safari/537.36"
::1 - - [17/Jul/2017:21:33:56 +0000] "GET /favicon.ico HTTP/1.1" 200 1096 "http://localhost:3000/login.html" "Mozilla/5.0 (Windows NT 10.0; Win64; x64) AppleWebKit/537.36 (KHTML, like Gecko) Chrome/59.0.3071.115 Safari/537.36"
::1 - - [17/Jul/2017:21:34:01 +0000] "POST /login HTTP/1.1" 302 46 "http://localhost:3000/login.html" "Mozilla/5.0 (Windows NT 10.0; Win64; x64) AppleWebKit/537.36 (KHTML, like Gecko) Chrome/59.0.3071.115 Safari/537.36"
::1 - - [17/Jul/2017:21:34:01 +0000] "GET / HTTP/1.1" 200 3183 "http://localhost:3000/login.html" "Mozilla/5.0 (Windows NT 10.0; Win64; x64) AppleWebKit/537.36 (KHTML, like Gecko) Chrome/59.0.3071.115 Safari/537.36"
::1 - - [17/Jul/2017:21:34:03 +0000] "GET /favicon.ico HTTP/1.1" 200 1404 "http://localhost:3000/" "Mozilla/5.0 (Windows NT 10.0; Win64; x64) AppleWebKit/537.36 (KHTML, like Gecko) Chrome/59.0.3071.115 Safari/537.36"
::1 - - [17/Jul/2017:21:34:22 +0000] "GET / HTTP/1.1" 304 - "http://localhost:3000/login.html" "Mozilla/5.0 (Windows NT 10.0; Win64; x64) AppleWebKit/537.36 (KHTML, like Gecko) Chrome/59.0.3071.115 Safari/537.36"
::1 - - [17/Jul/2017:21:34:23 +0000] "GET /favicon.ico HTTP/1.1" 200 1405 "http://localhost:3000/" "Mozilla/5.0 (Windows NT 10.0; Win64; x64) AppleWebKit/537.36 (KHTML, like Gecko) Chrome/59.0.3071.115 Safari/537.36"
::1 - - [17/Jul/2017:21:34:52 +0000] "GET /profile HTTP/1.1" 304 - "http://localhost:3000/" "Mozilla/5.0 (Windows NT 10.0; Win64; x64) AppleWebKit/537.36 (KHTML, like Gecko) Chrome/59.0.3071.115 Safari/537.36"
::1 - - [17/Jul/2017:21:34:53 +0000] "GET /favicon.ico HTTP/1.1" 200 1404 "http://localhost:3000/profile" "Mozilla/5.0 (Windows NT 10.0; Win64; x64) AppleWebKit/537.36 (KHTML, like Gecko) Chrome/59.0.3071.115 Safari/537.36"
::1 - - [17/Jul/2017:21:35:33 +0000] "GET /files/6owo1AFTWh HTTP/1.1" 200 2454 "http://localhost:3000/profile" "Mozilla/5.0 (Windows NT 10.0; Win64; x64) AppleWebKit/537.36 (KHTML, like Gecko) Chrome/59.0.3071.115 Safari/537.36"
::1 - - [17/Jul/2017:21:35:33 +0000] "GET /favicon.ico HTTP/1.1" 200 1405 "http://localhost:3000/files/6owo1AFTWh" "Mozilla/5.0 (Windows NT 10.0; Win64; x64) AppleWebKit/537.36 (KHTML, like Gecko) Chrome/59.0.3071.115 Safari/537.36"
::1 - - [17/Jul/2017:21:35:41 +0000] "GET /download/6owo1AFTWh HTTP/1.1" 200 - "http://localhost:3000/files/6owo1AFTWh" "Mozilla/5.0 (Windows NT 10.0; Win64; x64) AppleWebKit/537.36 (KHTML, like Gecko) Chrome/59.0.3071.115 Safari/537.36"
::1 - - [17/Jul/2017:21:35:44 +0000] "GET / HTTP/1.1" 200 3182 "http://localhost:3000/files/6owo1AFTWh" "Mozilla/5.0 (Windows NT 10.0; Win64; x64) AppleWebKit/537.36 (KHTML, like Gecko) Chrome/59.0.3071.115 Safari/537.36"
::1 - - [17/Jul/2017:21:35:46 +0000] "GET / HTTP/1.1" 200 3183 "http://localhost:3000/files/6owo1AFTWh" "Mozilla/5.0 (Windows NT 10.0; Win64; x64) AppleWebKit/537.36 (KHTML, like Gecko) Chrome/59.0.3071.115 Safari/537.36"
::1 - - [17/Jul/2017:21:35:48 +0000] "GET / HTTP/1.1" 200 3183 "http://localhost:3000/files/6owo1AFTWh" "Mozilla/5.0 (Windows NT 10.0; Win64; x64) AppleWebKit/537.36 (KHTML, like Gecko) Chrome/59.0.3071.115 Safari/537.36"
::1 - - [17/Jul/2017:21:36:00 +0000] "GET / HTTP/1.1" 200 3182 "http://localhost:3000/files/6owo1AFTWh" "Mozilla/5.0 (Windows NT 10.0; Win64; x64) AppleWebKit/537.36 (KHTML, like Gecko) Chrome/59.0.3071.115 Safari/537.36"
- - - [17/Jul/2017:21:36:00 +0000] "GET / HTTP/1.1" - - "http://localhost:3000/" "Mozilla/5.0 (Windows NT 10.0; Win64; x64) AppleWebKit/537.36 (KHTML, like Gecko) Chrome/59.0.3071.115 Safari/537.36"
- - - [17/Jul/2017:21:36:00 +0000] "GET / HTTP/1.1" - - "http://localhost:3000/" "Mozilla/5.0 (Windows NT 10.0; Win64; x64) AppleWebKit/537.36 (KHTML, like Gecko) Chrome/59.0.3071.115 Safari/537.36"
- - - [17/Jul/2017:21:36:00 +0000] "GET / HTTP/1.1" - - "http://localhost:3000/" "Mozilla/5.0 (Windows NT 10.0; Win64; x64) AppleWebKit/537.36 (KHTML, like Gecko) Chrome/59.0.3071.115 Safari/537.36"
::1 - - [17/Jul/2017:21:36:00 +0000] "GET /favicon.ico HTTP/1.1" 200 1405 "http://localhost:3000/" "Mozilla/5.0 (Windows NT 10.0; Win64; x64) AppleWebKit/537.36 (KHTML, like Gecko) Chrome/59.0.3071.115 Safari/537.36"
::1 - - [17/Jul/2017:21:36:00 +0000] "GET / HTTP/1.1" 200 3182 "http://localhost:3000/" "Mozilla/5.0 (Windows NT 10.0; Win64; x64) AppleWebKit/537.36 (KHTML, like Gecko) Chrome/59.0.3071.115 Safari/537.36"
::1 - - [17/Jul/2017:21:36:00 +0000] "GET /favicon.ico HTTP/1.1" 200 1404 "http://localhost:3000/" "Mozilla/5.0 (Windows NT 10.0; Win64; x64) AppleWebKit/537.36 (KHTML, like Gecko) Chrome/59.0.3071.115 Safari/537.36"
::1 - - [17/Jul/2017:21:36:11 +0000] "GET / HTTP/1.1" 200 3182 "http://localhost:3000/" "Mozilla/5.0 (Windows NT 10.0; Win64; x64) AppleWebKit/537.36 (KHTML, like Gecko) Chrome/59.0.3071.115 Safari/537.36"
::1 - - [17/Jul/2017:21:36:17 +0000] "GET /favicon.ico HTTP/1.1" 200 1405 "http://localhost:3000/" "Mozilla/5.0 (Windows NT 10.0; Win64; x64) AppleWebKit/537.36 (KHTML, like Gecko) Chrome/59.0.3071.115 Safari/537.36"
::1 - - [17/Jul/2017:21:36:20 +0000] "GET / HTTP/1.1" 200 3182 "http://localhost:3000/" "Mozilla/5.0 (Windows NT 10.0; Win64; x64) AppleWebKit/537.36 (KHTML, like Gecko) Chrome/59.0.3071.115 Safari/537.36"
::1 - - [17/Jul/2017:21:36:23 +0000] "GET /favicon.ico HTTP/1.1" 200 1404 "http://localhost:3000/" "Mozilla/5.0 (Windows NT 10.0; Win64; x64) AppleWebKit/537.36 (KHTML, like Gecko) Chrome/59.0.3071.115 Safari/537.36"
::1 - - [17/Jul/2017:21:37:06 +0000] "GET / HTTP/1.1" 200 3182 "http://localhost:3000/" "Mozilla/5.0 (Windows NT 10.0; Win64; x64) AppleWebKit/537.36 (KHTML, like Gecko) Chrome/59.0.3071.115 Safari/537.36"
::1 - - [17/Jul/2017:21:37:06 +0000] "POST /upload HTTP/1.1" - - "http://localhost:3000/" "Mozilla/5.0 (Windows NT 10.0; Win64; x64) AppleWebKit/537.36 (KHTML, like Gecko) Chrome/59.0.3071.115 Safari/537.36"
::1 - - [17/Jul/2017:21:37:06 +0000] "GET /favicon.ico HTTP/1.1" 200 1404 "http://localhost:3000/" "Mozilla/5.0 (Windows NT 10.0; Win64; x64) AppleWebKit/537.36 (KHTML, like Gecko) Chrome/59.0.3071.115 Safari/537.36"
::1 - - [17/Jul/2017:21:37:14 +0000] "GET /upgrade.html HTTP/1.1" 200 1405 "http://localhost:3000/" "Mozilla/5.0 (Windows NT 10.0; Win64; x64) AppleWebKit/537.36 (KHTML, like Gecko) Chrome/59.0.3071.115 Safari/537.36"
::1 - - [17/Jul/2017:21:37:20 +0000] "GET /favicon.ico HTTP/1.1" 200 1404 "http://localhost:3000/upgrade.html" "Mozilla/5.0 (Windows NT 10.0; Win64; x64) AppleWebKit/537.36 (KHTML, like Gecko) Chrome/59.0.3071.115 Safari/537.36"
::1 - - [17/Jul/2017:21:37:55 +0000] "GET /upgrade.html HTTP/1.1" 200 1405 "http://localhost:3000/" "Mozilla/5.0 (Windows NT 10.0; Win64; x64) AppleWebKit/537.36 (KHTML, like Gecko) Chrome/59.0.3071.115 Safari/537.36"
::1 - - [17/Jul/2017:21:37:55 +0000] "GET /favicon.ico HTTP/1.1" 200 1404 "http://localhost:3000/upgrade.html" "Mozilla/5.0 (Windows NT 10.0; Win64; x64) AppleWebKit/537.36 (KHTML, like Gecko) Chrome/59.0.3071.115 Safari/537.36"
::1 - - [17/Jul/2017:21:38:07 +0000] "GET /upgrade.html HTTP/1.1" 200 1404 "http://localhost:3000/" "Mozilla/5.0 (Windows NT 10.0; Win64; x64) AppleWebKit/537.36 (KHTML, like Gecko) Chrome/59.0.3071.115 Safari/537.36"
::1 - - [17/Jul/2017:21:38:07 +0000] "GET /profile HTTP/1.1" - - "http://localhost:3000/upgrade.html" "Mozilla/5.0 (Windows NT 10.0; Win64; x64) AppleWebKit/537.36 (KHTML, like Gecko) Chrome/59.0.3071.115 Safari/537.36"
::1 - - [17/Jul/2017:21:38:07 +0000] "GET /favicon.ico HTTP/1.1" 200 1404 "http://localhost:3000/upgrade.html" "Mozilla/5.0 (Windows NT 10.0; Win64; x64) AppleWebKit/537.36 (KHTML, like Gecko) Chrome/59.0.3071.115 Safari/537.36"
::1 - - [17/Jul/2017:21:38:07 +0000] "GET /favicon.ico HTTP/1.1" 200 1405 "http://localhost:3000/upgrade.html" "Mozilla/5.0 (Windows NT 10.0; Win64; x64) AppleWebKit/537.36 (KHTML, like Gecko) Chrome/59.0.3071.115 Safari/537.36"
::1 - - [17/Jul/2017:21:42:00 +0000] "GET / HTTP/1.1" 500 16 "-" "Mozilla/5.0 (Windows NT 10.0; Win64; x64) AppleWebKit/537.36 (KHTML, like Gecko) Chrome/59.0.3071.115 Safari/537.36"
::1 - - [17/Jul/2017:21:42:00 +0000] "GET /favicon.ico HTTP/1.1" 500 16 "http://localhost:3000/" "Mozilla/5.0 (Windows NT 10.0; Win64; x64) AppleWebKit/537.36 (KHTML, like Gecko) Chrome/59.0.3071.115 Safari/537.36"
::1 - - [17/Jul/2017:21:42:41 +0000] "GET / HTTP/1.1" 500 16 "-" "Mozilla/5.0 (Windows NT 10.0; Win64; x64) AppleWebKit/537.36 (KHTML, like Gecko) Chrome/59.0.3071.115 Safari/537.36"
::1 - - [17/Jul/2017:21:42:41 +0000] "GET /favicon.ico HTTP/1.1" 500 16 "http://localhost:3000/" "Mozilla/5.0 (Windows NT 10.0; Win64; x64) AppleWebKit/537.36 (KHTML, like Gecko) Chrome/59.0.3071.115 Safari/537.36"
::1 - - [17/Jul/2017:21:43:14 +0000] "GET / HTTP/1.1" 500 16 "-" "Mozilla/5.0 (Windows NT 10.0; Win64; x64) AppleWebKit/537.36 (KHTML, like Gecko) Chrome/59.0.3071.115 Safari/537.36"
::1 - - [17/Jul/2017:21:43:14 +0000] "GET /favicon.ico HTTP/1.1" 500 16 "http://localhost:3000/" "Mozilla/5.0 (Windows NT 10.0; Win64; x64) AppleWebKit/537.36 (KHTML, like Gecko) Chrome/59.0.3071.115 Safari/537.36"
::1 - - [17/Jul/2017:21:43:41 +0000] "GET / HTTP/1.1" 500 16 "-" "Mozilla/5.0 (Windows NT 10.0; Win64; x64) AppleWebKit/537.36 (KHTML, like Gecko) Chrome/59.0.3071.115 Safari/537.36"
::1 - - [17/Jul/2017:21:43:41 +0000] "GET /favicon.ico HTTP/1.1" 500 16 "http://localhost:3000/" "Mozilla/5.0 (Windows NT 10.0; Win64; x64) AppleWebKit/537.36 (KHTML, like Gecko) Chrome/59.0.3071.115 Safari/537.36"
::1 - - [17/Jul/2017:21:44:12 +0000] "GET / HTTP/1.1" 200 3182 "-" "Mozilla/5.0 (Windows NT 10.0; Win64; x64) AppleWebKit/537.36 (KHTML, like Gecko) Chrome/59.0.3071.115 Safari/537.36"
::1 - - [17/Jul/2017:21:44:12 +0000] "GET /favicon.ico HTTP/1.1" 200 1405 "http://localhost:3000/" "Mozilla/5.0 (Windows NT 10.0; Win64; x64) AppleWebKit/537.36 (KHTML, like Gecko) Chrome/59.0.3071.115 Safari/537.36"
::1 - - [17/Jul/2017:21:46:47 +0000] "GET / HTTP/1.1" 200 3182 "-" "Mozilla/5.0 (Windows NT 10.0; Win64; x64) AppleWebKit/537.36 (KHTML, like Gecko) Chrome/59.0.3071.115 Safari/537.36"
::1 - - [17/Jul/2017:21:46:53 +0000] "GET /favicon.ico HTTP/1.1" 200 1405 "http://localhost:3000/" "Mozilla/5.0 (Windows NT 10.0; Win64; x64) AppleWebKit/537.36 (KHTML, like Gecko) Chrome/59.0.3071.115 Safari/537.36"
::1 - - [17/Jul/2017:21:48:17 +0000] "GET /profile HTTP/1.1" 200 4011 "http://localhost:3000/" "Mozilla/5.0 (Windows NT 10.0; Win64; x64) AppleWebKit/537.36 (KHTML, like Gecko) Chrome/59.0.3071.115 Safari/537.36"
::1 - - [17/Jul/2017:21:48:17 +0000] "GET / HTTP/1.1" 200 2875 "-" "PostmanRuntime/6.1.6"
::1 - - [17/Jul/2017:21:48:17 +0000] "GET /favicon.ico HTTP/1.1" 200 1404 "http://localhost:3000/profile" "Mozilla/5.0 (Windows NT 10.0; Win64; x64) AppleWebKit/537.36 (KHTML, like Gecko) Chrome/59.0.3071.115 Safari/537.36"
::1 - - [17/Jul/2017:21:49:20 +0000] "POST /post HTTP/1.1" 200 1096 "-" "PostmanRuntime/6.1.6"
::1 - - [17/Jul/2017:21:49:29 +0000] "POST /login HTTP/1.1" 302 23 "-" "PostmanRuntime/6.1.6"
::1 - - [17/Jul/2017:21:49:29 +0000] "GET / HTTP/1.1" 200 3183 "http://localhost:3000/login" "PostmanRuntime/6.1.6"
::1 - - [17/Jul/2017:21:49:40 +0000] "GET / HTTP/1.1" 200 3182 "-" "PostmanRuntime/6.1.6"
::1 - - [17/Jul/2017:21:49:49 +0000] "GET / HTTP/1.1" 200 3182 "-" "PostmanRuntime/6.1.6"
::1 - - [17/Jul/2017:21:50:03 +0000] "GET /profile HTTP/1.1" 200 4011 "-" "PostmanRuntime/6.1.6"
::1 - - [17/Jul/2017:21:50:20 +0000] "GET /profile HTTP/1.1" 304 - "http://localhost:3000/" "Mozilla/5.0 (Windows NT 10.0; Win64; x64) AppleWebKit/537.36 (KHTML, like Gecko) Chrome/59.0.3071.115 Safari/537.36"
::1 - - [17/Jul/2017:21:50:26 +0000] "GET /favicon.ico HTTP/1.1" 200 1405 "http://localhost:3000/profile" "Mozilla/5.0 (Windows NT 10.0; Win64; x64) AppleWebKit/537.36 (KHTML, like Gecko) Chrome/59.0.3071.115 Safari/537.36"
::1 - - [17/Jul/2017:21:51:13 +0000] "GET / HTTP/1.1" 200 3182 "http://localhost:3000/profile" "Mozilla/5.0 (Windows NT 10.0; Win64; x64) AppleWebKit/537.36 (KHTML, like Gecko) Chrome/59.0.3071.115 Safari/537.36"
::1 - - [17/Jul/2017:21:51:25 +0000] "GET /favicon.ico HTTP/1.1" 200 1404 "http://localhost:3000/" "Mozilla/5.0 (Windows NT 10.0; Win64; x64) AppleWebKit/537.36 (KHTML, like Gecko) Chrome/59.0.3071.115 Safari/537.36"
::1 - - [17/Jul/2017:21:51:30 +0000] "POST /upload HTTP/1.1" 200 38 "http://localhost:3000/" "Mozilla/5.0 (Windows NT 10.0; Win64; x64) AppleWebKit/537.36 (KHTML, like Gecko) Chrome/59.0.3071.115 Safari/537.36"
::1 - - [17/Jul/2017:21:51:31 +0000] "GET /profile HTTP/1.1" 200 5003 "http://localhost:3000/" "Mozilla/5.0 (Windows NT 10.0; Win64; x64) AppleWebKit/537.36 (KHTML, like Gecko) Chrome/59.0.3071.115 Safari/537.36"
::1 - - [17/Jul/2017:21:51:37 +0000] "GET /favicon.ico HTTP/1.1" 200 1405 "http://localhost:3000/profile" "Mozilla/5.0 (Windows NT 10.0; Win64; x64) AppleWebKit/537.36 (KHTML, like Gecko) Chrome/59.0.3071.115 Safari/537.36"
::1 - - [17/Jul/2017:21:53:20 +0000] "GET / HTTP/1.1" 200 3183 "http://localhost:3000/profile" "Mozilla/5.0 (Windows NT 10.0; Win64; x64) AppleWebKit/537.36 (KHTML, like Gecko) Chrome/59.0.3071.115 Safari/537.36"
::1 - - [17/Jul/2017:21:53:21 +0000] "GET /favicon.ico HTTP/1.1" 200 1404 "http://localhost:3000/" "Mozilla/5.0 (Windows NT 10.0; Win64; x64) AppleWebKit/537.36 (KHTML, like Gecko) Chrome/59.0.3071.115 Safari/537.36"
::ffff:192.168.0.139 - - [17/Jul/2017:21:54:55 +0000] "GET / HTTP/1.1" 200 2874 "-" "Mozilla/5.0 (Windows NT 10.0; Win64; x64) AppleWebKit/537.36 (KHTML, like Gecko) Chrome/59.0.3071.115 Safari/537.36"
::ffff:192.168.0.139 - - [17/Jul/2017:21:54:55 +0000] "GET /favicon.ico HTTP/1.1" 200 1097 "http://192.168.0.139:3000/" "Mozilla/5.0 (Windows NT 10.0; Win64; x64) AppleWebKit/537.36 (KHTML, like Gecko) Chrome/59.0.3071.115 Safari/537.36"
::ffff:192.168.0.139 - - [17/Jul/2017:21:55:12 +0000] "GET / HTTP/1.1" 200 2875 "-" "Mozilla/5.0 (Windows NT 10.0; Win64; x64) AppleWebKit/537.36 (KHTML, like Gecko) Chrome/59.0.3071.115 Safari/537.36"
::ffff:192.168.0.139 - - [17/Jul/2017:21:55:12 +0000] "GET /favicon.ico HTTP/1.1" 200 1096 "http://192.168.0.139:3000/" "Mozilla/5.0 (Windows NT 10.0; Win64; x64) AppleWebKit/537.36 (KHTML, like Gecko) Chrome/59.0.3071.115 Safari/537.36"
