::1 - - [01/Aug/2017:22:10:37 +0000] "GET / HTTP/1.1" 200 3587 "http://localhost:3000/upgrade" "Mozilla/5.0 (Windows NT 10.0; Win64; x64) AppleWebKit/537.36 (KHTML, like Gecko) Chrome/59.0.3071.115 Safari/537.36"
::1 - - [01/Aug/2017:22:10:39 +0000] "GET /profile HTTP/1.1" 304 - "http://localhost:3000/" "Mozilla/5.0 (Windows NT 10.0; Win64; x64) AppleWebKit/537.36 (KHTML, like Gecko) Chrome/59.0.3071.115 Safari/537.36"
::1 - - [01/Aug/2017:22:13:12 +0000] "GET / HTTP/1.1" 200 3587 "http://localhost:3000/profile" "Mozilla/5.0 (Windows NT 10.0; Win64; x64) AppleWebKit/537.36 (KHTML, like Gecko) Chrome/59.0.3071.115 Safari/537.36"
::1 - - [01/Aug/2017:22:13:14 +0000] "GET /profile HTTP/1.1" 304 - "http://localhost:3000/" "Mozilla/5.0 (Windows NT 10.0; Win64; x64) AppleWebKit/537.36 (KHTML, like Gecko) Chrome/59.0.3071.115 Safari/537.36"
::1 - - [01/Aug/2017:22:33:21 +0000] "GET / HTTP/1.1" 200 2864 "http://localhost:3000/profile" "Mozilla/5.0 (Windows NT 10.0; Win64; x64) AppleWebKit/537.36 (KHTML, like Gecko) Chrome/59.0.3071.115 Safari/537.36"
::1 - - [01/Aug/2017:22:33:23 +0000] "GET /upgrade.html HTTP/1.1" 200 1086 "http://localhost:3000/" "Mozilla/5.0 (Windows NT 10.0; Win64; x64) AppleWebKit/537.36 (KHTML, like Gecko) Chrome/59.0.3071.115 Safari/537.36"
::1 - - [01/Aug/2017:22:33:26 +0000] "GET /upgrade HTTP/1.1" 304 - "-" "Mozilla/5.0 (Windows NT 10.0; Win64; x64) AppleWebKit/537.36 (KHTML, like Gecko) Chrome/59.0.3071.115 Safari/537.36"
::1 - - [02/Aug/2017:19:37:36 +0000] "GET /upgrade HTTP/1.1" 304 - "-" "Mozilla/5.0 (Windows NT 10.0; Win64; x64) AppleWebKit/537.36 (KHTML, like Gecko) Chrome/59.0.3071.115 Safari/537.36"
::1 - - [02/Aug/2017:19:37:36 +0000] "GET /favicon.ico HTTP/1.1" 200 1475 "http://localhost:3000/upgrade" "Mozilla/5.0 (Windows NT 10.0; Win64; x64) AppleWebKit/537.36 (KHTML, like Gecko) Chrome/59.0.3071.115 Safari/537.36"
::1 - - [02/Aug/2017:19:37:50 +0000] "GET /upgrade HTTP/1.1" 200 786 "-" "Mozilla/5.0 (Windows NT 10.0; Win64; x64) AppleWebKit/537.36 (KHTML, like Gecko) Chrome/59.0.3071.115 Safari/537.36"
::1 - - [02/Aug/2017:19:37:50 +0000] "GET /favicon.ico HTTP/1.1" 200 1475 "http://localhost:3000/upgrade" "Mozilla/5.0 (Windows NT 10.0; Win64; x64) AppleWebKit/537.36 (KHTML, like Gecko) Chrome/59.0.3071.115 Safari/537.36"
::1 - - [02/Aug/2017:19:38:00 +0000] "GET /upgrade HTTP/1.1" 200 712 "-" "Mozilla/5.0 (Windows NT 10.0; Win64; x64) AppleWebKit/537.36 (KHTML, like Gecko) Chrome/59.0.3071.115 Safari/537.36"
::1 - - [02/Aug/2017:19:38:00 +0000] "GET /favicon.ico HTTP/1.1" 200 1475 "http://localhost:3000/upgrade" "Mozilla/5.0 (Windows NT 10.0; Win64; x64) AppleWebKit/537.36 (KHTML, like Gecko) Chrome/59.0.3071.115 Safari/537.36"
::1 - - [02/Aug/2017:19:38:17 +0000] "GET /upgrade HTTP/1.1" 200 786 "-" "Mozilla/5.0 (Linux; Android 5.0; SM-G900P Build/LRX21T) AppleWebKit/537.36 (KHTML, like Gecko) Chrome/59.0.3071.115 Mobile Safari/537.36"
::1 - - [02/Aug/2017:19:39:06 +0000] "GET /upgrade HTTP/1.1" 200 844 "-" "Mozilla/5.0 (Linux; Android 5.0; SM-G900P Build/LRX21T) AppleWebKit/537.36 (KHTML, like Gecko) Chrome/59.0.3071.115 Mobile Safari/537.36"
::1 - - [02/Aug/2017:19:50:37 +0000] "GET /upgrade HTTP/1.1" 200 854 "-" "Mozilla/5.0 (Linux; Android 5.0; SM-G900P Build/LRX21T) AppleWebKit/537.36 (KHTML, like Gecko) Chrome/59.0.3071.115 Mobile Safari/537.36"
::1 - - [02/Aug/2017:19:50:58 +0000] "GET /upgrade HTTP/1.1" 200 814 "-" "Mozilla/5.0 (Linux; Android 5.0; SM-G900P Build/LRX21T) AppleWebKit/537.36 (KHTML, like Gecko) Chrome/59.0.3071.115 Mobile Safari/537.36"
::1 - - [02/Aug/2017:19:51:08 +0000] "GET / HTTP/1.1" 200 2865 "http://localhost:3000/upgrade" "Mozilla/5.0 (Linux; Android 5.0; SM-G900P Build/LRX21T) AppleWebKit/537.36 (KHTML, like Gecko) Chrome/59.0.3071.115 Mobile Safari/537.36"
::1 - - [02/Aug/2017:19:57:35 +0000] "GET /register HTTP/1.1" 200 3552 "http://localhost:3000/" "Mozilla/5.0 (Windows NT 10.0; Win64; x64) AppleWebKit/537.36 (KHTML, like Gecko) Chrome/59.0.3071.115 Safari/537.36"
::1 - - [02/Aug/2017:19:57:36 +0000] "GET /login HTTP/1.1" 200 3435 "http://localhost:3000/register" "Mozilla/5.0 (Windows NT 10.0; Win64; x64) AppleWebKit/537.36 (KHTML, like Gecko) Chrome/59.0.3071.115 Safari/537.36"
::1 - - [02/Aug/2017:19:57:37 +0000] "GET /register HTTP/1.1" 304 - "http://localhost:3000/login" "Mozilla/5.0 (Windows NT 10.0; Win64; x64) AppleWebKit/537.36 (KHTML, like Gecko) Chrome/59.0.3071.115 Safari/537.36"
::1 - - [02/Aug/2017:19:57:39 +0000] "GET / HTTP/1.1" 200 2864 "http://localhost:3000/register" "Mozilla/5.0 (Windows NT 10.0; Win64; x64) AppleWebKit/537.36 (KHTML, like Gecko) Chrome/59.0.3071.115 Safari/537.36"
::1 - - [02/Aug/2017:19:57:43 +0000] "GET / HTTP/1.1" 200 2864 "http://localhost:3000/register" "Mozilla/5.0 (Windows NT 10.0; Win64; x64) AppleWebKit/537.36 (KHTML, like Gecko) Chrome/59.0.3071.115 Safari/537.36"
::1 - - [02/Aug/2017:19:57:43 +0000] "GET /favicon.ico HTTP/1.1" 200 1475 "http://localhost:3000/" "Mozilla/5.0 (Windows NT 10.0; Win64; x64) AppleWebKit/537.36 (KHTML, like Gecko) Chrome/59.0.3071.115 Safari/537.36"
::1 - - [02/Aug/2017:19:57:49 +0000] "GET /upgrade.html HTTP/1.1" 200 1086 "http://localhost:3000/" "Mozilla/5.0 (Windows NT 10.0; Win64; x64) AppleWebKit/537.36 (KHTML, like Gecko) Chrome/59.0.3071.115 Safari/537.36"
::1 - - [02/Aug/2017:19:57:53 +0000] "GET /upgrade HTTP/1.1" 304 - "-" "Mozilla/5.0 (Windows NT 10.0; Win64; x64) AppleWebKit/537.36 (KHTML, like Gecko) Chrome/59.0.3071.115 Safari/537.36"
::1 - - [02/Aug/2017:19:58:15 +0000] "GET /upgrade HTTP/1.1" 200 784 "-" "Mozilla/5.0 (Windows NT 10.0; Win64; x64) AppleWebKit/537.36 (KHTML, like Gecko) Chrome/59.0.3071.115 Safari/537.36"
::1 - - [02/Aug/2017:19:58:15 +0000] "GET /favicon.ico HTTP/1.1" 200 1475 "http://localhost:3000/upgrade" "Mozilla/5.0 (Windows NT 10.0; Win64; x64) AppleWebKit/537.36 (KHTML, like Gecko) Chrome/59.0.3071.115 Safari/537.36"
::1 - - [02/Aug/2017:19:58:43 +0000] "GET /upgrade HTTP/1.1" 200 786 "-" "Mozilla/5.0 (Linux; Android 6.0; Nexus 5 Build/MRA58N) AppleWebKit/537.36 (KHTML, like Gecko) Chrome/59.0.3071.115 Mobile Safari/537.36"
::1 - - [02/Aug/2017:19:59:24 +0000] "GET /upgrade HTTP/1.1" 200 791 "-" "Mozilla/5.0 (Linux; Android 5.1.1; Nexus 6 Build/LYZ28E) AppleWebKit/537.36 (KHTML, like Gecko) Chrome/59.0.3071.115 Mobile Safari/537.36"
::1 - - [02/Aug/2017:20:01:02 +0000] "GET / HTTP/1.1" 200 2864 "http://localhost:3000/upgrade" "Mozilla/5.0 (Windows NT 10.0; Win64; x64) AppleWebKit/537.36 (KHTML, like Gecko) Chrome/59.0.3071.115 Safari/537.36"
::1 - - [02/Aug/2017:20:01:05 +0000] "GET /upgrade HTTP/1.1" 304 - "-" "Mozilla/5.0 (Windows NT 10.0; Win64; x64) AppleWebKit/537.36 (KHTML, like Gecko) Chrome/59.0.3071.115 Safari/537.36"
::1 - - [02/Aug/2017:20:01:05 +0000] "GET /favicon.ico HTTP/1.1" 200 1475 "http://localhost:3000/upgrade" "Mozilla/5.0 (Windows NT 10.0; Win64; x64) AppleWebKit/537.36 (KHTML, like Gecko) Chrome/59.0.3071.115 Safari/537.36"
::1 - - [02/Aug/2017:20:01:38 +0000] "GET / HTTP/1.1" 200 2864 "http://localhost:3000/upgrade" "Mozilla/5.0 (Windows NT 10.0; Win64; x64) AppleWebKit/537.36 (KHTML, like Gecko) Chrome/59.0.3071.115 Safari/537.36"
::1 - - [02/Aug/2017:20:04:15 +0000] "GET / HTTP/1.1" 200 2864 "http://localhost:3000/upgrade" "Mozilla/5.0 (Windows NT 10.0; Win64; x64) AppleWebKit/537.36 (KHTML, like Gecko) Chrome/59.0.3071.115 Safari/537.36"
::1 - - [02/Aug/2017:20:04:15 +0000] "GET /favicon.ico HTTP/1.1" 200 1475 "http://localhost:3000/" "Mozilla/5.0 (Windows NT 10.0; Win64; x64) AppleWebKit/537.36 (KHTML, like Gecko) Chrome/59.0.3071.115 Safari/537.36"
::1 - - [02/Aug/2017:20:04:17 +0000] "GET /upgrade HTTP/1.1" 200 1973 "-" "Mozilla/5.0 (Windows NT 10.0; Win64; x64) AppleWebKit/537.36 (KHTML, like Gecko) Chrome/59.0.3071.115 Safari/537.36"
::1 - - [02/Aug/2017:20:04:17 +0000] "GET /favicon.ico HTTP/1.1" 200 1475 "http://localhost:3000/upgrade" "Mozilla/5.0 (Windows NT 10.0; Win64; x64) AppleWebKit/537.36 (KHTML, like Gecko) Chrome/59.0.3071.115 Safari/537.36"
::1 - - [02/Aug/2017:20:06:07 +0000] "GET /upgrade HTTP/1.1" 200 2355 "-" "Mozilla/5.0 (Windows NT 10.0; Win64; x64) AppleWebKit/537.36 (KHTML, like Gecko) Chrome/59.0.3071.115 Safari/537.36"
::1 - - [02/Aug/2017:20:06:07 +0000] "GET /favicon.ico HTTP/1.1" 200 1475 "http://localhost:3000/upgrade" "Mozilla/5.0 (Windows NT 10.0; Win64; x64) AppleWebKit/537.36 (KHTML, like Gecko) Chrome/59.0.3071.115 Safari/537.36"
::1 - - [02/Aug/2017:20:06:32 +0000] "GET /upgrade HTTP/1.1" 200 2482 "-" "Mozilla/5.0 (Windows NT 10.0; Win64; x64) AppleWebKit/537.36 (KHTML, like Gecko) Chrome/59.0.3071.115 Safari/537.36"
::1 - - [02/Aug/2017:20:06:32 +0000] "GET /favicon.ico HTTP/1.1" 200 1475 "http://localhost:3000/upgrade" "Mozilla/5.0 (Windows NT 10.0; Win64; x64) AppleWebKit/537.36 (KHTML, like Gecko) Chrome/59.0.3071.115 Safari/537.36"
::1 - - [02/Aug/2017:20:06:33 +0000] "GET /upgrade HTTP/1.1" 304 - "-" "Mozilla/5.0 (Windows NT 10.0; Win64; x64) AppleWebKit/537.36 (KHTML, like Gecko) Chrome/59.0.3071.115 Safari/537.36"
::1 - - [02/Aug/2017:20:06:33 +0000] "GET /favicon.ico HTTP/1.1" 200 1475 "http://localhost:3000/upgrade" "Mozilla/5.0 (Windows NT 10.0; Win64; x64) AppleWebKit/537.36 (KHTML, like Gecko) Chrome/59.0.3071.115 Safari/537.36"
::1 - - [02/Aug/2017:20:07:49 +0000] "GET /upgrade HTTP/1.1" 200 2507 "-" "Mozilla/5.0 (Windows NT 10.0; Win64; x64) AppleWebKit/537.36 (KHTML, like Gecko) Chrome/59.0.3071.115 Safari/537.36"
::1 - - [02/Aug/2017:20:07:49 +0000] "GET /favicon.ico HTTP/1.1" 200 1475 "http://localhost:3000/upgrade" "Mozilla/5.0 (Windows NT 10.0; Win64; x64) AppleWebKit/537.36 (KHTML, like Gecko) Chrome/59.0.3071.115 Safari/537.36"
::1 - - [02/Aug/2017:20:12:40 +0000] "GET / HTTP/1.1" 200 2865 "http://localhost:3000/upgrade" "Mozilla/5.0 (Windows NT 10.0; Win64; x64) AppleWebKit/537.36 (KHTML, like Gecko) Chrome/59.0.3071.115 Safari/537.36"
::1 - - [02/Aug/2017:20:12:54 +0000] "GET /login HTTP/1.1" 304 - "http://localhost:3000/" "Mozilla/5.0 (Windows NT 10.0; Win64; x64) AppleWebKit/537.36 (KHTML, like Gecko) Chrome/59.0.3071.115 Safari/537.36"
::1 - - [02/Aug/2017:20:12:58 +0000] "POST /login HTTP/1.1" 302 56 "http://localhost:3000/login" "Mozilla/5.0 (Windows NT 10.0; Win64; x64) AppleWebKit/537.36 (KHTML, like Gecko) Chrome/59.0.3071.115 Safari/537.36"
::1 - - [02/Aug/2017:20:12:58 +0000] "GET /login HTTP/1.1" 200 3458 "http://localhost:3000/login" "Mozilla/5.0 (Windows NT 10.0; Win64; x64) AppleWebKit/537.36 (KHTML, like Gecko) Chrome/59.0.3071.115 Safari/537.36"
::1 - - [02/Aug/2017:20:13:04 +0000] "POST /login HTTP/1.1" 302 46 "http://localhost:3000/login" "Mozilla/5.0 (Windows NT 10.0; Win64; x64) AppleWebKit/537.36 (KHTML, like Gecko) Chrome/59.0.3071.115 Safari/537.36"
::1 - - [02/Aug/2017:20:13:04 +0000] "GET / HTTP/1.1" 200 3587 "http://localhost:3000/login" "Mozilla/5.0 (Windows NT 10.0; Win64; x64) AppleWebKit/537.36 (KHTML, like Gecko) Chrome/59.0.3071.115 Safari/537.36"
::1 - - [02/Aug/2017:20:13:06 +0000] "GET /profile HTTP/1.1" 304 - "http://localhost:3000/" "Mozilla/5.0 (Windows NT 10.0; Win64; x64) AppleWebKit/537.36 (KHTML, like Gecko) Chrome/59.0.3071.115 Safari/537.36"
::1 - - [02/Aug/2017:20:13:11 +0000] "POST /profile/uprofilepic HTTP/1.1" 302 60 "http://localhost:3000/profile" "Mozilla/5.0 (Windows NT 10.0; Win64; x64) AppleWebKit/537.36 (KHTML, like Gecko) Chrome/59.0.3071.115 Safari/537.36"
::1 - - [02/Aug/2017:20:13:11 +0000] "GET /profile HTTP/1.1" 304 - "http://localhost:3000/profile" "Mozilla/5.0 (Windows NT 10.0; Win64; x64) AppleWebKit/537.36 (KHTML, like Gecko) Chrome/59.0.3071.115 Safari/537.36"
::1 - - [02/Aug/2017:20:13:36 +0000] "GET / HTTP/1.1" 200 3588 "http://localhost:3000/profile" "Mozilla/5.0 (Windows NT 10.0; Win64; x64) AppleWebKit/537.36 (KHTML, like Gecko) Chrome/59.0.3071.115 Safari/537.36"
::1 - - [02/Aug/2017:20:14:49 +0000] "GET /help.html HTTP/1.1" 200 1809 "http://localhost:3000/profile" "Mozilla/5.0 (Windows NT 10.0; Win64; x64) AppleWebKit/537.36 (KHTML, like Gecko) Chrome/59.0.3071.115 Safari/537.36"
::1 - - [02/Aug/2017:20:14:51 +0000] "GET / HTTP/1.1" 200 3588 "http://localhost:3000/help.html" "Mozilla/5.0 (Windows NT 10.0; Win64; x64) AppleWebKit/537.36 (KHTML, like Gecko) Chrome/59.0.3071.115 Safari/537.36"
::1 - - [02/Aug/2017:20:14:52 +0000] "GET /upgrade.html HTTP/1.1" 200 1809 "http://localhost:3000/" "Mozilla/5.0 (Windows NT 10.0; Win64; x64) AppleWebKit/537.36 (KHTML, like Gecko) Chrome/59.0.3071.115 Safari/537.36"
::1 - - [02/Aug/2017:20:14:53 +0000] "GET /help.html HTTP/1.1" 200 1809 "http://localhost:3000/upgrade.html" "Mozilla/5.0 (Windows NT 10.0; Win64; x64) AppleWebKit/537.36 (KHTML, like Gecko) Chrome/59.0.3071.115 Safari/537.36"
::1 - - [02/Aug/2017:20:14:54 +0000] "GET / HTTP/1.1" 304 - "http://localhost:3000/help.html" "Mozilla/5.0 (Windows NT 10.0; Win64; x64) AppleWebKit/537.36 (KHTML, like Gecko) Chrome/59.0.3071.115 Safari/537.36"
::1 - - [02/Aug/2017:20:14:55 +0000] "GET /profile HTTP/1.1" 304 - "http://localhost:3000/" "Mozilla/5.0 (Windows NT 10.0; Win64; x64) AppleWebKit/537.36 (KHTML, like Gecko) Chrome/59.0.3071.115 Safari/537.36"
::1 - - [02/Aug/2017:20:14:57 +0000] "GET / HTTP/1.1" 200 3587 "http://localhost:3000/profile" "Mozilla/5.0 (Windows NT 10.0; Win64; x64) AppleWebKit/537.36 (KHTML, like Gecko) Chrome/59.0.3071.115 Safari/537.36"
::1 - - [02/Aug/2017:20:22:44 +0000] "GET /profile HTTP/1.1" 304 - "http://localhost:3000/" "Mozilla/5.0 (Windows NT 10.0; Win64; x64) AppleWebKit/537.36 (KHTML, like Gecko) Chrome/59.0.3071.115 Safari/537.36"
::1 - - [02/Aug/2017:20:24:15 +0000] "GET /upgrade.html HTTP/1.1" 200 1809 "http://localhost:3000/profile" "Mozilla/5.0 (Windows NT 10.0; Win64; x64) AppleWebKit/537.36 (KHTML, like Gecko) Chrome/59.0.3071.115 Safari/537.36"
::1 - - [02/Aug/2017:20:24:17 +0000] "GET /upgrade HTTP/1.1" 200 969 "-" "Mozilla/5.0 (Windows NT 10.0; Win64; x64) AppleWebKit/537.36 (KHTML, like Gecko) Chrome/59.0.3071.115 Safari/537.36"
::1 - - [02/Aug/2017:20:24:33 +0000] "GET /upgrade HTTP/1.1" 200 953 "-" "Mozilla/5.0 (Windows NT 10.0; Win64; x64) AppleWebKit/537.36 (KHTML, like Gecko) Chrome/59.0.3071.115 Safari/537.36"
::ffff:127.0.0.1 - - [02/Aug/2017:20:24:33 +0000] "GET /favicon.ico HTTP/1.1" 200 1475 "http://localhost:3000/upgrade" "Mozilla/5.0 (Windows NT 10.0; Win64; x64) AppleWebKit/537.36 (KHTML, like Gecko) Chrome/59.0.3071.115 Safari/537.36"
::1 - - [02/Aug/2017:20:25:52 +0000] "GET /upgrade HTTP/1.1" 200 967 "-" "Mozilla/5.0 (Linux; Android 5.0; SM-G900P Build/LRX21T) AppleWebKit/537.36 (KHTML, like Gecko) Chrome/59.0.3071.115 Mobile Safari/537.36"
::ffff:127.0.0.1 - - [02/Aug/2017:20:26:05 +0000] "GET /upgrade HTTP/1.1" 200 962 "-" "Mozilla/5.0 (Windows NT 10.0; Win64; x64) AppleWebKit/537.36 (KHTML, like Gecko) Chrome/59.0.3071.115 Safari/537.36"
::ffff:127.0.0.1 - - [02/Aug/2017:20:26:05 +0000] "GET /favicon.ico HTTP/1.1" 200 1475 "http://localhost:3000/upgrade" "Mozilla/5.0 (Windows NT 10.0; Win64; x64) AppleWebKit/537.36 (KHTML, like Gecko) Chrome/59.0.3071.115 Safari/537.36"
::1 - - [02/Aug/2017:20:26:19 +0000] "GET /upgrade HTTP/1.1" 200 979 "-" "Mozilla/5.0 (Windows NT 10.0; Win64; x64) AppleWebKit/537.36 (KHTML, like Gecko) Chrome/59.0.3071.115 Safari/537.36"
::1 - - [02/Aug/2017:20:26:19 +0000] "GET /favicon.ico HTTP/1.1" 200 1475 "http://localhost:3000/upgrade" "Mozilla/5.0 (Windows NT 10.0; Win64; x64) AppleWebKit/537.36 (KHTML, like Gecko) Chrome/59.0.3071.115 Safari/537.36"
::1 - - [02/Aug/2017:20:26:19 +0000] "GET /upgrade HTTP/1.1" 304 - "-" "Mozilla/5.0 (Windows NT 10.0; Win64; x64) AppleWebKit/537.36 (KHTML, like Gecko) Chrome/59.0.3071.115 Safari/537.36"
::1 - - [02/Aug/2017:20:26:20 +0000] "GET /favicon.ico HTTP/1.1" 200 1475 "http://localhost:3000/upgrade" "Mozilla/5.0 (Windows NT 10.0; Win64; x64) AppleWebKit/537.36 (KHTML, like Gecko) Chrome/59.0.3071.115 Safari/537.36"
::1 - - [02/Aug/2017:20:26:27 +0000] "GET /upgrade HTTP/1.1" 200 953 "-" "Mozilla/5.0 (Windows NT 10.0; Win64; x64) AppleWebKit/537.36 (KHTML, like Gecko) Chrome/59.0.3071.115 Safari/537.36"
::1 - - [02/Aug/2017:20:26:28 +0000] "GET /favicon.ico HTTP/1.1" 200 1475 "http://localhost:3000/upgrade" "Mozilla/5.0 (Windows NT 10.0; Win64; x64) AppleWebKit/537.36 (KHTML, like Gecko) Chrome/59.0.3071.115 Safari/537.36"
::ffff:127.0.0.1 - - [02/Aug/2017:20:30:26 +0000] "GET /upgrade HTTP/1.1" 200 994 "-" "Mozilla/5.0 (Windows NT 10.0; Win64; x64) AppleWebKit/537.36 (KHTML, like Gecko) Chrome/59.0.3071.115 Safari/537.36"
::ffff:127.0.0.1 - - [02/Aug/2017:20:30:26 +0000] "GET /favicon.ico HTTP/1.1" 200 1475 "http://localhost:3000/upgrade" "Mozilla/5.0 (Windows NT 10.0; Win64; x64) AppleWebKit/537.36 (KHTML, like Gecko) Chrome/59.0.3071.115 Safari/537.36"
::1 - - [02/Aug/2017:20:31:10 +0000] "GET /upgrade HTTP/1.1" 200 992 "-" "Mozilla/5.0 (Windows NT 10.0; Win64; x64) AppleWebKit/537.36 (KHTML, like Gecko) Chrome/59.0.3071.115 Safari/537.36"
::1 - - [02/Aug/2017:20:31:11 +0000] "GET /favicon.ico HTTP/1.1" 200 1475 "http://localhost:3000/upgrade" "Mozilla/5.0 (Windows NT 10.0; Win64; x64) AppleWebKit/537.36 (KHTML, like Gecko) Chrome/59.0.3071.115 Safari/537.36"
::1 - - [02/Aug/2017:20:31:32 +0000] "GET /upgrade HTTP/1.1" 200 969 "-" "Mozilla/5.0 (Windows NT 10.0; Win64; x64) AppleWebKit/537.36 (KHTML, like Gecko) Chrome/59.0.3071.115 Safari/537.36"
::1 - - [02/Aug/2017:20:31:32 +0000] "GET /favicon.ico HTTP/1.1" 200 1475 "http://localhost:3000/upgrade" "Mozilla/5.0 (Windows NT 10.0; Win64; x64) AppleWebKit/537.36 (KHTML, like Gecko) Chrome/59.0.3071.115 Safari/537.36"
::1 - - [02/Aug/2017:20:31:33 +0000] "GET /upgrade HTTP/1.1" 304 - "-" "Mozilla/5.0 (Windows NT 10.0; Win64; x64) AppleWebKit/537.36 (KHTML, like Gecko) Chrome/59.0.3071.115 Safari/537.36"
::1 - - [02/Aug/2017:20:31:33 +0000] "GET /favicon.ico HTTP/1.1" 200 1475 "http://localhost:3000/upgrade" "Mozilla/5.0 (Windows NT 10.0; Win64; x64) AppleWebKit/537.36 (KHTML, like Gecko) Chrome/59.0.3071.115 Safari/537.36"
::1 - - [02/Aug/2017:20:31:34 +0000] "GET /upgrade HTTP/1.1" 304 - "-" "Mozilla/5.0 (Windows NT 10.0; Win64; x64) AppleWebKit/537.36 (KHTML, like Gecko) Chrome/59.0.3071.115 Safari/537.36"
::1 - - [02/Aug/2017:20:31:34 +0000] "GET /favicon.ico HTTP/1.1" 200 1475 "http://localhost:3000/upgrade" "Mozilla/5.0 (Windows NT 10.0; Win64; x64) AppleWebKit/537.36 (KHTML, like Gecko) Chrome/59.0.3071.115 Safari/537.36"
::1 - - [02/Aug/2017:20:31:49 +0000] "GET /upgrade HTTP/1.1" 200 946 "-" "Mozilla/5.0 (Windows NT 10.0; Win64; x64) AppleWebKit/537.36 (KHTML, like Gecko) Chrome/59.0.3071.115 Safari/537.36"
::1 - - [02/Aug/2017:20:31:49 +0000] "GET /favicon.ico HTTP/1.1" 200 1475 "http://localhost:3000/upgrade" "Mozilla/5.0 (Windows NT 10.0; Win64; x64) AppleWebKit/537.36 (KHTML, like Gecko) Chrome/59.0.3071.115 Safari/537.36"
::1 - - [02/Aug/2017:20:32:06 +0000] "GET / HTTP/1.1" 304 - "http://localhost:3000/upgrade" "Mozilla/5.0 (Windows NT 10.0; Win64; x64) AppleWebKit/537.36 (KHTML, like Gecko) Chrome/59.0.3071.115 Safari/537.36"
::1 - - [02/Aug/2017:20:32:18 +0000] "GET /upgrade HTTP/1.1" 200 952 "-" "Mozilla/5.0 (Windows NT 10.0; Win64; x64) AppleWebKit/537.36 (KHTML, like Gecko) Chrome/59.0.3071.115 Safari/537.36"
::1 - - [02/Aug/2017:20:32:19 +0000] "GET /favicon.ico HTTP/1.1" 200 1475 "http://localhost:3000/upgrade" "Mozilla/5.0 (Windows NT 10.0; Win64; x64) AppleWebKit/537.36 (KHTML, like Gecko) Chrome/59.0.3071.115 Safari/537.36"
