::ffff:127.0.0.1 - - [30/Jul/2017:17:16:49 +0000] "GET / HTTP/1.1" 200 2874 "-" "Mozilla/5.0 (Windows NT 10.0; Win64; x64) AppleWebKit/537.36 (KHTML, like Gecko) Chrome/52.0.2743.116 Safari/537.36 Edge/15.15063"
::1 - - [30/Jul/2017:17:17:06 +0000] "GET /favicon.ico HTTP/1.1" 200 1475 "http://localhost:3000/login" "Mozilla/5.0 (Windows NT 10.0; Win64; x64) AppleWebKit/537.36 (KHTML, like Gecko) Chrome/59.0.3071.115 Safari/537.36"
::1 - - [30/Jul/2017:17:17:06 +0000] "GET /login HTTP/1.1" 200 3445 "-" "Mozilla/5.0 (Windows NT 10.0; Win64; x64) AppleWebKit/537.36 (KHTML, like Gecko) Chrome/59.0.3071.115 Safari/537.36"
::1 - - [30/Jul/2017:17:17:06 +0000] "GET /favicon.ico HTTP/1.1" 200 1475 "http://localhost:3000/login" "Mozilla/5.0 (Windows NT 10.0; Win64; x64) AppleWebKit/537.36 (KHTML, like Gecko) Chrome/59.0.3071.115 Safari/537.36"
::1 - - [30/Jul/2017:17:17:33 +0000] "POST /login HTTP/1.1" 302 46 "http://localhost:3000/login" "Mozilla/5.0 (Windows NT 10.0; Win64; x64) AppleWebKit/537.36 (KHTML, like Gecko) Chrome/59.0.3071.115 Safari/537.36"
::1 - - [30/Jul/2017:17:17:33 +0000] "GET / HTTP/1.1" 200 3567 "http://localhost:3000/login" "Mozilla/5.0 (Windows NT 10.0; Win64; x64) AppleWebKit/537.36 (KHTML, like Gecko) Chrome/59.0.3071.115 Safari/537.36"
::1 - - [30/Jul/2017:17:17:35 +0000] "GET /profile HTTP/1.1" 304 - "http://localhost:3000/" "Mozilla/5.0 (Windows NT 10.0; Win64; x64) AppleWebKit/537.36 (KHTML, like Gecko) Chrome/59.0.3071.115 Safari/537.36"
::1 - - [30/Jul/2017:17:17:42 +0000] "GET /profile/myfiles HTTP/1.1" 304 - "-" "Mozilla/5.0 (Windows NT 10.0; Win64; x64) AppleWebKit/537.36 (KHTML, like Gecko) Chrome/59.0.3071.115 Safari/537.36"
::1 - - [30/Jul/2017:17:17:44 +0000] "GET / HTTP/1.1" 200 3567 "http://localhost:3000/profile/myfiles" "Mozilla/5.0 (Windows NT 10.0; Win64; x64) AppleWebKit/537.36 (KHTML, like Gecko) Chrome/59.0.3071.115 Safari/537.36"
::1 - - [30/Jul/2017:17:19:25 +0000] "GET / HTTP/1.1" 200 3568 "http://localhost:3000/profile/myfiles" "Mozilla/5.0 (Windows NT 10.0; Win64; x64) AppleWebKit/537.36 (KHTML, like Gecko) Chrome/59.0.3071.115 Safari/537.36"
::1 - - [30/Jul/2017:17:19:25 +0000] "GET /favicon.ico HTTP/1.1" 200 1475 "http://localhost:3000/" "Mozilla/5.0 (Windows NT 10.0; Win64; x64) AppleWebKit/537.36 (KHTML, like Gecko) Chrome/59.0.3071.115 Safari/537.36"
::1 - - [30/Jul/2017:17:19:26 +0000] "GET /profile HTTP/1.1" 304 - "http://localhost:3000/" "Mozilla/5.0 (Windows NT 10.0; Win64; x64) AppleWebKit/537.36 (KHTML, like Gecko) Chrome/59.0.3071.115 Safari/537.36"
::1 - - [30/Jul/2017:17:19:28 +0000] "GET / HTTP/1.1" 200 3568 "http://localhost:3000/profile" "Mozilla/5.0 (Windows NT 10.0; Win64; x64) AppleWebKit/537.36 (KHTML, like Gecko) Chrome/59.0.3071.115 Safari/537.36"
::1 - - [30/Jul/2017:17:19:43 +0000] "POST /upload HTTP/1.1" 200 38 "http://localhost:3000/" "Mozilla/5.0 (Windows NT 10.0; Win64; x64) AppleWebKit/537.36 (KHTML, like Gecko) Chrome/59.0.3071.115 Safari/537.36"
::1 - - [30/Jul/2017:17:19:46 +0000] "GET /profile HTTP/1.1" 200 9281 "http://localhost:3000/" "Mozilla/5.0 (Windows NT 10.0; Win64; x64) AppleWebKit/537.36 (KHTML, like Gecko) Chrome/59.0.3071.115 Safari/537.36"
::1 - - [30/Jul/2017:17:19:51 +0000] "GET /profile/myfiles HTTP/1.1" 200 5822 "-" "Mozilla/5.0 (Windows NT 10.0; Win64; x64) AppleWebKit/537.36 (KHTML, like Gecko) Chrome/59.0.3071.115 Safari/537.36"
::1 - - [30/Jul/2017:17:20:03 +0000] "DELETE /file/q2SBLQuBKV HTTP/1.1" 200 37 "http://localhost:3000/profile/myfiles" "Mozilla/5.0 (Windows NT 10.0; Win64; x64) AppleWebKit/537.36 (KHTML, like Gecko) Chrome/59.0.3071.115 Safari/537.36"
::1 - - [30/Jul/2017:17:20:05 +0000] "GET /profile/myfiles HTTP/1.1" 200 4998 "-" "Mozilla/5.0 (Windows NT 10.0; Win64; x64) AppleWebKit/537.36 (KHTML, like Gecko) Chrome/59.0.3071.115 Safari/537.36"
::1 - - [30/Jul/2017:17:20:05 +0000] "GET /favicon.ico HTTP/1.1" 200 1475 "http://localhost:3000/profile/myfiles" "Mozilla/5.0 (Windows NT 10.0; Win64; x64) AppleWebKit/537.36 (KHTML, like Gecko) Chrome/59.0.3071.115 Safari/537.36"
::1 - - [30/Jul/2017:17:20:07 +0000] "GET /profile HTTP/1.1" 200 9941 "http://localhost:3000/profile/myfiles" "Mozilla/5.0 (Windows NT 10.0; Win64; x64) AppleWebKit/537.36 (KHTML, like Gecko) Chrome/59.0.3071.115 Safari/537.36"
::1 - - [30/Jul/2017:17:29:29 +0000] "GET /profile HTTP/1.1" 304 - "http://localhost:3000/profile/myfiles" "Mozilla/5.0 (Windows NT 10.0; Win64; x64) AppleWebKit/537.36 (KHTML, like Gecko) Chrome/59.0.3071.115 Safari/537.36"
::1 - - [30/Jul/2017:17:29:30 +0000] "GET /favicon.ico HTTP/1.1" 200 1475 "http://localhost:3000/profile" "Mozilla/5.0 (Windows NT 10.0; Win64; x64) AppleWebKit/537.36 (KHTML, like Gecko) Chrome/59.0.3071.115 Safari/537.36"
::ffff:127.0.0.1 - - [30/Jul/2017:17:29:41 +0000] "GET / HTTP/1.1" 200 2874 "-" "Mozilla/5.0 (Windows NT 10.0; Win64; x64) AppleWebKit/537.36 (KHTML, like Gecko) Chrome/52.0.2743.116 Safari/537.36 Edge/15.15063"
::1 - - [30/Jul/2017:17:29:42 +0000] "GET /profile HTTP/1.1" 500 16 "http://localhost:3000/profile/myfiles" "Mozilla/5.0 (Windows NT 10.0; Win64; x64) AppleWebKit/537.36 (KHTML, like Gecko) Chrome/59.0.3071.115 Safari/537.36"
::1 - - [30/Jul/2017:17:29:42 +0000] "GET /favicon.ico HTTP/1.1" 200 1475 "http://localhost:3000/profile" "Mozilla/5.0 (Windows NT 10.0; Win64; x64) AppleWebKit/537.36 (KHTML, like Gecko) Chrome/59.0.3071.115 Safari/537.36"
::1 - - [30/Jul/2017:17:31:26 +0000] "GET /profile HTTP/1.1" 200 10861 "http://localhost:3000/profile/myfiles" "Mozilla/5.0 (Windows NT 10.0; Win64; x64) AppleWebKit/537.36 (KHTML, like Gecko) Chrome/59.0.3071.115 Safari/537.36"
::1 - - [30/Jul/2017:17:31:26 +0000] "GET /favicon.ico HTTP/1.1" 200 1475 "http://localhost:3000/profile" "Mozilla/5.0 (Windows NT 10.0; Win64; x64) AppleWebKit/537.36 (KHTML, like Gecko) Chrome/59.0.3071.115 Safari/537.36"
::1 - - [30/Jul/2017:17:31:35 +0000] "GET /profile HTTP/1.1" 304 - "http://localhost:3000/profile/myfiles" "Mozilla/5.0 (Windows NT 10.0; Win64; x64) AppleWebKit/537.36 (KHTML, like Gecko) Chrome/59.0.3071.115 Safari/537.36"
::1 - - [30/Jul/2017:17:31:35 +0000] "GET /favicon.ico HTTP/1.1" 200 1475 "http://localhost:3000/profile" "Mozilla/5.0 (Windows NT 10.0; Win64; x64) AppleWebKit/537.36 (KHTML, like Gecko) Chrome/59.0.3071.115 Safari/537.36"
::1 - - [30/Jul/2017:17:32:15 +0000] "GET /profile HTTP/1.1" 200 11131 "http://localhost:3000/profile/myfiles" "Mozilla/5.0 (Windows NT 10.0; Win64; x64) AppleWebKit/537.36 (KHTML, like Gecko) Chrome/59.0.3071.115 Safari/537.36"
::1 - - [30/Jul/2017:17:32:15 +0000] "GET /favicon.ico HTTP/1.1" 200 1475 "http://localhost:3000/profile" "Mozilla/5.0 (Windows NT 10.0; Win64; x64) AppleWebKit/537.36 (KHTML, like Gecko) Chrome/59.0.3071.115 Safari/537.36"
::1 - - [30/Jul/2017:17:32:43 +0000] "GET /profile HTTP/1.1" 304 - "http://localhost:3000/profile/myfiles" "Mozilla/5.0 (Windows NT 10.0; Win64; x64) AppleWebKit/537.36 (KHTML, like Gecko) Chrome/59.0.3071.115 Safari/537.36"
::1 - - [30/Jul/2017:17:32:43 +0000] "GET /favicon.ico HTTP/1.1" 200 1475 "http://localhost:3000/profile" "Mozilla/5.0 (Windows NT 10.0; Win64; x64) AppleWebKit/537.36 (KHTML, like Gecko) Chrome/59.0.3071.115 Safari/537.36"
::1 - - [30/Jul/2017:17:32:49 +0000] "GET /profile HTTP/1.1" 500 16 "http://localhost:3000/profile/myfiles" "Mozilla/5.0 (Windows NT 10.0; Win64; x64) AppleWebKit/537.36 (KHTML, like Gecko) Chrome/59.0.3071.115 Safari/537.36"
::1 - - [30/Jul/2017:17:32:49 +0000] "GET /favicon.ico HTTP/1.1" 200 1475 "http://localhost:3000/profile" "Mozilla/5.0 (Windows NT 10.0; Win64; x64) AppleWebKit/537.36 (KHTML, like Gecko) Chrome/59.0.3071.115 Safari/537.36"
::1 - - [30/Jul/2017:17:32:50 +0000] "GET /profile HTTP/1.1" 500 16 "http://localhost:3000/profile/myfiles" "Mozilla/5.0 (Windows NT 10.0; Win64; x64) AppleWebKit/537.36 (KHTML, like Gecko) Chrome/59.0.3071.115 Safari/537.36"
::1 - - [30/Jul/2017:17:32:50 +0000] "GET /favicon.ico HTTP/1.1" 200 1475 "http://localhost:3000/profile" "Mozilla/5.0 (Windows NT 10.0; Win64; x64) AppleWebKit/537.36 (KHTML, like Gecko) Chrome/59.0.3071.115 Safari/537.36"
::1 - - [30/Jul/2017:17:32:59 +0000] "GET /profile HTTP/1.1" 200 10871 "http://localhost:3000/profile/myfiles" "Mozilla/5.0 (Windows NT 10.0; Win64; x64) AppleWebKit/537.36 (KHTML, like Gecko) Chrome/59.0.3071.115 Safari/537.36"
::1 - - [30/Jul/2017:17:33:00 +0000] "GET /favicon.ico HTTP/1.1" 200 1475 "http://localhost:3000/profile" "Mozilla/5.0 (Windows NT 10.0; Win64; x64) AppleWebKit/537.36 (KHTML, like Gecko) Chrome/59.0.3071.115 Safari/537.36"
::1 - - [30/Jul/2017:17:33:35 +0000] "GET /profile HTTP/1.1" 304 - "http://localhost:3000/profile/myfiles" "Mozilla/5.0 (Windows NT 10.0; Win64; x64) AppleWebKit/537.36 (KHTML, like Gecko) Chrome/59.0.3071.115 Safari/537.36"
::1 - - [30/Jul/2017:17:33:35 +0000] "GET /favicon.ico HTTP/1.1" 200 1475 "http://localhost:3000/profile" "Mozilla/5.0 (Windows NT 10.0; Win64; x64) AppleWebKit/537.36 (KHTML, like Gecko) Chrome/59.0.3071.115 Safari/537.36"
::1 - - [30/Jul/2017:17:33:36 +0000] "GET /profile HTTP/1.1" 304 - "http://localhost:3000/profile/myfiles" "Mozilla/5.0 (Windows NT 10.0; Win64; x64) AppleWebKit/537.36 (KHTML, like Gecko) Chrome/59.0.3071.115 Safari/537.36"
::1 - - [30/Jul/2017:17:33:36 +0000] "GET /favicon.ico HTTP/1.1" 200 1475 "http://localhost:3000/profile" "Mozilla/5.0 (Windows NT 10.0; Win64; x64) AppleWebKit/537.36 (KHTML, like Gecko) Chrome/59.0.3071.115 Safari/537.36"
::1 - - [30/Jul/2017:17:33:42 +0000] "GET /profile HTTP/1.1" 200 11121 "http://localhost:3000/profile/myfiles" "Mozilla/5.0 (Windows NT 10.0; Win64; x64) AppleWebKit/537.36 (KHTML, like Gecko) Chrome/59.0.3071.115 Safari/537.36"
::1 - - [30/Jul/2017:17:33:43 +0000] "GET /favicon.ico HTTP/1.1" 200 1475 "http://localhost:3000/profile" "Mozilla/5.0 (Windows NT 10.0; Win64; x64) AppleWebKit/537.36 (KHTML, like Gecko) Chrome/59.0.3071.115 Safari/537.36"
::1 - - [30/Jul/2017:17:34:09 +0000] "GET /profile HTTP/1.1" 200 10871 "http://localhost:3000/profile/myfiles" "Mozilla/5.0 (Windows NT 10.0; Win64; x64) AppleWebKit/537.36 (KHTML, like Gecko) Chrome/59.0.3071.115 Safari/537.36"
::1 - - [30/Jul/2017:17:34:10 +0000] "GET /favicon.ico HTTP/1.1" 200 1475 "http://localhost:3000/profile" "Mozilla/5.0 (Windows NT 10.0; Win64; x64) AppleWebKit/537.36 (KHTML, like Gecko) Chrome/59.0.3071.115 Safari/537.36"
::1 - - [30/Jul/2017:17:34:27 +0000] "GET /profile HTTP/1.1" 200 10651 "http://localhost:3000/profile/myfiles" "Mozilla/5.0 (Windows NT 10.0; Win64; x64) AppleWebKit/537.36 (KHTML, like Gecko) Chrome/59.0.3071.115 Safari/537.36"
::1 - - [30/Jul/2017:17:34:27 +0000] "GET /favicon.ico HTTP/1.1" 200 1475 "http://localhost:3000/profile" "Mozilla/5.0 (Windows NT 10.0; Win64; x64) AppleWebKit/537.36 (KHTML, like Gecko) Chrome/59.0.3071.115 Safari/537.36"
::1 - - [30/Jul/2017:17:34:40 +0000] "GET / HTTP/1.1" 200 3567 "http://localhost:3000/profile" "Mozilla/5.0 (Windows NT 10.0; Win64; x64) AppleWebKit/537.36 (KHTML, like Gecko) Chrome/59.0.3071.115 Safari/537.36"
::1 - - [30/Jul/2017:17:34:49 +0000] "POST /upload HTTP/1.1" 200 38 "http://localhost:3000/" "Mozilla/5.0 (Windows NT 10.0; Win64; x64) AppleWebKit/537.36 (KHTML, like Gecko) Chrome/59.0.3071.115 Safari/537.36"
::1 - - [30/Jul/2017:17:34:51 +0000] "GET /profile HTTP/1.1" 200 11378 "http://localhost:3000/" "Mozilla/5.0 (Windows NT 10.0; Win64; x64) AppleWebKit/537.36 (KHTML, like Gecko) Chrome/59.0.3071.115 Safari/537.36"
::1 - - [30/Jul/2017:17:34:54 +0000] "GET /myfiles HTTP/1.1" 200 1789 "http://localhost:3000/profile" "Mozilla/5.0 (Windows NT 10.0; Win64; x64) AppleWebKit/537.36 (KHTML, like Gecko) Chrome/59.0.3071.115 Safari/537.36"
::1 - - [30/Jul/2017:17:34:58 +0000] "GET /profile/myfiles HTTP/1.1" 200 5795 "-" "Mozilla/5.0 (Windows NT 10.0; Win64; x64) AppleWebKit/537.36 (KHTML, like Gecko) Chrome/59.0.3071.115 Safari/537.36"
::1 - - [30/Jul/2017:17:35:11 +0000] "DELETE /file/WL7OSK4RFoxzc HTTP/1.1" 302 23 "http://localhost:3000/profile/myfiles" "Mozilla/5.0 (Windows NT 10.0; Win64; x64) AppleWebKit/537.36 (KHTML, like Gecko) Chrome/59.0.3071.115 Safari/537.36"
::1 - - [30/Jul/2017:17:35:11 +0000] "DELETE / HTTP/1.1" 200 1790 "http://localhost:3000/profile/myfiles" "Mozilla/5.0 (Windows NT 10.0; Win64; x64) AppleWebKit/537.36 (KHTML, like Gecko) Chrome/59.0.3071.115 Safari/537.36"
::1 - - [30/Jul/2017:17:35:17 +0000] "GET /profile/myfiles HTTP/1.1" 304 - "-" "Mozilla/5.0 (Windows NT 10.0; Win64; x64) AppleWebKit/537.36 (KHTML, like Gecko) Chrome/59.0.3071.115 Safari/537.36"
::1 - - [30/Jul/2017:17:35:22 +0000] "DELETE /file/WL7OSK4RFo HTTP/1.1" 200 37 "http://localhost:3000/profile/myfiles" "Mozilla/5.0 (Windows NT 10.0; Win64; x64) AppleWebKit/537.36 (KHTML, like Gecko) Chrome/59.0.3071.115 Safari/537.36"
::1 - - [30/Jul/2017:17:35:26 +0000] "GET /profile/myfiles HTTP/1.1" 200 4998 "-" "Mozilla/5.0 (Windows NT 10.0; Win64; x64) AppleWebKit/537.36 (KHTML, like Gecko) Chrome/59.0.3071.115 Safari/537.36"
::1 - - [30/Jul/2017:17:36:42 +0000] "GET / HTTP/1.1" 200 3567 "http://localhost:3000/profile/myfiles" "Mozilla/5.0 (Windows NT 10.0; Win64; x64) AppleWebKit/537.36 (KHTML, like Gecko) Chrome/59.0.3071.115 Safari/537.36"
::1 - - [30/Jul/2017:17:36:45 +0000] "GET /profile HTTP/1.1" 200 12109 "http://localhost:3000/" "Mozilla/5.0 (Windows NT 10.0; Win64; x64) AppleWebKit/537.36 (KHTML, like Gecko) Chrome/59.0.3071.115 Safari/537.36"
::1 - - [30/Jul/2017:17:38:19 +0000] "GET / HTTP/1.1" 200 3567 "http://localhost:3000/profile/myfiles" "Mozilla/5.0 (Windows NT 10.0; Win64; x64) AppleWebKit/537.36 (KHTML, like Gecko) Chrome/59.0.3071.115 Safari/537.36"
::1 - - [30/Jul/2017:17:38:20 +0000] "GET /favicon.ico HTTP/1.1" 200 1475 "http://localhost:3000/" "Mozilla/5.0 (Windows NT 10.0; Win64; x64) AppleWebKit/537.36 (KHTML, like Gecko) Chrome/59.0.3071.115 Safari/537.36"
::1 - - [30/Jul/2017:17:38:20 +0000] "GET / HTTP/1.1" 200 3567 "http://localhost:3000/profile/myfiles" "Mozilla/5.0 (Windows NT 10.0; Win64; x64) AppleWebKit/537.36 (KHTML, like Gecko) Chrome/59.0.3071.115 Safari/537.36"
::1 - - [30/Jul/2017:17:38:20 +0000] "GET /favicon.ico HTTP/1.1" 200 1475 "http://localhost:3000/" "Mozilla/5.0 (Windows NT 10.0; Win64; x64) AppleWebKit/537.36 (KHTML, like Gecko) Chrome/59.0.3071.115 Safari/537.36"
::1 - - [30/Jul/2017:17:38:21 +0000] "GET / HTTP/1.1" 200 3568 "http://localhost:3000/profile/myfiles" "Mozilla/5.0 (Windows NT 10.0; Win64; x64) AppleWebKit/537.36 (KHTML, like Gecko) Chrome/59.0.3071.115 Safari/537.36"
::1 - - [30/Jul/2017:17:38:21 +0000] "GET /favicon.ico HTTP/1.1" 200 1475 "http://localhost:3000/" "Mozilla/5.0 (Windows NT 10.0; Win64; x64) AppleWebKit/537.36 (KHTML, like Gecko) Chrome/59.0.3071.115 Safari/537.36"
::1 - - [30/Jul/2017:17:38:22 +0000] "GET / HTTP/1.1" 200 3568 "http://localhost:3000/profile/myfiles" "Mozilla/5.0 (Windows NT 10.0; Win64; x64) AppleWebKit/537.36 (KHTML, like Gecko) Chrome/59.0.3071.115 Safari/537.36"
::1 - - [30/Jul/2017:17:38:22 +0000] "GET /favicon.ico HTTP/1.1" 200 1475 "http://localhost:3000/" "Mozilla/5.0 (Windows NT 10.0; Win64; x64) AppleWebKit/537.36 (KHTML, like Gecko) Chrome/59.0.3071.115 Safari/537.36"
::1 - - [30/Jul/2017:17:38:25 +0000] "GET / HTTP/1.1" 200 3568 "http://localhost:3000/profile/myfiles" "Mozilla/5.0 (Windows NT 10.0; Win64; x64) AppleWebKit/537.36 (KHTML, like Gecko) Chrome/59.0.3071.115 Safari/537.36"
::1 - - [30/Jul/2017:17:38:25 +0000] "GET /favicon.ico HTTP/1.1" 200 1475 "http://localhost:3000/" "Mozilla/5.0 (Windows NT 10.0; Win64; x64) AppleWebKit/537.36 (KHTML, like Gecko) Chrome/59.0.3071.115 Safari/537.36"
::1 - - [30/Jul/2017:17:38:26 +0000] "GET / HTTP/1.1" 200 3567 "http://localhost:3000/profile/myfiles" "Mozilla/5.0 (Windows NT 10.0; Win64; x64) AppleWebKit/537.36 (KHTML, like Gecko) Chrome/59.0.3071.115 Safari/537.36"
::1 - - [30/Jul/2017:17:38:26 +0000] "GET /favicon.ico HTTP/1.1" 200 1475 "http://localhost:3000/" "Mozilla/5.0 (Windows NT 10.0; Win64; x64) AppleWebKit/537.36 (KHTML, like Gecko) Chrome/59.0.3071.115 Safari/537.36"
::1 - - [30/Jul/2017:17:38:26 +0000] "GET / HTTP/1.1" 200 3568 "http://localhost:3000/profile/myfiles" "Mozilla/5.0 (Windows NT 10.0; Win64; x64) AppleWebKit/537.36 (KHTML, like Gecko) Chrome/59.0.3071.115 Safari/537.36"
::1 - - [30/Jul/2017:17:38:27 +0000] "GET /favicon.ico HTTP/1.1" 200 1475 "http://localhost:3000/" "Mozilla/5.0 (Windows NT 10.0; Win64; x64) AppleWebKit/537.36 (KHTML, like Gecko) Chrome/59.0.3071.115 Safari/537.36"
::1 - - [30/Jul/2017:17:38:27 +0000] "GET / HTTP/1.1" 200 3567 "http://localhost:3000/profile/myfiles" "Mozilla/5.0 (Windows NT 10.0; Win64; x64) AppleWebKit/537.36 (KHTML, like Gecko) Chrome/59.0.3071.115 Safari/537.36"
::1 - - [30/Jul/2017:17:38:27 +0000] "GET /favicon.ico HTTP/1.1" 200 1475 "http://localhost:3000/" "Mozilla/5.0 (Windows NT 10.0; Win64; x64) AppleWebKit/537.36 (KHTML, like Gecko) Chrome/59.0.3071.115 Safari/537.36"
::1 - - [30/Jul/2017:17:38:28 +0000] "GET / HTTP/1.1" 200 3568 "http://localhost:3000/profile/myfiles" "Mozilla/5.0 (Windows NT 10.0; Win64; x64) AppleWebKit/537.36 (KHTML, like Gecko) Chrome/59.0.3071.115 Safari/537.36"
::1 - - [30/Jul/2017:17:38:28 +0000] "GET /favicon.ico HTTP/1.1" 200 1475 "http://localhost:3000/" "Mozilla/5.0 (Windows NT 10.0; Win64; x64) AppleWebKit/537.36 (KHTML, like Gecko) Chrome/59.0.3071.115 Safari/537.36"
::1 - - [30/Jul/2017:17:38:28 +0000] "GET / HTTP/1.1" 200 3567 "http://localhost:3000/profile/myfiles" "Mozilla/5.0 (Windows NT 10.0; Win64; x64) AppleWebKit/537.36 (KHTML, like Gecko) Chrome/59.0.3071.115 Safari/537.36"
::1 - - [30/Jul/2017:17:38:28 +0000] "GET /favicon.ico HTTP/1.1" 200 1475 "http://localhost:3000/" "Mozilla/5.0 (Windows NT 10.0; Win64; x64) AppleWebKit/537.36 (KHTML, like Gecko) Chrome/59.0.3071.115 Safari/537.36"
::1 - - [30/Jul/2017:17:38:29 +0000] "GET / HTTP/1.1" 200 3568 "http://localhost:3000/profile/myfiles" "Mozilla/5.0 (Windows NT 10.0; Win64; x64) AppleWebKit/537.36 (KHTML, like Gecko) Chrome/59.0.3071.115 Safari/537.36"
::1 - - [30/Jul/2017:17:38:29 +0000] "GET /favicon.ico HTTP/1.1" 200 1475 "http://localhost:3000/" "Mozilla/5.0 (Windows NT 10.0; Win64; x64) AppleWebKit/537.36 (KHTML, like Gecko) Chrome/59.0.3071.115 Safari/537.36"
::1 - - [30/Jul/2017:17:38:30 +0000] "GET / HTTP/1.1" 200 3568 "http://localhost:3000/profile/myfiles" "Mozilla/5.0 (Windows NT 10.0; Win64; x64) AppleWebKit/537.36 (KHTML, like Gecko) Chrome/59.0.3071.115 Safari/537.36"
::1 - - [30/Jul/2017:17:38:30 +0000] "GET /favicon.ico HTTP/1.1" 200 1475 "http://localhost:3000/" "Mozilla/5.0 (Windows NT 10.0; Win64; x64) AppleWebKit/537.36 (KHTML, like Gecko) Chrome/59.0.3071.115 Safari/537.36"
::1 - - [30/Jul/2017:17:38:30 +0000] "GET / HTTP/1.1" 200 3568 "http://localhost:3000/profile/myfiles" "Mozilla/5.0 (Windows NT 10.0; Win64; x64) AppleWebKit/537.36 (KHTML, like Gecko) Chrome/59.0.3071.115 Safari/537.36"
::1 - - [30/Jul/2017:17:38:30 +0000] "GET /favicon.ico HTTP/1.1" 200 1475 "http://localhost:3000/" "Mozilla/5.0 (Windows NT 10.0; Win64; x64) AppleWebKit/537.36 (KHTML, like Gecko) Chrome/59.0.3071.115 Safari/537.36"
::1 - - [30/Jul/2017:17:40:10 +0000] "GET /logout HTTP/1.1" 302 46 "http://localhost:3000/" "Mozilla/5.0 (Windows NT 10.0; Win64; x64) AppleWebKit/537.36 (KHTML, like Gecko) Chrome/59.0.3071.115 Safari/537.36"
::1 - - [30/Jul/2017:17:40:10 +0000] "GET / HTTP/1.1" 200 2874 "http://localhost:3000/" "Mozilla/5.0 (Windows NT 10.0; Win64; x64) AppleWebKit/537.36 (KHTML, like Gecko) Chrome/59.0.3071.115 Safari/537.36"
::1 - - [30/Jul/2017:20:31:00 +0000] "GET / HTTP/1.1" 200 2874 "http://localhost:3000/" "Mozilla/5.0 (Windows NT 10.0; Win64; x64) AppleWebKit/537.36 (KHTML, like Gecko) Chrome/59.0.3071.115 Safari/537.36"
::1 - - [30/Jul/2017:20:31:00 +0000] "GET /favicon.ico HTTP/1.1" 200 1475 "http://localhost:3000/" "Mozilla/5.0 (Windows NT 10.0; Win64; x64) AppleWebKit/537.36 (KHTML, like Gecko) Chrome/59.0.3071.115 Safari/537.36"
::1 - - [30/Jul/2017:20:31:02 +0000] "GET / HTTP/1.1" 200 2874 "http://localhost:3000/" "Mozilla/5.0 (Windows NT 10.0; Win64; x64) AppleWebKit/537.36 (KHTML, like Gecko) Chrome/59.0.3071.115 Safari/537.36"
::1 - - [30/Jul/2017:20:31:02 +0000] "GET /favicon.ico HTTP/1.1" 200 1475 "http://localhost:3000/" "Mozilla/5.0 (Windows NT 10.0; Win64; x64) AppleWebKit/537.36 (KHTML, like Gecko) Chrome/59.0.3071.115 Safari/537.36"
::1 - - [30/Jul/2017:20:31:04 +0000] "GET / HTTP/1.1" 200 2875 "http://localhost:3000/" "Mozilla/5.0 (Windows NT 10.0; Win64; x64) AppleWebKit/537.36 (KHTML, like Gecko) Chrome/59.0.3071.115 Safari/537.36"
::1 - - [30/Jul/2017:20:31:04 +0000] "GET /favicon.ico HTTP/1.1" 200 1475 "http://localhost:3000/" "Mozilla/5.0 (Windows NT 10.0; Win64; x64) AppleWebKit/537.36 (KHTML, like Gecko) Chrome/59.0.3071.115 Safari/537.36"
::1 - - [30/Jul/2017:20:31:09 +0000] "GET /login.html HTTP/1.1" 200 1096 "http://localhost:3000/" "Mozilla/5.0 (Windows NT 10.0; Win64; x64) AppleWebKit/537.36 (KHTML, like Gecko) Chrome/59.0.3071.115 Safari/537.36"
::1 - - [30/Jul/2017:20:31:15 +0000] "GET /login HTTP/1.1" 200 3445 "-" "Mozilla/5.0 (Windows NT 10.0; Win64; x64) AppleWebKit/537.36 (KHTML, like Gecko) Chrome/59.0.3071.115 Safari/537.36"
::1 - - [30/Jul/2017:20:31:22 +0000] "POST /login HTTP/1.1" 302 46 "http://localhost:3000/login" "Mozilla/5.0 (Windows NT 10.0; Win64; x64) AppleWebKit/537.36 (KHTML, like Gecko) Chrome/59.0.3071.115 Safari/537.36"
::1 - - [30/Jul/2017:20:31:22 +0000] "GET / HTTP/1.1" 200 3567 "http://localhost:3000/login" "Mozilla/5.0 (Windows NT 10.0; Win64; x64) AppleWebKit/537.36 (KHTML, like Gecko) Chrome/59.0.3071.115 Safari/537.36"
::1 - - [30/Jul/2017:20:31:25 +0000] "GET /search/nfriends?person=ad HTTP/1.1" 200 1790 "http://localhost:3000/" "Mozilla/5.0 (Windows NT 10.0; Win64; x64) AppleWebKit/537.36 (KHTML, like Gecko) Chrome/59.0.3071.115 Safari/537.36"
::1 - - [30/Jul/2017:20:31:28 +0000] "GET /profile HTTP/1.1" 304 - "http://localhost:3000/search/nfriends?person=ad" "Mozilla/5.0 (Windows NT 10.0; Win64; x64) AppleWebKit/537.36 (KHTML, like Gecko) Chrome/59.0.3071.115 Safari/537.36"
::1 - - [30/Jul/2017:20:31:33 +0000] "GET /sfriends?person=ad HTTP/1.1" 200 1789 "http://localhost:3000/profile" "Mozilla/5.0 (Windows NT 10.0; Win64; x64) AppleWebKit/537.36 (KHTML, like Gecko) Chrome/59.0.3071.115 Safari/537.36"
::1 - - [30/Jul/2017:20:37:53 +0000] "GET / HTTP/1.1" 200 3568 "http://localhost:3000/profile" "Mozilla/5.0 (Windows NT 10.0; Win64; x64) AppleWebKit/537.36 (KHTML, like Gecko) Chrome/59.0.3071.115 Safari/537.36"
::1 - - [30/Jul/2017:20:38:08 +0000] "GET / HTTP/1.1" 200 3568 "http://localhost:3000/profile" "Mozilla/5.0 (Windows NT 10.0; Win64; x64) AppleWebKit/537.36 (KHTML, like Gecko) Chrome/59.0.3071.115 Safari/537.36"
::1 - - [30/Jul/2017:20:38:12 +0000] "GET /profile HTTP/1.1" 304 - "http://localhost:3000/profile" "Mozilla/5.0 (Windows NT 10.0; Win64; x64) AppleWebKit/537.36 (KHTML, like Gecko) Chrome/59.0.3071.115 Safari/537.36"
::1 - - [30/Jul/2017:20:38:14 +0000] "GET /myfiles HTTP/1.1" 200 1790 "http://localhost:3000/profile" "Mozilla/5.0 (Windows NT 10.0; Win64; x64) AppleWebKit/537.36 (KHTML, like Gecko) Chrome/59.0.3071.115 Safari/537.36"
::1 - - [30/Jul/2017:20:38:18 +0000] "GET / HTTP/1.1" 200 3567 "http://localhost:3000/myfiles" "Mozilla/5.0 (Windows NT 10.0; Win64; x64) AppleWebKit/537.36 (KHTML, like Gecko) Chrome/59.0.3071.115 Safari/537.36"
::1 - - [30/Jul/2017:20:38:21 +0000] "GET /logout HTTP/1.1" 302 46 "http://localhost:3000/" "Mozilla/5.0 (Windows NT 10.0; Win64; x64) AppleWebKit/537.36 (KHTML, like Gecko) Chrome/59.0.3071.115 Safari/537.36"
::1 - - [30/Jul/2017:20:38:21 +0000] "GET / HTTP/1.1" 200 2875 "http://localhost:3000/" "Mozilla/5.0 (Windows NT 10.0; Win64; x64) AppleWebKit/537.36 (KHTML, like Gecko) Chrome/59.0.3071.115 Safari/537.36"
::1 - - [30/Jul/2017:20:38:22 +0000] "GET /login.html HTTP/1.1" 200 1096 "http://localhost:3000/" "Mozilla/5.0 (Windows NT 10.0; Win64; x64) AppleWebKit/537.36 (KHTML, like Gecko) Chrome/59.0.3071.115 Safari/537.36"
::1 - - [30/Jul/2017:20:38:25 +0000] "GET /login HTTP/1.1" 200 3445 "-" "Mozilla/5.0 (Windows NT 10.0; Win64; x64) AppleWebKit/537.36 (KHTML, like Gecko) Chrome/59.0.3071.115 Safari/537.36"
::1 - - [30/Jul/2017:20:49:16 +0000] "POST /login HTTP/1.1" 302 46 "http://localhost:3000/login" "Mozilla/5.0 (Windows NT 10.0; Win64; x64) AppleWebKit/537.36 (KHTML, like Gecko) Chrome/59.0.3071.115 Safari/537.36"
::1 - - [30/Jul/2017:20:49:16 +0000] "GET / HTTP/1.1" 200 3567 "http://localhost:3000/login" "Mozilla/5.0 (Windows NT 10.0; Win64; x64) AppleWebKit/537.36 (KHTML, like Gecko) Chrome/59.0.3071.115 Safari/537.36"
::1 - - [30/Jul/2017:20:49:17 +0000] "GET /profile HTTP/1.1" 304 - "http://localhost:3000/" "Mozilla/5.0 (Windows NT 10.0; Win64; x64) AppleWebKit/537.36 (KHTML, like Gecko) Chrome/59.0.3071.115 Safari/537.36"
::ffff:127.0.0.1 - - [30/Jul/2017:21:01:15 +0000] "GET / HTTP/1.1" 200 2874 "-" "Mozilla/5.0 (Windows NT 10.0; Win64; x64) AppleWebKit/537.36 (KHTML, like Gecko) Chrome/52.0.2743.116 Safari/537.36 Edge/15.15063"
::1 - - [30/Jul/2017:21:04:10 +0000] "GET /profile HTTP/1.1" 200 12085 "http://localhost:3000/" "Mozilla/5.0 (Windows NT 10.0; Win64; x64) AppleWebKit/537.36 (KHTML, like Gecko) Chrome/59.0.3071.115 Safari/537.36"
::1 - - [30/Jul/2017:21:04:10 +0000] "GET /favicon.ico HTTP/1.1" 200 1475 "http://localhost:3000/profile" "Mozilla/5.0 (Windows NT 10.0; Win64; x64) AppleWebKit/537.36 (KHTML, like Gecko) Chrome/59.0.3071.115 Safari/537.36"
::ffff:127.0.0.1 - - [30/Jul/2017:21:09:14 +0000] "GET / HTTP/1.1" 200 2875 "-" "Mozilla/5.0 (Windows NT 10.0; Win64; x64) AppleWebKit/537.36 (KHTML, like Gecko) Chrome/52.0.2743.116 Safari/537.36 Edge/15.15063"
::1 - - [30/Jul/2017:21:09:16 +0000] "GET /profile HTTP/1.1" 304 - "http://localhost:3000/" "Mozilla/5.0 (Windows NT 10.0; Win64; x64) AppleWebKit/537.36 (KHTML, like Gecko) Chrome/59.0.3071.115 Safari/537.36"
::1 - - [30/Jul/2017:21:09:16 +0000] "GET /favicon.ico HTTP/1.1" 200 1475 "http://localhost:3000/profile" "Mozilla/5.0 (Windows NT 10.0; Win64; x64) AppleWebKit/537.36 (KHTML, like Gecko) Chrome/59.0.3071.115 Safari/537.36"
::1 - - [30/Jul/2017:21:09:58 +0000] "GET /profile HTTP/1.1" - - "http://localhost:3000/" "Mozilla/5.0 (Windows NT 10.0; Win64; x64) AppleWebKit/537.36 (KHTML, like Gecko) Chrome/59.0.3071.115 Safari/537.36"
::1 - - [30/Jul/2017:21:10:24 +0000] "GET /profile HTTP/1.1" 200 12085 "http://localhost:3000/" "Mozilla/5.0 (Windows NT 10.0; Win64; x64) AppleWebKit/537.36 (KHTML, like Gecko) Chrome/59.0.3071.115 Safari/537.36"
::1 - - [30/Jul/2017:21:10:24 +0000] "GET /favicon.ico HTTP/1.1" 200 1475 "http://localhost:3000/profile" "Mozilla/5.0 (Windows NT 10.0; Win64; x64) AppleWebKit/537.36 (KHTML, like Gecko) Chrome/59.0.3071.115 Safari/537.36"
::ffff:127.0.0.1 - - [30/Jul/2017:21:11:53 +0000] "GET /profile HTTP/1.1" 304 - "http://localhost:3000/" "Mozilla/5.0 (Windows NT 10.0; Win64; x64) AppleWebKit/537.36 (KHTML, like Gecko) Chrome/59.0.3071.115 Safari/537.36"
::ffff:127.0.0.1 - - [30/Jul/2017:21:11:53 +0000] "GET /favicon.ico HTTP/1.1" 200 1475 "http://localhost:3000/profile" "Mozilla/5.0 (Windows NT 10.0; Win64; x64) AppleWebKit/537.36 (KHTML, like Gecko) Chrome/59.0.3071.115 Safari/537.36"
::1 - - [30/Jul/2017:21:12:08 +0000] "GET /profile HTTP/1.1" 304 - "http://localhost:3000/" "Mozilla/5.0 (Windows NT 10.0; Win64; x64) AppleWebKit/537.36 (KHTML, like Gecko) Chrome/59.0.3071.115 Safari/537.36"
::1 - - [30/Jul/2017:21:12:08 +0000] "GET /favicon.ico HTTP/1.1" 200 1475 "http://localhost:3000/profile" "Mozilla/5.0 (Windows NT 10.0; Win64; x64) AppleWebKit/537.36 (KHTML, like Gecko) Chrome/59.0.3071.115 Safari/537.36"
::ffff:127.0.0.1 - - [30/Jul/2017:21:13:35 +0000] "GET / HTTP/1.1" 200 2875 "-" "Mozilla/5.0 (Windows NT 10.0; Win64; x64) AppleWebKit/537.36 (KHTML, like Gecko) Chrome/52.0.2743.116 Safari/537.36 Edge/15.15063"
::1 - - [30/Jul/2017:21:13:47 +0000] "GET /profile HTTP/1.1" 500 16 "http://localhost:3000/" "Mozilla/5.0 (Windows NT 10.0; Win64; x64) AppleWebKit/537.36 (KHTML, like Gecko) Chrome/59.0.3071.115 Safari/537.36"
::1 - - [30/Jul/2017:21:13:48 +0000] "GET /favicon.ico HTTP/1.1" 200 1475 "http://localhost:3000/profile" "Mozilla/5.0 (Windows NT 10.0; Win64; x64) AppleWebKit/537.36 (KHTML, like Gecko) Chrome/59.0.3071.115 Safari/537.36"
::1 - - [30/Jul/2017:21:13:53 +0000] "GET /profile HTTP/1.1" 500 16 "http://localhost:3000/" "Mozilla/5.0 (Windows NT 10.0; Win64; x64) AppleWebKit/537.36 (KHTML, like Gecko) Chrome/59.0.3071.115 Safari/537.36"
::1 - - [30/Jul/2017:21:13:53 +0000] "GET /favicon.ico HTTP/1.1" 200 1475 "http://localhost:3000/profile" "Mozilla/5.0 (Windows NT 10.0; Win64; x64) AppleWebKit/537.36 (KHTML, like Gecko) Chrome/59.0.3071.115 Safari/537.36"
::1 - - [30/Jul/2017:21:15:16 +0000] "GET /profile HTTP/1.1" 200 12085 "http://localhost:3000/" "Mozilla/5.0 (Windows NT 10.0; Win64; x64) AppleWebKit/537.36 (KHTML, like Gecko) Chrome/59.0.3071.115 Safari/537.36"
::1 - - [30/Jul/2017:21:15:16 +0000] "GET /favicon.ico HTTP/1.1" 200 1475 "http://localhost:3000/profile" "Mozilla/5.0 (Windows NT 10.0; Win64; x64) AppleWebKit/537.36 (KHTML, like Gecko) Chrome/59.0.3071.115 Safari/537.36"
::1 - - [30/Jul/2017:21:15:58 +0000] "GET /profile HTTP/1.1" 304 - "http://localhost:3000/" "Mozilla/5.0 (Windows NT 10.0; Win64; x64) AppleWebKit/537.36 (KHTML, like Gecko) Chrome/59.0.3071.115 Safari/537.36"
::1 - - [30/Jul/2017:21:15:58 +0000] "GET /favicon.ico HTTP/1.1" 200 1475 "http://localhost:3000/profile" "Mozilla/5.0 (Windows NT 10.0; Win64; x64) AppleWebKit/537.36 (KHTML, like Gecko) Chrome/59.0.3071.115 Safari/537.36"
::1 - - [30/Jul/2017:21:17:13 +0000] "GET /profile HTTP/1.1" 304 - "http://localhost:3000/" "Mozilla/5.0 (Windows NT 10.0; Win64; x64) AppleWebKit/537.36 (KHTML, like Gecko) Chrome/59.0.3071.115 Safari/537.36"
::1 - - [30/Jul/2017:21:17:14 +0000] "GET /favicon.ico HTTP/1.1" 200 1475 "http://localhost:3000/profile" "Mozilla/5.0 (Windows NT 10.0; Win64; x64) AppleWebKit/537.36 (KHTML, like Gecko) Chrome/59.0.3071.115 Safari/537.36"
::1 - - [30/Jul/2017:21:17:15 +0000] "GET /profile HTTP/1.1" 200 12085 "http://localhost:3000/" "Mozilla/5.0 (Windows NT 10.0; Win64; x64) AppleWebKit/537.36 (KHTML, like Gecko) Chrome/59.0.3071.115 Safari/537.36"
::1 - - [30/Jul/2017:21:17:16 +0000] "GET /favicon.ico HTTP/1.1" 200 1475 "http://localhost:3000/profile" "Mozilla/5.0 (Windows NT 10.0; Win64; x64) AppleWebKit/537.36 (KHTML, like Gecko) Chrome/59.0.3071.115 Safari/537.36"
::1 - - [30/Jul/2017:21:17:28 +0000] "GET /profile HTTP/1.1" 304 - "http://localhost:3000/" "Mozilla/5.0 (Windows NT 10.0; Win64; x64) AppleWebKit/537.36 (KHTML, like Gecko) Chrome/59.0.3071.115 Safari/537.36"
::1 - - [30/Jul/2017:21:17:28 +0000] "GET /favicon.ico HTTP/1.1" 200 1475 "http://localhost:3000/profile" "Mozilla/5.0 (Windows NT 10.0; Win64; x64) AppleWebKit/537.36 (KHTML, like Gecko) Chrome/59.0.3071.115 Safari/537.36"
::1 - - [30/Jul/2017:21:17:31 +0000] "GET /profile HTTP/1.1" 304 - "http://localhost:3000/" "Mozilla/5.0 (Windows NT 10.0; Win64; x64) AppleWebKit/537.36 (KHTML, like Gecko) Chrome/59.0.3071.115 Safari/537.36"
::1 - - [30/Jul/2017:21:17:31 +0000] "GET /favicon.ico HTTP/1.1" 200 1475 "http://localhost:3000/profile" "Mozilla/5.0 (Windows NT 10.0; Win64; x64) AppleWebKit/537.36 (KHTML, like Gecko) Chrome/59.0.3071.115 Safari/537.36"
::1 - - [30/Jul/2017:21:18:54 +0000] "GET /profile HTTP/1.1" 500 16 "http://localhost:3000/" "Mozilla/5.0 (Windows NT 10.0; Win64; x64) AppleWebKit/537.36 (KHTML, like Gecko) Chrome/59.0.3071.115 Safari/537.36"
::1 - - [30/Jul/2017:21:18:54 +0000] "GET /favicon.ico HTTP/1.1" 200 1475 "http://localhost:3000/profile" "Mozilla/5.0 (Windows NT 10.0; Win64; x64) AppleWebKit/537.36 (KHTML, like Gecko) Chrome/59.0.3071.115 Safari/537.36"
::1 - - [30/Jul/2017:21:20:28 +0000] "GET /profile HTTP/1.1" 200 12085 "http://localhost:3000/" "Mozilla/5.0 (Windows NT 10.0; Win64; x64) AppleWebKit/537.36 (KHTML, like Gecko) Chrome/59.0.3071.115 Safari/537.36"
::1 - - [30/Jul/2017:21:20:28 +0000] "GET /favicon.ico HTTP/1.1" 200 1475 "http://localhost:3000/profile" "Mozilla/5.0 (Windows NT 10.0; Win64; x64) AppleWebKit/537.36 (KHTML, like Gecko) Chrome/59.0.3071.115 Safari/537.36"
::1 - - [30/Jul/2017:21:20:50 +0000] "GET /profile HTTP/1.1" 304 - "http://localhost:3000/" "Mozilla/5.0 (Windows NT 10.0; Win64; x64) AppleWebKit/537.36 (KHTML, like Gecko) Chrome/59.0.3071.115 Safari/537.36"
::1 - - [30/Jul/2017:21:20:50 +0000] "GET /favicon.ico HTTP/1.1" 200 1475 "http://localhost:3000/profile" "Mozilla/5.0 (Windows NT 10.0; Win64; x64) AppleWebKit/537.36 (KHTML, like Gecko) Chrome/59.0.3071.115 Safari/537.36"
::1 - - [30/Jul/2017:21:20:52 +0000] "GET /profile HTTP/1.1" 304 - "http://localhost:3000/" "Mozilla/5.0 (Windows NT 10.0; Win64; x64) AppleWebKit/537.36 (KHTML, like Gecko) Chrome/59.0.3071.115 Safari/537.36"
::1 - - [30/Jul/2017:21:20:52 +0000] "GET /favicon.ico HTTP/1.1" 200 1475 "http://localhost:3000/profile" "Mozilla/5.0 (Windows NT 10.0; Win64; x64) AppleWebKit/537.36 (KHTML, like Gecko) Chrome/59.0.3071.115 Safari/537.36"
::1 - - [30/Jul/2017:21:20:52 +0000] "GET /profile HTTP/1.1" 304 - "http://localhost:3000/" "Mozilla/5.0 (Windows NT 10.0; Win64; x64) AppleWebKit/537.36 (KHTML, like Gecko) Chrome/59.0.3071.115 Safari/537.36"
::1 - - [30/Jul/2017:21:20:52 +0000] "GET /favicon.ico HTTP/1.1" 200 1475 "http://localhost:3000/profile" "Mozilla/5.0 (Windows NT 10.0; Win64; x64) AppleWebKit/537.36 (KHTML, like Gecko) Chrome/59.0.3071.115 Safari/537.36"
::1 - - [30/Jul/2017:21:21:03 +0000] "GET /profile HTTP/1.1" 304 - "http://localhost:3000/" "Mozilla/5.0 (Windows NT 10.0; Win64; x64) AppleWebKit/537.36 (KHTML, like Gecko) Chrome/59.0.3071.115 Safari/537.36"
::1 - - [30/Jul/2017:21:21:03 +0000] "GET /favicon.ico HTTP/1.1" 200 1475 "http://localhost:3000/profile" "Mozilla/5.0 (Windows NT 10.0; Win64; x64) AppleWebKit/537.36 (KHTML, like Gecko) Chrome/59.0.3071.115 Safari/537.36"
::1 - - [30/Jul/2017:21:21:03 +0000] "GET /profile HTTP/1.1" 304 - "http://localhost:3000/" "Mozilla/5.0 (Windows NT 10.0; Win64; x64) AppleWebKit/537.36 (KHTML, like Gecko) Chrome/59.0.3071.115 Safari/537.36"
::1 - - [30/Jul/2017:21:21:04 +0000] "GET /favicon.ico HTTP/1.1" 200 1475 "http://localhost:3000/profile" "Mozilla/5.0 (Windows NT 10.0; Win64; x64) AppleWebKit/537.36 (KHTML, like Gecko) Chrome/59.0.3071.115 Safari/537.36"
::1 - - [30/Jul/2017:21:21:04 +0000] "GET /profile HTTP/1.1" 304 - "http://localhost:3000/" "Mozilla/5.0 (Windows NT 10.0; Win64; x64) AppleWebKit/537.36 (KHTML, like Gecko) Chrome/59.0.3071.115 Safari/537.36"
::1 - - [30/Jul/2017:21:21:04 +0000] "GET /favicon.ico HTTP/1.1" 200 1475 "http://localhost:3000/profile" "Mozilla/5.0 (Windows NT 10.0; Win64; x64) AppleWebKit/537.36 (KHTML, like Gecko) Chrome/59.0.3071.115 Safari/537.36"
::1 - - [30/Jul/2017:21:21:04 +0000] "GET /profile HTTP/1.1" 304 - "http://localhost:3000/" "Mozilla/5.0 (Windows NT 10.0; Win64; x64) AppleWebKit/537.36 (KHTML, like Gecko) Chrome/59.0.3071.115 Safari/537.36"
::1 - - [30/Jul/2017:21:21:04 +0000] "GET /favicon.ico HTTP/1.1" 200 1475 "http://localhost:3000/profile" "Mozilla/5.0 (Windows NT 10.0; Win64; x64) AppleWebKit/537.36 (KHTML, like Gecko) Chrome/59.0.3071.115 Safari/537.36"
::1 - - [30/Jul/2017:21:21:30 +0000] "GET /profile HTTP/1.1" 304 - "http://localhost:3000/" "Mozilla/5.0 (Windows NT 10.0; Win64; x64) AppleWebKit/537.36 (KHTML, like Gecko) Chrome/59.0.3071.115 Safari/537.36"
::1 - - [30/Jul/2017:21:21:30 +0000] "GET /favicon.ico HTTP/1.1" 200 1475 "http://localhost:3000/profile" "Mozilla/5.0 (Windows NT 10.0; Win64; x64) AppleWebKit/537.36 (KHTML, like Gecko) Chrome/59.0.3071.115 Safari/537.36"
::1 - - [30/Jul/2017:21:21:48 +0000] "GET /profile HTTP/1.1" 304 - "http://localhost:3000/" "Mozilla/5.0 (Windows NT 10.0; Win64; x64) AppleWebKit/537.36 (KHTML, like Gecko) Chrome/59.0.3071.115 Safari/537.36"
::1 - - [30/Jul/2017:21:21:49 +0000] "GET /favicon.ico HTTP/1.1" 200 1475 "http://localhost:3000/profile" "Mozilla/5.0 (Windows NT 10.0; Win64; x64) AppleWebKit/537.36 (KHTML, like Gecko) Chrome/59.0.3071.115 Safari/537.36"
::1 - - [30/Jul/2017:21:21:49 +0000] "GET /profile HTTP/1.1" 304 - "http://localhost:3000/" "Mozilla/5.0 (Windows NT 10.0; Win64; x64) AppleWebKit/537.36 (KHTML, like Gecko) Chrome/59.0.3071.115 Safari/537.36"
::1 - - [30/Jul/2017:21:21:49 +0000] "GET /favicon.ico HTTP/1.1" 200 1475 "http://localhost:3000/profile" "Mozilla/5.0 (Windows NT 10.0; Win64; x64) AppleWebKit/537.36 (KHTML, like Gecko) Chrome/59.0.3071.115 Safari/537.36"
::1 - - [30/Jul/2017:21:21:49 +0000] "GET /profile HTTP/1.1" 304 - "http://localhost:3000/" "Mozilla/5.0 (Windows NT 10.0; Win64; x64) AppleWebKit/537.36 (KHTML, like Gecko) Chrome/59.0.3071.115 Safari/537.36"
::1 - - [30/Jul/2017:21:21:49 +0000] "GET /favicon.ico HTTP/1.1" 200 1475 "http://localhost:3000/profile" "Mozilla/5.0 (Windows NT 10.0; Win64; x64) AppleWebKit/537.36 (KHTML, like Gecko) Chrome/59.0.3071.115 Safari/537.36"
::1 - - [30/Jul/2017:21:22:26 +0000] "GET /profile HTTP/1.1" 304 - "http://localhost:3000/" "Mozilla/5.0 (Windows NT 10.0; Win64; x64) AppleWebKit/537.36 (KHTML, like Gecko) Chrome/59.0.3071.115 Safari/537.36"
::1 - - [30/Jul/2017:21:22:26 +0000] "GET /favicon.ico HTTP/1.1" 200 1475 "http://localhost:3000/profile" "Mozilla/5.0 (Windows NT 10.0; Win64; x64) AppleWebKit/537.36 (KHTML, like Gecko) Chrome/59.0.3071.115 Safari/537.36"
::1 - - [30/Jul/2017:21:22:27 +0000] "GET /profile HTTP/1.1" 304 - "http://localhost:3000/" "Mozilla/5.0 (Windows NT 10.0; Win64; x64) AppleWebKit/537.36 (KHTML, like Gecko) Chrome/59.0.3071.115 Safari/537.36"
::1 - - [30/Jul/2017:21:22:27 +0000] "GET /favicon.ico HTTP/1.1" 200 1475 "http://localhost:3000/profile" "Mozilla/5.0 (Windows NT 10.0; Win64; x64) AppleWebKit/537.36 (KHTML, like Gecko) Chrome/59.0.3071.115 Safari/537.36"
::1 - - [30/Jul/2017:21:22:27 +0000] "GET /profile HTTP/1.1" 304 - "http://localhost:3000/" "Mozilla/5.0 (Windows NT 10.0; Win64; x64) AppleWebKit/537.36 (KHTML, like Gecko) Chrome/59.0.3071.115 Safari/537.36"
::1 - - [30/Jul/2017:21:22:27 +0000] "GET /favicon.ico HTTP/1.1" 200 1475 "http://localhost:3000/profile" "Mozilla/5.0 (Windows NT 10.0; Win64; x64) AppleWebKit/537.36 (KHTML, like Gecko) Chrome/59.0.3071.115 Safari/537.36"
::1 - - [30/Jul/2017:21:22:27 +0000] "GET /profile HTTP/1.1" 304 - "http://localhost:3000/" "Mozilla/5.0 (Windows NT 10.0; Win64; x64) AppleWebKit/537.36 (KHTML, like Gecko) Chrome/59.0.3071.115 Safari/537.36"
::1 - - [30/Jul/2017:21:22:28 +0000] "GET /favicon.ico HTTP/1.1" 200 1475 "http://localhost:3000/profile" "Mozilla/5.0 (Windows NT 10.0; Win64; x64) AppleWebKit/537.36 (KHTML, like Gecko) Chrome/59.0.3071.115 Safari/537.36"
::1 - - [30/Jul/2017:21:22:28 +0000] "GET /profile HTTP/1.1" 200 12085 "http://localhost:3000/" "Mozilla/5.0 (Windows NT 10.0; Win64; x64) AppleWebKit/537.36 (KHTML, like Gecko) Chrome/59.0.3071.115 Safari/537.36"
::1 - - [30/Jul/2017:21:22:29 +0000] "GET /favicon.ico HTTP/1.1" 200 1475 "http://localhost:3000/profile" "Mozilla/5.0 (Windows NT 10.0; Win64; x64) AppleWebKit/537.36 (KHTML, like Gecko) Chrome/59.0.3071.115 Safari/537.36"
::1 - - [30/Jul/2017:21:22:31 +0000] "GET /profile HTTP/1.1" 200 12085 "http://localhost:3000/" "Mozilla/5.0 (Windows NT 10.0; Win64; x64) AppleWebKit/537.36 (KHTML, like Gecko) Chrome/59.0.3071.115 Safari/537.36"
::1 - - [30/Jul/2017:21:22:31 +0000] "GET /favicon.ico HTTP/1.1" 200 1475 "http://localhost:3000/profile" "Mozilla/5.0 (Windows NT 10.0; Win64; x64) AppleWebKit/537.36 (KHTML, like Gecko) Chrome/59.0.3071.115 Safari/537.36"
::1 - - [30/Jul/2017:21:22:41 +0000] "GET /profile HTTP/1.1" 304 - "http://localhost:3000/" "Mozilla/5.0 (Windows NT 10.0; Win64; x64) AppleWebKit/537.36 (KHTML, like Gecko) Chrome/59.0.3071.115 Safari/537.36"
::1 - - [30/Jul/2017:21:22:41 +0000] "GET /favicon.ico HTTP/1.1" 200 1475 "http://localhost:3000/profile" "Mozilla/5.0 (Windows NT 10.0; Win64; x64) AppleWebKit/537.36 (KHTML, like Gecko) Chrome/59.0.3071.115 Safari/537.36"
::1 - - [30/Jul/2017:21:22:42 +0000] "GET /profile HTTP/1.1" 304 - "http://localhost:3000/" "Mozilla/5.0 (Windows NT 10.0; Win64; x64) AppleWebKit/537.36 (KHTML, like Gecko) Chrome/59.0.3071.115 Safari/537.36"
::1 - - [30/Jul/2017:21:22:42 +0000] "GET /favicon.ico HTTP/1.1" 200 1475 "http://localhost:3000/profile" "Mozilla/5.0 (Windows NT 10.0; Win64; x64) AppleWebKit/537.36 (KHTML, like Gecko) Chrome/59.0.3071.115 Safari/537.36"
::1 - - [30/Jul/2017:21:22:42 +0000] "GET /profile HTTP/1.1" 304 - "http://localhost:3000/" "Mozilla/5.0 (Windows NT 10.0; Win64; x64) AppleWebKit/537.36 (KHTML, like Gecko) Chrome/59.0.3071.115 Safari/537.36"
::1 - - [30/Jul/2017:21:22:42 +0000] "GET /favicon.ico HTTP/1.1" 200 1475 "http://localhost:3000/profile" "Mozilla/5.0 (Windows NT 10.0; Win64; x64) AppleWebKit/537.36 (KHTML, like Gecko) Chrome/59.0.3071.115 Safari/537.36"
::1 - - [30/Jul/2017:21:22:43 +0000] "GET /profile HTTP/1.1" 200 12085 "http://localhost:3000/" "Mozilla/5.0 (Windows NT 10.0; Win64; x64) AppleWebKit/537.36 (KHTML, like Gecko) Chrome/59.0.3071.115 Safari/537.36"
::1 - - [30/Jul/2017:21:22:43 +0000] "GET /favicon.ico HTTP/1.1" 200 1475 "http://localhost:3000/profile" "Mozilla/5.0 (Windows NT 10.0; Win64; x64) AppleWebKit/537.36 (KHTML, like Gecko) Chrome/59.0.3071.115 Safari/537.36"
::1 - - [30/Jul/2017:21:23:20 +0000] "GET /profile HTTP/1.1" 304 - "http://localhost:3000/" "Mozilla/5.0 (Windows NT 10.0; Win64; x64) AppleWebKit/537.36 (KHTML, like Gecko) Chrome/59.0.3071.115 Safari/537.36"
::1 - - [30/Jul/2017:21:23:20 +0000] "GET /favicon.ico HTTP/1.1" 200 1475 "http://localhost:3000/profile" "Mozilla/5.0 (Windows NT 10.0; Win64; x64) AppleWebKit/537.36 (KHTML, like Gecko) Chrome/59.0.3071.115 Safari/537.36"
::1 - - [30/Jul/2017:21:26:30 +0000] "GET /profile HTTP/1.1" 304 - "http://localhost:3000/" "Mozilla/5.0 (Windows NT 10.0; Win64; x64) AppleWebKit/537.36 (KHTML, like Gecko) Chrome/59.0.3071.115 Safari/537.36"
::1 - - [30/Jul/2017:21:26:30 +0000] "GET /favicon.ico HTTP/1.1" 200 1475 "http://localhost:3000/profile" "Mozilla/5.0 (Windows NT 10.0; Win64; x64) AppleWebKit/537.36 (KHTML, like Gecko) Chrome/59.0.3071.115 Safari/537.36"
::1 - - [30/Jul/2017:21:26:31 +0000] "GET /profile HTTP/1.1" 304 - "http://localhost:3000/" "Mozilla/5.0 (Windows NT 10.0; Win64; x64) AppleWebKit/537.36 (KHTML, like Gecko) Chrome/59.0.3071.115 Safari/537.36"
::1 - - [30/Jul/2017:21:26:31 +0000] "GET /favicon.ico HTTP/1.1" 200 1475 "http://localhost:3000/profile" "Mozilla/5.0 (Windows NT 10.0; Win64; x64) AppleWebKit/537.36 (KHTML, like Gecko) Chrome/59.0.3071.115 Safari/537.36"
::1 - - [30/Jul/2017:21:26:56 +0000] "GET /profile HTTP/1.1" 304 - "http://localhost:3000/" "Mozilla/5.0 (Windows NT 10.0; Win64; x64) AppleWebKit/537.36 (KHTML, like Gecko) Chrome/59.0.3071.115 Safari/537.36"
::1 - - [30/Jul/2017:21:26:56 +0000] "GET /favicon.ico HTTP/1.1" 200 1475 "http://localhost:3000/profile" "Mozilla/5.0 (Windows NT 10.0; Win64; x64) AppleWebKit/537.36 (KHTML, like Gecko) Chrome/59.0.3071.115 Safari/537.36"
::1 - - [30/Jul/2017:21:27:06 +0000] "GET /profile HTTP/1.1" 304 - "http://localhost:3000/" "Mozilla/5.0 (Windows NT 10.0; Win64; x64) AppleWebKit/537.36 (KHTML, like Gecko) Chrome/59.0.3071.115 Safari/537.36"
::1 - - [30/Jul/2017:21:27:06 +0000] "GET /favicon.ico HTTP/1.1" 200 1475 "http://localhost:3000/profile" "Mozilla/5.0 (Windows NT 10.0; Win64; x64) AppleWebKit/537.36 (KHTML, like Gecko) Chrome/59.0.3071.115 Safari/537.36"
::1 - - [30/Jul/2017:21:27:54 +0000] "GET /profile HTTP/1.1" 304 - "http://localhost:3000/" "Mozilla/5.0 (Windows NT 10.0; Win64; x64) AppleWebKit/537.36 (KHTML, like Gecko) Chrome/59.0.3071.115 Safari/537.36"
::1 - - [30/Jul/2017:21:27:55 +0000] "GET /favicon.ico HTTP/1.1" 200 1475 "http://localhost:3000/profile" "Mozilla/5.0 (Windows NT 10.0; Win64; x64) AppleWebKit/537.36 (KHTML, like Gecko) Chrome/59.0.3071.115 Safari/537.36"
::1 - - [30/Jul/2017:21:27:55 +0000] "GET /profile HTTP/1.1" 304 - "http://localhost:3000/" "Mozilla/5.0 (Windows NT 10.0; Win64; x64) AppleWebKit/537.36 (KHTML, like Gecko) Chrome/59.0.3071.115 Safari/537.36"
::1 - - [30/Jul/2017:21:27:55 +0000] "GET /favicon.ico HTTP/1.1" 200 1475 "http://localhost:3000/profile" "Mozilla/5.0 (Windows NT 10.0; Win64; x64) AppleWebKit/537.36 (KHTML, like Gecko) Chrome/59.0.3071.115 Safari/537.36"
::1 - - [30/Jul/2017:21:27:55 +0000] "GET /profile HTTP/1.1" 304 - "http://localhost:3000/" "Mozilla/5.0 (Windows NT 10.0; Win64; x64) AppleWebKit/537.36 (KHTML, like Gecko) Chrome/59.0.3071.115 Safari/537.36"
::1 - - [30/Jul/2017:21:27:56 +0000] "GET /favicon.ico HTTP/1.1" 200 1475 "http://localhost:3000/profile" "Mozilla/5.0 (Windows NT 10.0; Win64; x64) AppleWebKit/537.36 (KHTML, like Gecko) Chrome/59.0.3071.115 Safari/537.36"
::1 - - [30/Jul/2017:21:27:57 +0000] "GET /profile HTTP/1.1" 200 12085 "http://localhost:3000/" "Mozilla/5.0 (Windows NT 10.0; Win64; x64) AppleWebKit/537.36 (KHTML, like Gecko) Chrome/59.0.3071.115 Safari/537.36"
::1 - - [30/Jul/2017:21:28:00 +0000] "GET /favicon.ico HTTP/1.1" 200 1475 "http://localhost:3000/profile" "Mozilla/5.0 (Windows NT 10.0; Win64; x64) AppleWebKit/537.36 (KHTML, like Gecko) Chrome/59.0.3071.115 Safari/537.36"
::1 - - [30/Jul/2017:21:33:39 +0000] "GET /profile HTTP/1.1" 304 - "http://localhost:3000/" "Mozilla/5.0 (Windows NT 10.0; Win64; x64) AppleWebKit/537.36 (KHTML, like Gecko) Chrome/59.0.3071.115 Safari/537.36"
::1 - - [30/Jul/2017:21:33:39 +0000] "GET /favicon.ico HTTP/1.1" 200 1475 "http://localhost:3000/profile" "Mozilla/5.0 (Windows NT 10.0; Win64; x64) AppleWebKit/537.36 (KHTML, like Gecko) Chrome/59.0.3071.115 Safari/537.36"
::1 - - [30/Jul/2017:21:33:56 +0000] "GET /profile HTTP/1.1" 304 - "http://localhost:3000/" "Mozilla/5.0 (Windows NT 10.0; Win64; x64) AppleWebKit/537.36 (KHTML, like Gecko) Chrome/59.0.3071.115 Safari/537.36"
::1 - - [30/Jul/2017:21:33:56 +0000] "GET /favicon.ico HTTP/1.1" 200 1475 "http://localhost:3000/profile" "Mozilla/5.0 (Windows NT 10.0; Win64; x64) AppleWebKit/537.36 (KHTML, like Gecko) Chrome/59.0.3071.115 Safari/537.36"
::1 - - [30/Jul/2017:21:33:57 +0000] "GET /profile HTTP/1.1" 304 - "http://localhost:3000/" "Mozilla/5.0 (Windows NT 10.0; Win64; x64) AppleWebKit/537.36 (KHTML, like Gecko) Chrome/59.0.3071.115 Safari/537.36"
::1 - - [30/Jul/2017:21:33:57 +0000] "GET /favicon.ico HTTP/1.1" 200 1475 "http://localhost:3000/profile" "Mozilla/5.0 (Windows NT 10.0; Win64; x64) AppleWebKit/537.36 (KHTML, like Gecko) Chrome/59.0.3071.115 Safari/537.36"
::1 - - [30/Jul/2017:21:33:58 +0000] "GET /profile HTTP/1.1" 200 12085 "http://localhost:3000/" "Mozilla/5.0 (Windows NT 10.0; Win64; x64) AppleWebKit/537.36 (KHTML, like Gecko) Chrome/59.0.3071.115 Safari/537.36"
::1 - - [30/Jul/2017:21:33:59 +0000] "GET /favicon.ico HTTP/1.1" 200 1475 "http://localhost:3000/profile" "Mozilla/5.0 (Windows NT 10.0; Win64; x64) AppleWebKit/537.36 (KHTML, like Gecko) Chrome/59.0.3071.115 Safari/537.36"
::1 - - [30/Jul/2017:21:34:20 +0000] "GET /profile HTTP/1.1" 500 16 "http://localhost:3000/" "Mozilla/5.0 (Windows NT 10.0; Win64; x64) AppleWebKit/537.36 (KHTML, like Gecko) Chrome/59.0.3071.115 Safari/537.36"
::1 - - [30/Jul/2017:21:34:20 +0000] "GET /favicon.ico HTTP/1.1" 200 1475 "http://localhost:3000/profile" "Mozilla/5.0 (Windows NT 10.0; Win64; x64) AppleWebKit/537.36 (KHTML, like Gecko) Chrome/59.0.3071.115 Safari/537.36"
::1 - - [30/Jul/2017:21:34:27 +0000] "GET /profile HTTP/1.1" 200 12085 "http://localhost:3000/" "Mozilla/5.0 (Windows NT 10.0; Win64; x64) AppleWebKit/537.36 (KHTML, like Gecko) Chrome/59.0.3071.115 Safari/537.36"
::1 - - [30/Jul/2017:21:34:27 +0000] "GET /favicon.ico HTTP/1.1" 200 1475 "http://localhost:3000/profile" "Mozilla/5.0 (Windows NT 10.0; Win64; x64) AppleWebKit/537.36 (KHTML, like Gecko) Chrome/59.0.3071.115 Safari/537.36"
::1 - - [30/Jul/2017:21:34:33 +0000] "GET /profile HTTP/1.1" 500 16 "http://localhost:3000/" "Mozilla/5.0 (Windows NT 10.0; Win64; x64) AppleWebKit/537.36 (KHTML, like Gecko) Chrome/59.0.3071.115 Safari/537.36"
::1 - - [30/Jul/2017:21:34:33 +0000] "GET /favicon.ico HTTP/1.1" 200 1475 "http://localhost:3000/profile" "Mozilla/5.0 (Windows NT 10.0; Win64; x64) AppleWebKit/537.36 (KHTML, like Gecko) Chrome/59.0.3071.115 Safari/537.36"
::1 - - [30/Jul/2017:21:36:40 +0000] "GET /profile HTTP/1.1" 200 12085 "-" "Mozilla/5.0 (Windows NT 10.0; Win64; x64) AppleWebKit/537.36 (KHTML, like Gecko) Chrome/59.0.3071.115 Safari/537.36"
::1 - - [30/Jul/2017:21:36:40 +0000] "GET /favicon.ico HTTP/1.1" 200 1475 "http://localhost:3000/profile" "Mozilla/5.0 (Windows NT 10.0; Win64; x64) AppleWebKit/537.36 (KHTML, like Gecko) Chrome/59.0.3071.115 Safari/537.36"
::1 - - [30/Jul/2017:21:36:48 +0000] "GET /profile HTTP/1.1" 304 - "-" "Mozilla/5.0 (Windows NT 10.0; Win64; x64) AppleWebKit/537.36 (KHTML, like Gecko) Chrome/59.0.3071.115 Safari/537.36"
::1 - - [30/Jul/2017:21:36:48 +0000] "GET /favicon.ico HTTP/1.1" 200 1475 "http://localhost:3000/profile" "Mozilla/5.0 (Windows NT 10.0; Win64; x64) AppleWebKit/537.36 (KHTML, like Gecko) Chrome/59.0.3071.115 Safari/537.36"
::1 - - [30/Jul/2017:21:36:49 +0000] "GET /profile HTTP/1.1" 304 - "-" "Mozilla/5.0 (Windows NT 10.0; Win64; x64) AppleWebKit/537.36 (KHTML, like Gecko) Chrome/59.0.3071.115 Safari/537.36"
::1 - - [30/Jul/2017:21:36:49 +0000] "GET /favicon.ico HTTP/1.1" 200 1475 "http://localhost:3000/profile" "Mozilla/5.0 (Windows NT 10.0; Win64; x64) AppleWebKit/537.36 (KHTML, like Gecko) Chrome/59.0.3071.115 Safari/537.36"
::1 - - [30/Jul/2017:21:36:53 +0000] "GET /profile HTTP/1.1" 304 - "-" "Mozilla/5.0 (Windows NT 10.0; Win64; x64) AppleWebKit/537.36 (KHTML, like Gecko) Chrome/59.0.3071.115 Safari/537.36"
::1 - - [30/Jul/2017:21:36:53 +0000] "GET /favicon.ico HTTP/1.1" 200 1475 "http://localhost:3000/profile" "Mozilla/5.0 (Windows NT 10.0; Win64; x64) AppleWebKit/537.36 (KHTML, like Gecko) Chrome/59.0.3071.115 Safari/537.36"
::1 - - [30/Jul/2017:21:36:55 +0000] "GET /profile HTTP/1.1" 304 - "-" "Mozilla/5.0 (Windows NT 10.0; Win64; x64) AppleWebKit/537.36 (KHTML, like Gecko) Chrome/59.0.3071.115 Safari/537.36"
::1 - - [30/Jul/2017:21:36:55 +0000] "GET /favicon.ico HTTP/1.1" 200 1475 "http://localhost:3000/profile" "Mozilla/5.0 (Windows NT 10.0; Win64; x64) AppleWebKit/537.36 (KHTML, like Gecko) Chrome/59.0.3071.115 Safari/537.36"
::1 - - [30/Jul/2017:21:37:11 +0000] "GET /profile HTTP/1.1" 304 - "-" "Mozilla/5.0 (Windows NT 10.0; Win64; x64) AppleWebKit/537.36 (KHTML, like Gecko) Chrome/59.0.3071.115 Safari/537.36"
::1 - - [30/Jul/2017:21:37:11 +0000] "GET /favicon.ico HTTP/1.1" 200 1475 "http://localhost:3000/profile" "Mozilla/5.0 (Windows NT 10.0; Win64; x64) AppleWebKit/537.36 (KHTML, like Gecko) Chrome/59.0.3071.115 Safari/537.36"
::1 - - [30/Jul/2017:21:37:50 +0000] "GET /profile HTTP/1.1" 304 - "-" "Mozilla/5.0 (Windows NT 10.0; Win64; x64) AppleWebKit/537.36 (KHTML, like Gecko) Chrome/59.0.3071.115 Safari/537.36"
::1 - - [30/Jul/2017:21:37:51 +0000] "GET /favicon.ico HTTP/1.1" 200 1475 "http://localhost:3000/profile" "Mozilla/5.0 (Windows NT 10.0; Win64; x64) AppleWebKit/537.36 (KHTML, like Gecko) Chrome/59.0.3071.115 Safari/537.36"
::1 - - [30/Jul/2017:21:38:06 +0000] "GET /profile HTTP/1.1" 304 - "-" "Mozilla/5.0 (Windows NT 10.0; Win64; x64) AppleWebKit/537.36 (KHTML, like Gecko) Chrome/59.0.3071.115 Safari/537.36"
::1 - - [30/Jul/2017:21:38:06 +0000] "GET /favicon.ico HTTP/1.1" 200 1475 "http://localhost:3000/profile" "Mozilla/5.0 (Windows NT 10.0; Win64; x64) AppleWebKit/537.36 (KHTML, like Gecko) Chrome/59.0.3071.115 Safari/537.36"
::1 - - [30/Jul/2017:21:38:21 +0000] "GET /profile HTTP/1.1" 304 - "-" "Mozilla/5.0 (Windows NT 10.0; Win64; x64) AppleWebKit/537.36 (KHTML, like Gecko) Chrome/59.0.3071.115 Safari/537.36"
::1 - - [30/Jul/2017:21:38:22 +0000] "GET /favicon.ico HTTP/1.1" 200 1475 "http://localhost:3000/profile" "Mozilla/5.0 (Windows NT 10.0; Win64; x64) AppleWebKit/537.36 (KHTML, like Gecko) Chrome/59.0.3071.115 Safari/537.36"
::1 - - [30/Jul/2017:21:38:22 +0000] "GET /profile HTTP/1.1" 304 - "-" "Mozilla/5.0 (Windows NT 10.0; Win64; x64) AppleWebKit/537.36 (KHTML, like Gecko) Chrome/59.0.3071.115 Safari/537.36"
::1 - - [30/Jul/2017:21:38:22 +0000] "GET /favicon.ico HTTP/1.1" 200 1475 "http://localhost:3000/profile" "Mozilla/5.0 (Windows NT 10.0; Win64; x64) AppleWebKit/537.36 (KHTML, like Gecko) Chrome/59.0.3071.115 Safari/537.36"
::1 - - [30/Jul/2017:21:39:26 +0000] "GET /profile HTTP/1.1" 304 - "-" "Mozilla/5.0 (Windows NT 10.0; Win64; x64) AppleWebKit/537.36 (KHTML, like Gecko) Chrome/59.0.3071.115 Safari/537.36"
::1 - - [30/Jul/2017:21:39:26 +0000] "GET /favicon.ico HTTP/1.1" 200 1475 "http://localhost:3000/profile" "Mozilla/5.0 (Windows NT 10.0; Win64; x64) AppleWebKit/537.36 (KHTML, like Gecko) Chrome/59.0.3071.115 Safari/537.36"
::1 - - [30/Jul/2017:21:39:35 +0000] "GET /profile HTTP/1.1" 304 - "-" "Mozilla/5.0 (Windows NT 10.0; Win64; x64) AppleWebKit/537.36 (KHTML, like Gecko) Chrome/59.0.3071.115 Safari/537.36"
::1 - - [30/Jul/2017:21:39:35 +0000] "GET /favicon.ico HTTP/1.1" 200 1475 "http://localhost:3000/profile" "Mozilla/5.0 (Windows NT 10.0; Win64; x64) AppleWebKit/537.36 (KHTML, like Gecko) Chrome/59.0.3071.115 Safari/537.36"
