::1 - - [27/Jul/2017:23:06:42 +0000] "GET /profile/myfiles HTTP/1.1" 200 4998 "-" "Mozilla/5.0 (Windows NT 10.0; Win64; x64) AppleWebKit/537.36 (KHTML, like Gecko) Chrome/59.0.3071.115 Safari/537.36"
::1 - - [27/Jul/2017:23:06:43 +0000] "GET /favicon.ico HTTP/1.1" 200 1475 "http://localhost:3000/profile/myfiles" "Mozilla/5.0 (Windows NT 10.0; Win64; x64) AppleWebKit/537.36 (KHTML, like Gecko) Chrome/59.0.3071.115 Safari/537.36"
::1 - - [27/Jul/2017:23:06:44 +0000] "GET / HTTP/1.1" 200 3568 "http://localhost:3000/profile/myfiles" "Mozilla/5.0 (Windows NT 10.0; Win64; x64) AppleWebKit/537.36 (KHTML, like Gecko) Chrome/59.0.3071.115 Safari/537.36"
::1 - - [27/Jul/2017:23:06:46 +0000] "POST /upload HTTP/1.1" 200 38 "http://localhost:3000/" "Mozilla/5.0 (Windows NT 10.0; Win64; x64) AppleWebKit/537.36 (KHTML, like Gecko) Chrome/59.0.3071.115 Safari/537.36"
::ffff:127.0.0.1 - - [27/Jul/2017:23:06:49 +0000] "GET /profile/myfiles HTTP/1.1" 200 5792 "-" "Mozilla/5.0 (Windows NT 10.0; Win64; x64) AppleWebKit/537.36 (KHTML, like Gecko) Chrome/59.0.3071.115 Safari/537.36"
::ffff:127.0.0.1 - - [27/Jul/2017:23:06:49 +0000] "GET /favicon.ico HTTP/1.1" 200 1475 "http://localhost:3000/profile/myfiles" "Mozilla/5.0 (Windows NT 10.0; Win64; x64) AppleWebKit/537.36 (KHTML, like Gecko) Chrome/59.0.3071.115 Safari/537.36"
::1 - - [27/Jul/2017:23:07:37 +0000] "GET / HTTP/1.1" 200 3567 "http://localhost:3000/profile/myfiles" "Mozilla/5.0 (Windows NT 10.0; Win64; x64) AppleWebKit/537.36 (KHTML, like Gecko) Chrome/59.0.3071.115 Safari/537.36"
::ffff:127.0.0.1 - - [27/Jul/2017:23:07:37 +0000] "DELETE /file/21k7C4Hr2V HTTP/1.1" - - "http://localhost:3000/profile/myfiles" "Mozilla/5.0 (Windows NT 10.0; Win64; x64) AppleWebKit/537.36 (KHTML, like Gecko) Chrome/59.0.3071.115 Safari/537.36"
::1 - - [27/Jul/2017:23:07:40 +0000] "POST /upload HTTP/1.1" 200 38 "http://localhost:3000/" "Mozilla/5.0 (Windows NT 10.0; Win64; x64) AppleWebKit/537.36 (KHTML, like Gecko) Chrome/59.0.3071.115 Safari/537.36"
::1 - - [27/Jul/2017:23:08:19 +0000] "GET /profile/myfiles HTTP/1.1" 200 4998 "-" "Mozilla/5.0 (Windows NT 10.0; Win64; x64) AppleWebKit/537.36 (KHTML, like Gecko) Chrome/59.0.3071.115 Safari/537.36"
::1 - - [27/Jul/2017:23:08:19 +0000] "DELETE /file/21k7C4Hr2V HTTP/1.1" - - "http://localhost:3000/profile/myfiles" "Mozilla/5.0 (Windows NT 10.0; Win64; x64) AppleWebKit/537.36 (KHTML, like Gecko) Chrome/59.0.3071.115 Safari/537.36"
::1 - - [27/Jul/2017:23:08:19 +0000] "GET /favicon.ico HTTP/1.1" 200 1475 "http://localhost:3000/profile/myfiles" "Mozilla/5.0 (Windows NT 10.0; Win64; x64) AppleWebKit/537.36 (KHTML, like Gecko) Chrome/59.0.3071.115 Safari/537.36"
::1 - - [27/Jul/2017:23:08:20 +0000] "GET / HTTP/1.1" 200 3568 "http://localhost:3000/profile/myfiles" "Mozilla/5.0 (Windows NT 10.0; Win64; x64) AppleWebKit/537.36 (KHTML, like Gecko) Chrome/59.0.3071.115 Safari/537.36"
::1 - - [27/Jul/2017:23:08:22 +0000] "POST /upload HTTP/1.1" 200 38 "http://localhost:3000/" "Mozilla/5.0 (Windows NT 10.0; Win64; x64) AppleWebKit/537.36 (KHTML, like Gecko) Chrome/59.0.3071.115 Safari/537.36"
::ffff:127.0.0.1 - - [27/Jul/2017:23:08:24 +0000] "GET /profile/myfiles HTTP/1.1" 200 5792 "-" "Mozilla/5.0 (Windows NT 10.0; Win64; x64) AppleWebKit/537.36 (KHTML, like Gecko) Chrome/59.0.3071.115 Safari/537.36"
::ffff:127.0.0.1 - - [27/Jul/2017:23:08:24 +0000] "GET /favicon.ico HTTP/1.1" 200 1475 "http://localhost:3000/profile/myfiles" "Mozilla/5.0 (Windows NT 10.0; Win64; x64) AppleWebKit/537.36 (KHTML, like Gecko) Chrome/59.0.3071.115 Safari/537.36"
::ffff:127.0.0.1 - - [27/Jul/2017:23:09:00 +0000] "GET /profile/myfiles HTTP/1.1" 304 - "-" "Mozilla/5.0 (Windows NT 10.0; Win64; x64) AppleWebKit/537.36 (KHTML, like Gecko) Chrome/59.0.3071.115 Safari/537.36"
::1 - - [27/Jul/2017:23:09:00 +0000] "DELETE /file/ypZ3kyFwWj HTTP/1.1" - - "http://localhost:3000/profile/myfiles" "Mozilla/5.0 (Windows NT 10.0; Win64; x64) AppleWebKit/537.36 (KHTML, like Gecko) Chrome/59.0.3071.115 Safari/537.36"
::ffff:127.0.0.1 - - [27/Jul/2017:23:09:00 +0000] "GET /favicon.ico HTTP/1.1" 200 1475 "http://localhost:3000/profile/myfiles" "Mozilla/5.0 (Windows NT 10.0; Win64; x64) AppleWebKit/537.36 (KHTML, like Gecko) Chrome/59.0.3071.115 Safari/537.36"
::ffff:127.0.0.1 - - [27/Jul/2017:23:09:01 +0000] "GET /profile/myfiles HTTP/1.1" 304 - "-" "Mozilla/5.0 (Windows NT 10.0; Win64; x64) AppleWebKit/537.36 (KHTML, like Gecko) Chrome/59.0.3071.115 Safari/537.36"
::ffff:127.0.0.1 - - [27/Jul/2017:23:09:01 +0000] "GET /favicon.ico HTTP/1.1" 200 1475 "http://localhost:3000/profile/myfiles" "Mozilla/5.0 (Windows NT 10.0; Win64; x64) AppleWebKit/537.36 (KHTML, like Gecko) Chrome/59.0.3071.115 Safari/537.36"
::ffff:127.0.0.1 - - [27/Jul/2017:23:09:01 +0000] "GET / HTTP/1.1" 200 3567 "http://localhost:3000/profile/myfiles" "Mozilla/5.0 (Windows NT 10.0; Win64; x64) AppleWebKit/537.36 (KHTML, like Gecko) Chrome/59.0.3071.115 Safari/537.36"
::1 - - [27/Jul/2017:23:09:02 +0000] "GET /profile HTTP/1.1" 200 4225 "http://localhost:3000/" "Mozilla/5.0 (Windows NT 10.0; Win64; x64) AppleWebKit/537.36 (KHTML, like Gecko) Chrome/59.0.3071.115 Safari/537.36"
::1 - - [27/Jul/2017:23:09:15 +0000] "POST /upload HTTP/1.1" 200 38 "http://localhost:3000/" "Mozilla/5.0 (Windows NT 10.0; Win64; x64) AppleWebKit/537.36 (KHTML, like Gecko) Chrome/59.0.3071.115 Safari/537.36"
::ffff:127.0.0.1 - - [27/Jul/2017:23:09:17 +0000] "GET /profile/myfiles HTTP/1.1" 200 6588 "-" "Mozilla/5.0 (Windows NT 10.0; Win64; x64) AppleWebKit/537.36 (KHTML, like Gecko) Chrome/59.0.3071.115 Safari/537.36"
::ffff:127.0.0.1 - - [27/Jul/2017:23:09:18 +0000] "GET /favicon.ico HTTP/1.1" 200 1475 "http://localhost:3000/profile/myfiles" "Mozilla/5.0 (Windows NT 10.0; Win64; x64) AppleWebKit/537.36 (KHTML, like Gecko) Chrome/59.0.3071.115 Safari/537.36"
::ffff:127.0.0.1 - - [27/Jul/2017:23:09:36 +0000] "DELETE /file/uLf7h2EOHp HTTP/1.1" 302 23 "http://localhost:3000/profile/myfiles" "Mozilla/5.0 (Windows NT 10.0; Win64; x64) AppleWebKit/537.36 (KHTML, like Gecko) Chrome/59.0.3071.115 Safari/537.36"
::1 - - [27/Jul/2017:23:09:36 +0000] "DELETE / HTTP/1.1" 200 1789 "http://localhost:3000/profile/myfiles" "Mozilla/5.0 (Windows NT 10.0; Win64; x64) AppleWebKit/537.36 (KHTML, like Gecko) Chrome/59.0.3071.115 Safari/537.36"
::1 - - [27/Jul/2017:23:09:46 +0000] "GET /profile/myfiles HTTP/1.1" 200 5792 "-" "Mozilla/5.0 (Windows NT 10.0; Win64; x64) AppleWebKit/537.36 (KHTML, like Gecko) Chrome/59.0.3071.115 Safari/537.36"
::1 - - [27/Jul/2017:23:09:46 +0000] "GET /favicon.ico HTTP/1.1" 200 1475 "http://localhost:3000/profile/myfiles" "Mozilla/5.0 (Windows NT 10.0; Win64; x64) AppleWebKit/537.36 (KHTML, like Gecko) Chrome/59.0.3071.115 Safari/537.36"
::1 - - [27/Jul/2017:23:09:46 +0000] "GET /profile/myfiles HTTP/1.1" 304 - "-" "Mozilla/5.0 (Windows NT 10.0; Win64; x64) AppleWebKit/537.36 (KHTML, like Gecko) Chrome/59.0.3071.115 Safari/537.36"
::1 - - [27/Jul/2017:23:09:46 +0000] "GET /favicon.ico HTTP/1.1" 200 1475 "http://localhost:3000/profile/myfiles" "Mozilla/5.0 (Windows NT 10.0; Win64; x64) AppleWebKit/537.36 (KHTML, like Gecko) Chrome/59.0.3071.115 Safari/537.36"
::1 - - [27/Jul/2017:23:09:48 +0000] "GET / HTTP/1.1" 200 3568 "http://localhost:3000/profile/myfiles" "Mozilla/5.0 (Windows NT 10.0; Win64; x64) AppleWebKit/537.36 (KHTML, like Gecko) Chrome/59.0.3071.115 Safari/537.36"
::1 - - [27/Jul/2017:23:09:51 +0000] "POST /upload HTTP/1.1" 200 38 "http://localhost:3000/" "Mozilla/5.0 (Windows NT 10.0; Win64; x64) AppleWebKit/537.36 (KHTML, like Gecko) Chrome/59.0.3071.115 Safari/537.36"
::ffff:127.0.0.1 - - [27/Jul/2017:23:09:52 +0000] "GET /profile/myfiles HTTP/1.1" 200 6586 "-" "Mozilla/5.0 (Windows NT 10.0; Win64; x64) AppleWebKit/537.36 (KHTML, like Gecko) Chrome/59.0.3071.115 Safari/537.36"
::ffff:127.0.0.1 - - [27/Jul/2017:23:09:52 +0000] "GET /favicon.ico HTTP/1.1" 200 1475 "http://localhost:3000/profile/myfiles" "Mozilla/5.0 (Windows NT 10.0; Win64; x64) AppleWebKit/537.36 (KHTML, like Gecko) Chrome/59.0.3071.115 Safari/537.36"
::1 - - [27/Jul/2017:23:10:45 +0000] "DELETE /file/rNPcfte4kn HTTP/1.1" 302 23 "http://localhost:3000/profile/myfiles" "Mozilla/5.0 (Windows NT 10.0; Win64; x64) AppleWebKit/537.36 (KHTML, like Gecko) Chrome/59.0.3071.115 Safari/537.36"
::1 - - [27/Jul/2017:23:10:45 +0000] "DELETE / HTTP/1.1" 200 1789 "http://localhost:3000/profile/myfiles" "Mozilla/5.0 (Windows NT 10.0; Win64; x64) AppleWebKit/537.36 (KHTML, like Gecko) Chrome/59.0.3071.115 Safari/537.36"
::1 - - [27/Jul/2017:23:11:05 +0000] "GET /profile/myfiles HTTP/1.1" 200 4998 "-" "Mozilla/5.0 (Windows NT 10.0; Win64; x64) AppleWebKit/537.36 (KHTML, like Gecko) Chrome/59.0.3071.115 Safari/537.36"
::1 - - [27/Jul/2017:23:11:05 +0000] "GET /favicon.ico HTTP/1.1" 200 1475 "http://localhost:3000/profile/myfiles" "Mozilla/5.0 (Windows NT 10.0; Win64; x64) AppleWebKit/537.36 (KHTML, like Gecko) Chrome/59.0.3071.115 Safari/537.36"
::1 - - [27/Jul/2017:23:11:05 +0000] "GET / HTTP/1.1" 200 3567 "http://localhost:3000/profile/myfiles" "Mozilla/5.0 (Windows NT 10.0; Win64; x64) AppleWebKit/537.36 (KHTML, like Gecko) Chrome/59.0.3071.115 Safari/537.36"
::1 - - [27/Jul/2017:23:11:09 +0000] "POST /upload HTTP/1.1" 200 38 "http://localhost:3000/" "Mozilla/5.0 (Windows NT 10.0; Win64; x64) AppleWebKit/537.36 (KHTML, like Gecko) Chrome/59.0.3071.115 Safari/537.36"
::1 - - [27/Jul/2017:23:11:11 +0000] "GET /profile/myfiles HTTP/1.1" 200 5795 "-" "Mozilla/5.0 (Windows NT 10.0; Win64; x64) AppleWebKit/537.36 (KHTML, like Gecko) Chrome/59.0.3071.115 Safari/537.36"
::1 - - [27/Jul/2017:23:11:12 +0000] "GET /favicon.ico HTTP/1.1" 200 1475 "http://localhost:3000/profile/myfiles" "Mozilla/5.0 (Windows NT 10.0; Win64; x64) AppleWebKit/537.36 (KHTML, like Gecko) Chrome/59.0.3071.115 Safari/537.36"
::1 - - [27/Jul/2017:23:13:44 +0000] "POST /upload HTTP/1.1" 200 38 "http://localhost:3000/" "Mozilla/5.0 (Windows NT 10.0; Win64; x64) AppleWebKit/537.36 (KHTML, like Gecko) Chrome/59.0.3071.115 Safari/537.36"
::ffff:127.0.0.1 - - [27/Jul/2017:23:13:46 +0000] "GET /profile/myfiles HTTP/1.1" 200 5793 "-" "Mozilla/5.0 (Windows NT 10.0; Win64; x64) AppleWebKit/537.36 (KHTML, like Gecko) Chrome/59.0.3071.115 Safari/537.36"
::ffff:127.0.0.1 - - [27/Jul/2017:23:13:47 +0000] "GET /favicon.ico HTTP/1.1" 200 1475 "http://localhost:3000/profile/myfiles" "Mozilla/5.0 (Windows NT 10.0; Win64; x64) AppleWebKit/537.36 (KHTML, like Gecko) Chrome/59.0.3071.115 Safari/537.36"
::1 - - [27/Jul/2017:23:14:09 +0000] "GET /profile/myfiles HTTP/1.1" 304 - "-" "Mozilla/5.0 (Windows NT 10.0; Win64; x64) AppleWebKit/537.36 (KHTML, like Gecko) Chrome/59.0.3071.115 Safari/537.36"
::1 - - [27/Jul/2017:23:14:09 +0000] "GET /favicon.ico HTTP/1.1" 200 1475 "http://localhost:3000/profile/myfiles" "Mozilla/5.0 (Windows NT 10.0; Win64; x64) AppleWebKit/537.36 (KHTML, like Gecko) Chrome/59.0.3071.115 Safari/537.36"
::1 - - [27/Jul/2017:23:14:15 +0000] "GET /profile/myfiles HTTP/1.1" 304 - "-" "Mozilla/5.0 (Windows NT 10.0; Win64; x64) AppleWebKit/537.36 (KHTML, like Gecko) Chrome/59.0.3071.115 Safari/537.36"
::1 - - [27/Jul/2017:23:14:15 +0000] "DELETE /file/TJuweppKta HTTP/1.1" - - "http://localhost:3000/profile/myfiles" "Mozilla/5.0 (Windows NT 10.0; Win64; x64) AppleWebKit/537.36 (KHTML, like Gecko) Chrome/59.0.3071.115 Safari/537.36"
::1 - - [27/Jul/2017:23:14:15 +0000] "GET /favicon.ico HTTP/1.1" 200 1475 "http://localhost:3000/profile/myfiles" "Mozilla/5.0 (Windows NT 10.0; Win64; x64) AppleWebKit/537.36 (KHTML, like Gecko) Chrome/59.0.3071.115 Safari/537.36"
::1 - - [27/Jul/2017:23:14:21 +0000] "GET / HTTP/1.1" 200 3568 "http://localhost:3000/profile/myfiles" "Mozilla/5.0 (Windows NT 10.0; Win64; x64) AppleWebKit/537.36 (KHTML, like Gecko) Chrome/59.0.3071.115 Safari/537.36"
::1 - - [27/Jul/2017:23:14:23 +0000] "POST /upload HTTP/1.1" 200 38 "http://localhost:3000/" "Mozilla/5.0 (Windows NT 10.0; Win64; x64) AppleWebKit/537.36 (KHTML, like Gecko) Chrome/59.0.3071.115 Safari/537.36"
::1 - - [27/Jul/2017:23:14:26 +0000] "GET /profile/myfiles HTTP/1.1" 200 6588 "-" "Mozilla/5.0 (Windows NT 10.0; Win64; x64) AppleWebKit/537.36 (KHTML, like Gecko) Chrome/59.0.3071.115 Safari/537.36"
::1 - - [27/Jul/2017:23:14:26 +0000] "GET /favicon.ico HTTP/1.1" 200 1475 "http://localhost:3000/profile/myfiles" "Mozilla/5.0 (Windows NT 10.0; Win64; x64) AppleWebKit/537.36 (KHTML, like Gecko) Chrome/59.0.3071.115 Safari/537.36"
::1 - - [27/Jul/2017:23:14:28 +0000] "GET /profile/myfiles HTTP/1.1" 200 5793 "-" "Mozilla/5.0 (Windows NT 10.0; Win64; x64) AppleWebKit/537.36 (KHTML, like Gecko) Chrome/59.0.3071.115 Safari/537.36"
::1 - - [27/Jul/2017:23:14:28 +0000] "DELETE /file/ssYns4fKg2 HTTP/1.1" - - "http://localhost:3000/profile/myfiles" "Mozilla/5.0 (Windows NT 10.0; Win64; x64) AppleWebKit/537.36 (KHTML, like Gecko) Chrome/59.0.3071.115 Safari/537.36"
::1 - - [27/Jul/2017:23:14:28 +0000] "GET /favicon.ico HTTP/1.1" 200 1475 "http://localhost:3000/profile/myfiles" "Mozilla/5.0 (Windows NT 10.0; Win64; x64) AppleWebKit/537.36 (KHTML, like Gecko) Chrome/59.0.3071.115 Safari/537.36"
::1 - - [27/Jul/2017:23:14:56 +0000] "GET / HTTP/1.1" 200 3568 "http://localhost:3000/profile/myfiles" "Mozilla/5.0 (Windows NT 10.0; Win64; x64) AppleWebKit/537.36 (KHTML, like Gecko) Chrome/59.0.3071.115 Safari/537.36"
::1 - - [27/Jul/2017:23:14:58 +0000] "POST /upload HTTP/1.1" 200 38 "http://localhost:3000/" "Mozilla/5.0 (Windows NT 10.0; Win64; x64) AppleWebKit/537.36 (KHTML, like Gecko) Chrome/59.0.3071.115 Safari/537.36"
::1 - - [27/Jul/2017:23:15:00 +0000] "GET /profile/myfiles HTTP/1.1" 200 5792 "-" "Mozilla/5.0 (Windows NT 10.0; Win64; x64) AppleWebKit/537.36 (KHTML, like Gecko) Chrome/59.0.3071.115 Safari/537.36"
::1 - - [27/Jul/2017:23:15:00 +0000] "GET /favicon.ico HTTP/1.1" 200 1475 "http://localhost:3000/profile/myfiles" "Mozilla/5.0 (Windows NT 10.0; Win64; x64) AppleWebKit/537.36 (KHTML, like Gecko) Chrome/59.0.3071.115 Safari/537.36"
::1 - - [27/Jul/2017:23:15:02 +0000] "DELETE /file/odKoTjpHkm HTTP/1.1" - - "http://localhost:3000/profile/myfiles" "Mozilla/5.0 (Windows NT 10.0; Win64; x64) AppleWebKit/537.36 (KHTML, like Gecko) Chrome/59.0.3071.115 Safari/537.36"
::1 - - [27/Jul/2017:23:15:02 +0000] "GET /profile/myfiles HTTP/1.1" 200 4998 "-" "Mozilla/5.0 (Windows NT 10.0; Win64; x64) AppleWebKit/537.36 (KHTML, like Gecko) Chrome/59.0.3071.115 Safari/537.36"
::1 - - [27/Jul/2017:23:15:02 +0000] "GET /favicon.ico HTTP/1.1" 200 1475 "http://localhost:3000/profile/myfiles" "Mozilla/5.0 (Windows NT 10.0; Win64; x64) AppleWebKit/537.36 (KHTML, like Gecko) Chrome/59.0.3071.115 Safari/537.36"
::1 - - [27/Jul/2017:23:16:05 +0000] "GET /profile/myfiles HTTP/1.1" 304 - "-" "Mozilla/5.0 (Windows NT 10.0; Win64; x64) AppleWebKit/537.36 (KHTML, like Gecko) Chrome/59.0.3071.115 Safari/537.36"
::1 - - [27/Jul/2017:23:16:05 +0000] "GET /favicon.ico HTTP/1.1" 200 1475 "http://localhost:3000/profile/myfiles" "Mozilla/5.0 (Windows NT 10.0; Win64; x64) AppleWebKit/537.36 (KHTML, like Gecko) Chrome/59.0.3071.115 Safari/537.36"
::1 - - [27/Jul/2017:23:16:07 +0000] "GET / HTTP/1.1" 200 3568 "http://localhost:3000/profile/myfiles" "Mozilla/5.0 (Windows NT 10.0; Win64; x64) AppleWebKit/537.36 (KHTML, like Gecko) Chrome/59.0.3071.115 Safari/537.36"
::1 - - [27/Jul/2017:23:16:10 +0000] "POST /upload HTTP/1.1" 200 38 "http://localhost:3000/" "Mozilla/5.0 (Windows NT 10.0; Win64; x64) AppleWebKit/537.36 (KHTML, like Gecko) Chrome/59.0.3071.115 Safari/537.36"
::1 - - [27/Jul/2017:23:16:12 +0000] "GET /profile/myfiles HTTP/1.1" 200 5793 "-" "Mozilla/5.0 (Windows NT 10.0; Win64; x64) AppleWebKit/537.36 (KHTML, like Gecko) Chrome/59.0.3071.115 Safari/537.36"
::1 - - [27/Jul/2017:23:16:12 +0000] "GET /favicon.ico HTTP/1.1" 200 1475 "http://localhost:3000/profile/myfiles" "Mozilla/5.0 (Windows NT 10.0; Win64; x64) AppleWebKit/537.36 (KHTML, like Gecko) Chrome/59.0.3071.115 Safari/537.36"
::1 - - [27/Jul/2017:23:16:14 +0000] "GET /profile/myfiles HTTP/1.1" 200 4998 "-" "Mozilla/5.0 (Windows NT 10.0; Win64; x64) AppleWebKit/537.36 (KHTML, like Gecko) Chrome/59.0.3071.115 Safari/537.36"
::1 - - [27/Jul/2017:23:16:14 +0000] "DELETE /file/KcS7LrwZg4 HTTP/1.1" - - "http://localhost:3000/profile/myfiles" "Mozilla/5.0 (Windows NT 10.0; Win64; x64) AppleWebKit/537.36 (KHTML, like Gecko) Chrome/59.0.3071.115 Safari/537.36"
::1 - - [27/Jul/2017:23:16:14 +0000] "GET /favicon.ico HTTP/1.1" 200 1475 "http://localhost:3000/profile/myfiles" "Mozilla/5.0 (Windows NT 10.0; Win64; x64) AppleWebKit/537.36 (KHTML, like Gecko) Chrome/59.0.3071.115 Safari/537.36"
::1 - - [27/Jul/2017:23:16:39 +0000] "GET /profile HTTP/1.1" 200 3361 "http://localhost:3000/profile" "Mozilla/5.0 (Windows NT 10.0; Win64; x64) AppleWebKit/537.36 (KHTML, like Gecko) Chrome/59.0.3071.115 Safari/537.36"
::1 - - [27/Jul/2017:23:16:39 +0000] "GET /favicon.ico HTTP/1.1" 200 1475 "http://localhost:3000/profile" "Mozilla/5.0 (Windows NT 10.0; Win64; x64) AppleWebKit/537.36 (KHTML, like Gecko) Chrome/59.0.3071.115 Safari/537.36"
::1 - - [27/Jul/2017:23:16:41 +0000] "GET /profile/myfiles HTTP/1.1" 304 - "-" "Mozilla/5.0 (Windows NT 10.0; Win64; x64) AppleWebKit/537.36 (KHTML, like Gecko) Chrome/59.0.3071.115 Safari/537.36"
::1 - - [27/Jul/2017:23:16:41 +0000] "GET /favicon.ico HTTP/1.1" 200 1475 "http://localhost:3000/profile/myfiles" "Mozilla/5.0 (Windows NT 10.0; Win64; x64) AppleWebKit/537.36 (KHTML, like Gecko) Chrome/59.0.3071.115 Safari/537.36"
::1 - - [27/Jul/2017:23:17:31 +0000] "GET /profile/myfiles HTTP/1.1" 304 - "-" "Mozilla/5.0 (Windows NT 10.0; Win64; x64) AppleWebKit/537.36 (KHTML, like Gecko) Chrome/59.0.3071.115 Safari/537.36"
::1 - - [27/Jul/2017:23:17:31 +0000] "GET /favicon.ico HTTP/1.1" 200 1475 "http://localhost:3000/profile/myfiles" "Mozilla/5.0 (Windows NT 10.0; Win64; x64) AppleWebKit/537.36 (KHTML, like Gecko) Chrome/59.0.3071.115 Safari/537.36"
::1 - - [27/Jul/2017:23:17:46 +0000] "GET /profile/myfiles HTTP/1.1" 304 - "-" "Mozilla/5.0 (Windows NT 10.0; Win64; x64) AppleWebKit/537.36 (KHTML, like Gecko) Chrome/59.0.3071.115 Safari/537.36"
::1 - - [27/Jul/2017:23:17:46 +0000] "GET /favicon.ico HTTP/1.1" 200 1475 "http://localhost:3000/profile/myfiles" "Mozilla/5.0 (Windows NT 10.0; Win64; x64) AppleWebKit/537.36 (KHTML, like Gecko) Chrome/59.0.3071.115 Safari/537.36"
::1 - - [27/Jul/2017:23:17:47 +0000] "GET / HTTP/1.1" 200 3568 "http://localhost:3000/profile/myfiles" "Mozilla/5.0 (Windows NT 10.0; Win64; x64) AppleWebKit/537.36 (KHTML, like Gecko) Chrome/59.0.3071.115 Safari/537.36"
::1 - - [27/Jul/2017:23:17:49 +0000] "POST /upload HTTP/1.1" 200 38 "http://localhost:3000/" "Mozilla/5.0 (Windows NT 10.0; Win64; x64) AppleWebKit/537.36 (KHTML, like Gecko) Chrome/59.0.3071.115 Safari/537.36"
::1 - - [27/Jul/2017:23:17:52 +0000] "GET /profile/myfiles HTTP/1.1" 200 5792 "-" "Mozilla/5.0 (Windows NT 10.0; Win64; x64) AppleWebKit/537.36 (KHTML, like Gecko) Chrome/59.0.3071.115 Safari/537.36"
::1 - - [27/Jul/2017:23:17:53 +0000] "GET /favicon.ico HTTP/1.1" 200 1475 "http://localhost:3000/profile/myfiles" "Mozilla/5.0 (Windows NT 10.0; Win64; x64) AppleWebKit/537.36 (KHTML, like Gecko) Chrome/59.0.3071.115 Safari/537.36"
::1 - - [27/Jul/2017:23:18:05 +0000] "DELETE /file/QUQvAsjIDj HTTP/1.1" - - "http://localhost:3000/profile/myfiles" "Mozilla/5.0 (Windows NT 10.0; Win64; x64) AppleWebKit/537.36 (KHTML, like Gecko) Chrome/59.0.3071.115 Safari/537.36"
::1 - - [27/Jul/2017:23:18:05 +0000] "GET /profile/myfiles HTTP/1.1" 200 4998 "-" "Mozilla/5.0 (Windows NT 10.0; Win64; x64) AppleWebKit/537.36 (KHTML, like Gecko) Chrome/59.0.3071.115 Safari/537.36"
::1 - - [27/Jul/2017:23:18:05 +0000] "GET /favicon.ico HTTP/1.1" 200 1475 "http://localhost:3000/profile/myfiles" "Mozilla/5.0 (Windows NT 10.0; Win64; x64) AppleWebKit/537.36 (KHTML, like Gecko) Chrome/59.0.3071.115 Safari/537.36"
::1 - - [27/Jul/2017:23:20:42 +0000] "GET /profile/myfiles HTTP/1.1" 304 - "-" "Mozilla/5.0 (Windows NT 10.0; Win64; x64) AppleWebKit/537.36 (KHTML, like Gecko) Chrome/59.0.3071.115 Safari/537.36"
::1 - - [27/Jul/2017:23:20:42 +0000] "GET /favicon.ico HTTP/1.1" 200 1475 "http://localhost:3000/profile/myfiles" "Mozilla/5.0 (Windows NT 10.0; Win64; x64) AppleWebKit/537.36 (KHTML, like Gecko) Chrome/59.0.3071.115 Safari/537.36"
::1 - - [27/Jul/2017:23:20:42 +0000] "GET / HTTP/1.1" 200 3567 "http://localhost:3000/profile/myfiles" "Mozilla/5.0 (Windows NT 10.0; Win64; x64) AppleWebKit/537.36 (KHTML, like Gecko) Chrome/59.0.3071.115 Safari/537.36"
::1 - - [27/Jul/2017:23:20:50 +0000] "POST /upload HTTP/1.1" 200 38 "http://localhost:3000/" "Mozilla/5.0 (Windows NT 10.0; Win64; x64) AppleWebKit/537.36 (KHTML, like Gecko) Chrome/59.0.3071.115 Safari/537.36"
::1 - - [27/Jul/2017:23:20:56 +0000] "GET /profile/myfiles HTTP/1.1" 200 5814 "-" "Mozilla/5.0 (Windows NT 10.0; Win64; x64) AppleWebKit/537.36 (KHTML, like Gecko) Chrome/59.0.3071.115 Safari/537.36"
::1 - - [27/Jul/2017:23:20:56 +0000] "GET /favicon.ico HTTP/1.1" 200 1475 "http://localhost:3000/profile/myfiles" "Mozilla/5.0 (Windows NT 10.0; Win64; x64) AppleWebKit/537.36 (KHTML, like Gecko) Chrome/59.0.3071.115 Safari/537.36"
::1 - - [27/Jul/2017:23:20:58 +0000] "DELETE /file/wYP16Vk2yd HTTP/1.1" 200 6 "http://localhost:3000/profile/myfiles" "Mozilla/5.0 (Windows NT 10.0; Win64; x64) AppleWebKit/537.36 (KHTML, like Gecko) Chrome/59.0.3071.115 Safari/537.36"
::1 - - [27/Jul/2017:23:21:54 +0000] "GET / HTTP/1.1" 200 3567 "http://localhost:3000/profile/myfiles" "Mozilla/5.0 (Windows NT 10.0; Win64; x64) AppleWebKit/537.36 (KHTML, like Gecko) Chrome/59.0.3071.115 Safari/537.36"
::1 - - [27/Jul/2017:23:22:00 +0000] "POST /upload HTTP/1.1" 200 38 "http://localhost:3000/" "Mozilla/5.0 (Windows NT 10.0; Win64; x64) AppleWebKit/537.36 (KHTML, like Gecko) Chrome/59.0.3071.115 Safari/537.36"
::ffff:127.0.0.1 - - [27/Jul/2017:23:22:02 +0000] "GET /profile/myfiles HTTP/1.1" 200 5805 "-" "Mozilla/5.0 (Windows NT 10.0; Win64; x64) AppleWebKit/537.36 (KHTML, like Gecko) Chrome/59.0.3071.115 Safari/537.36"
::ffff:127.0.0.1 - - [27/Jul/2017:23:22:03 +0000] "GET /favicon.ico HTTP/1.1" 200 1475 "http://localhost:3000/profile/myfiles" "Mozilla/5.0 (Windows NT 10.0; Win64; x64) AppleWebKit/537.36 (KHTML, like Gecko) Chrome/59.0.3071.115 Safari/537.36"
::ffff:127.0.0.1 - - [27/Jul/2017:23:22:03 +0000] "DELETE /file/syrMj3rho1 HTTP/1.1" 200 6 "http://localhost:3000/profile/myfiles" "Mozilla/5.0 (Windows NT 10.0; Win64; x64) AppleWebKit/537.36 (KHTML, like Gecko) Chrome/59.0.3071.115 Safari/537.36"
::1 - - [27/Jul/2017:23:26:09 +0000] "GET /profile/myfiles HTTP/1.1" 200 4998 "-" "Mozilla/5.0 (Windows NT 10.0; Win64; x64) AppleWebKit/537.36 (KHTML, like Gecko) Chrome/59.0.3071.115 Safari/537.36"
::1 - - [27/Jul/2017:23:26:09 +0000] "GET /favicon.ico HTTP/1.1" 200 1475 "http://localhost:3000/profile/myfiles" "Mozilla/5.0 (Windows NT 10.0; Win64; x64) AppleWebKit/537.36 (KHTML, like Gecko) Chrome/59.0.3071.115 Safari/537.36"
::1 - - [27/Jul/2017:23:26:10 +0000] "GET / HTTP/1.1" 200 3567 "http://localhost:3000/profile/myfiles" "Mozilla/5.0 (Windows NT 10.0; Win64; x64) AppleWebKit/537.36 (KHTML, like Gecko) Chrome/59.0.3071.115 Safari/537.36"
::1 - - [27/Jul/2017:23:26:13 +0000] "POST /upload HTTP/1.1" 200 38 "http://localhost:3000/" "Mozilla/5.0 (Windows NT 10.0; Win64; x64) AppleWebKit/537.36 (KHTML, like Gecko) Chrome/59.0.3071.115 Safari/537.36"
::ffff:127.0.0.1 - - [27/Jul/2017:23:26:16 +0000] "GET /profile/myfiles HTTP/1.1" 200 5792 "-" "Mozilla/5.0 (Windows NT 10.0; Win64; x64) AppleWebKit/537.36 (KHTML, like Gecko) Chrome/59.0.3071.115 Safari/537.36"
::ffff:127.0.0.1 - - [27/Jul/2017:23:26:16 +0000] "GET /favicon.ico HTTP/1.1" 200 1475 "http://localhost:3000/profile/myfiles" "Mozilla/5.0 (Windows NT 10.0; Win64; x64) AppleWebKit/537.36 (KHTML, like Gecko) Chrome/59.0.3071.115 Safari/537.36"
::ffff:127.0.0.1 - - [27/Jul/2017:23:26:17 +0000] "DELETE /file/bU7hbtTnYO HTTP/1.1" 200 37 "http://localhost:3000/profile/myfiles" "Mozilla/5.0 (Windows NT 10.0; Win64; x64) AppleWebKit/537.36 (KHTML, like Gecko) Chrome/59.0.3071.115 Safari/537.36"
::1 - - [27/Jul/2017:23:27:07 +0000] "GET / HTTP/1.1" 200 3568 "http://localhost:3000/profile/myfiles" "Mozilla/5.0 (Windows NT 10.0; Win64; x64) AppleWebKit/537.36 (KHTML, like Gecko) Chrome/59.0.3071.115 Safari/537.36"
::1 - - [27/Jul/2017:23:27:08 +0000] "GET / HTTP/1.1" 200 3567 "http://localhost:3000/profile/myfiles" "Mozilla/5.0 (Windows NT 10.0; Win64; x64) AppleWebKit/537.36 (KHTML, like Gecko) Chrome/59.0.3071.115 Safari/537.36"
::1 - - [27/Jul/2017:23:27:09 +0000] "GET /favicon.ico HTTP/1.1" 200 1475 "http://localhost:3000/" "Mozilla/5.0 (Windows NT 10.0; Win64; x64) AppleWebKit/537.36 (KHTML, like Gecko) Chrome/59.0.3071.115 Safari/537.36"
::1 - - [27/Jul/2017:23:27:13 +0000] "GET / HTTP/1.1" 200 3568 "http://localhost:3000/profile/myfiles" "Mozilla/5.0 (Windows NT 10.0; Win64; x64) AppleWebKit/537.36 (KHTML, like Gecko) Chrome/59.0.3071.115 Safari/537.36"
::1 - - [27/Jul/2017:23:27:13 +0000] "GET /favicon.ico HTTP/1.1" 200 1475 "http://localhost:3000/" "Mozilla/5.0 (Windows NT 10.0; Win64; x64) AppleWebKit/537.36 (KHTML, like Gecko) Chrome/59.0.3071.115 Safari/537.36"
::1 - - [27/Jul/2017:23:27:44 +0000] "GET /myfiles HTTP/1.1" 200 1789 "http://localhost:3000/" "Mozilla/5.0 (Windows NT 10.0; Win64; x64) AppleWebKit/537.36 (KHTML, like Gecko) Chrome/59.0.3071.115 Safari/537.36"
::1 - - [27/Jul/2017:23:27:58 +0000] "GET / HTTP/1.1" 200 3567 "http://localhost:3000/myfiles" "Mozilla/5.0 (Windows NT 10.0; Win64; x64) AppleWebKit/537.36 (KHTML, like Gecko) Chrome/59.0.3071.115 Safari/537.36"
::1 - - [27/Jul/2017:23:27:59 +0000] "GET / HTTP/1.1" 304 - "http://localhost:3000/" "Mozilla/5.0 (Windows NT 10.0; Win64; x64) AppleWebKit/537.36 (KHTML, like Gecko) Chrome/59.0.3071.115 Safari/537.36"
::1 - - [27/Jul/2017:23:28:00 +0000] "GET / HTTP/1.1" 304 - "http://localhost:3000/" "Mozilla/5.0 (Windows NT 10.0; Win64; x64) AppleWebKit/537.36 (KHTML, like Gecko) Chrome/59.0.3071.115 Safari/537.36"
::1 - - [27/Jul/2017:23:29:06 +0000] "GET /profile HTTP/1.1" 304 - "http://localhost:3000/" "Mozilla/5.0 (Windows NT 10.0; Win64; x64) AppleWebKit/537.36 (KHTML, like Gecko) Chrome/59.0.3071.115 Safari/537.36"
::1 - - [27/Jul/2017:23:29:09 +0000] "GET /profile HTTP/1.1" 304 - "http://localhost:3000/" "Mozilla/5.0 (Windows NT 10.0; Win64; x64) AppleWebKit/537.36 (KHTML, like Gecko) Chrome/59.0.3071.115 Safari/537.36"
::1 - - [27/Jul/2017:23:29:09 +0000] "GET /favicon.ico HTTP/1.1" 200 1475 "http://localhost:3000/profile" "Mozilla/5.0 (Windows NT 10.0; Win64; x64) AppleWebKit/537.36 (KHTML, like Gecko) Chrome/59.0.3071.115 Safari/537.36"
::1 - - [27/Jul/2017:23:31:36 +0000] "GET / HTTP/1.1" 200 3568 "http://localhost:3000/profile" "Mozilla/5.0 (Windows NT 10.0; Win64; x64) AppleWebKit/537.36 (KHTML, like Gecko) Chrome/59.0.3071.115 Safari/537.36"
::1 - - [27/Jul/2017:23:31:37 +0000] "GET /profile HTTP/1.1" 304 - "http://localhost:3000/" "Mozilla/5.0 (Windows NT 10.0; Win64; x64) AppleWebKit/537.36 (KHTML, like Gecko) Chrome/59.0.3071.115 Safari/537.36"
::1 - - [27/Jul/2017:23:31:39 +0000] "GET /myfiles HTTP/1.1" 200 1789 "http://localhost:3000/profile" "Mozilla/5.0 (Windows NT 10.0; Win64; x64) AppleWebKit/537.36 (KHTML, like Gecko) Chrome/59.0.3071.115 Safari/537.36"
::1 - - [27/Jul/2017:23:31:40 +0000] "GET / HTTP/1.1" 200 3567 "http://localhost:3000/myfiles" "Mozilla/5.0 (Windows NT 10.0; Win64; x64) AppleWebKit/537.36 (KHTML, like Gecko) Chrome/59.0.3071.115 Safari/537.36"
::1 - - [27/Jul/2017:23:31:47 +0000] "GET /profile HTTP/1.1" 304 - "http://localhost:3000/" "Mozilla/5.0 (Windows NT 10.0; Win64; x64) AppleWebKit/537.36 (KHTML, like Gecko) Chrome/59.0.3071.115 Safari/537.36"
::1 - - [27/Jul/2017:23:31:49 +0000] "GET /myfiles HTTP/1.1" 200 1789 "http://localhost:3000/profile" "Mozilla/5.0 (Windows NT 10.0; Win64; x64) AppleWebKit/537.36 (KHTML, like Gecko) Chrome/59.0.3071.115 Safari/537.36"
::1 - - [27/Jul/2017:23:31:53 +0000] "GET / HTTP/1.1" 304 - "http://localhost:3000/profile" "Mozilla/5.0 (Windows NT 10.0; Win64; x64) AppleWebKit/537.36 (KHTML, like Gecko) Chrome/59.0.3071.115 Safari/537.36"
::1 - - [27/Jul/2017:23:31:59 +0000] "POST /upload HTTP/1.1" 200 38 "http://localhost:3000/" "Mozilla/5.0 (Windows NT 10.0; Win64; x64) AppleWebKit/537.36 (KHTML, like Gecko) Chrome/59.0.3071.115 Safari/537.36"
::1 - - [27/Jul/2017:23:32:00 +0000] "GET /files/Bx7YEu7KkE HTTP/1.1" 200 1789 "http://localhost:3000/" "Mozilla/5.0 (Windows NT 10.0; Win64; x64) AppleWebKit/537.36 (KHTML, like Gecko) Chrome/59.0.3071.115 Safari/537.36"
::1 - - [27/Jul/2017:23:32:03 +0000] "GET /file/Bx7YEu7KkE HTTP/1.1" 200 6516 "-" "Mozilla/5.0 (Windows NT 10.0; Win64; x64) AppleWebKit/537.36 (KHTML, like Gecko) Chrome/59.0.3071.115 Safari/537.36"
::1 - - [27/Jul/2017:23:32:06 +0000] "GET /download/Bx7YEu7KkE HTTP/1.1" 200 - "http://localhost:3000/file/Bx7YEu7KkE" "Mozilla/5.0 (Windows NT 10.0; Win64; x64) AppleWebKit/537.36 (KHTML, like Gecko) Chrome/59.0.3071.115 Safari/537.36"
::1 - - [27/Jul/2017:23:32:46 +0000] "GET / HTTP/1.1" 200 3567 "http://localhost:3000/file/Bx7YEu7KkE" "Mozilla/5.0 (Windows NT 10.0; Win64; x64) AppleWebKit/537.36 (KHTML, like Gecko) Chrome/59.0.3071.115 Safari/537.36"
::1 - - [27/Jul/2017:23:32:49 +0000] "GET /help.html HTTP/1.1" 200 1790 "http://localhost:3000/" "Mozilla/5.0 (Windows NT 10.0; Win64; x64) AppleWebKit/537.36 (KHTML, like Gecko) Chrome/59.0.3071.115 Safari/537.36"
::1 - - [27/Jul/2017:23:32:59 +0000] "GET /profile HTTP/1.1" 200 4228 "http://localhost:3000/" "Mozilla/5.0 (Windows NT 10.0; Win64; x64) AppleWebKit/537.36 (KHTML, like Gecko) Chrome/59.0.3071.115 Safari/537.36"
::1 - - [27/Jul/2017:23:51:01 +0000] "GET / HTTP/1.1" 200 2874 "-" "Mozilla/5.0 (Windows NT 10.0; Win64; x64) AppleWebKit/537.36 (KHTML, like Gecko) Chrome/59.0.3071.115 Safari/537.36"
::1 - - [27/Jul/2017:23:51:03 +0000] "GET /login.html HTTP/1.1" 200 1097 "http://localhost:3000/" "Mozilla/5.0 (Windows NT 10.0; Win64; x64) AppleWebKit/537.36 (KHTML, like Gecko) Chrome/59.0.3071.115 Safari/537.36"
::1 - - [27/Jul/2017:23:51:06 +0000] "GET /login HTTP/1.1" 200 3445 "-" "Mozilla/5.0 (Windows NT 10.0; Win64; x64) AppleWebKit/537.36 (KHTML, like Gecko) Chrome/59.0.3071.115 Safari/537.36"
::1 - - [27/Jul/2017:23:51:09 +0000] "POST /login HTTP/1.1" 302 46 "http://localhost:3000/login" "Mozilla/5.0 (Windows NT 10.0; Win64; x64) AppleWebKit/537.36 (KHTML, like Gecko) Chrome/59.0.3071.115 Safari/537.36"
::1 - - [27/Jul/2017:23:51:09 +0000] "GET / HTTP/1.1" 200 3568 "http://localhost:3000/login" "Mozilla/5.0 (Windows NT 10.0; Win64; x64) AppleWebKit/537.36 (KHTML, like Gecko) Chrome/59.0.3071.115 Safari/537.36"
::1 - - [27/Jul/2017:23:51:18 +0000] "POST /upload HTTP/1.1" 200 38 "http://localhost:3000/" "Mozilla/5.0 (Windows NT 10.0; Win64; x64) AppleWebKit/537.36 (KHTML, like Gecko) Chrome/59.0.3071.115 Safari/537.36"
::1 - - [27/Jul/2017:23:51:19 +0000] "GET /login HTTP/1.1" 302 46 "-" "Mozilla/5.0 (Windows NT 10.0; Win64; x64) AppleWebKit/537.36 (KHTML, like Gecko) Chrome/59.0.3071.115 Safari/537.36"
::1 - - [27/Jul/2017:23:51:25 +0000] "GET /profile/myfiles HTTP/1.1" 200 6591 "-" "Mozilla/5.0 (Windows NT 10.0; Win64; x64) AppleWebKit/537.36 (KHTML, like Gecko) Chrome/59.0.3071.115 Safari/537.36"
::1 - - [27/Jul/2017:23:51:28 +0000] "GET /profile/myfiles HTTP/1.1" 304 - "-" "Mozilla/5.0 (Windows NT 10.0; Win64; x64) AppleWebKit/537.36 (KHTML, like Gecko) Chrome/59.0.3071.115 Safari/537.36"
::1 - - [27/Jul/2017:23:51:28 +0000] "GET /favicon.ico HTTP/1.1" 200 1475 "http://localhost:3000/profile/myfiles" "Mozilla/5.0 (Windows NT 10.0; Win64; x64) AppleWebKit/537.36 (KHTML, like Gecko) Chrome/59.0.3071.115 Safari/537.36"
::1 - - [27/Jul/2017:23:51:35 +0000] "DELETE /file/PbciqvoKQg HTTP/1.1" 200 37 "http://localhost:3000/profile/myfiles" "Mozilla/5.0 (Windows NT 10.0; Win64; x64) AppleWebKit/537.36 (KHTML, like Gecko) Chrome/59.0.3071.115 Safari/537.36"
::1 - - [27/Jul/2017:23:51:39 +0000] "GET /profile/myfiles HTTP/1.1" 200 5797 "-" "Mozilla/5.0 (Windows NT 10.0; Win64; x64) AppleWebKit/537.36 (KHTML, like Gecko) Chrome/59.0.3071.115 Safari/537.36"
::1 - - [27/Jul/2017:23:51:39 +0000] "GET /favicon.ico HTTP/1.1" 200 1475 "http://localhost:3000/profile/myfiles" "Mozilla/5.0 (Windows NT 10.0; Win64; x64) AppleWebKit/537.36 (KHTML, like Gecko) Chrome/59.0.3071.115 Safari/537.36"
::1 - - [27/Jul/2017:23:51:52 +0000] "GET /profile/myfiles HTTP/1.1" 304 - "-" "Mozilla/5.0 (Windows NT 10.0; Win64; x64) AppleWebKit/537.36 (KHTML, like Gecko) Chrome/59.0.3071.115 Safari/537.36"
::1 - - [27/Jul/2017:23:51:52 +0000] "DELETE /file/Bx7YEu7KkE HTTP/1.1" - - "http://localhost:3000/profile/myfiles" "Mozilla/5.0 (Windows NT 10.0; Win64; x64) AppleWebKit/537.36 (KHTML, like Gecko) Chrome/59.0.3071.115 Safari/537.36"
::1 - - [27/Jul/2017:23:51:52 +0000] "GET /favicon.ico HTTP/1.1" 200 1475 "http://localhost:3000/profile/myfiles" "Mozilla/5.0 (Windows NT 10.0; Win64; x64) AppleWebKit/537.36 (KHTML, like Gecko) Chrome/59.0.3071.115 Safari/537.36"
::1 - - [27/Jul/2017:23:51:55 +0000] "GET /profile HTTP/1.1" 304 - "http://localhost:3000/profile/myfiles" "Mozilla/5.0 (Windows NT 10.0; Win64; x64) AppleWebKit/537.36 (KHTML, like Gecko) Chrome/59.0.3071.115 Safari/537.36"
::1 - - [27/Jul/2017:23:51:59 +0000] "GET /files/Bx7YEu7KkE HTTP/1.1" 200 1790 "http://localhost:3000/profile" "Mozilla/5.0 (Windows NT 10.0; Win64; x64) AppleWebKit/537.36 (KHTML, like Gecko) Chrome/59.0.3071.115 Safari/537.36"
::1 - - [27/Jul/2017:23:52:02 +0000] "GET /file/Bx7YEu7KkE HTTP/1.1" 200 6516 "-" "Mozilla/5.0 (Windows NT 10.0; Win64; x64) AppleWebKit/537.36 (KHTML, like Gecko) Chrome/59.0.3071.115 Safari/537.36"
::1 - - [27/Jul/2017:23:52:24 +0000] "GET /download/Bx7YEu7KkE HTTP/1.1" 500 - "http://localhost:3000/file/Bx7YEu7KkE" "Mozilla/5.0 (Windows NT 10.0; Win64; x64) AppleWebKit/537.36 (KHTML, like Gecko) Chrome/59.0.3071.115 Safari/537.36"
::1 - - [27/Jul/2017:23:52:24 +0000] "GET /download/Bx7YEu7KkE HTTP/1.1" 500 - "http://localhost:3000/file/Bx7YEu7KkE" "Mozilla/5.0 (Windows NT 10.0; Win64; x64) AppleWebKit/537.36 (KHTML, like Gecko) Chrome/59.0.3071.115 Safari/537.36"
::1 - - [27/Jul/2017:23:52:24 +0000] "GET /download/Bx7YEu7KkE HTTP/1.1" 500 - "-" "Mozilla/5.0 (Windows NT 10.0; Win64; x64) AppleWebKit/537.36 (KHTML, like Gecko) Chrome/59.0.3071.115 Safari/537.36"
::1 - - [27/Jul/2017:23:53:37 +0000] "GET /profile/myfiles HTTP/1.1" 200 4998 "-" "Mozilla/5.0 (Windows NT 10.0; Win64; x64) AppleWebKit/537.36 (KHTML, like Gecko) Chrome/59.0.3071.115 Safari/537.36"
::1 - - [27/Jul/2017:23:53:37 +0000] "DELETE /file/Bx7YEu7KkE HTTP/1.1" - - "http://localhost:3000/profile/myfiles" "Mozilla/5.0 (Windows NT 10.0; Win64; x64) AppleWebKit/537.36 (KHTML, like Gecko) Chrome/59.0.3071.115 Safari/537.36"
::1 - - [27/Jul/2017:23:53:37 +0000] "GET /favicon.ico HTTP/1.1" 200 1475 "http://localhost:3000/profile/myfiles" "Mozilla/5.0 (Windows NT 10.0; Win64; x64) AppleWebKit/537.36 (KHTML, like Gecko) Chrome/59.0.3071.115 Safari/537.36"
::1 - - [27/Jul/2017:23:53:38 +0000] "GET / HTTP/1.1" 200 3567 "http://localhost:3000/profile/myfiles" "Mozilla/5.0 (Windows NT 10.0; Win64; x64) AppleWebKit/537.36 (KHTML, like Gecko) Chrome/59.0.3071.115 Safari/537.36"
::1 - - [27/Jul/2017:23:53:47 +0000] "POST /upload HTTP/1.1" 200 38 "http://localhost:3000/" "Mozilla/5.0 (Windows NT 10.0; Win64; x64) AppleWebKit/537.36 (KHTML, like Gecko) Chrome/59.0.3071.115 Safari/537.36"
::1 - - [27/Jul/2017:23:53:49 +0000] "GET /profile/myfiles HTTP/1.1" 200 5795 "-" "Mozilla/5.0 (Windows NT 10.0; Win64; x64) AppleWebKit/537.36 (KHTML, like Gecko) Chrome/59.0.3071.115 Safari/537.36"
::1 - - [27/Jul/2017:23:53:49 +0000] "GET /favicon.ico HTTP/1.1" 200 1475 "http://localhost:3000/profile/myfiles" "Mozilla/5.0 (Windows NT 10.0; Win64; x64) AppleWebKit/537.36 (KHTML, like Gecko) Chrome/59.0.3071.115 Safari/537.36"
::1 - - [27/Jul/2017:23:53:50 +0000] "DELETE /file/wlxMCIr0Ug HTTP/1.1" 200 37 "http://localhost:3000/profile/myfiles" "Mozilla/5.0 (Windows NT 10.0; Win64; x64) AppleWebKit/537.36 (KHTML, like Gecko) Chrome/59.0.3071.115 Safari/537.36"
::1 - - [27/Jul/2017:23:53:52 +0000] "GET /profile/myfiles HTTP/1.1" 200 4998 "-" "Mozilla/5.0 (Windows NT 10.0; Win64; x64) AppleWebKit/537.36 (KHTML, like Gecko) Chrome/59.0.3071.115 Safari/537.36"
::1 - - [27/Jul/2017:23:53:53 +0000] "GET /favicon.ico HTTP/1.1" 200 1475 "http://localhost:3000/profile/myfiles" "Mozilla/5.0 (Windows NT 10.0; Win64; x64) AppleWebKit/537.36 (KHTML, like Gecko) Chrome/59.0.3071.115 Safari/537.36"
::1 - - [27/Jul/2017:23:54:44 +0000] "GET / HTTP/1.1" 200 3567 "http://localhost:3000/profile/myfiles" "Mozilla/5.0 (Windows NT 10.0; Win64; x64) AppleWebKit/537.36 (KHTML, like Gecko) Chrome/59.0.3071.115 Safari/537.36"
::1 - - [27/Jul/2017:23:54:52 +0000] "POST /upload HTTP/1.1" 200 38 "http://localhost:3000/" "Mozilla/5.0 (Windows NT 10.0; Win64; x64) AppleWebKit/537.36 (KHTML, like Gecko) Chrome/59.0.3071.115 Safari/537.36"
::1 - - [27/Jul/2017:23:54:55 +0000] "GET /profile/myfiles HTTP/1.1" 200 5797 "-" "Mozilla/5.0 (Windows NT 10.0; Win64; x64) AppleWebKit/537.36 (KHTML, like Gecko) Chrome/59.0.3071.115 Safari/537.36"
::1 - - [27/Jul/2017:23:54:55 +0000] "GET /favicon.ico HTTP/1.1" 200 1475 "http://localhost:3000/profile/myfiles" "Mozilla/5.0 (Windows NT 10.0; Win64; x64) AppleWebKit/537.36 (KHTML, like Gecko) Chrome/59.0.3071.115 Safari/537.36"
::1 - - [27/Jul/2017:23:54:57 +0000] "DELETE /file/CkM4jpmB7d HTTP/1.1" 200 37 "http://localhost:3000/profile/myfiles" "Mozilla/5.0 (Windows NT 10.0; Win64; x64) AppleWebKit/537.36 (KHTML, like Gecko) Chrome/59.0.3071.115 Safari/537.36"
::1 - - [27/Jul/2017:23:55:00 +0000] "GET /profile/myfiles HTTP/1.1" 200 4998 "-" "Mozilla/5.0 (Windows NT 10.0; Win64; x64) AppleWebKit/537.36 (KHTML, like Gecko) Chrome/59.0.3071.115 Safari/537.36"
::1 - - [27/Jul/2017:23:55:00 +0000] "GET /favicon.ico HTTP/1.1" 200 1475 "http://localhost:3000/profile/myfiles" "Mozilla/5.0 (Windows NT 10.0; Win64; x64) AppleWebKit/537.36 (KHTML, like Gecko) Chrome/59.0.3071.115 Safari/537.36"
::1 - - [27/Jul/2017:23:55:01 +0000] "GET / HTTP/1.1" 304 - "http://localhost:3000/profile/myfiles" "Mozilla/5.0 (Windows NT 10.0; Win64; x64) AppleWebKit/537.36 (KHTML, like Gecko) Chrome/59.0.3071.115 Safari/537.36"
::1 - - [27/Jul/2017:23:57:05 +0000] "GET /search/nfriends?person=ad HTTP/1.1" 200 1789 "http://localhost:3000/" "Mozilla/5.0 (Windows NT 10.0; Win64; x64) AppleWebKit/537.36 (KHTML, like Gecko) Chrome/59.0.3071.115 Safari/537.36"
::1 - - [27/Jul/2017:23:57:07 +0000] "GET /profile HTTP/1.1" 200 3361 "http://localhost:3000/search/nfriends?person=ad" "Mozilla/5.0 (Windows NT 10.0; Win64; x64) AppleWebKit/537.36 (KHTML, like Gecko) Chrome/59.0.3071.115 Safari/537.36"
::1 - - [27/Jul/2017:23:57:08 +0000] "GET /sfriends?person=ad HTTP/1.1" 200 1789 "http://localhost:3000/profile" "Mozilla/5.0 (Windows NT 10.0; Win64; x64) AppleWebKit/537.36 (KHTML, like Gecko) Chrome/59.0.3071.115 Safari/537.36"
::1 - - [27/Jul/2017:23:57:17 +0000] "GET /search/sfriends?person=ad HTTP/1.1" 200 1789 "-" "Mozilla/5.0 (Windows NT 10.0; Win64; x64) AppleWebKit/537.36 (KHTML, like Gecko) Chrome/59.0.3071.115 Safari/537.36"
::1 - - [27/Jul/2017:23:57:23 +0000] "GET /sfriends?person=ad HTTP/1.1" 200 1790 "-" "Mozilla/5.0 (Windows NT 10.0; Win64; x64) AppleWebKit/537.36 (KHTML, like Gecko) Chrome/59.0.3071.115 Safari/537.36"
::1 - - [27/Jul/2017:23:57:25 +0000] "GET /profile HTTP/1.1" 304 - "http://localhost:3000/sfriends?person=ad" "Mozilla/5.0 (Windows NT 10.0; Win64; x64) AppleWebKit/537.36 (KHTML, like Gecko) Chrome/59.0.3071.115 Safari/537.36"
::1 - - [27/Jul/2017:23:57:26 +0000] "GET /myfiles HTTP/1.1" 200 1790 "http://localhost:3000/profile" "Mozilla/5.0 (Windows NT 10.0; Win64; x64) AppleWebKit/537.36 (KHTML, like Gecko) Chrome/59.0.3071.115 Safari/537.36"
::1 - - [27/Jul/2017:23:57:29 +0000] "GET /search/nfriends?person=s HTTP/1.1" 200 1789 "http://localhost:3000/myfiles" "Mozilla/5.0 (Windows NT 10.0; Win64; x64) AppleWebKit/537.36 (KHTML, like Gecko) Chrome/59.0.3071.115 Safari/537.36"
::1 - - [27/Jul/2017:23:57:35 +0000] "GET /search/search/nfriends?person=admin HTTP/1.1" 200 2681 "http://localhost:3000/search/nfriends?person=s" "Mozilla/5.0 (Windows NT 10.0; Win64; x64) AppleWebKit/537.36 (KHTML, like Gecko) Chrome/59.0.3071.115 Safari/537.36"
::1 - - [27/Jul/2017:23:57:53 +0000] "GET /person/admin HTTP/1.1" 200 2712 "http://localhost:3000/search/search/nfriends?person=admin" "Mozilla/5.0 (Windows NT 10.0; Win64; x64) AppleWebKit/537.36 (KHTML, like Gecko) Chrome/59.0.3071.115 Safari/537.36"
::1 - - [28/Jul/2017:00:24:35 +0000] "GET / HTTP/1.1" 200 3567 "http://localhost:3000/person/admin" "Mozilla/5.0 (Windows NT 10.0; Win64; x64) AppleWebKit/537.36 (KHTML, like Gecko) Chrome/59.0.3071.115 Safari/537.36"
::1 - - [28/Jul/2017:00:24:37 +0000] "GET /profile HTTP/1.1" 304 - "http://localhost:3000/" "Mozilla/5.0 (Windows NT 10.0; Win64; x64) AppleWebKit/537.36 (KHTML, like Gecko) Chrome/59.0.3071.115 Safari/537.36"
::1 - - [28/Jul/2017:00:24:39 +0000] "GET /myfiles HTTP/1.1" 200 1790 "http://localhost:3000/profile" "Mozilla/5.0 (Windows NT 10.0; Win64; x64) AppleWebKit/537.36 (KHTML, like Gecko) Chrome/59.0.3071.115 Safari/537.36"
