::1 - - [15/Jul/2017:22:55:15 +0000] "GET / HTTP/1.1" 200 2875 "http://localhost:3000/register.html" "Mozilla/5.0 (Windows NT 10.0; Win64; x64) AppleWebKit/537.36 (KHTML, like Gecko) Chrome/59.0.3071.115 Safari/537.36"
::1 - - [15/Jul/2017:22:55:15 +0000] "GET /favicon.ico HTTP/1.1" 200 1097 "http://localhost:3000/" "Mozilla/5.0 (Windows NT 10.0; Win64; x64) AppleWebKit/537.36 (KHTML, like Gecko) Chrome/59.0.3071.115 Safari/537.36"
::1 - - [15/Jul/2017:23:27:23 +0000] "GET / HTTP/1.1" 200 2874 "http://localhost:3000/" "Mozilla/5.0 (Windows NT 10.0; Win64; x64) AppleWebKit/537.36 (KHTML, like Gecko) Chrome/59.0.3071.115 Safari/537.36"
::1 - - [15/Jul/2017:23:27:24 +0000] "GET /favicon.ico HTTP/1.1" 200 1096 "http://localhost:3000/" "Mozilla/5.0 (Windows NT 10.0; Win64; x64) AppleWebKit/537.36 (KHTML, like Gecko) Chrome/59.0.3071.115 Safari/537.36"
::1 - - [15/Jul/2017:23:27:25 +0000] "GET / HTTP/1.1" 200 2874 "http://localhost:3000/" "Mozilla/5.0 (Windows NT 10.0; Win64; x64) AppleWebKit/537.36 (KHTML, like Gecko) Chrome/59.0.3071.115 Safari/537.36"
::1 - - [15/Jul/2017:23:27:25 +0000] "GET /favicon.ico HTTP/1.1" 200 1096 "http://localhost:3000/" "Mozilla/5.0 (Windows NT 10.0; Win64; x64) AppleWebKit/537.36 (KHTML, like Gecko) Chrome/59.0.3071.115 Safari/537.36"
::1 - - [15/Jul/2017:23:27:39 +0000] "GET /login.html HTTP/1.1" 304 - "http://localhost:3000/" "Mozilla/5.0 (Windows NT 10.0; Win64; x64) AppleWebKit/537.36 (KHTML, like Gecko) Chrome/59.0.3071.115 Safari/537.36"
::1 - - [15/Jul/2017:23:27:39 +0000] "GET /favicon.ico HTTP/1.1" 200 1096 "http://localhost:3000/login.html" "Mozilla/5.0 (Windows NT 10.0; Win64; x64) AppleWebKit/537.36 (KHTML, like Gecko) Chrome/59.0.3071.115 Safari/537.36"
::1 - - [15/Jul/2017:23:27:41 +0000] "GET /favicon.ico HTTP/1.1" 200 1096 "http://localhost:3000/" "Mozilla/5.0 (Windows NT 10.0; Win64; x64) AppleWebKit/537.36 (KHTML, like Gecko) Chrome/59.0.3071.115 Safari/537.36"
::1 - - [15/Jul/2017:23:28:11 +0000] "GET /register.html HTTP/1.1" 304 - "http://localhost:3000/" "Mozilla/5.0 (Windows NT 10.0; Win64; x64) AppleWebKit/537.36 (KHTML, like Gecko) Chrome/59.0.3071.115 Safari/537.36"
::1 - - [15/Jul/2017:23:28:11 +0000] "GET /favicon.ico HTTP/1.1" 200 1097 "http://localhost:3000/register.html" "Mozilla/5.0 (Windows NT 10.0; Win64; x64) AppleWebKit/537.36 (KHTML, like Gecko) Chrome/59.0.3071.115 Safari/537.36"
::1 - - [15/Jul/2017:23:28:47 +0000] "GET /login.html HTTP/1.1" 304 - "http://localhost:3000/register.html" "Mozilla/5.0 (Windows NT 10.0; Win64; x64) AppleWebKit/537.36 (KHTML, like Gecko) Chrome/59.0.3071.115 Safari/537.36"
::1 - - [15/Jul/2017:23:28:48 +0000] "GET /favicon.ico HTTP/1.1" 200 1097 "http://localhost:3000/login.html" "Mozilla/5.0 (Windows NT 10.0; Win64; x64) AppleWebKit/537.36 (KHTML, like Gecko) Chrome/59.0.3071.115 Safari/537.36"
::1 - - [15/Jul/2017:23:28:53 +0000] "POST /login HTTP/1.1" 302 46 "http://localhost:3000/login.html" "Mozilla/5.0 (Windows NT 10.0; Win64; x64) AppleWebKit/537.36 (KHTML, like Gecko) Chrome/59.0.3071.115 Safari/537.36"
::1 - - [15/Jul/2017:23:28:53 +0000] "GET / HTTP/1.1" 200 3183 "http://localhost:3000/login.html" "Mozilla/5.0 (Windows NT 10.0; Win64; x64) AppleWebKit/537.36 (KHTML, like Gecko) Chrome/59.0.3071.115 Safari/537.36"
::1 - - [15/Jul/2017:23:28:54 +0000] "GET /favicon.ico HTTP/1.1" 200 1405 "http://localhost:3000/" "Mozilla/5.0 (Windows NT 10.0; Win64; x64) AppleWebKit/537.36 (KHTML, like Gecko) Chrome/59.0.3071.115 Safari/537.36"
::1 - - [15/Jul/2017:23:28:56 +0000] "GET /profile HTTP/1.1" 304 - "http://localhost:3000/" "Mozilla/5.0 (Windows NT 10.0; Win64; x64) AppleWebKit/537.36 (KHTML, like Gecko) Chrome/59.0.3071.115 Safari/537.36"
::1 - - [15/Jul/2017:23:28:56 +0000] "GET /favicon.ico HTTP/1.1" 200 1404 "http://localhost:3000/profile" "Mozilla/5.0 (Windows NT 10.0; Win64; x64) AppleWebKit/537.36 (KHTML, like Gecko) Chrome/59.0.3071.115 Safari/537.36"
::1 - - [15/Jul/2017:23:32:09 +0000] "GET / HTTP/1.1" 200 3182 "http://localhost:3000/profile" "Mozilla/5.0 (Windows NT 10.0; Win64; x64) AppleWebKit/537.36 (KHTML, like Gecko) Chrome/59.0.3071.115 Safari/537.36"
::1 - - [15/Jul/2017:23:32:09 +0000] "GET /favicon.ico HTTP/1.1" 200 1405 "http://localhost:3000/" "Mozilla/5.0 (Windows NT 10.0; Win64; x64) AppleWebKit/537.36 (KHTML, like Gecko) Chrome/59.0.3071.115 Safari/537.36"
::1 - - [15/Jul/2017:23:34:16 +0000] "GET / HTTP/1.1" 200 3182 "http://localhost:3000/profile" "Mozilla/5.0 (Windows NT 10.0; Win64; x64) AppleWebKit/537.36 (KHTML, like Gecko) Chrome/59.0.3071.115 Safari/537.36"
::1 - - [15/Jul/2017:23:34:16 +0000] "GET /favicon.ico HTTP/1.1" 200 1405 "http://localhost:3000/" "Mozilla/5.0 (Windows NT 10.0; Win64; x64) AppleWebKit/537.36 (KHTML, like Gecko) Chrome/59.0.3071.115 Safari/537.36"
::ffff:127.0.0.1 - - [15/Jul/2017:23:56:45 +0000] "GET / HTTP/1.1" 200 3182 "-" "Mozilla/5.0 (Windows NT 10.0; Win64; x64) AppleWebKit/537.36 (KHTML, like Gecko) Chrome/59.0.3071.115 Safari/537.36"
::1 - - [15/Jul/2017:23:56:45 +0000] "GET /favicon.ico HTTP/1.1" 200 1405 "http://localhost:3000/" "Mozilla/5.0 (Windows NT 10.0; Win64; x64) AppleWebKit/537.36 (KHTML, like Gecko) Chrome/59.0.3071.115 Safari/537.36"
::1 - - [15/Jul/2017:23:56:48 +0000] "GET /profile HTTP/1.1" 200 5442 "http://localhost:3000/" "Mozilla/5.0 (Windows NT 10.0; Win64; x64) AppleWebKit/537.36 (KHTML, like Gecko) Chrome/59.0.3071.115 Safari/537.36"
::1 - - [15/Jul/2017:23:56:48 +0000] "GET /favicon.ico HTTP/1.1" 200 1404 "http://localhost:3000/profile" "Mozilla/5.0 (Windows NT 10.0; Win64; x64) AppleWebKit/537.36 (KHTML, like Gecko) Chrome/59.0.3071.115 Safari/537.36"
::1 - - [15/Jul/2017:23:57:16 +0000] "GET /profile HTTP/1.1" 200 5489 "http://localhost:3000/" "Mozilla/5.0 (Windows NT 10.0; Win64; x64) AppleWebKit/537.36 (KHTML, like Gecko) Chrome/59.0.3071.115 Safari/537.36"
::1 - - [15/Jul/2017:23:57:21 +0000] "GET /favicon.ico HTTP/1.1" 200 1405 "http://localhost:3000/profile" "Mozilla/5.0 (Windows NT 10.0; Win64; x64) AppleWebKit/537.36 (KHTML, like Gecko) Chrome/59.0.3071.115 Safari/537.36"
::1 - - [16/Jul/2017:00:06:25 +0000] "GET /profile HTTP/1.1" 200 5495 "http://localhost:3000/" "Mozilla/5.0 (Windows NT 10.0; Win64; x64) AppleWebKit/537.36 (KHTML, like Gecko) Chrome/59.0.3071.115 Safari/537.36"
::1 - - [16/Jul/2017:00:06:37 +0000] "GET /favicon.ico HTTP/1.1" 200 1404 "http://localhost:3000/profile" "Mozilla/5.0 (Windows NT 10.0; Win64; x64) AppleWebKit/537.36 (KHTML, like Gecko) Chrome/59.0.3071.115 Safari/537.36"
::1 - - [16/Jul/2017:00:07:02 +0000] "GET /profile HTTP/1.1" 200 5480 "http://localhost:3000/" "Mozilla/5.0 (Windows NT 10.0; Win64; x64) AppleWebKit/537.36 (KHTML, like Gecko) Chrome/59.0.3071.115 Safari/537.36"
::1 - - [16/Jul/2017:00:07:02 +0000] "GET /favicon.ico HTTP/1.1" 200 1404 "http://localhost:3000/profile" "Mozilla/5.0 (Windows NT 10.0; Win64; x64) AppleWebKit/537.36 (KHTML, like Gecko) Chrome/59.0.3071.115 Safari/537.36"
::1 - - [16/Jul/2017:00:07:03 +0000] "GET /profile HTTP/1.1" 304 - "http://localhost:3000/" "Mozilla/5.0 (Windows NT 10.0; Win64; x64) AppleWebKit/537.36 (KHTML, like Gecko) Chrome/59.0.3071.115 Safari/537.36"
::1 - - [16/Jul/2017:00:07:03 +0000] "GET /favicon.ico HTTP/1.1" 200 1404 "http://localhost:3000/profile" "Mozilla/5.0 (Windows NT 10.0; Win64; x64) AppleWebKit/537.36 (KHTML, like Gecko) Chrome/59.0.3071.115 Safari/537.36"
::1 - - [16/Jul/2017:00:07:48 +0000] "GET /search?game=sdad HTTP/1.1" 200 1404 "http://localhost:3000/profile" "Mozilla/5.0 (Windows NT 10.0; Win64; x64) AppleWebKit/537.36 (KHTML, like Gecko) Chrome/59.0.3071.115 Safari/537.36"
::1 - - [16/Jul/2017:00:07:48 +0000] "GET /favicon.ico HTTP/1.1" 200 1404 "http://localhost:3000/search?game=sdad" "Mozilla/5.0 (Windows NT 10.0; Win64; x64) AppleWebKit/537.36 (KHTML, like Gecko) Chrome/59.0.3071.115 Safari/537.36"
::1 - - [16/Jul/2017:00:07:50 +0000] "GET /favicon.ico HTTP/1.1" 200 1405 "http://localhost:3000/profile" "Mozilla/5.0 (Windows NT 10.0; Win64; x64) AppleWebKit/537.36 (KHTML, like Gecko) Chrome/59.0.3071.115 Safari/537.36"
::1 - - [16/Jul/2017:00:07:53 +0000] "GET / HTTP/1.1" 200 3183 "http://localhost:3000/profile" "Mozilla/5.0 (Windows NT 10.0; Win64; x64) AppleWebKit/537.36 (KHTML, like Gecko) Chrome/59.0.3071.115 Safari/537.36"
::1 - - [16/Jul/2017:00:07:53 +0000] "GET /favicon.ico HTTP/1.1" 200 1404 "http://localhost:3000/" "Mozilla/5.0 (Windows NT 10.0; Win64; x64) AppleWebKit/537.36 (KHTML, like Gecko) Chrome/59.0.3071.115 Safari/537.36"
::1 - - [16/Jul/2017:00:58:23 +0000] "GET /profile HTTP/1.1" 304 - "http://localhost:3000/" "Mozilla/5.0 (Windows NT 10.0; Win64; x64) AppleWebKit/537.36 (KHTML, like Gecko) Chrome/59.0.3071.115 Safari/537.36"
::1 - - [16/Jul/2017:00:58:30 +0000] "GET /favicon.ico HTTP/1.1" 200 1404 "http://localhost:3000/profile" "Mozilla/5.0 (Windows NT 10.0; Win64; x64) AppleWebKit/537.36 (KHTML, like Gecko) Chrome/59.0.3071.115 Safari/537.36"
::1 - - [16/Jul/2017:00:59:14 +0000] "GET /myfiles HTTP/1.1" 200 2621 "http://localhost:3000/profile" "Mozilla/5.0 (Windows NT 10.0; Win64; x64) AppleWebKit/537.36 (KHTML, like Gecko) Chrome/59.0.3071.115 Safari/537.36"
::1 - - [16/Jul/2017:00:59:14 +0000] "GET /favicon.ico HTTP/1.1" 200 1405 "http://localhost:3000/myfiles" "Mozilla/5.0 (Windows NT 10.0; Win64; x64) AppleWebKit/537.36 (KHTML, like Gecko) Chrome/59.0.3071.115 Safari/537.36"
::1 - - [16/Jul/2017:00:59:17 +0000] "GET / HTTP/1.1" 200 3183 "http://localhost:3000/myfiles" "Mozilla/5.0 (Windows NT 10.0; Win64; x64) AppleWebKit/537.36 (KHTML, like Gecko) Chrome/59.0.3071.115 Safari/537.36"
::1 - - [16/Jul/2017:00:59:18 +0000] "GET /favicon.ico HTTP/1.1" 200 1405 "http://localhost:3000/" "Mozilla/5.0 (Windows NT 10.0; Win64; x64) AppleWebKit/537.36 (KHTML, like Gecko) Chrome/59.0.3071.115 Safari/537.36"
::1 - - [16/Jul/2017:00:59:19 +0000] "GET / HTTP/1.1" 200 3182 "http://localhost:3000/" "Mozilla/5.0 (Windows NT 10.0; Win64; x64) AppleWebKit/537.36 (KHTML, like Gecko) Chrome/59.0.3071.115 Safari/537.36"
::1 - - [16/Jul/2017:00:59:19 +0000] "GET /favicon.ico HTTP/1.1" 200 1404 "http://localhost:3000/" "Mozilla/5.0 (Windows NT 10.0; Win64; x64) AppleWebKit/537.36 (KHTML, like Gecko) Chrome/59.0.3071.115 Safari/537.36"
::1 - - [16/Jul/2017:00:59:20 +0000] "GET / HTTP/1.1" 200 3183 "http://localhost:3000/" "Mozilla/5.0 (Windows NT 10.0; Win64; x64) AppleWebKit/537.36 (KHTML, like Gecko) Chrome/59.0.3071.115 Safari/537.36"
::1 - - [16/Jul/2017:00:59:20 +0000] "GET /favicon.ico HTTP/1.1" 200 1404 "http://localhost:3000/" "Mozilla/5.0 (Windows NT 10.0; Win64; x64) AppleWebKit/537.36 (KHTML, like Gecko) Chrome/59.0.3071.115 Safari/537.36"
::1 - - [16/Jul/2017:00:59:34 +0000] "GET /profile HTTP/1.1" 304 - "http://localhost:3000/" "Mozilla/5.0 (Windows NT 10.0; Win64; x64) AppleWebKit/537.36 (KHTML, like Gecko) Chrome/59.0.3071.115 Safari/537.36"
::1 - - [16/Jul/2017:00:59:34 +0000] "GET /favicon.ico HTTP/1.1" 200 1404 "http://localhost:3000/profile" "Mozilla/5.0 (Windows NT 10.0; Win64; x64) AppleWebKit/537.36 (KHTML, like Gecko) Chrome/59.0.3071.115 Safari/537.36"
::ffff:127.0.0.1 - - [16/Jul/2017:01:00:39 +0000] "GET /profile HTTP/1.1" 200 5244 "-" "Mozilla/5.0 (Windows NT 10.0; Win64; x64) AppleWebKit/537.36 (KHTML, like Gecko) Chrome/59.0.3071.115 Safari/537.36"
::ffff:127.0.0.1 - - [16/Jul/2017:01:00:39 +0000] "GET /favicon.ico HTTP/1.1" 200 1404 "http://localhost:3000/profile" "Mozilla/5.0 (Windows NT 10.0; Win64; x64) AppleWebKit/537.36 (KHTML, like Gecko) Chrome/59.0.3071.115 Safari/537.36"
::ffff:127.0.0.1 - - [16/Jul/2017:01:01:03 +0000] "GET /profile HTTP/1.1" 200 5239 "-" "Mozilla/5.0 (Windows NT 10.0; Win64; x64) AppleWebKit/537.36 (KHTML, like Gecko) Chrome/59.0.3071.115 Safari/537.36"
::ffff:127.0.0.1 - - [16/Jul/2017:01:01:04 +0000] "GET /favicon.ico HTTP/1.1" 200 1405 "http://localhost:3000/profile" "Mozilla/5.0 (Windows NT 10.0; Win64; x64) AppleWebKit/537.36 (KHTML, like Gecko) Chrome/59.0.3071.115 Safari/537.36"
::ffff:127.0.0.1 - - [16/Jul/2017:01:02:28 +0000] "GET /profile HTTP/1.1" 200 5275 "-" "Mozilla/5.0 (Windows NT 10.0; Win64; x64) AppleWebKit/537.36 (KHTML, like Gecko) Chrome/59.0.3071.115 Safari/537.36"
::ffff:127.0.0.1 - - [16/Jul/2017:01:02:29 +0000] "GET /favicon.ico HTTP/1.1" 200 1404 "http://localhost:3000/profile" "Mozilla/5.0 (Windows NT 10.0; Win64; x64) AppleWebKit/537.36 (KHTML, like Gecko) Chrome/59.0.3071.115 Safari/537.36"
::ffff:127.0.0.1 - - [16/Jul/2017:01:02:49 +0000] "GET /myfiles HTTP/1.1" 200 2416 "http://localhost:3000/profile" "Mozilla/5.0 (Windows NT 10.0; Win64; x64) AppleWebKit/537.36 (KHTML, like Gecko) Chrome/59.0.3071.115 Safari/537.36"
::1 - - [16/Jul/2017:01:02:49 +0000] "GET /favicon.ico HTTP/1.1" 200 1404 "http://localhost:3000/myfiles" "Mozilla/5.0 (Windows NT 10.0; Win64; x64) AppleWebKit/537.36 (KHTML, like Gecko) Chrome/59.0.3071.115 Safari/537.36"
::ffff:127.0.0.1 - - [16/Jul/2017:01:03:19 +0000] "GET /myfiles HTTP/1.1" 200 2481 "http://localhost:3000/profile" "Mozilla/5.0 (Windows NT 10.0; Win64; x64) AppleWebKit/537.36 (KHTML, like Gecko) Chrome/59.0.3071.115 Safari/537.36"
::1 - - [16/Jul/2017:01:03:20 +0000] "GET /favicon.ico HTTP/1.1" 304 - "http://localhost:3000/myfiles" "Mozilla/5.0 (Windows NT 10.0; Win64; x64) AppleWebKit/537.36 (KHTML, like Gecko) Chrome/59.0.3071.115 Safari/537.36"
::1 - - [16/Jul/2017:01:05:22 +0000] "GET /myfiles HTTP/1.1" 304 - "http://localhost:3000/profile" "Mozilla/5.0 (Windows NT 10.0; Win64; x64) AppleWebKit/537.36 (KHTML, like Gecko) Chrome/59.0.3071.115 Safari/537.36"
::1 - - [16/Jul/2017:01:05:22 +0000] "GET /favicon.ico HTTP/1.1" 200 1404 "http://localhost:3000/myfiles" "Mozilla/5.0 (Windows NT 10.0; Win64; x64) AppleWebKit/537.36 (KHTML, like Gecko) Chrome/59.0.3071.115 Safari/537.36"
::1 - - [16/Jul/2017:01:05:24 +0000] "GET / HTTP/1.1" 200 3183 "http://localhost:3000/myfiles" "Mozilla/5.0 (Windows NT 10.0; Win64; x64) AppleWebKit/537.36 (KHTML, like Gecko) Chrome/59.0.3071.115 Safari/537.36"
::1 - - [16/Jul/2017:01:05:24 +0000] "GET /favicon.ico HTTP/1.1" 200 1405 "http://localhost:3000/" "Mozilla/5.0 (Windows NT 10.0; Win64; x64) AppleWebKit/537.36 (KHTML, like Gecko) Chrome/59.0.3071.115 Safari/537.36"
::1 - - [16/Jul/2017:01:05:28 +0000] "GET / HTTP/1.1" 200 3182 "http://localhost:3000/myfiles" "Mozilla/5.0 (Windows NT 10.0; Win64; x64) AppleWebKit/537.36 (KHTML, like Gecko) Chrome/59.0.3071.115 Safari/537.36"
::1 - - [16/Jul/2017:01:05:28 +0000] "GET /favicon.ico HTTP/1.1" 200 1404 "http://localhost:3000/" "Mozilla/5.0 (Windows NT 10.0; Win64; x64) AppleWebKit/537.36 (KHTML, like Gecko) Chrome/59.0.3071.115 Safari/537.36"
::1 - - [16/Jul/2017:01:05:28 +0000] "GET / HTTP/1.1" 200 3182 "http://localhost:3000/myfiles" "Mozilla/5.0 (Windows NT 10.0; Win64; x64) AppleWebKit/537.36 (KHTML, like Gecko) Chrome/59.0.3071.115 Safari/537.36"
::1 - - [16/Jul/2017:01:05:29 +0000] "GET /favicon.ico HTTP/1.1" 200 1405 "http://localhost:3000/" "Mozilla/5.0 (Windows NT 10.0; Win64; x64) AppleWebKit/537.36 (KHTML, like Gecko) Chrome/59.0.3071.115 Safari/537.36"
::1 - - [16/Jul/2017:01:30:46 +0000] "GET /profile HTTP/1.1" 200 5020 "http://localhost:3000/" "Mozilla/5.0 (Windows NT 10.0; Win64; x64) AppleWebKit/537.36 (KHTML, like Gecko) Chrome/59.0.3071.115 Safari/537.36"
::1 - - [16/Jul/2017:01:30:46 +0000] "GET /favicon.ico HTTP/1.1" 200 1404 "http://localhost:3000/profile" "Mozilla/5.0 (Windows NT 10.0; Win64; x64) AppleWebKit/537.36 (KHTML, like Gecko) Chrome/59.0.3071.115 Safari/537.36"
::1 - - [16/Jul/2017:01:30:49 +0000] "GET /myfiles HTTP/1.1" 304 - "http://localhost:3000/profile" "Mozilla/5.0 (Windows NT 10.0; Win64; x64) AppleWebKit/537.36 (KHTML, like Gecko) Chrome/59.0.3071.115 Safari/537.36"
::1 - - [16/Jul/2017:01:30:49 +0000] "GET /favicon.ico HTTP/1.1" 200 1404 "http://localhost:3000/myfiles" "Mozilla/5.0 (Windows NT 10.0; Win64; x64) AppleWebKit/537.36 (KHTML, like Gecko) Chrome/59.0.3071.115 Safari/537.36"
::1 - - [16/Jul/2017:01:31:27 +0000] "GET / HTTP/1.1" 200 3182 "http://localhost:3000/myfiles" "Mozilla/5.0 (Windows NT 10.0; Win64; x64) AppleWebKit/537.36 (KHTML, like Gecko) Chrome/59.0.3071.115 Safari/537.36"
::1 - - [16/Jul/2017:01:31:27 +0000] "GET /favicon.ico HTTP/1.1" 200 1405 "http://localhost:3000/" "Mozilla/5.0 (Windows NT 10.0; Win64; x64) AppleWebKit/537.36 (KHTML, like Gecko) Chrome/59.0.3071.115 Safari/537.36"
::1 - - [16/Jul/2017:01:31:37 +0000] "POST /upload HTTP/1.1" 200 38 "http://localhost:3000/" "Mozilla/5.0 (Windows NT 10.0; Win64; x64) AppleWebKit/537.36 (KHTML, like Gecko) Chrome/59.0.3071.115 Safari/537.36"
::1 - - [16/Jul/2017:01:31:39 +0000] "GET /profile HTTP/1.1" 200 6345 "http://localhost:3000/" "Mozilla/5.0 (Windows NT 10.0; Win64; x64) AppleWebKit/537.36 (KHTML, like Gecko) Chrome/59.0.3071.115 Safari/537.36"
::1 - - [16/Jul/2017:01:31:39 +0000] "GET /favicon.ico HTTP/1.1" 200 1404 "http://localhost:3000/profile" "Mozilla/5.0 (Windows NT 10.0; Win64; x64) AppleWebKit/537.36 (KHTML, like Gecko) Chrome/59.0.3071.115 Safari/537.36"
::1 - - [16/Jul/2017:01:31:43 +0000] "GET /myfiles HTTP/1.1" 200 2960 "http://localhost:3000/profile" "Mozilla/5.0 (Windows NT 10.0; Win64; x64) AppleWebKit/537.36 (KHTML, like Gecko) Chrome/59.0.3071.115 Safari/537.36"
::1 - - [16/Jul/2017:01:31:44 +0000] "GET /favicon.ico HTTP/1.1" 200 1405 "http://localhost:3000/myfiles" "Mozilla/5.0 (Windows NT 10.0; Win64; x64) AppleWebKit/537.36 (KHTML, like Gecko) Chrome/59.0.3071.115 Safari/537.36"
::1 - - [16/Jul/2017:01:31:55 +0000] "GET /profile HTTP/1.1" 304 - "http://localhost:3000/myfiles" "Mozilla/5.0 (Windows NT 10.0; Win64; x64) AppleWebKit/537.36 (KHTML, like Gecko) Chrome/59.0.3071.115 Safari/537.36"
::1 - - [16/Jul/2017:01:31:55 +0000] "GET /favicon.ico HTTP/1.1" 200 1404 "http://localhost:3000/profile" "Mozilla/5.0 (Windows NT 10.0; Win64; x64) AppleWebKit/537.36 (KHTML, like Gecko) Chrome/59.0.3071.115 Safari/537.36"
::1 - - [16/Jul/2017:01:31:59 +0000] "GET /profile HTTP/1.1" 304 - "http://localhost:3000/profile" "Mozilla/5.0 (Windows NT 10.0; Win64; x64) AppleWebKit/537.36 (KHTML, like Gecko) Chrome/59.0.3071.115 Safari/537.36"
::1 - - [16/Jul/2017:01:31:59 +0000] "GET /favicon.ico HTTP/1.1" 200 1405 "http://localhost:3000/profile" "Mozilla/5.0 (Windows NT 10.0; Win64; x64) AppleWebKit/537.36 (KHTML, like Gecko) Chrome/59.0.3071.115 Safari/537.36"
::1 - - [16/Jul/2017:01:32:02 +0000] "GET /myfiles HTTP/1.1" 304 - "http://localhost:3000/profile" "Mozilla/5.0 (Windows NT 10.0; Win64; x64) AppleWebKit/537.36 (KHTML, like Gecko) Chrome/59.0.3071.115 Safari/537.36"
::1 - - [16/Jul/2017:01:32:02 +0000] "GET /favicon.ico HTTP/1.1" 200 1404 "http://localhost:3000/myfiles" "Mozilla/5.0 (Windows NT 10.0; Win64; x64) AppleWebKit/537.36 (KHTML, like Gecko) Chrome/59.0.3071.115 Safari/537.36"
::1 - - [16/Jul/2017:02:07:46 +0000] "GET / HTTP/1.1" 200 3182 "http://localhost:3000/myfiles" "Mozilla/5.0 (Windows NT 10.0; Win64; x64) AppleWebKit/537.36 (KHTML, like Gecko) Chrome/59.0.3071.115 Safari/537.36"
::1 - - [16/Jul/2017:02:07:46 +0000] "GET /favicon.ico HTTP/1.1" 200 1404 "http://localhost:3000/" "Mozilla/5.0 (Windows NT 10.0; Win64; x64) AppleWebKit/537.36 (KHTML, like Gecko) Chrome/59.0.3071.115 Safari/537.36"
::1 - - [16/Jul/2017:02:07:49 +0000] "GET / HTTP/1.1" 200 3182 "http://localhost:3000/myfiles" "Mozilla/5.0 (Windows NT 10.0; Win64; x64) AppleWebKit/537.36 (KHTML, like Gecko) Chrome/59.0.3071.115 Safari/537.36"
::1 - - [16/Jul/2017:02:07:49 +0000] "GET /favicon.ico HTTP/1.1" 200 1404 "http://localhost:3000/" "Mozilla/5.0 (Windows NT 10.0; Win64; x64) AppleWebKit/537.36 (KHTML, like Gecko) Chrome/59.0.3071.115 Safari/537.36"
::1 - - [16/Jul/2017:02:07:50 +0000] "GET / HTTP/1.1" 200 3183 "http://localhost:3000/myfiles" "Mozilla/5.0 (Windows NT 10.0; Win64; x64) AppleWebKit/537.36 (KHTML, like Gecko) Chrome/59.0.3071.115 Safari/537.36"
::1 - - [16/Jul/2017:02:07:50 +0000] "GET /favicon.ico HTTP/1.1" 200 1405 "http://localhost:3000/" "Mozilla/5.0 (Windows NT 10.0; Win64; x64) AppleWebKit/537.36 (KHTML, like Gecko) Chrome/59.0.3071.115 Safari/537.36"
::1 - - [16/Jul/2017:02:07:51 +0000] "GET / HTTP/1.1" 200 3182 "http://localhost:3000/myfiles" "Mozilla/5.0 (Windows NT 10.0; Win64; x64) AppleWebKit/537.36 (KHTML, like Gecko) Chrome/59.0.3071.115 Safari/537.36"
::1 - - [16/Jul/2017:02:07:51 +0000] "GET /favicon.ico HTTP/1.1" 200 1404 "http://localhost:3000/" "Mozilla/5.0 (Windows NT 10.0; Win64; x64) AppleWebKit/537.36 (KHTML, like Gecko) Chrome/59.0.3071.115 Safari/537.36"
::1 - - [16/Jul/2017:02:07:51 +0000] "GET / HTTP/1.1" 200 3182 "http://localhost:3000/myfiles" "Mozilla/5.0 (Windows NT 10.0; Win64; x64) AppleWebKit/537.36 (KHTML, like Gecko) Chrome/59.0.3071.115 Safari/537.36"
::1 - - [16/Jul/2017:02:07:52 +0000] "GET /favicon.ico HTTP/1.1" 200 1405 "http://localhost:3000/" "Mozilla/5.0 (Windows NT 10.0; Win64; x64) AppleWebKit/537.36 (KHTML, like Gecko) Chrome/59.0.3071.115 Safari/537.36"
::1 - - [16/Jul/2017:02:07:52 +0000] "GET / HTTP/1.1" 200 3182 "http://localhost:3000/myfiles" "Mozilla/5.0 (Windows NT 10.0; Win64; x64) AppleWebKit/537.36 (KHTML, like Gecko) Chrome/59.0.3071.115 Safari/537.36"
::1 - - [16/Jul/2017:02:07:52 +0000] "GET /favicon.ico HTTP/1.1" 200 1405 "http://localhost:3000/" "Mozilla/5.0 (Windows NT 10.0; Win64; x64) AppleWebKit/537.36 (KHTML, like Gecko) Chrome/59.0.3071.115 Safari/537.36"
::1 - - [16/Jul/2017:02:08:03 +0000] "GET / HTTP/1.1" 200 3183 "http://localhost:3000/myfiles" "Mozilla/5.0 (Windows NT 10.0; Win64; x64) AppleWebKit/537.36 (KHTML, like Gecko) Chrome/59.0.3071.115 Safari/537.36"
::1 - - [16/Jul/2017:02:08:03 +0000] "GET /favicon.ico HTTP/1.1" 200 1405 "http://localhost:3000/" "Mozilla/5.0 (Windows NT 10.0; Win64; x64) AppleWebKit/537.36 (KHTML, like Gecko) Chrome/59.0.3071.115 Safari/537.36"
::1 - - [16/Jul/2017:21:02:10 +0000] "GET / HTTP/1.1" 200 2875 "-" "Mozilla/5.0 (Windows NT 10.0; Win64; x64) AppleWebKit/537.36 (KHTML, like Gecko) Chrome/59.0.3071.115 Safari/537.36"
::1 - - [16/Jul/2017:21:02:10 +0000] "GET /favicon.ico HTTP/1.1" 200 1096 "http://localhost:3000/" "Mozilla/5.0 (Windows NT 10.0; Win64; x64) AppleWebKit/537.36 (KHTML, like Gecko) Chrome/59.0.3071.115 Safari/537.36"
::1 - - [16/Jul/2017:21:02:12 +0000] "GET / HTTP/1.1" 200 2874 "-" "Mozilla/5.0 (Windows NT 10.0; Win64; x64) AppleWebKit/537.36 (KHTML, like Gecko) Chrome/59.0.3071.115 Safari/537.36"
::1 - - [16/Jul/2017:21:02:12 +0000] "GET /favicon.ico HTTP/1.1" 200 1096 "http://localhost:3000/" "Mozilla/5.0 (Windows NT 10.0; Win64; x64) AppleWebKit/537.36 (KHTML, like Gecko) Chrome/59.0.3071.115 Safari/537.36"
::1 - - [16/Jul/2017:21:02:13 +0000] "GET / HTTP/1.1" 200 2874 "-" "Mozilla/5.0 (Windows NT 10.0; Win64; x64) AppleWebKit/537.36 (KHTML, like Gecko) Chrome/59.0.3071.115 Safari/537.36"
::1 - - [16/Jul/2017:21:02:13 +0000] "GET /favicon.ico HTTP/1.1" 200 1097 "http://localhost:3000/" "Mozilla/5.0 (Windows NT 10.0; Win64; x64) AppleWebKit/537.36 (KHTML, like Gecko) Chrome/59.0.3071.115 Safari/537.36"
::1 - - [16/Jul/2017:21:02:14 +0000] "GET / HTTP/1.1" 200 2875 "-" "Mozilla/5.0 (Windows NT 10.0; Win64; x64) AppleWebKit/537.36 (KHTML, like Gecko) Chrome/59.0.3071.115 Safari/537.36"
::1 - - [16/Jul/2017:21:02:14 +0000] "GET /favicon.ico HTTP/1.1" 200 1097 "http://localhost:3000/" "Mozilla/5.0 (Windows NT 10.0; Win64; x64) AppleWebKit/537.36 (KHTML, like Gecko) Chrome/59.0.3071.115 Safari/537.36"
::1 - - [16/Jul/2017:21:02:15 +0000] "GET / HTTP/1.1" 304 - "-" "Mozilla/5.0 (Windows NT 10.0; Win64; x64) AppleWebKit/537.36 (KHTML, like Gecko) Chrome/59.0.3071.115 Safari/537.36"
::1 - - [16/Jul/2017:21:02:15 +0000] "GET /favicon.ico HTTP/1.1" 200 1097 "http://localhost:3000/" "Mozilla/5.0 (Windows NT 10.0; Win64; x64) AppleWebKit/537.36 (KHTML, like Gecko) Chrome/59.0.3071.115 Safari/537.36"
::1 - - [16/Jul/2017:21:02:16 +0000] "GET / HTTP/1.1" 200 2874 "-" "Mozilla/5.0 (Windows NT 10.0; Win64; x64) AppleWebKit/537.36 (KHTML, like Gecko) Chrome/59.0.3071.115 Safari/537.36"
::1 - - [16/Jul/2017:21:02:16 +0000] "GET /favicon.ico HTTP/1.1" 200 1097 "http://localhost:3000/" "Mozilla/5.0 (Windows NT 10.0; Win64; x64) AppleWebKit/537.36 (KHTML, like Gecko) Chrome/59.0.3071.115 Safari/537.36"
::1 - - [16/Jul/2017:21:02:17 +0000] "GET / HTTP/1.1" 200 2875 "-" "Mozilla/5.0 (Windows NT 10.0; Win64; x64) AppleWebKit/537.36 (KHTML, like Gecko) Chrome/59.0.3071.115 Safari/537.36"
::1 - - [16/Jul/2017:21:02:17 +0000] "GET /favicon.ico HTTP/1.1" 200 1096 "http://localhost:3000/" "Mozilla/5.0 (Windows NT 10.0; Win64; x64) AppleWebKit/537.36 (KHTML, like Gecko) Chrome/59.0.3071.115 Safari/537.36"
::1 - - [16/Jul/2017:21:02:20 +0000] "GET /login.html HTTP/1.1" 304 - "http://localhost:3000/" "Mozilla/5.0 (Windows NT 10.0; Win64; x64) AppleWebKit/537.36 (KHTML, like Gecko) Chrome/59.0.3071.115 Safari/537.36"
::1 - - [16/Jul/2017:21:02:20 +0000] "GET /favicon.ico HTTP/1.1" 200 1096 "http://localhost:3000/login.html" "Mozilla/5.0 (Windows NT 10.0; Win64; x64) AppleWebKit/537.36 (KHTML, like Gecko) Chrome/59.0.3071.115 Safari/537.36"
::1 - - [16/Jul/2017:21:02:27 +0000] "GET /favicon.ico HTTP/1.1" 200 1097 "http://localhost:3000/" "Mozilla/5.0 (Windows NT 10.0; Win64; x64) AppleWebKit/537.36 (KHTML, like Gecko) Chrome/59.0.3071.115 Safari/537.36"
::1 - - [16/Jul/2017:21:02:34 +0000] "GET /undefined HTTP/1.1" 200 1096 "http://localhost:3000/" "Mozilla/5.0 (Windows NT 10.0; Win64; x64) AppleWebKit/537.36 (KHTML, like Gecko) Chrome/59.0.3071.115 Safari/537.36"
::1 - - [16/Jul/2017:21:02:38 +0000] "POST /upload HTTP/1.1" 200 38 "http://localhost:3000/" "Mozilla/5.0 (Windows NT 10.0; Win64; x64) AppleWebKit/537.36 (KHTML, like Gecko) Chrome/59.0.3071.115 Safari/537.36"
::1 - - [16/Jul/2017:21:02:45 +0000] "GET /files/fyRQR3jB06 HTTP/1.1" 200 2150 "http://localhost:3000/" "Mozilla/5.0 (Windows NT 10.0; Win64; x64) AppleWebKit/537.36 (KHTML, like Gecko) Chrome/59.0.3071.115 Safari/537.36"
::1 - - [16/Jul/2017:21:02:46 +0000] "GET /favicon.ico HTTP/1.1" 200 1096 "http://localhost:3000/files/fyRQR3jB06" "Mozilla/5.0 (Windows NT 10.0; Win64; x64) AppleWebKit/537.36 (KHTML, like Gecko) Chrome/59.0.3071.115 Safari/537.36"
::1 - - [16/Jul/2017:21:02:53 +0000] "GET /download/fyRQR3jB06 HTTP/1.1" 200 - "http://localhost:3000/files/fyRQR3jB06" "Mozilla/5.0 (Windows NT 10.0; Win64; x64) AppleWebKit/537.36 (KHTML, like Gecko) Chrome/59.0.3071.115 Safari/537.36"
::1 - - [16/Jul/2017:21:02:55 +0000] "GET / HTTP/1.1" 200 2875 "http://localhost:3000/files/fyRQR3jB06" "Mozilla/5.0 (Windows NT 10.0; Win64; x64) AppleWebKit/537.36 (KHTML, like Gecko) Chrome/59.0.3071.115 Safari/537.36"
::1 - - [16/Jul/2017:21:02:55 +0000] "GET /favicon.ico HTTP/1.1" 200 1096 "http://localhost:3000/" "Mozilla/5.0 (Windows NT 10.0; Win64; x64) AppleWebKit/537.36 (KHTML, like Gecko) Chrome/59.0.3071.115 Safari/537.36"
::1 - - [16/Jul/2017:21:02:56 +0000] "GET /register.html HTTP/1.1" 304 - "http://localhost:3000/" "Mozilla/5.0 (Windows NT 10.0; Win64; x64) AppleWebKit/537.36 (KHTML, like Gecko) Chrome/59.0.3071.115 Safari/537.36"
::1 - - [16/Jul/2017:21:02:56 +0000] "GET /favicon.ico HTTP/1.1" 200 1097 "http://localhost:3000/register.html" "Mozilla/5.0 (Windows NT 10.0; Win64; x64) AppleWebKit/537.36 (KHTML, like Gecko) Chrome/59.0.3071.115 Safari/537.36"
::1 - - [16/Jul/2017:21:02:56 +0000] "GET /login.html HTTP/1.1" 304 - "http://localhost:3000/register.html" "Mozilla/5.0 (Windows NT 10.0; Win64; x64) AppleWebKit/537.36 (KHTML, like Gecko) Chrome/59.0.3071.115 Safari/537.36"
::1 - - [16/Jul/2017:21:02:57 +0000] "GET /favicon.ico HTTP/1.1" 200 1096 "http://localhost:3000/login.html" "Mozilla/5.0 (Windows NT 10.0; Win64; x64) AppleWebKit/537.36 (KHTML, like Gecko) Chrome/59.0.3071.115 Safari/537.36"
::1 - - [16/Jul/2017:21:03:03 +0000] "POST /login HTTP/1.1" 302 46 "http://localhost:3000/login.html" "Mozilla/5.0 (Windows NT 10.0; Win64; x64) AppleWebKit/537.36 (KHTML, like Gecko) Chrome/59.0.3071.115 Safari/537.36"
::1 - - [16/Jul/2017:21:03:03 +0000] "GET / HTTP/1.1" 200 3182 "http://localhost:3000/login.html" "Mozilla/5.0 (Windows NT 10.0; Win64; x64) AppleWebKit/537.36 (KHTML, like Gecko) Chrome/59.0.3071.115 Safari/537.36"
::1 - - [16/Jul/2017:21:03:03 +0000] "GET /favicon.ico HTTP/1.1" 200 1405 "http://localhost:3000/" "Mozilla/5.0 (Windows NT 10.0; Win64; x64) AppleWebKit/537.36 (KHTML, like Gecko) Chrome/59.0.3071.115 Safari/537.36"
::1 - - [16/Jul/2017:21:03:20 +0000] "POST /upload HTTP/1.1" 200 38 "http://localhost:3000/" "Mozilla/5.0 (Windows NT 10.0; Win64; x64) AppleWebKit/537.36 (KHTML, like Gecko) Chrome/59.0.3071.115 Safari/537.36"
::1 - - [16/Jul/2017:21:03:21 +0000] "GET /profile HTTP/1.1" 200 4032 "http://localhost:3000/" "Mozilla/5.0 (Windows NT 10.0; Win64; x64) AppleWebKit/537.36 (KHTML, like Gecko) Chrome/59.0.3071.115 Safari/537.36"
::1 - - [16/Jul/2017:21:03:21 +0000] "GET /favicon.ico HTTP/1.1" 200 1405 "http://localhost:3000/profile" "Mozilla/5.0 (Windows NT 10.0; Win64; x64) AppleWebKit/537.36 (KHTML, like Gecko) Chrome/59.0.3071.115 Safari/537.36"
::1 - - [16/Jul/2017:21:03:34 +0000] "GET /files/XXwuI5WwSk HTTP/1.1" 200 3568 "http://localhost:3000/profile" "Mozilla/5.0 (Windows NT 10.0; Win64; x64) AppleWebKit/537.36 (KHTML, like Gecko) Chrome/59.0.3071.115 Safari/537.36"
::1 - - [16/Jul/2017:21:03:34 +0000] "GET /favicon.ico HTTP/1.1" 200 1404 "http://localhost:3000/files/XXwuI5WwSk" "Mozilla/5.0 (Windows NT 10.0; Win64; x64) AppleWebKit/537.36 (KHTML, like Gecko) Chrome/59.0.3071.115 Safari/537.36"
::1 - - [16/Jul/2017:21:03:36 +0000] "GET / HTTP/1.1" 200 3182 "http://localhost:3000/files/XXwuI5WwSk" "Mozilla/5.0 (Windows NT 10.0; Win64; x64) AppleWebKit/537.36 (KHTML, like Gecko) Chrome/59.0.3071.115 Safari/537.36"
::1 - - [16/Jul/2017:21:03:36 +0000] "GET /favicon.ico HTTP/1.1" 200 1404 "http://localhost:3000/" "Mozilla/5.0 (Windows NT 10.0; Win64; x64) AppleWebKit/537.36 (KHTML, like Gecko) Chrome/59.0.3071.115 Safari/537.36"
