::1 - - [02/Aug/2017:22:18:40 +0000] "GET / HTTP/1.1" 200 3588 "http://localhost:3000/upgrade" "Mozilla/5.0 (Windows NT 10.0; Win64; x64) AppleWebKit/537.36 (KHTML, like Gecko) Chrome/59.0.3071.115 Safari/537.36"
::1 - - [02/Aug/2017:22:22:18 +0000] "GET / HTTP/1.1" 200 3588 "http://localhost:3000/" "Mozilla/5.0 (Windows NT 10.0; Win64; x64) AppleWebKit/537.36 (KHTML, like Gecko) Chrome/59.0.3071.115 Safari/537.36"
::1 - - [02/Aug/2017:22:22:19 +0000] "GET / HTTP/1.1" 200 3587 "http://localhost:3000/" "Mozilla/5.0 (Windows NT 10.0; Win64; x64) AppleWebKit/537.36 (KHTML, like Gecko) Chrome/59.0.3071.115 Safari/537.36"
::1 - - [02/Aug/2017:22:22:20 +0000] "GET / HTTP/1.1" 200 3587 "http://localhost:3000/" "Mozilla/5.0 (Windows NT 10.0; Win64; x64) AppleWebKit/537.36 (KHTML, like Gecko) Chrome/59.0.3071.115 Safari/537.36"
::1 - - [02/Aug/2017:22:22:21 +0000] "GET / HTTP/1.1" 200 3587 "http://localhost:3000/" "Mozilla/5.0 (Windows NT 10.0; Win64; x64) AppleWebKit/537.36 (KHTML, like Gecko) Chrome/59.0.3071.115 Safari/537.36"
::1 - - [02/Aug/2017:22:53:54 +0000] "GET /profile/myfiles HTTP/1.1" 304 - "http://localhost:3000/" "Mozilla/5.0 (Windows NT 10.0; Win64; x64) AppleWebKit/537.36 (KHTML, like Gecko) Chrome/59.0.3071.115 Safari/537.36"
::1 - - [02/Aug/2017:22:54:03 +0000] "GET / HTTP/1.1" 200 3588 "http://localhost:3000/profile/myfiles" "Mozilla/5.0 (Windows NT 10.0; Win64; x64) AppleWebKit/537.36 (KHTML, like Gecko) Chrome/59.0.3071.115 Safari/537.36"
::1 - - [02/Aug/2017:23:02:15 +0000] "POST /upload HTTP/1.1" 200 38 "http://localhost:3000/" "Mozilla/5.0 (Windows NT 10.0; Win64; x64) AppleWebKit/537.36 (KHTML, like Gecko) Chrome/59.0.3071.115 Safari/537.36"
::1 - - [02/Aug/2017:23:02:16 +0000] "GET /files/4QBZzq4LtY HTTP/1.1" 200 1810 "http://localhost:3000/" "Mozilla/5.0 (Windows NT 10.0; Win64; x64) AppleWebKit/537.36 (KHTML, like Gecko) Chrome/59.0.3071.115 Safari/537.36"
::1 - - [02/Aug/2017:23:02:19 +0000] "GET /file/4QBZzq4LtY HTTP/1.1" 200 3916 "-" "Mozilla/5.0 (Windows NT 10.0; Win64; x64) AppleWebKit/537.36 (KHTML, like Gecko) Chrome/59.0.3071.115 Safari/537.36"
::1 - - [02/Aug/2017:23:02:31 +0000] "GET / HTTP/1.1" 304 - "http://localhost:3000/file/4QBZzq4LtY" "Mozilla/5.0 (Windows NT 10.0; Win64; x64) AppleWebKit/537.36 (KHTML, like Gecko) Chrome/59.0.3071.115 Safari/537.36"
::1 - - [02/Aug/2017:23:03:13 +0000] "GET /profile HTTP/1.1" 200 195824 "http://localhost:3000/" "Mozilla/5.0 (Windows NT 10.0; Win64; x64) AppleWebKit/537.36 (KHTML, like Gecko) Chrome/59.0.3071.115 Safari/537.36"
::1 - - [02/Aug/2017:23:03:44 +0000] "GET / HTTP/1.1" 200 3587 "http://localhost:3000/profile" "Mozilla/5.0 (Windows NT 10.0; Win64; x64) AppleWebKit/537.36 (KHTML, like Gecko) Chrome/59.0.3071.115 Safari/537.36"
::1 - - [02/Aug/2017:23:30:44 +0000] "GET /profile HTTP/1.1" 304 - "http://localhost:3000/" "Mozilla/5.0 (Windows NT 10.0; Win64; x64) AppleWebKit/537.36 (KHTML, like Gecko) Chrome/59.0.3071.115 Safari/537.36"
::ffff:127.0.0.1 - - [03/Aug/2017:21:18:56 +0000] "GET / HTTP/1.1" 200 2864 "-" "Mozilla/5.0 (Windows NT 10.0; Win64; x64) AppleWebKit/537.36 (KHTML, like Gecko) Chrome/52.0.2743.116 Safari/537.36 Edge/15.15063"
::ffff:127.0.0.1 - - [03/Aug/2017:21:51:54 +0000] "GET / HTTP/1.1" 200 2864 "-" "Mozilla/5.0 (Windows NT 10.0; Win64; x64) AppleWebKit/537.36 (KHTML, like Gecko) Chrome/52.0.2743.116 Safari/537.36 Edge/15.15063"
::1 - - [03/Aug/2017:23:02:00 +0000] "GET / HTTP/1.1" 200 2865 "-" "Mozilla/5.0 (Windows NT 10.0; Win64; x64) AppleWebKit/537.36 (KHTML, like Gecko) Chrome/59.0.3071.115 Safari/537.36"
::1 - - [03/Aug/2017:23:02:03 +0000] "GET / HTTP/1.1" 200 2864 "-" "Mozilla/5.0 (Windows NT 10.0; Win64; x64) AppleWebKit/537.36 (KHTML, like Gecko) Chrome/59.0.3071.115 Safari/537.36"
::1 - - [03/Aug/2017:23:02:03 +0000] "GET /favicon.ico HTTP/1.1" 200 1475 "http://localhost:3000/" "Mozilla/5.0 (Windows NT 10.0; Win64; x64) AppleWebKit/537.36 (KHTML, like Gecko) Chrome/59.0.3071.115 Safari/537.36"
::1 - - [03/Aug/2017:23:02:05 +0000] "GET / HTTP/1.1" 200 2864 "-" "Mozilla/5.0 (Windows NT 10.0; Win64; x64) AppleWebKit/537.36 (KHTML, like Gecko) Chrome/59.0.3071.115 Safari/537.36"
::1 - - [03/Aug/2017:23:02:05 +0000] "GET /favicon.ico HTTP/1.1" 200 1475 "http://localhost:3000/" "Mozilla/5.0 (Windows NT 10.0; Win64; x64) AppleWebKit/537.36 (KHTML, like Gecko) Chrome/59.0.3071.115 Safari/537.36"
::1 - - [03/Aug/2017:23:02:05 +0000] "GET / HTTP/1.1" 200 2864 "-" "Mozilla/5.0 (Windows NT 10.0; Win64; x64) AppleWebKit/537.36 (KHTML, like Gecko) Chrome/59.0.3071.115 Safari/537.36"
::1 - - [03/Aug/2017:23:02:05 +0000] "GET /favicon.ico HTTP/1.1" 200 1475 "http://localhost:3000/" "Mozilla/5.0 (Windows NT 10.0; Win64; x64) AppleWebKit/537.36 (KHTML, like Gecko) Chrome/59.0.3071.115 Safari/537.36"
::1 - - [03/Aug/2017:23:02:06 +0000] "GET / HTTP/1.1" 200 2865 "-" "Mozilla/5.0 (Windows NT 10.0; Win64; x64) AppleWebKit/537.36 (KHTML, like Gecko) Chrome/59.0.3071.115 Safari/537.36"
::1 - - [03/Aug/2017:23:02:06 +0000] "GET /favicon.ico HTTP/1.1" 200 1475 "http://localhost:3000/" "Mozilla/5.0 (Windows NT 10.0; Win64; x64) AppleWebKit/537.36 (KHTML, like Gecko) Chrome/59.0.3071.115 Safari/537.36"
::1 - - [03/Aug/2017:23:02:07 +0000] "GET / HTTP/1.1" 200 2865 "-" "Mozilla/5.0 (Windows NT 10.0; Win64; x64) AppleWebKit/537.36 (KHTML, like Gecko) Chrome/59.0.3071.115 Safari/537.36"
::1 - - [03/Aug/2017:23:02:07 +0000] "GET /favicon.ico HTTP/1.1" 200 1475 "http://localhost:3000/" "Mozilla/5.0 (Windows NT 10.0; Win64; x64) AppleWebKit/537.36 (KHTML, like Gecko) Chrome/59.0.3071.115 Safari/537.36"
::1 - - [03/Aug/2017:23:02:07 +0000] "GET / HTTP/1.1" 200 2865 "-" "Mozilla/5.0 (Windows NT 10.0; Win64; x64) AppleWebKit/537.36 (KHTML, like Gecko) Chrome/59.0.3071.115 Safari/537.36"
::1 - - [03/Aug/2017:23:02:07 +0000] "GET /favicon.ico HTTP/1.1" 200 1475 "http://localhost:3000/" "Mozilla/5.0 (Windows NT 10.0; Win64; x64) AppleWebKit/537.36 (KHTML, like Gecko) Chrome/59.0.3071.115 Safari/537.36"
::1 - - [03/Aug/2017:23:02:08 +0000] "GET / HTTP/1.1" 200 2864 "-" "Mozilla/5.0 (Windows NT 10.0; Win64; x64) AppleWebKit/537.36 (KHTML, like Gecko) Chrome/59.0.3071.115 Safari/537.36"
::1 - - [03/Aug/2017:23:02:08 +0000] "GET /favicon.ico HTTP/1.1" 200 1475 "http://localhost:3000/" "Mozilla/5.0 (Windows NT 10.0; Win64; x64) AppleWebKit/537.36 (KHTML, like Gecko) Chrome/59.0.3071.115 Safari/537.36"
::1 - - [03/Aug/2017:23:02:08 +0000] "GET / HTTP/1.1" 200 2865 "-" "Mozilla/5.0 (Windows NT 10.0; Win64; x64) AppleWebKit/537.36 (KHTML, like Gecko) Chrome/59.0.3071.115 Safari/537.36"
::1 - - [03/Aug/2017:23:02:09 +0000] "GET /favicon.ico HTTP/1.1" 200 1475 "http://localhost:3000/" "Mozilla/5.0 (Windows NT 10.0; Win64; x64) AppleWebKit/537.36 (KHTML, like Gecko) Chrome/59.0.3071.115 Safari/537.36"
::1 - - [03/Aug/2017:23:16:58 +0000] "GET /login HTTP/1.1" 200 3435 "http://localhost:3000/" "Mozilla/5.0 (Windows NT 10.0; Win64; x64) AppleWebKit/537.36 (KHTML, like Gecko) Chrome/59.0.3071.115 Safari/537.36"
::1 - - [03/Aug/2017:23:17:18 +0000] "POST /login HTTP/1.1" 302 46 "http://localhost:3000/login" "Mozilla/5.0 (Windows NT 10.0; Win64; x64) AppleWebKit/537.36 (KHTML, like Gecko) Chrome/59.0.3071.115 Safari/537.36"
::1 - - [03/Aug/2017:23:17:18 +0000] "GET / HTTP/1.1" 200 3588 "http://localhost:3000/login" "Mozilla/5.0 (Windows NT 10.0; Win64; x64) AppleWebKit/537.36 (KHTML, like Gecko) Chrome/59.0.3071.115 Safari/537.36"
::1 - - [03/Aug/2017:23:17:20 +0000] "GET /profile HTTP/1.1" 304 - "http://localhost:3000/" "Mozilla/5.0 (Windows NT 10.0; Win64; x64) AppleWebKit/537.36 (KHTML, like Gecko) Chrome/59.0.3071.115 Safari/537.36"
::1 - - [03/Aug/2017:23:17:36 +0000] "GET / HTTP/1.1" 200 3587 "http://localhost:3000/profile" "Mozilla/5.0 (Windows NT 10.0; Win64; x64) AppleWebKit/537.36 (KHTML, like Gecko) Chrome/59.0.3071.115 Safari/537.36"
::1 - - [03/Aug/2017:23:18:53 +0000] "GET /logout HTTP/1.1" 302 46 "http://localhost:3000/" "Mozilla/5.0 (Windows NT 10.0; Win64; x64) AppleWebKit/537.36 (KHTML, like Gecko) Chrome/59.0.3071.115 Safari/537.36"
::1 - - [03/Aug/2017:23:18:53 +0000] "GET / HTTP/1.1" 200 2864 "http://localhost:3000/" "Mozilla/5.0 (Windows NT 10.0; Win64; x64) AppleWebKit/537.36 (KHTML, like Gecko) Chrome/59.0.3071.115 Safari/537.36"
::1 - - [03/Aug/2017:23:28:08 +0000] "GET / HTTP/1.1" 200 2865 "http://localhost:3000/" "Mozilla/5.0 (Windows NT 10.0; Win64; x64) AppleWebKit/537.36 (KHTML, like Gecko) Chrome/59.0.3071.115 Safari/537.36"
::1 - - [03/Aug/2017:23:28:08 +0000] "GET /favicon.ico HTTP/1.1" 200 1475 "http://localhost:3000/" "Mozilla/5.0 (Windows NT 10.0; Win64; x64) AppleWebKit/537.36 (KHTML, like Gecko) Chrome/59.0.3071.115 Safari/537.36"
::1 - - [03/Aug/2017:23:28:08 +0000] "GET / HTTP/1.1" 200 2864 "http://localhost:3000/" "Mozilla/5.0 (Windows NT 10.0; Win64; x64) AppleWebKit/537.36 (KHTML, like Gecko) Chrome/59.0.3071.115 Safari/537.36"
::1 - - [03/Aug/2017:23:28:09 +0000] "GET /favicon.ico HTTP/1.1" 200 1475 "http://localhost:3000/" "Mozilla/5.0 (Windows NT 10.0; Win64; x64) AppleWebKit/537.36 (KHTML, like Gecko) Chrome/59.0.3071.115 Safari/537.36"
::1 - - [03/Aug/2017:23:28:09 +0000] "GET / HTTP/1.1" 200 2865 "http://localhost:3000/" "Mozilla/5.0 (Windows NT 10.0; Win64; x64) AppleWebKit/537.36 (KHTML, like Gecko) Chrome/59.0.3071.115 Safari/537.36"
::1 - - [03/Aug/2017:23:28:09 +0000] "GET /favicon.ico HTTP/1.1" 200 1475 "http://localhost:3000/" "Mozilla/5.0 (Windows NT 10.0; Win64; x64) AppleWebKit/537.36 (KHTML, like Gecko) Chrome/59.0.3071.115 Safari/537.36"
::1 - - [03/Aug/2017:23:28:09 +0000] "GET / HTTP/1.1" 200 2865 "http://localhost:3000/" "Mozilla/5.0 (Windows NT 10.0; Win64; x64) AppleWebKit/537.36 (KHTML, like Gecko) Chrome/59.0.3071.115 Safari/537.36"
::1 - - [03/Aug/2017:23:28:09 +0000] "GET /favicon.ico HTTP/1.1" 200 1475 "http://localhost:3000/" "Mozilla/5.0 (Windows NT 10.0; Win64; x64) AppleWebKit/537.36 (KHTML, like Gecko) Chrome/59.0.3071.115 Safari/537.36"
::1 - - [03/Aug/2017:23:28:10 +0000] "GET /login HTTP/1.1" 200 3435 "http://localhost:3000/" "Mozilla/5.0 (Windows NT 10.0; Win64; x64) AppleWebKit/537.36 (KHTML, like Gecko) Chrome/59.0.3071.115 Safari/537.36"
::1 - - [03/Aug/2017:23:28:14 +0000] "POST /login HTTP/1.1" 302 46 "http://localhost:3000/login" "Mozilla/5.0 (Windows NT 10.0; Win64; x64) AppleWebKit/537.36 (KHTML, like Gecko) Chrome/59.0.3071.115 Safari/537.36"
::1 - - [03/Aug/2017:23:28:14 +0000] "GET / HTTP/1.1" 200 3587 "http://localhost:3000/login" "Mozilla/5.0 (Windows NT 10.0; Win64; x64) AppleWebKit/537.36 (KHTML, like Gecko) Chrome/59.0.3071.115 Safari/537.36"
::1 - - [03/Aug/2017:23:28:15 +0000] "GET /profile HTTP/1.1" 304 - "http://localhost:3000/" "Mozilla/5.0 (Windows NT 10.0; Win64; x64) AppleWebKit/537.36 (KHTML, like Gecko) Chrome/59.0.3071.115 Safari/537.36"
::1 - - [03/Aug/2017:23:28:18 +0000] "GET /myfiles HTTP/1.1" 200 1809 "http://localhost:3000/profile" "Mozilla/5.0 (Windows NT 10.0; Win64; x64) AppleWebKit/537.36 (KHTML, like Gecko) Chrome/59.0.3071.115 Safari/537.36"
::1 - - [03/Aug/2017:23:28:19 +0000] "GET / HTTP/1.1" 200 3587 "http://localhost:3000/myfiles" "Mozilla/5.0 (Windows NT 10.0; Win64; x64) AppleWebKit/537.36 (KHTML, like Gecko) Chrome/59.0.3071.115 Safari/537.36"
::1 - - [03/Aug/2017:23:28:21 +0000] "GET /profile/myfiles HTTP/1.1" 200 110891 "http://localhost:3000/" "Mozilla/5.0 (Windows NT 10.0; Win64; x64) AppleWebKit/537.36 (KHTML, like Gecko) Chrome/59.0.3071.115 Safari/537.36"
::1 - - [03/Aug/2017:23:28:25 +0000] "DELETE /file/4QBZzq4LtY HTTP/1.1" 200 37 "http://localhost:3000/profile/myfiles" "Mozilla/5.0 (Windows NT 10.0; Win64; x64) AppleWebKit/537.36 (KHTML, like Gecko) Chrome/59.0.3071.115 Safari/537.36"
::1 - - [03/Aug/2017:23:28:26 +0000] "DELETE /file/4QBZzq4LtY HTTP/1.1" 302 23 "http://localhost:3000/profile/myfiles" "Mozilla/5.0 (Windows NT 10.0; Win64; x64) AppleWebKit/537.36 (KHTML, like Gecko) Chrome/59.0.3071.115 Safari/537.36"
::1 - - [03/Aug/2017:23:28:26 +0000] "DELETE / HTTP/1.1" 200 1809 "http://localhost:3000/profile/myfiles" "Mozilla/5.0 (Windows NT 10.0; Win64; x64) AppleWebKit/537.36 (KHTML, like Gecko) Chrome/59.0.3071.115 Safari/537.36"
::1 - - [03/Aug/2017:23:28:26 +0000] "DELETE /file/4QBZzq4LtY HTTP/1.1" 302 23 "http://localhost:3000/profile/myfiles" "Mozilla/5.0 (Windows NT 10.0; Win64; x64) AppleWebKit/537.36 (KHTML, like Gecko) Chrome/59.0.3071.115 Safari/537.36"
::1 - - [03/Aug/2017:23:28:26 +0000] "DELETE / HTTP/1.1" 200 1809 "http://localhost:3000/profile/myfiles" "Mozilla/5.0 (Windows NT 10.0; Win64; x64) AppleWebKit/537.36 (KHTML, like Gecko) Chrome/59.0.3071.115 Safari/537.36"
::1 - - [03/Aug/2017:23:28:26 +0000] "DELETE /file/4QBZzq4LtY HTTP/1.1" 302 23 "http://localhost:3000/profile/myfiles" "Mozilla/5.0 (Windows NT 10.0; Win64; x64) AppleWebKit/537.36 (KHTML, like Gecko) Chrome/59.0.3071.115 Safari/537.36"
::1 - - [03/Aug/2017:23:28:26 +0000] "DELETE / HTTP/1.1" 200 1809 "http://localhost:3000/profile/myfiles" "Mozilla/5.0 (Windows NT 10.0; Win64; x64) AppleWebKit/537.36 (KHTML, like Gecko) Chrome/59.0.3071.115 Safari/537.36"
::1 - - [03/Aug/2017:23:28:27 +0000] "DELETE /file/7JQn9bfJ57 HTTP/1.1" 200 37 "http://localhost:3000/profile/myfiles" "Mozilla/5.0 (Windows NT 10.0; Win64; x64) AppleWebKit/537.36 (KHTML, like Gecko) Chrome/59.0.3071.115 Safari/537.36"
::1 - - [03/Aug/2017:23:28:27 +0000] "DELETE /file/7JQn9bfJ57 HTTP/1.1" 302 23 "http://localhost:3000/profile/myfiles" "Mozilla/5.0 (Windows NT 10.0; Win64; x64) AppleWebKit/537.36 (KHTML, like Gecko) Chrome/59.0.3071.115 Safari/537.36"
::1 - - [03/Aug/2017:23:28:27 +0000] "DELETE / HTTP/1.1" 200 1810 "http://localhost:3000/profile/myfiles" "Mozilla/5.0 (Windows NT 10.0; Win64; x64) AppleWebKit/537.36 (KHTML, like Gecko) Chrome/59.0.3071.115 Safari/537.36"
::1 - - [03/Aug/2017:23:28:27 +0000] "DELETE /file/7JQn9bfJ57 HTTP/1.1" 302 23 "http://localhost:3000/profile/myfiles" "Mozilla/5.0 (Windows NT 10.0; Win64; x64) AppleWebKit/537.36 (KHTML, like Gecko) Chrome/59.0.3071.115 Safari/537.36"
::1 - - [03/Aug/2017:23:28:27 +0000] "DELETE / HTTP/1.1" 200 1810 "http://localhost:3000/profile/myfiles" "Mozilla/5.0 (Windows NT 10.0; Win64; x64) AppleWebKit/537.36 (KHTML, like Gecko) Chrome/59.0.3071.115 Safari/537.36"
::1 - - [03/Aug/2017:23:28:28 +0000] "DELETE /file/Mkx3UlVUAM HTTP/1.1" 200 37 "http://localhost:3000/profile/myfiles" "Mozilla/5.0 (Windows NT 10.0; Win64; x64) AppleWebKit/537.36 (KHTML, like Gecko) Chrome/59.0.3071.115 Safari/537.36"
::1 - - [03/Aug/2017:23:28:28 +0000] "DELETE /file/Mkx3UlVUAM HTTP/1.1" 302 23 "http://localhost:3000/profile/myfiles" "Mozilla/5.0 (Windows NT 10.0; Win64; x64) AppleWebKit/537.36 (KHTML, like Gecko) Chrome/59.0.3071.115 Safari/537.36"
::1 - - [03/Aug/2017:23:28:28 +0000] "DELETE / HTTP/1.1" 200 1810 "http://localhost:3000/profile/myfiles" "Mozilla/5.0 (Windows NT 10.0; Win64; x64) AppleWebKit/537.36 (KHTML, like Gecko) Chrome/59.0.3071.115 Safari/537.36"
::1 - - [03/Aug/2017:23:28:28 +0000] "DELETE /file/DwjYsYCzG6 HTTP/1.1" 200 37 "http://localhost:3000/profile/myfiles" "Mozilla/5.0 (Windows NT 10.0; Win64; x64) AppleWebKit/537.36 (KHTML, like Gecko) Chrome/59.0.3071.115 Safari/537.36"
::1 - - [03/Aug/2017:23:28:28 +0000] "DELETE /file/DwjYsYCzG6 HTTP/1.1" 302 23 "http://localhost:3000/profile/myfiles" "Mozilla/5.0 (Windows NT 10.0; Win64; x64) AppleWebKit/537.36 (KHTML, like Gecko) Chrome/59.0.3071.115 Safari/537.36"
::1 - - [03/Aug/2017:23:28:28 +0000] "DELETE / HTTP/1.1" 200 1810 "http://localhost:3000/profile/myfiles" "Mozilla/5.0 (Windows NT 10.0; Win64; x64) AppleWebKit/537.36 (KHTML, like Gecko) Chrome/59.0.3071.115 Safari/537.36"
::1 - - [03/Aug/2017:23:28:31 +0000] "GET / HTTP/1.1" 200 3587 "http://localhost:3000/profile/myfiles" "Mozilla/5.0 (Windows NT 10.0; Win64; x64) AppleWebKit/537.36 (KHTML, like Gecko) Chrome/59.0.3071.115 Safari/537.36"
::1 - - [03/Aug/2017:23:28:35 +0000] "POST /upload HTTP/1.1" 200 38 "http://localhost:3000/" "Mozilla/5.0 (Windows NT 10.0; Win64; x64) AppleWebKit/537.36 (KHTML, like Gecko) Chrome/59.0.3071.115 Safari/537.36"
::1 - - [03/Aug/2017:23:28:37 +0000] "GET /files/nkMWjfAHRF HTTP/1.1" 200 1810 "http://localhost:3000/" "Mozilla/5.0 (Windows NT 10.0; Win64; x64) AppleWebKit/537.36 (KHTML, like Gecko) Chrome/59.0.3071.115 Safari/537.36"
::1 - - [03/Aug/2017:23:28:40 +0000] "GET /profile/myfiles HTTP/1.1" 200 108505 "http://localhost:3000/" "Mozilla/5.0 (Windows NT 10.0; Win64; x64) AppleWebKit/537.36 (KHTML, like Gecko) Chrome/59.0.3071.115 Safari/537.36"
::1 - - [03/Aug/2017:23:29:00 +0000] "GET / HTTP/1.1" 200 3588 "http://localhost:3000/profile/myfiles" "Mozilla/5.0 (Windows NT 10.0; Win64; x64) AppleWebKit/537.36 (KHTML, like Gecko) Chrome/59.0.3071.115 Safari/537.36"
::1 - - [03/Aug/2017:23:29:36 +0000] "GET / HTTP/1.1" 200 3587 "http://localhost:3000/profile/myfiles" "Mozilla/5.0 (Windows NT 10.0; Win64; x64) AppleWebKit/537.36 (KHTML, like Gecko) Chrome/59.0.3071.115 Safari/537.36"
::1 - - [03/Aug/2017:23:29:36 +0000] "GET /favicon.ico HTTP/1.1" 200 1475 "http://localhost:3000/" "Mozilla/5.0 (Windows NT 10.0; Win64; x64) AppleWebKit/537.36 (KHTML, like Gecko) Chrome/59.0.3071.115 Safari/537.36"
::1 - - [03/Aug/2017:23:29:37 +0000] "GET /profile HTTP/1.1" 200 199880 "http://localhost:3000/" "Mozilla/5.0 (Windows NT 10.0; Win64; x64) AppleWebKit/537.36 (KHTML, like Gecko) Chrome/59.0.3071.115 Safari/537.36"
::1 - - [03/Aug/2017:23:29:40 +0000] "GET /myfiles HTTP/1.1" 200 1809 "http://localhost:3000/profile" "Mozilla/5.0 (Windows NT 10.0; Win64; x64) AppleWebKit/537.36 (KHTML, like Gecko) Chrome/59.0.3071.115 Safari/537.36"
::1 - - [03/Aug/2017:23:29:42 +0000] "GET / HTTP/1.1" 200 3588 "http://localhost:3000/myfiles" "Mozilla/5.0 (Windows NT 10.0; Win64; x64) AppleWebKit/537.36 (KHTML, like Gecko) Chrome/59.0.3071.115 Safari/537.36"
::1 - - [03/Aug/2017:23:29:44 +0000] "POST /upload HTTP/1.1" 200 38 "http://localhost:3000/" "Mozilla/5.0 (Windows NT 10.0; Win64; x64) AppleWebKit/537.36 (KHTML, like Gecko) Chrome/59.0.3071.115 Safari/537.36"
::1 - - [03/Aug/2017:23:29:46 +0000] "GET /profile/myfiles HTTP/1.1" 200 109301 "http://localhost:3000/" "Mozilla/5.0 (Windows NT 10.0; Win64; x64) AppleWebKit/537.36 (KHTML, like Gecko) Chrome/59.0.3071.115 Safari/537.36"
::1 - - [03/Aug/2017:23:29:48 +0000] "DELETE /file/V5H0PYyvwf HTTP/1.1" 200 37 "http://localhost:3000/profile/myfiles" "Mozilla/5.0 (Windows NT 10.0; Win64; x64) AppleWebKit/537.36 (KHTML, like Gecko) Chrome/59.0.3071.115 Safari/537.36"
::1 - - [03/Aug/2017:23:29:48 +0000] "DELETE /file/V5H0PYyvwf HTTP/1.1" 302 23 "http://localhost:3000/profile/myfiles" "Mozilla/5.0 (Windows NT 10.0; Win64; x64) AppleWebKit/537.36 (KHTML, like Gecko) Chrome/59.0.3071.115 Safari/537.36"
::1 - - [03/Aug/2017:23:29:48 +0000] "DELETE / HTTP/1.1" 200 1809 "http://localhost:3000/profile/myfiles" "Mozilla/5.0 (Windows NT 10.0; Win64; x64) AppleWebKit/537.36 (KHTML, like Gecko) Chrome/59.0.3071.115 Safari/537.36"
::1 - - [03/Aug/2017:23:29:49 +0000] "DELETE /file/AExEpYKy4u HTTP/1.1" 200 37 "http://localhost:3000/profile/myfiles" "Mozilla/5.0 (Windows NT 10.0; Win64; x64) AppleWebKit/537.36 (KHTML, like Gecko) Chrome/59.0.3071.115 Safari/537.36"
::1 - - [03/Aug/2017:23:29:49 +0000] "DELETE /file/AExEpYKy4u HTTP/1.1" 302 23 "http://localhost:3000/profile/myfiles" "Mozilla/5.0 (Windows NT 10.0; Win64; x64) AppleWebKit/537.36 (KHTML, like Gecko) Chrome/59.0.3071.115 Safari/537.36"
::1 - - [03/Aug/2017:23:29:49 +0000] "DELETE / HTTP/1.1" 200 1810 "http://localhost:3000/profile/myfiles" "Mozilla/5.0 (Windows NT 10.0; Win64; x64) AppleWebKit/537.36 (KHTML, like Gecko) Chrome/59.0.3071.115 Safari/537.36"
::1 - - [03/Aug/2017:23:29:50 +0000] "DELETE /file/nkMWjfAHRF HTTP/1.1" 200 37 "http://localhost:3000/profile/myfiles" "Mozilla/5.0 (Windows NT 10.0; Win64; x64) AppleWebKit/537.36 (KHTML, like Gecko) Chrome/59.0.3071.115 Safari/537.36"
::1 - - [03/Aug/2017:23:29:50 +0000] "DELETE /file/AiKpIxZn4e HTTP/1.1" 200 37 "http://localhost:3000/profile/myfiles" "Mozilla/5.0 (Windows NT 10.0; Win64; x64) AppleWebKit/537.36 (KHTML, like Gecko) Chrome/59.0.3071.115 Safari/537.36"
::1 - - [03/Aug/2017:23:29:50 +0000] "DELETE /file/AiKpIxZn4e HTTP/1.1" 302 23 "http://localhost:3000/profile/myfiles" "Mozilla/5.0 (Windows NT 10.0; Win64; x64) AppleWebKit/537.36 (KHTML, like Gecko) Chrome/59.0.3071.115 Safari/537.36"
::1 - - [03/Aug/2017:23:29:50 +0000] "DELETE / HTTP/1.1" 200 1809 "http://localhost:3000/profile/myfiles" "Mozilla/5.0 (Windows NT 10.0; Win64; x64) AppleWebKit/537.36 (KHTML, like Gecko) Chrome/59.0.3071.115 Safari/537.36"
::1 - - [03/Aug/2017:23:29:52 +0000] "DELETE /file/8NO6QSVX9W HTTP/1.1" 200 37 "http://localhost:3000/profile/myfiles" "Mozilla/5.0 (Windows NT 10.0; Win64; x64) AppleWebKit/537.36 (KHTML, like Gecko) Chrome/59.0.3071.115 Safari/537.36"
::1 - - [03/Aug/2017:23:29:53 +0000] "DELETE /file/8NO6QSVX9W HTTP/1.1" 302 23 "http://localhost:3000/profile/myfiles" "Mozilla/5.0 (Windows NT 10.0; Win64; x64) AppleWebKit/537.36 (KHTML, like Gecko) Chrome/59.0.3071.115 Safari/537.36"
::1 - - [03/Aug/2017:23:29:53 +0000] "DELETE / HTTP/1.1" 200 1810 "http://localhost:3000/profile/myfiles" "Mozilla/5.0 (Windows NT 10.0; Win64; x64) AppleWebKit/537.36 (KHTML, like Gecko) Chrome/59.0.3071.115 Safari/537.36"
::1 - - [03/Aug/2017:23:29:53 +0000] "DELETE /file/8NO6QSVX9W HTTP/1.1" 302 23 "http://localhost:3000/profile/myfiles" "Mozilla/5.0 (Windows NT 10.0; Win64; x64) AppleWebKit/537.36 (KHTML, like Gecko) Chrome/59.0.3071.115 Safari/537.36"
::1 - - [03/Aug/2017:23:29:53 +0000] "DELETE / HTTP/1.1" 200 1810 "http://localhost:3000/profile/myfiles" "Mozilla/5.0 (Windows NT 10.0; Win64; x64) AppleWebKit/537.36 (KHTML, like Gecko) Chrome/59.0.3071.115 Safari/537.36"
::1 - - [03/Aug/2017:23:29:53 +0000] "DELETE /file/a2Jm1khs4U HTTP/1.1" 200 37 "http://localhost:3000/profile/myfiles" "Mozilla/5.0 (Windows NT 10.0; Win64; x64) AppleWebKit/537.36 (KHTML, like Gecko) Chrome/59.0.3071.115 Safari/537.36"
::1 - - [03/Aug/2017:23:29:53 +0000] "DELETE /file/a2Jm1khs4U HTTP/1.1" 302 23 "http://localhost:3000/profile/myfiles" "Mozilla/5.0 (Windows NT 10.0; Win64; x64) AppleWebKit/537.36 (KHTML, like Gecko) Chrome/59.0.3071.115 Safari/537.36"
::1 - - [03/Aug/2017:23:29:53 +0000] "DELETE / HTTP/1.1" 200 1810 "http://localhost:3000/profile/myfiles" "Mozilla/5.0 (Windows NT 10.0; Win64; x64) AppleWebKit/537.36 (KHTML, like Gecko) Chrome/59.0.3071.115 Safari/537.36"
::1 - - [03/Aug/2017:23:29:53 +0000] "DELETE /file/a2Jm1khs4U HTTP/1.1" 302 23 "http://localhost:3000/profile/myfiles" "Mozilla/5.0 (Windows NT 10.0; Win64; x64) AppleWebKit/537.36 (KHTML, like Gecko) Chrome/59.0.3071.115 Safari/537.36"
::1 - - [03/Aug/2017:23:29:53 +0000] "DELETE / HTTP/1.1" 200 1810 "http://localhost:3000/profile/myfiles" "Mozilla/5.0 (Windows NT 10.0; Win64; x64) AppleWebKit/537.36 (KHTML, like Gecko) Chrome/59.0.3071.115 Safari/537.36"
::1 - - [03/Aug/2017:23:29:54 +0000] "DELETE /file/a2Jm1khs4U HTTP/1.1" 302 23 "http://localhost:3000/profile/myfiles" "Mozilla/5.0 (Windows NT 10.0; Win64; x64) AppleWebKit/537.36 (KHTML, like Gecko) Chrome/59.0.3071.115 Safari/537.36"
::1 - - [03/Aug/2017:23:29:54 +0000] "DELETE / HTTP/1.1" 200 1809 "http://localhost:3000/profile/myfiles" "Mozilla/5.0 (Windows NT 10.0; Win64; x64) AppleWebKit/537.36 (KHTML, like Gecko) Chrome/59.0.3071.115 Safari/537.36"
::1 - - [03/Aug/2017:23:29:54 +0000] "DELETE /file/a2Jm1khs4U HTTP/1.1" 302 23 "http://localhost:3000/profile/myfiles" "Mozilla/5.0 (Windows NT 10.0; Win64; x64) AppleWebKit/537.36 (KHTML, like Gecko) Chrome/59.0.3071.115 Safari/537.36"
::1 - - [03/Aug/2017:23:29:54 +0000] "DELETE / HTTP/1.1" 200 1809 "http://localhost:3000/profile/myfiles" "Mozilla/5.0 (Windows NT 10.0; Win64; x64) AppleWebKit/537.36 (KHTML, like Gecko) Chrome/59.0.3071.115 Safari/537.36"
::1 - - [03/Aug/2017:23:29:54 +0000] "DELETE /file/a2Jm1khs4U HTTP/1.1" 302 23 "http://localhost:3000/profile/myfiles" "Mozilla/5.0 (Windows NT 10.0; Win64; x64) AppleWebKit/537.36 (KHTML, like Gecko) Chrome/59.0.3071.115 Safari/537.36"
::1 - - [03/Aug/2017:23:29:54 +0000] "DELETE / HTTP/1.1" 200 1809 "http://localhost:3000/profile/myfiles" "Mozilla/5.0 (Windows NT 10.0; Win64; x64) AppleWebKit/537.36 (KHTML, like Gecko) Chrome/59.0.3071.115 Safari/537.36"
::1 - - [03/Aug/2017:23:29:54 +0000] "DELETE /file/a2Jm1khs4U HTTP/1.1" 302 23 "http://localhost:3000/profile/myfiles" "Mozilla/5.0 (Windows NT 10.0; Win64; x64) AppleWebKit/537.36 (KHTML, like Gecko) Chrome/59.0.3071.115 Safari/537.36"
::1 - - [03/Aug/2017:23:29:54 +0000] "DELETE / HTTP/1.1" 200 1809 "http://localhost:3000/profile/myfiles" "Mozilla/5.0 (Windows NT 10.0; Win64; x64) AppleWebKit/537.36 (KHTML, like Gecko) Chrome/59.0.3071.115 Safari/537.36"
::1 - - [03/Aug/2017:23:29:55 +0000] "DELETE /file/VJjXJGz4Df HTTP/1.1" 200 37 "http://localhost:3000/profile/myfiles" "Mozilla/5.0 (Windows NT 10.0; Win64; x64) AppleWebKit/537.36 (KHTML, like Gecko) Chrome/59.0.3071.115 Safari/537.36"
::1 - - [03/Aug/2017:23:29:55 +0000] "DELETE /file/VJjXJGz4Df HTTP/1.1" 302 23 "http://localhost:3000/profile/myfiles" "Mozilla/5.0 (Windows NT 10.0; Win64; x64) AppleWebKit/537.36 (KHTML, like Gecko) Chrome/59.0.3071.115 Safari/537.36"
::1 - - [03/Aug/2017:23:29:55 +0000] "DELETE / HTTP/1.1" 200 1810 "http://localhost:3000/profile/myfiles" "Mozilla/5.0 (Windows NT 10.0; Win64; x64) AppleWebKit/537.36 (KHTML, like Gecko) Chrome/59.0.3071.115 Safari/537.36"
::1 - - [03/Aug/2017:23:29:55 +0000] "DELETE /file/8NO6QSVX9W HTTP/1.1" 302 23 "http://localhost:3000/profile/myfiles" "Mozilla/5.0 (Windows NT 10.0; Win64; x64) AppleWebKit/537.36 (KHTML, like Gecko) Chrome/59.0.3071.115 Safari/537.36"
::1 - - [03/Aug/2017:23:29:55 +0000] "DELETE / HTTP/1.1" 200 1809 "http://localhost:3000/profile/myfiles" "Mozilla/5.0 (Windows NT 10.0; Win64; x64) AppleWebKit/537.36 (KHTML, like Gecko) Chrome/59.0.3071.115 Safari/537.36"
::1 - - [03/Aug/2017:23:29:57 +0000] "DELETE /file/A9YtaTc1Dj HTTP/1.1" 200 37 "http://localhost:3000/profile/myfiles" "Mozilla/5.0 (Windows NT 10.0; Win64; x64) AppleWebKit/537.36 (KHTML, like Gecko) Chrome/59.0.3071.115 Safari/537.36"
::1 - - [03/Aug/2017:23:29:58 +0000] "DELETE /file/EQDLlXFUHH HTTP/1.1" 200 37 "http://localhost:3000/profile/myfiles" "Mozilla/5.0 (Windows NT 10.0; Win64; x64) AppleWebKit/537.36 (KHTML, like Gecko) Chrome/59.0.3071.115 Safari/537.36"
::1 - - [03/Aug/2017:23:29:59 +0000] "DELETE /file/RnzHVrvfsj HTTP/1.1" 200 37 "http://localhost:3000/profile/myfiles" "Mozilla/5.0 (Windows NT 10.0; Win64; x64) AppleWebKit/537.36 (KHTML, like Gecko) Chrome/59.0.3071.115 Safari/537.36"
::1 - - [03/Aug/2017:23:30:00 +0000] "DELETE /file/QX2Np8aN73 HTTP/1.1" 200 37 "http://localhost:3000/profile/myfiles" "Mozilla/5.0 (Windows NT 10.0; Win64; x64) AppleWebKit/537.36 (KHTML, like Gecko) Chrome/59.0.3071.115 Safari/537.36"
::1 - - [03/Aug/2017:23:30:00 +0000] "DELETE /file/66fwc4mvHv HTTP/1.1" 200 37 "http://localhost:3000/profile/myfiles" "Mozilla/5.0 (Windows NT 10.0; Win64; x64) AppleWebKit/537.36 (KHTML, like Gecko) Chrome/59.0.3071.115 Safari/537.36"
::1 - - [03/Aug/2017:23:30:02 +0000] "DELETE /file/GzxVzMzoP6 HTTP/1.1" 200 37 "http://localhost:3000/profile/myfiles" "Mozilla/5.0 (Windows NT 10.0; Win64; x64) AppleWebKit/537.36 (KHTML, like Gecko) Chrome/59.0.3071.115 Safari/537.36"
::1 - - [03/Aug/2017:23:30:03 +0000] "DELETE /file/6KpuR1rx4r HTTP/1.1" 200 37 "http://localhost:3000/profile/myfiles" "Mozilla/5.0 (Windows NT 10.0; Win64; x64) AppleWebKit/537.36 (KHTML, like Gecko) Chrome/59.0.3071.115 Safari/537.36"
::1 - - [03/Aug/2017:23:30:03 +0000] "DELETE /file/0BhiMadRDS HTTP/1.1" 200 37 "http://localhost:3000/profile/myfiles" "Mozilla/5.0 (Windows NT 10.0; Win64; x64) AppleWebKit/537.36 (KHTML, like Gecko) Chrome/59.0.3071.115 Safari/537.36"
::1 - - [03/Aug/2017:23:30:03 +0000] "DELETE /file/QD0OLQLRfk HTTP/1.1" 200 37 "http://localhost:3000/profile/myfiles" "Mozilla/5.0 (Windows NT 10.0; Win64; x64) AppleWebKit/537.36 (KHTML, like Gecko) Chrome/59.0.3071.115 Safari/537.36"
::1 - - [03/Aug/2017:23:30:04 +0000] "DELETE /file/QD0OLQLRfk HTTP/1.1" 302 23 "http://localhost:3000/profile/myfiles" "Mozilla/5.0 (Windows NT 10.0; Win64; x64) AppleWebKit/537.36 (KHTML, like Gecko) Chrome/59.0.3071.115 Safari/537.36"
::1 - - [03/Aug/2017:23:30:04 +0000] "DELETE / HTTP/1.1" 200 1809 "http://localhost:3000/profile/myfiles" "Mozilla/5.0 (Windows NT 10.0; Win64; x64) AppleWebKit/537.36 (KHTML, like Gecko) Chrome/59.0.3071.115 Safari/537.36"
::1 - - [03/Aug/2017:23:30:05 +0000] "DELETE /file/Qpfh7pPGz5 HTTP/1.1" 200 37 "http://localhost:3000/profile/myfiles" "Mozilla/5.0 (Windows NT 10.0; Win64; x64) AppleWebKit/537.36 (KHTML, like Gecko) Chrome/59.0.3071.115 Safari/537.36"
::1 - - [03/Aug/2017:23:30:05 +0000] "DELETE /file/Il9zqq5PXA HTTP/1.1" 200 37 "http://localhost:3000/profile/myfiles" "Mozilla/5.0 (Windows NT 10.0; Win64; x64) AppleWebKit/537.36 (KHTML, like Gecko) Chrome/59.0.3071.115 Safari/537.36"
::1 - - [04/Aug/2017:16:50:39 +0000] "GET / HTTP/1.1" 200 2864 "-" "Mozilla/5.0 (Windows NT 10.0; Win64; x64) AppleWebKit/537.36 (KHTML, like Gecko) Chrome/59.0.3071.115 Safari/537.36"
::1 - - [04/Aug/2017:16:50:44 +0000] "GET / HTTP/1.1" 200 2864 "-" "Mozilla/5.0 (Windows NT 10.0; Win64; x64) AppleWebKit/537.36 (KHTML, like Gecko) Chrome/59.0.3071.115 Safari/537.36"
::1 - - [04/Aug/2017:16:50:44 +0000] "GET /favicon.ico HTTP/1.1" 200 1475 "http://localhost:3000/" "Mozilla/5.0 (Windows NT 10.0; Win64; x64) AppleWebKit/537.36 (KHTML, like Gecko) Chrome/59.0.3071.115 Safari/537.36"
::1 - - [04/Aug/2017:16:50:45 +0000] "GET / HTTP/1.1" 200 2864 "-" "Mozilla/5.0 (Windows NT 10.0; Win64; x64) AppleWebKit/537.36 (KHTML, like Gecko) Chrome/59.0.3071.115 Safari/537.36"
::1 - - [04/Aug/2017:16:50:45 +0000] "GET /favicon.ico HTTP/1.1" 200 1475 "http://localhost:3000/" "Mozilla/5.0 (Windows NT 10.0; Win64; x64) AppleWebKit/537.36 (KHTML, like Gecko) Chrome/59.0.3071.115 Safari/537.36"
::1 - - [04/Aug/2017:16:51:00 +0000] "POST /upload HTTP/1.1" 200 38 "http://localhost:3000/" "Mozilla/5.0 (Windows NT 10.0; Win64; x64) AppleWebKit/537.36 (KHTML, like Gecko) Chrome/59.0.3071.115 Safari/537.36"
::1 - - [04/Aug/2017:16:51:02 +0000] "GET /files/ZSXBVR8LNC HTTP/1.1" 200 1086 "http://localhost:3000/" "Mozilla/5.0 (Windows NT 10.0; Win64; x64) AppleWebKit/537.36 (KHTML, like Gecko) Chrome/59.0.3071.115 Safari/537.36"
::1 - - [04/Aug/2017:16:51:04 +0000] "GET /file/ZSXBVR8LNC HTTP/1.1" 200 3589 "-" "Mozilla/5.0 (Windows NT 10.0; Win64; x64) AppleWebKit/537.36 (KHTML, like Gecko) Chrome/59.0.3071.115 Safari/537.36"
::1 - - [04/Aug/2017:16:51:07 +0000] "GET /download/ZSXBVR8LNC HTTP/1.1" 200 - "http://localhost:3000/file/ZSXBVR8LNC" "Mozilla/5.0 (Windows NT 10.0; Win64; x64) AppleWebKit/537.36 (KHTML, like Gecko) Chrome/59.0.3071.115 Safari/537.36"
::1 - - [04/Aug/2017:16:51:11 +0000] "GET /file/login.html HTTP/1.1" 200 1087 "http://localhost:3000/file/ZSXBVR8LNC" "Mozilla/5.0 (Windows NT 10.0; Win64; x64) AppleWebKit/537.36 (KHTML, like Gecko) Chrome/59.0.3071.115 Safari/537.36"
::1 - - [04/Aug/2017:16:51:14 +0000] "GET /file/login HTTP/1.1" 200 1087 "-" "Mozilla/5.0 (Windows NT 10.0; Win64; x64) AppleWebKit/537.36 (KHTML, like Gecko) Chrome/59.0.3071.115 Safari/537.36"
::1 - - [04/Aug/2017:16:51:19 +0000] "GET /ogin HTTP/1.1" 200 1087 "-" "Mozilla/5.0 (Windows NT 10.0; Win64; x64) AppleWebKit/537.36 (KHTML, like Gecko) Chrome/59.0.3071.115 Safari/537.36"
::1 - - [04/Aug/2017:16:51:22 +0000] "GET /login HTTP/1.1" 200 3435 "-" "Mozilla/5.0 (Windows NT 10.0; Win64; x64) AppleWebKit/537.36 (KHTML, like Gecko) Chrome/59.0.3071.115 Safari/537.36"
::1 - - [04/Aug/2017:16:51:27 +0000] "POST /login HTTP/1.1" 302 46 "http://localhost:3000/login" "Mozilla/5.0 (Windows NT 10.0; Win64; x64) AppleWebKit/537.36 (KHTML, like Gecko) Chrome/59.0.3071.115 Safari/537.36"
::1 - - [04/Aug/2017:16:51:27 +0000] "GET / HTTP/1.1" 200 3587 "http://localhost:3000/login" "Mozilla/5.0 (Windows NT 10.0; Win64; x64) AppleWebKit/537.36 (KHTML, like Gecko) Chrome/59.0.3071.115 Safari/537.36"
::1 - - [04/Aug/2017:16:51:28 +0000] "GET /profile HTTP/1.1" 200 215304 "http://localhost:3000/" "Mozilla/5.0 (Windows NT 10.0; Win64; x64) AppleWebKit/537.36 (KHTML, like Gecko) Chrome/59.0.3071.115 Safari/537.36"
::1 - - [04/Aug/2017:16:51:40 +0000] "GET / HTTP/1.1" 200 3588 "http://localhost:3000/profile" "Mozilla/5.0 (Windows NT 10.0; Win64; x64) AppleWebKit/537.36 (KHTML, like Gecko) Chrome/59.0.3071.115 Safari/537.36"
::1 - - [04/Aug/2017:16:51:43 +0000] "GET /profile/myfiles HTTP/1.1" 200 94970 "http://localhost:3000/" "Mozilla/5.0 (Windows NT 10.0; Win64; x64) AppleWebKit/537.36 (KHTML, like Gecko) Chrome/59.0.3071.115 Safari/537.36"
::1 - - [04/Aug/2017:16:59:32 +0000] "DELETE /file/9ysRr1PbpP HTTP/1.1" 200 37 "http://localhost:3000/profile/myfiles" "Mozilla/5.0 (Windows NT 10.0; Win64; x64) AppleWebKit/537.36 (KHTML, like Gecko) Chrome/59.0.3071.115 Safari/537.36"
::1 - - [04/Aug/2017:16:59:33 +0000] "DELETE /file/9ysRr1PbpP HTTP/1.1" 302 23 "http://localhost:3000/profile/myfiles" "Mozilla/5.0 (Windows NT 10.0; Win64; x64) AppleWebKit/537.36 (KHTML, like Gecko) Chrome/59.0.3071.115 Safari/537.36"
::1 - - [04/Aug/2017:16:59:33 +0000] "DELETE / HTTP/1.1" 200 1810 "http://localhost:3000/profile/myfiles" "Mozilla/5.0 (Windows NT 10.0; Win64; x64) AppleWebKit/537.36 (KHTML, like Gecko) Chrome/59.0.3071.115 Safari/537.36"
::1 - - [04/Aug/2017:16:59:33 +0000] "DELETE /file/9ysRr1PbpP HTTP/1.1" 302 23 "http://localhost:3000/profile/myfiles" "Mozilla/5.0 (Windows NT 10.0; Win64; x64) AppleWebKit/537.36 (KHTML, like Gecko) Chrome/59.0.3071.115 Safari/537.36"
::1 - - [04/Aug/2017:16:59:33 +0000] "DELETE / HTTP/1.1" 200 1810 "http://localhost:3000/profile/myfiles" "Mozilla/5.0 (Windows NT 10.0; Win64; x64) AppleWebKit/537.36 (KHTML, like Gecko) Chrome/59.0.3071.115 Safari/537.36"
::1 - - [04/Aug/2017:16:59:34 +0000] "GET /profile/myfiles HTTP/1.1" 200 94174 "http://localhost:3000/" "Mozilla/5.0 (Windows NT 10.0; Win64; x64) AppleWebKit/537.36 (KHTML, like Gecko) Chrome/59.0.3071.115 Safari/537.36"
::1 - - [04/Aug/2017:16:59:35 +0000] "GET /favicon.ico HTTP/1.1" 200 1475 "http://localhost:3000/profile/myfiles" "Mozilla/5.0 (Windows NT 10.0; Win64; x64) AppleWebKit/537.36 (KHTML, like Gecko) Chrome/59.0.3071.115 Safari/537.36"
::1 - - [04/Aug/2017:17:26:42 +0000] "GET / HTTP/1.1" 200 3588 "http://localhost:3000/profile/myfiles" "Mozilla/5.0 (Windows NT 10.0; Win64; x64) AppleWebKit/537.36 (KHTML, like Gecko) Chrome/59.0.3071.115 Safari/537.36"
::1 - - [04/Aug/2017:17:26:49 +0000] "GET /logout HTTP/1.1" 302 46 "http://localhost:3000/" "Mozilla/5.0 (Windows NT 10.0; Win64; x64) AppleWebKit/537.36 (KHTML, like Gecko) Chrome/59.0.3071.115 Safari/537.36"
::1 - - [04/Aug/2017:17:26:49 +0000] "GET / HTTP/1.1" 200 2864 "http://localhost:3000/" "Mozilla/5.0 (Windows NT 10.0; Win64; x64) AppleWebKit/537.36 (KHTML, like Gecko) Chrome/59.0.3071.115 Safari/537.36"
