::1 - - [14/Jul/2017:23:43:51 +0000] "GET / HTTP/1.1" 200 3183 "http://localhost:3000/profile" "Mozilla/5.0 (Windows NT 10.0; Win64; x64) AppleWebKit/537.36 (KHTML, like Gecko) Chrome/59.0.3071.115 Safari/537.36"
::1 - - [14/Jul/2017:23:43:51 +0000] "GET /favicon.ico HTTP/1.1" 200 1405 "http://localhost:3000/" "Mozilla/5.0 (Windows NT 10.0; Win64; x64) AppleWebKit/537.36 (KHTML, like Gecko) Chrome/59.0.3071.115 Safari/537.36"
::1 - - [14/Jul/2017:23:43:54 +0000] "GET / HTTP/1.1" 200 3182 "http://localhost:3000/profile" "Mozilla/5.0 (Windows NT 10.0; Win64; x64) AppleWebKit/537.36 (KHTML, like Gecko) Chrome/59.0.3071.115 Safari/537.36"
::1 - - [14/Jul/2017:23:43:54 +0000] "GET /favicon.ico HTTP/1.1" 200 1404 "http://localhost:3000/" "Mozilla/5.0 (Windows NT 10.0; Win64; x64) AppleWebKit/537.36 (KHTML, like Gecko) Chrome/59.0.3071.115 Safari/537.36"
::1 - - [14/Jul/2017:23:43:59 +0000] "GET / HTTP/1.1" 200 3183 "http://localhost:3000/profile" "Mozilla/5.0 (Windows NT 10.0; Win64; x64) AppleWebKit/537.36 (KHTML, like Gecko) Chrome/59.0.3071.115 Safari/537.36"
::1 - - [14/Jul/2017:23:43:59 +0000] "GET /favicon.ico HTTP/1.1" 200 1404 "http://localhost:3000/" "Mozilla/5.0 (Windows NT 10.0; Win64; x64) AppleWebKit/537.36 (KHTML, like Gecko) Chrome/59.0.3071.115 Safari/537.36"
::1 - - [14/Jul/2017:23:44:00 +0000] "GET / HTTP/1.1" 200 3182 "http://localhost:3000/profile" "Mozilla/5.0 (Windows NT 10.0; Win64; x64) AppleWebKit/537.36 (KHTML, like Gecko) Chrome/59.0.3071.115 Safari/537.36"
::1 - - [14/Jul/2017:23:44:00 +0000] "GET /favicon.ico HTTP/1.1" 200 1404 "http://localhost:3000/" "Mozilla/5.0 (Windows NT 10.0; Win64; x64) AppleWebKit/537.36 (KHTML, like Gecko) Chrome/59.0.3071.115 Safari/537.36"
::1 - - [14/Jul/2017:23:44:01 +0000] "GET / HTTP/1.1" 200 3183 "http://localhost:3000/profile" "Mozilla/5.0 (Windows NT 10.0; Win64; x64) AppleWebKit/537.36 (KHTML, like Gecko) Chrome/59.0.3071.115 Safari/537.36"
::1 - - [14/Jul/2017:23:44:01 +0000] "GET /favicon.ico HTTP/1.1" 200 1404 "http://localhost:3000/" "Mozilla/5.0 (Windows NT 10.0; Win64; x64) AppleWebKit/537.36 (KHTML, like Gecko) Chrome/59.0.3071.115 Safari/537.36"
::1 - - [14/Jul/2017:23:44:01 +0000] "GET / HTTP/1.1" 200 3183 "http://localhost:3000/profile" "Mozilla/5.0 (Windows NT 10.0; Win64; x64) AppleWebKit/537.36 (KHTML, like Gecko) Chrome/59.0.3071.115 Safari/537.36"
::1 - - [14/Jul/2017:23:44:01 +0000] "GET /favicon.ico HTTP/1.1" 200 1405 "http://localhost:3000/" "Mozilla/5.0 (Windows NT 10.0; Win64; x64) AppleWebKit/537.36 (KHTML, like Gecko) Chrome/59.0.3071.115 Safari/537.36"
::1 - - [14/Jul/2017:23:44:02 +0000] "GET / HTTP/1.1" 200 3182 "http://localhost:3000/profile" "Mozilla/5.0 (Windows NT 10.0; Win64; x64) AppleWebKit/537.36 (KHTML, like Gecko) Chrome/59.0.3071.115 Safari/537.36"
::1 - - [14/Jul/2017:23:44:02 +0000] "GET /favicon.ico HTTP/1.1" 200 1404 "http://localhost:3000/" "Mozilla/5.0 (Windows NT 10.0; Win64; x64) AppleWebKit/537.36 (KHTML, like Gecko) Chrome/59.0.3071.115 Safari/537.36"
::1 - - [14/Jul/2017:23:44:03 +0000] "GET / HTTP/1.1" 200 3182 "http://localhost:3000/profile" "Mozilla/5.0 (Windows NT 10.0; Win64; x64) AppleWebKit/537.36 (KHTML, like Gecko) Chrome/59.0.3071.115 Safari/537.36"
::1 - - [14/Jul/2017:23:44:03 +0000] "GET /favicon.ico HTTP/1.1" 200 1404 "http://localhost:3000/" "Mozilla/5.0 (Windows NT 10.0; Win64; x64) AppleWebKit/537.36 (KHTML, like Gecko) Chrome/59.0.3071.115 Safari/537.36"
::1 - - [14/Jul/2017:23:44:03 +0000] "GET / HTTP/1.1" 200 3183 "http://localhost:3000/profile" "Mozilla/5.0 (Windows NT 10.0; Win64; x64) AppleWebKit/537.36 (KHTML, like Gecko) Chrome/59.0.3071.115 Safari/537.36"
::1 - - [14/Jul/2017:23:44:03 +0000] "GET /favicon.ico HTTP/1.1" 200 1405 "http://localhost:3000/" "Mozilla/5.0 (Windows NT 10.0; Win64; x64) AppleWebKit/537.36 (KHTML, like Gecko) Chrome/59.0.3071.115 Safari/537.36"
::1 - - [14/Jul/2017:23:44:05 +0000] "GET / HTTP/1.1" 200 3182 "http://localhost:3000/profile" "Mozilla/5.0 (Windows NT 10.0; Win64; x64) AppleWebKit/537.36 (KHTML, like Gecko) Chrome/59.0.3071.115 Safari/537.36"
::1 - - [14/Jul/2017:23:44:05 +0000] "GET /favicon.ico HTTP/1.1" 200 1405 "http://localhost:3000/" "Mozilla/5.0 (Windows NT 10.0; Win64; x64) AppleWebKit/537.36 (KHTML, like Gecko) Chrome/59.0.3071.115 Safari/537.36"
::1 - - [14/Jul/2017:23:44:06 +0000] "GET / HTTP/1.1" 200 3183 "http://localhost:3000/profile" "Mozilla/5.0 (Windows NT 10.0; Win64; x64) AppleWebKit/537.36 (KHTML, like Gecko) Chrome/59.0.3071.115 Safari/537.36"
::1 - - [14/Jul/2017:23:44:06 +0000] "GET /favicon.ico HTTP/1.1" 200 1405 "http://localhost:3000/" "Mozilla/5.0 (Windows NT 10.0; Win64; x64) AppleWebKit/537.36 (KHTML, like Gecko) Chrome/59.0.3071.115 Safari/537.36"
::1 - - [14/Jul/2017:23:44:07 +0000] "GET / HTTP/1.1" 304 - "http://localhost:3000/profile" "Mozilla/5.0 (Windows NT 10.0; Win64; x64) AppleWebKit/537.36 (KHTML, like Gecko) Chrome/59.0.3071.115 Safari/537.36"
::1 - - [14/Jul/2017:23:44:07 +0000] "GET /favicon.ico HTTP/1.1" 200 1405 "http://localhost:3000/" "Mozilla/5.0 (Windows NT 10.0; Win64; x64) AppleWebKit/537.36 (KHTML, like Gecko) Chrome/59.0.3071.115 Safari/537.36"
::1 - - [14/Jul/2017:23:44:08 +0000] "GET / HTTP/1.1" 200 3183 "http://localhost:3000/profile" "Mozilla/5.0 (Windows NT 10.0; Win64; x64) AppleWebKit/537.36 (KHTML, like Gecko) Chrome/59.0.3071.115 Safari/537.36"
::1 - - [14/Jul/2017:23:44:08 +0000] "GET /favicon.ico HTTP/1.1" 200 1405 "http://localhost:3000/" "Mozilla/5.0 (Windows NT 10.0; Win64; x64) AppleWebKit/537.36 (KHTML, like Gecko) Chrome/59.0.3071.115 Safari/537.36"
::1 - - [14/Jul/2017:23:44:09 +0000] "GET / HTTP/1.1" 200 3182 "http://localhost:3000/profile" "Mozilla/5.0 (Windows NT 10.0; Win64; x64) AppleWebKit/537.36 (KHTML, like Gecko) Chrome/59.0.3071.115 Safari/537.36"
::1 - - [14/Jul/2017:23:44:09 +0000] "GET /favicon.ico HTTP/1.1" 200 1404 "http://localhost:3000/" "Mozilla/5.0 (Windows NT 10.0; Win64; x64) AppleWebKit/537.36 (KHTML, like Gecko) Chrome/59.0.3071.115 Safari/537.36"
::1 - - [14/Jul/2017:23:44:10 +0000] "GET / HTTP/1.1" 200 3183 "http://localhost:3000/profile" "Mozilla/5.0 (Windows NT 10.0; Win64; x64) AppleWebKit/537.36 (KHTML, like Gecko) Chrome/59.0.3071.115 Safari/537.36"
::1 - - [14/Jul/2017:23:44:10 +0000] "GET /favicon.ico HTTP/1.1" 200 1404 "http://localhost:3000/" "Mozilla/5.0 (Windows NT 10.0; Win64; x64) AppleWebKit/537.36 (KHTML, like Gecko) Chrome/59.0.3071.115 Safari/537.36"
::1 - - [14/Jul/2017:23:45:17 +0000] "GET / HTTP/1.1" 200 3183 "http://localhost:3000/profile" "Mozilla/5.0 (Windows NT 10.0; Win64; x64) AppleWebKit/537.36 (KHTML, like Gecko) Chrome/59.0.3071.115 Safari/537.36"
::1 - - [14/Jul/2017:23:45:17 +0000] "GET /favicon.ico HTTP/1.1" 200 1404 "http://localhost:3000/" "Mozilla/5.0 (Windows NT 10.0; Win64; x64) AppleWebKit/537.36 (KHTML, like Gecko) Chrome/59.0.3071.115 Safari/537.36"
::1 - - [14/Jul/2017:23:45:54 +0000] "GET / HTTP/1.1" 200 3183 "http://localhost:3000/profile" "Mozilla/5.0 (Windows NT 10.0; Win64; x64) AppleWebKit/537.36 (KHTML, like Gecko) Chrome/59.0.3071.115 Safari/537.36"
::1 - - [14/Jul/2017:23:45:55 +0000] "GET /favicon.ico HTTP/1.1" 200 1404 "http://localhost:3000/" "Mozilla/5.0 (Windows NT 10.0; Win64; x64) AppleWebKit/537.36 (KHTML, like Gecko) Chrome/59.0.3071.115 Safari/537.36"
::1 - - [14/Jul/2017:23:45:56 +0000] "GET / HTTP/1.1" 200 3182 "http://localhost:3000/profile" "Mozilla/5.0 (Windows NT 10.0; Win64; x64) AppleWebKit/537.36 (KHTML, like Gecko) Chrome/59.0.3071.115 Safari/537.36"
::1 - - [14/Jul/2017:23:45:56 +0000] "GET /favicon.ico HTTP/1.1" 200 1404 "http://localhost:3000/" "Mozilla/5.0 (Windows NT 10.0; Win64; x64) AppleWebKit/537.36 (KHTML, like Gecko) Chrome/59.0.3071.115 Safari/537.36"
::1 - - [14/Jul/2017:23:45:57 +0000] "GET / HTTP/1.1" 200 3182 "http://localhost:3000/profile" "Mozilla/5.0 (Windows NT 10.0; Win64; x64) AppleWebKit/537.36 (KHTML, like Gecko) Chrome/59.0.3071.115 Safari/537.36"
::1 - - [14/Jul/2017:23:45:57 +0000] "GET /favicon.ico HTTP/1.1" 200 1405 "http://localhost:3000/" "Mozilla/5.0 (Windows NT 10.0; Win64; x64) AppleWebKit/537.36 (KHTML, like Gecko) Chrome/59.0.3071.115 Safari/537.36"
::1 - - [14/Jul/2017:23:45:58 +0000] "GET / HTTP/1.1" 200 3183 "http://localhost:3000/profile" "Mozilla/5.0 (Windows NT 10.0; Win64; x64) AppleWebKit/537.36 (KHTML, like Gecko) Chrome/59.0.3071.115 Safari/537.36"
::1 - - [14/Jul/2017:23:45:58 +0000] "GET /favicon.ico HTTP/1.1" 200 1404 "http://localhost:3000/" "Mozilla/5.0 (Windows NT 10.0; Win64; x64) AppleWebKit/537.36 (KHTML, like Gecko) Chrome/59.0.3071.115 Safari/537.36"
::1 - - [14/Jul/2017:23:45:58 +0000] "GET / HTTP/1.1" 200 3182 "http://localhost:3000/profile" "Mozilla/5.0 (Windows NT 10.0; Win64; x64) AppleWebKit/537.36 (KHTML, like Gecko) Chrome/59.0.3071.115 Safari/537.36"
::1 - - [14/Jul/2017:23:45:58 +0000] "GET /favicon.ico HTTP/1.1" 200 1404 "http://localhost:3000/" "Mozilla/5.0 (Windows NT 10.0; Win64; x64) AppleWebKit/537.36 (KHTML, like Gecko) Chrome/59.0.3071.115 Safari/537.36"
::1 - - [14/Jul/2017:23:45:59 +0000] "GET / HTTP/1.1" 200 3183 "http://localhost:3000/profile" "Mozilla/5.0 (Windows NT 10.0; Win64; x64) AppleWebKit/537.36 (KHTML, like Gecko) Chrome/59.0.3071.115 Safari/537.36"
::1 - - [14/Jul/2017:23:45:59 +0000] "GET /favicon.ico HTTP/1.1" 200 1404 "http://localhost:3000/" "Mozilla/5.0 (Windows NT 10.0; Win64; x64) AppleWebKit/537.36 (KHTML, like Gecko) Chrome/59.0.3071.115 Safari/537.36"
::1 - - [14/Jul/2017:23:46:24 +0000] "GET /undefined HTTP/1.1" 200 1404 "http://localhost:3000/" "Mozilla/5.0 (Windows NT 10.0; Win64; x64) AppleWebKit/537.36 (KHTML, like Gecko) Chrome/59.0.3071.115 Safari/537.36"
::1 - - [14/Jul/2017:23:46:31 +0000] "GET /undefined HTTP/1.1" 200 1405 "http://localhost:3000/" "Mozilla/5.0 (Windows NT 10.0; Win64; x64) AppleWebKit/537.36 (KHTML, like Gecko) Chrome/59.0.3071.115 Safari/537.36"
::1 - - [14/Jul/2017:23:46:35 +0000] "GET /undefined HTTP/1.1" 200 1405 "http://localhost:3000/" "Mozilla/5.0 (Windows NT 10.0; Win64; x64) AppleWebKit/537.36 (KHTML, like Gecko) Chrome/59.0.3071.115 Safari/537.36"
::1 - - [14/Jul/2017:23:46:57 +0000] "POST /upload HTTP/1.1" 200 38 "http://localhost:3000/" "Mozilla/5.0 (Windows NT 10.0; Win64; x64) AppleWebKit/537.36 (KHTML, like Gecko) Chrome/59.0.3071.115 Safari/537.36"
::1 - - [14/Jul/2017:23:47:09 +0000] "GET /files/q6wH1mwf5T HTTP/1.1" 200 3290 "-" "Mozilla/5.0 (Windows NT 10.0; Win64; x64) AppleWebKit/537.36 (KHTML, like Gecko) Chrome/59.0.3071.115 Safari/537.36"
::1 - - [14/Jul/2017:23:47:09 +0000] "GET /favicon.ico HTTP/1.1" 200 1405 "http://localhost:3000/files/q6wH1mwf5T" "Mozilla/5.0 (Windows NT 10.0; Win64; x64) AppleWebKit/537.36 (KHTML, like Gecko) Chrome/59.0.3071.115 Safari/537.36"
::1 - - [14/Jul/2017:23:47:14 +0000] "GET /download/q6wH1mwf5T HTTP/1.1" 200 - "http://localhost:3000/files/q6wH1mwf5T" "Mozilla/5.0 (Windows NT 10.0; Win64; x64) AppleWebKit/537.36 (KHTML, like Gecko) Chrome/59.0.3071.115 Safari/537.36"
::1 - - [14/Jul/2017:23:47:33 +0000] "GET /logout HTTP/1.1" 302 46 "http://localhost:3000/" "Mozilla/5.0 (Windows NT 10.0; Win64; x64) AppleWebKit/537.36 (KHTML, like Gecko) Chrome/59.0.3071.115 Safari/537.36"
::1 - - [14/Jul/2017:23:47:33 +0000] "GET / HTTP/1.1" 200 2875 "http://localhost:3000/" "Mozilla/5.0 (Windows NT 10.0; Win64; x64) AppleWebKit/537.36 (KHTML, like Gecko) Chrome/59.0.3071.115 Safari/537.36"
::1 - - [14/Jul/2017:23:47:33 +0000] "GET /favicon.ico HTTP/1.1" 200 1097 "http://localhost:3000/" "Mozilla/5.0 (Windows NT 10.0; Win64; x64) AppleWebKit/537.36 (KHTML, like Gecko) Chrome/59.0.3071.115 Safari/537.36"
::1 - - [14/Jul/2017:23:47:35 +0000] "GET /register.html HTTP/1.1" 304 - "http://localhost:3000/" "Mozilla/5.0 (Windows NT 10.0; Win64; x64) AppleWebKit/537.36 (KHTML, like Gecko) Chrome/59.0.3071.115 Safari/537.36"
::1 - - [14/Jul/2017:23:47:35 +0000] "GET /favicon.ico HTTP/1.1" 200 1096 "http://localhost:3000/register.html" "Mozilla/5.0 (Windows NT 10.0; Win64; x64) AppleWebKit/537.36 (KHTML, like Gecko) Chrome/59.0.3071.115 Safari/537.36"
::1 - - [14/Jul/2017:23:47:52 +0000] "POST /register HTTP/1.1" 302 56 "http://localhost:3000/register.html" "Mozilla/5.0 (Windows NT 10.0; Win64; x64) AppleWebKit/537.36 (KHTML, like Gecko) Chrome/59.0.3071.115 Safari/537.36"
::1 - - [14/Jul/2017:23:47:52 +0000] "GET /login HTTP/1.1" 302 46 "http://localhost:3000/register.html" "Mozilla/5.0 (Windows NT 10.0; Win64; x64) AppleWebKit/537.36 (KHTML, like Gecko) Chrome/59.0.3071.115 Safari/537.36"
::1 - - [14/Jul/2017:23:47:52 +0000] "GET / HTTP/1.1" 200 3182 "http://localhost:3000/register.html" "Mozilla/5.0 (Windows NT 10.0; Win64; x64) AppleWebKit/537.36 (KHTML, like Gecko) Chrome/59.0.3071.115 Safari/537.36"
::1 - - [14/Jul/2017:23:47:52 +0000] "GET /favicon.ico HTTP/1.1" 200 1404 "http://localhost:3000/" "Mozilla/5.0 (Windows NT 10.0; Win64; x64) AppleWebKit/537.36 (KHTML, like Gecko) Chrome/59.0.3071.115 Safari/537.36"
::1 - - [14/Jul/2017:23:48:10 +0000] "POST /upload HTTP/1.1" 200 38 "http://localhost:3000/" "Mozilla/5.0 (Windows NT 10.0; Win64; x64) AppleWebKit/537.36 (KHTML, like Gecko) Chrome/59.0.3071.115 Safari/537.36"
::1 - - [14/Jul/2017:23:48:12 +0000] "GET /profile HTTP/1.1" 200 3999 "http://localhost:3000/" "Mozilla/5.0 (Windows NT 10.0; Win64; x64) AppleWebKit/537.36 (KHTML, like Gecko) Chrome/59.0.3071.115 Safari/537.36"
::1 - - [14/Jul/2017:23:48:12 +0000] "GET /favicon.ico HTTP/1.1" 200 1404 "http://localhost:3000/profile" "Mozilla/5.0 (Windows NT 10.0; Win64; x64) AppleWebKit/537.36 (KHTML, like Gecko) Chrome/59.0.3071.115 Safari/537.36"
::1 - - [14/Jul/2017:23:48:28 +0000] "GET /files/eHMtCA7qAO HTTP/1.1" 200 2408 "-" "Mozilla/5.0 (Windows NT 10.0; Win64; x64) AppleWebKit/537.36 (KHTML, like Gecko) Chrome/59.0.3071.115 Safari/537.36"
::1 - - [14/Jul/2017:23:48:28 +0000] "GET /favicon.ico HTTP/1.1" 200 1404 "http://localhost:3000/files/eHMtCA7qAO" "Mozilla/5.0 (Windows NT 10.0; Win64; x64) AppleWebKit/537.36 (KHTML, like Gecko) Chrome/59.0.3071.115 Safari/537.36"
::1 - - [14/Jul/2017:23:48:42 +0000] "GET / HTTP/1.1" 200 3183 "http://localhost:3000/profile" "Mozilla/5.0 (Windows NT 10.0; Win64; x64) AppleWebKit/537.36 (KHTML, like Gecko) Chrome/59.0.3071.115 Safari/537.36"
::1 - - [14/Jul/2017:23:48:42 +0000] "GET /favicon.ico HTTP/1.1" 200 1404 "http://localhost:3000/" "Mozilla/5.0 (Windows NT 10.0; Win64; x64) AppleWebKit/537.36 (KHTML, like Gecko) Chrome/59.0.3071.115 Safari/537.36"
::1 - - [14/Jul/2017:23:48:47 +0000] "GET /profile HTTP/1.1" 304 - "http://localhost:3000/" "Mozilla/5.0 (Windows NT 10.0; Win64; x64) AppleWebKit/537.36 (KHTML, like Gecko) Chrome/59.0.3071.115 Safari/537.36"
::1 - - [14/Jul/2017:23:48:47 +0000] "GET /favicon.ico HTTP/1.1" 200 1405 "http://localhost:3000/profile" "Mozilla/5.0 (Windows NT 10.0; Win64; x64) AppleWebKit/537.36 (KHTML, like Gecko) Chrome/59.0.3071.115 Safari/537.36"
::1 - - [14/Jul/2017:23:49:55 +0000] "GET / HTTP/1.1" 200 3182 "http://localhost:3000/files/eHMtCA7qAO" "Mozilla/5.0 (Windows NT 10.0; Win64; x64) AppleWebKit/537.36 (KHTML, like Gecko) Chrome/59.0.3071.115 Safari/537.36"
::1 - - [14/Jul/2017:23:49:55 +0000] "GET /favicon.ico HTTP/1.1" 200 1404 "http://localhost:3000/" "Mozilla/5.0 (Windows NT 10.0; Win64; x64) AppleWebKit/537.36 (KHTML, like Gecko) Chrome/59.0.3071.115 Safari/537.36"
::1 - - [14/Jul/2017:23:49:57 +0000] "GET /upgrade.html HTTP/1.1" 200 1405 "http://localhost:3000/" "Mozilla/5.0 (Windows NT 10.0; Win64; x64) AppleWebKit/537.36 (KHTML, like Gecko) Chrome/59.0.3071.115 Safari/537.36"
::1 - - [14/Jul/2017:23:49:57 +0000] "GET /favicon.ico HTTP/1.1" 200 1405 "http://localhost:3000/upgrade.html" "Mozilla/5.0 (Windows NT 10.0; Win64; x64) AppleWebKit/537.36 (KHTML, like Gecko) Chrome/59.0.3071.115 Safari/537.36"
::1 - - [14/Jul/2017:23:49:59 +0000] "GET / HTTP/1.1" 200 3182 "http://localhost:3000/upgrade.html" "Mozilla/5.0 (Windows NT 10.0; Win64; x64) AppleWebKit/537.36 (KHTML, like Gecko) Chrome/59.0.3071.115 Safari/537.36"
::1 - - [14/Jul/2017:23:50:00 +0000] "GET /favicon.ico HTTP/1.1" 200 1405 "http://localhost:3000/" "Mozilla/5.0 (Windows NT 10.0; Win64; x64) AppleWebKit/537.36 (KHTML, like Gecko) Chrome/59.0.3071.115 Safari/537.36"
::1 - - [14/Jul/2017:23:50:01 +0000] "GET / HTTP/1.1" 200 3182 "http://localhost:3000/upgrade.html" "Mozilla/5.0 (Windows NT 10.0; Win64; x64) AppleWebKit/537.36 (KHTML, like Gecko) Chrome/59.0.3071.115 Safari/537.36"
::1 - - [14/Jul/2017:23:50:01 +0000] "GET /favicon.ico HTTP/1.1" 200 1404 "http://localhost:3000/" "Mozilla/5.0 (Windows NT 10.0; Win64; x64) AppleWebKit/537.36 (KHTML, like Gecko) Chrome/59.0.3071.115 Safari/537.36"
::1 - - [14/Jul/2017:23:50:03 +0000] "GET / HTTP/1.1" 200 3183 "http://localhost:3000/upgrade.html" "Mozilla/5.0 (Windows NT 10.0; Win64; x64) AppleWebKit/537.36 (KHTML, like Gecko) Chrome/59.0.3071.115 Safari/537.36"
::1 - - [14/Jul/2017:23:50:04 +0000] "GET /favicon.ico HTTP/1.1" 200 1404 "http://localhost:3000/" "Mozilla/5.0 (Windows NT 10.0; Win64; x64) AppleWebKit/537.36 (KHTML, like Gecko) Chrome/59.0.3071.115 Safari/537.36"
::1 - - [14/Jul/2017:23:50:05 +0000] "GET / HTTP/1.1" 200 3183 "http://localhost:3000/upgrade.html" "Mozilla/5.0 (Windows NT 10.0; Win64; x64) AppleWebKit/537.36 (KHTML, like Gecko) Chrome/59.0.3071.115 Safari/537.36"
::1 - - [14/Jul/2017:23:50:05 +0000] "GET /favicon.ico HTTP/1.1" 200 1405 "http://localhost:3000/" "Mozilla/5.0 (Windows NT 10.0; Win64; x64) AppleWebKit/537.36 (KHTML, like Gecko) Chrome/59.0.3071.115 Safari/537.36"
::1 - - [14/Jul/2017:23:50:05 +0000] "GET / HTTP/1.1" 200 3182 "http://localhost:3000/upgrade.html" "Mozilla/5.0 (Windows NT 10.0; Win64; x64) AppleWebKit/537.36 (KHTML, like Gecko) Chrome/59.0.3071.115 Safari/537.36"
::1 - - [14/Jul/2017:23:50:06 +0000] "GET /favicon.ico HTTP/1.1" 200 1405 "http://localhost:3000/" "Mozilla/5.0 (Windows NT 10.0; Win64; x64) AppleWebKit/537.36 (KHTML, like Gecko) Chrome/59.0.3071.115 Safari/537.36"
::1 - - [14/Jul/2017:23:50:06 +0000] "GET / HTTP/1.1" 200 3183 "http://localhost:3000/upgrade.html" "Mozilla/5.0 (Windows NT 10.0; Win64; x64) AppleWebKit/537.36 (KHTML, like Gecko) Chrome/59.0.3071.115 Safari/537.36"
::1 - - [14/Jul/2017:23:50:06 +0000] "GET /favicon.ico HTTP/1.1" 200 1404 "http://localhost:3000/" "Mozilla/5.0 (Windows NT 10.0; Win64; x64) AppleWebKit/537.36 (KHTML, like Gecko) Chrome/59.0.3071.115 Safari/537.36"
::1 - - [14/Jul/2017:23:50:07 +0000] "GET / HTTP/1.1" 304 - "http://localhost:3000/upgrade.html" "Mozilla/5.0 (Windows NT 10.0; Win64; x64) AppleWebKit/537.36 (KHTML, like Gecko) Chrome/59.0.3071.115 Safari/537.36"
::1 - - [14/Jul/2017:23:50:08 +0000] "GET /favicon.ico HTTP/1.1" 200 1405 "http://localhost:3000/" "Mozilla/5.0 (Windows NT 10.0; Win64; x64) AppleWebKit/537.36 (KHTML, like Gecko) Chrome/59.0.3071.115 Safari/537.36"
::1 - - [14/Jul/2017:23:50:08 +0000] "GET / HTTP/1.1" 200 3182 "http://localhost:3000/upgrade.html" "Mozilla/5.0 (Windows NT 10.0; Win64; x64) AppleWebKit/537.36 (KHTML, like Gecko) Chrome/59.0.3071.115 Safari/537.36"
::1 - - [14/Jul/2017:23:50:09 +0000] "GET /favicon.ico HTTP/1.1" 200 1404 "http://localhost:3000/" "Mozilla/5.0 (Windows NT 10.0; Win64; x64) AppleWebKit/537.36 (KHTML, like Gecko) Chrome/59.0.3071.115 Safari/537.36"
::1 - - [14/Jul/2017:23:50:09 +0000] "GET / HTTP/1.1" 200 3183 "http://localhost:3000/upgrade.html" "Mozilla/5.0 (Windows NT 10.0; Win64; x64) AppleWebKit/537.36 (KHTML, like Gecko) Chrome/59.0.3071.115 Safari/537.36"
::1 - - [14/Jul/2017:23:50:09 +0000] "GET /favicon.ico HTTP/1.1" 200 1405 "http://localhost:3000/" "Mozilla/5.0 (Windows NT 10.0; Win64; x64) AppleWebKit/537.36 (KHTML, like Gecko) Chrome/59.0.3071.115 Safari/537.36"
::1 - - [14/Jul/2017:23:50:11 +0000] "GET / HTTP/1.1" 200 3182 "http://localhost:3000/upgrade.html" "Mozilla/5.0 (Windows NT 10.0; Win64; x64) AppleWebKit/537.36 (KHTML, like Gecko) Chrome/59.0.3071.115 Safari/537.36"
::1 - - [14/Jul/2017:23:50:11 +0000] "GET /favicon.ico HTTP/1.1" 200 1404 "http://localhost:3000/" "Mozilla/5.0 (Windows NT 10.0; Win64; x64) AppleWebKit/537.36 (KHTML, like Gecko) Chrome/59.0.3071.115 Safari/537.36"
::1 - - [14/Jul/2017:23:50:12 +0000] "GET / HTTP/1.1" 200 3183 "http://localhost:3000/upgrade.html" "Mozilla/5.0 (Windows NT 10.0; Win64; x64) AppleWebKit/537.36 (KHTML, like Gecko) Chrome/59.0.3071.115 Safari/537.36"
::1 - - [14/Jul/2017:23:50:12 +0000] "GET /favicon.ico HTTP/1.1" 200 1404 "http://localhost:3000/" "Mozilla/5.0 (Windows NT 10.0; Win64; x64) AppleWebKit/537.36 (KHTML, like Gecko) Chrome/59.0.3071.115 Safari/537.36"
::1 - - [14/Jul/2017:23:50:13 +0000] "GET / HTTP/1.1" 304 - "http://localhost:3000/upgrade.html" "Mozilla/5.0 (Windows NT 10.0; Win64; x64) AppleWebKit/537.36 (KHTML, like Gecko) Chrome/59.0.3071.115 Safari/537.36"
::1 - - [14/Jul/2017:23:50:13 +0000] "GET /favicon.ico HTTP/1.1" 200 1405 "http://localhost:3000/" "Mozilla/5.0 (Windows NT 10.0; Win64; x64) AppleWebKit/537.36 (KHTML, like Gecko) Chrome/59.0.3071.115 Safari/537.36"
::1 - - [14/Jul/2017:23:50:13 +0000] "GET / HTTP/1.1" 200 3183 "http://localhost:3000/upgrade.html" "Mozilla/5.0 (Windows NT 10.0; Win64; x64) AppleWebKit/537.36 (KHTML, like Gecko) Chrome/59.0.3071.115 Safari/537.36"
::1 - - [14/Jul/2017:23:50:13 +0000] "GET /favicon.ico HTTP/1.1" 200 1404 "http://localhost:3000/" "Mozilla/5.0 (Windows NT 10.0; Win64; x64) AppleWebKit/537.36 (KHTML, like Gecko) Chrome/59.0.3071.115 Safari/537.36"
::1 - - [14/Jul/2017:23:50:14 +0000] "GET / HTTP/1.1" 200 3183 "http://localhost:3000/upgrade.html" "Mozilla/5.0 (Windows NT 10.0; Win64; x64) AppleWebKit/537.36 (KHTML, like Gecko) Chrome/59.0.3071.115 Safari/537.36"
::1 - - [14/Jul/2017:23:50:15 +0000] "GET /favicon.ico HTTP/1.1" 200 1404 "http://localhost:3000/" "Mozilla/5.0 (Windows NT 10.0; Win64; x64) AppleWebKit/537.36 (KHTML, like Gecko) Chrome/59.0.3071.115 Safari/537.36"
::1 - - [14/Jul/2017:23:50:15 +0000] "GET / HTTP/1.1" 200 3183 "http://localhost:3000/upgrade.html" "Mozilla/5.0 (Windows NT 10.0; Win64; x64) AppleWebKit/537.36 (KHTML, like Gecko) Chrome/59.0.3071.115 Safari/537.36"
::1 - - [14/Jul/2017:23:50:15 +0000] "GET /favicon.ico HTTP/1.1" 200 1405 "http://localhost:3000/" "Mozilla/5.0 (Windows NT 10.0; Win64; x64) AppleWebKit/537.36 (KHTML, like Gecko) Chrome/59.0.3071.115 Safari/537.36"
::1 - - [14/Jul/2017:23:50:16 +0000] "GET / HTTP/1.1" 200 3183 "http://localhost:3000/upgrade.html" "Mozilla/5.0 (Windows NT 10.0; Win64; x64) AppleWebKit/537.36 (KHTML, like Gecko) Chrome/59.0.3071.115 Safari/537.36"
::1 - - [14/Jul/2017:23:50:16 +0000] "GET /favicon.ico HTTP/1.1" 200 1404 "http://localhost:3000/" "Mozilla/5.0 (Windows NT 10.0; Win64; x64) AppleWebKit/537.36 (KHTML, like Gecko) Chrome/59.0.3071.115 Safari/537.36"
::1 - - [14/Jul/2017:23:50:17 +0000] "GET / HTTP/1.1" 304 - "http://localhost:3000/upgrade.html" "Mozilla/5.0 (Windows NT 10.0; Win64; x64) AppleWebKit/537.36 (KHTML, like Gecko) Chrome/59.0.3071.115 Safari/537.36"
::1 - - [14/Jul/2017:23:50:17 +0000] "GET /favicon.ico HTTP/1.1" 200 1404 "http://localhost:3000/" "Mozilla/5.0 (Windows NT 10.0; Win64; x64) AppleWebKit/537.36 (KHTML, like Gecko) Chrome/59.0.3071.115 Safari/537.36"
::1 - - [14/Jul/2017:23:50:18 +0000] "GET / HTTP/1.1" 200 3183 "http://localhost:3000/upgrade.html" "Mozilla/5.0 (Windows NT 10.0; Win64; x64) AppleWebKit/537.36 (KHTML, like Gecko) Chrome/59.0.3071.115 Safari/537.36"
::1 - - [14/Jul/2017:23:50:18 +0000] "GET /favicon.ico HTTP/1.1" 200 1404 "http://localhost:3000/" "Mozilla/5.0 (Windows NT 10.0; Win64; x64) AppleWebKit/537.36 (KHTML, like Gecko) Chrome/59.0.3071.115 Safari/537.36"
::1 - - [14/Jul/2017:23:50:19 +0000] "GET / HTTP/1.1" 200 3182 "http://localhost:3000/upgrade.html" "Mozilla/5.0 (Windows NT 10.0; Win64; x64) AppleWebKit/537.36 (KHTML, like Gecko) Chrome/59.0.3071.115 Safari/537.36"
::1 - - [14/Jul/2017:23:50:19 +0000] "GET /favicon.ico HTTP/1.1" 200 1404 "http://localhost:3000/" "Mozilla/5.0 (Windows NT 10.0; Win64; x64) AppleWebKit/537.36 (KHTML, like Gecko) Chrome/59.0.3071.115 Safari/537.36"
::1 - - [14/Jul/2017:23:50:20 +0000] "GET / HTTP/1.1" 200 3183 "http://localhost:3000/upgrade.html" "Mozilla/5.0 (Windows NT 10.0; Win64; x64) AppleWebKit/537.36 (KHTML, like Gecko) Chrome/59.0.3071.115 Safari/537.36"
::1 - - [14/Jul/2017:23:50:20 +0000] "GET /favicon.ico HTTP/1.1" 200 1404 "http://localhost:3000/" "Mozilla/5.0 (Windows NT 10.0; Win64; x64) AppleWebKit/537.36 (KHTML, like Gecko) Chrome/59.0.3071.115 Safari/537.36"
::1 - - [14/Jul/2017:23:50:22 +0000] "GET / HTTP/1.1" 200 3183 "http://localhost:3000/upgrade.html" "Mozilla/5.0 (Windows NT 10.0; Win64; x64) AppleWebKit/537.36 (KHTML, like Gecko) Chrome/59.0.3071.115 Safari/537.36"
::1 - - [14/Jul/2017:23:50:22 +0000] "GET /favicon.ico HTTP/1.1" 200 1405 "http://localhost:3000/" "Mozilla/5.0 (Windows NT 10.0; Win64; x64) AppleWebKit/537.36 (KHTML, like Gecko) Chrome/59.0.3071.115 Safari/537.36"
::1 - - [14/Jul/2017:23:50:23 +0000] "GET / HTTP/1.1" 200 3182 "http://localhost:3000/upgrade.html" "Mozilla/5.0 (Windows NT 10.0; Win64; x64) AppleWebKit/537.36 (KHTML, like Gecko) Chrome/59.0.3071.115 Safari/537.36"
::1 - - [14/Jul/2017:23:50:23 +0000] "GET /favicon.ico HTTP/1.1" 200 1405 "http://localhost:3000/" "Mozilla/5.0 (Windows NT 10.0; Win64; x64) AppleWebKit/537.36 (KHTML, like Gecko) Chrome/59.0.3071.115 Safari/537.36"
::1 - - [14/Jul/2017:23:50:24 +0000] "GET / HTTP/1.1" 200 3182 "http://localhost:3000/upgrade.html" "Mozilla/5.0 (Windows NT 10.0; Win64; x64) AppleWebKit/537.36 (KHTML, like Gecko) Chrome/59.0.3071.115 Safari/537.36"
::1 - - [14/Jul/2017:23:50:24 +0000] "GET /favicon.ico HTTP/1.1" 200 1404 "http://localhost:3000/" "Mozilla/5.0 (Windows NT 10.0; Win64; x64) AppleWebKit/537.36 (KHTML, like Gecko) Chrome/59.0.3071.115 Safari/537.36"
::1 - - [14/Jul/2017:23:50:24 +0000] "GET / HTTP/1.1" 200 3183 "http://localhost:3000/upgrade.html" "Mozilla/5.0 (Windows NT 10.0; Win64; x64) AppleWebKit/537.36 (KHTML, like Gecko) Chrome/59.0.3071.115 Safari/537.36"
::1 - - [14/Jul/2017:23:50:25 +0000] "GET /favicon.ico HTTP/1.1" 200 1405 "http://localhost:3000/" "Mozilla/5.0 (Windows NT 10.0; Win64; x64) AppleWebKit/537.36 (KHTML, like Gecko) Chrome/59.0.3071.115 Safari/537.36"
::1 - - [15/Jul/2017:00:00:47 +0000] "GET /profile HTTP/1.1" 304 - "http://localhost:3000/" "Mozilla/5.0 (Windows NT 10.0; Win64; x64) AppleWebKit/537.36 (KHTML, like Gecko) Chrome/59.0.3071.115 Safari/537.36"
::1 - - [15/Jul/2017:00:00:48 +0000] "GET /favicon.ico HTTP/1.1" 200 1404 "http://localhost:3000/profile" "Mozilla/5.0 (Windows NT 10.0; Win64; x64) AppleWebKit/537.36 (KHTML, like Gecko) Chrome/59.0.3071.115 Safari/537.36"
::1 - - [15/Jul/2017:15:57:09 +0000] "GET /files/FHlbhMafap HTTP/1.1" 200 1097 "-" "Mozilla/5.0 (Windows NT 10.0; Win64; x64) AppleWebKit/537.36 (KHTML, like Gecko) Chrome/59.0.3071.115 Safari/537.36"
::1 - - [15/Jul/2017:15:57:10 +0000] "GET /favicon.ico HTTP/1.1" 200 1096 "http://localhost:3000/files/FHlbhMafap" "Mozilla/5.0 (Windows NT 10.0; Win64; x64) AppleWebKit/537.36 (KHTML, like Gecko) Chrome/59.0.3071.115 Safari/537.36"
::1 - - [15/Jul/2017:15:57:11 +0000] "GET /files/FHlbhMafap HTTP/1.1" 200 1096 "-" "Mozilla/5.0 (Windows NT 10.0; Win64; x64) AppleWebKit/537.36 (KHTML, like Gecko) Chrome/59.0.3071.115 Safari/537.36"
::1 - - [15/Jul/2017:15:57:11 +0000] "GET /favicon.ico HTTP/1.1" 200 1097 "http://localhost:3000/files/FHlbhMafap" "Mozilla/5.0 (Windows NT 10.0; Win64; x64) AppleWebKit/537.36 (KHTML, like Gecko) Chrome/59.0.3071.115 Safari/537.36"
::1 - - [15/Jul/2017:15:57:12 +0000] "GET /files/FHlbhMafap HTTP/1.1" 200 1096 "-" "Mozilla/5.0 (Windows NT 10.0; Win64; x64) AppleWebKit/537.36 (KHTML, like Gecko) Chrome/59.0.3071.115 Safari/537.36"
::1 - - [15/Jul/2017:15:57:12 +0000] "GET /favicon.ico HTTP/1.1" 200 1096 "http://localhost:3000/files/FHlbhMafap" "Mozilla/5.0 (Windows NT 10.0; Win64; x64) AppleWebKit/537.36 (KHTML, like Gecko) Chrome/59.0.3071.115 Safari/537.36"
::1 - - [15/Jul/2017:15:57:12 +0000] "GET /files/FHlbhMafap HTTP/1.1" 200 1097 "-" "Mozilla/5.0 (Windows NT 10.0; Win64; x64) AppleWebKit/537.36 (KHTML, like Gecko) Chrome/59.0.3071.115 Safari/537.36"
::1 - - [15/Jul/2017:15:57:12 +0000] "GET /favicon.ico HTTP/1.1" 200 1096 "http://localhost:3000/files/FHlbhMafap" "Mozilla/5.0 (Windows NT 10.0; Win64; x64) AppleWebKit/537.36 (KHTML, like Gecko) Chrome/59.0.3071.115 Safari/537.36"
::1 - - [15/Jul/2017:15:57:13 +0000] "GET /files/FHlbhMafap HTTP/1.1" 200 1096 "-" "Mozilla/5.0 (Windows NT 10.0; Win64; x64) AppleWebKit/537.36 (KHTML, like Gecko) Chrome/59.0.3071.115 Safari/537.36"
::1 - - [15/Jul/2017:15:57:13 +0000] "GET /favicon.ico HTTP/1.1" 200 1097 "http://localhost:3000/files/FHlbhMafap" "Mozilla/5.0 (Windows NT 10.0; Win64; x64) AppleWebKit/537.36 (KHTML, like Gecko) Chrome/59.0.3071.115 Safari/537.36"
::1 - - [15/Jul/2017:15:57:13 +0000] "GET /files/FHlbhMafap HTTP/1.1" 200 1096 "-" "Mozilla/5.0 (Windows NT 10.0; Win64; x64) AppleWebKit/537.36 (KHTML, like Gecko) Chrome/59.0.3071.115 Safari/537.36"
::1 - - [15/Jul/2017:15:57:14 +0000] "GET /favicon.ico HTTP/1.1" 200 1096 "http://localhost:3000/files/FHlbhMafap" "Mozilla/5.0 (Windows NT 10.0; Win64; x64) AppleWebKit/537.36 (KHTML, like Gecko) Chrome/59.0.3071.115 Safari/537.36"
::1 - - [15/Jul/2017:15:57:15 +0000] "GET /files/FHlbhMafap HTTP/1.1" 200 1096 "-" "Mozilla/5.0 (Windows NT 10.0; Win64; x64) AppleWebKit/537.36 (KHTML, like Gecko) Chrome/59.0.3071.115 Safari/537.36"
::1 - - [15/Jul/2017:15:57:15 +0000] "GET /favicon.ico HTTP/1.1" 200 1096 "http://localhost:3000/files/FHlbhMafap" "Mozilla/5.0 (Windows NT 10.0; Win64; x64) AppleWebKit/537.36 (KHTML, like Gecko) Chrome/59.0.3071.115 Safari/537.36"
::1 - - [15/Jul/2017:15:57:15 +0000] "GET / HTTP/1.1" 200 2875 "http://localhost:3000/files/FHlbhMafap" "Mozilla/5.0 (Windows NT 10.0; Win64; x64) AppleWebKit/537.36 (KHTML, like Gecko) Chrome/59.0.3071.115 Safari/537.36"
::1 - - [15/Jul/2017:15:57:16 +0000] "GET /favicon.ico HTTP/1.1" 200 1097 "http://localhost:3000/" "Mozilla/5.0 (Windows NT 10.0; Win64; x64) AppleWebKit/537.36 (KHTML, like Gecko) Chrome/59.0.3071.115 Safari/537.36"
::1 - - [15/Jul/2017:15:57:17 +0000] "GET /login.html HTTP/1.1" 304 - "http://localhost:3000/" "Mozilla/5.0 (Windows NT 10.0; Win64; x64) AppleWebKit/537.36 (KHTML, like Gecko) Chrome/59.0.3071.115 Safari/537.36"
::1 - - [15/Jul/2017:15:57:17 +0000] "GET /favicon.ico HTTP/1.1" 200 1096 "http://localhost:3000/login.html" "Mozilla/5.0 (Windows NT 10.0; Win64; x64) AppleWebKit/537.36 (KHTML, like Gecko) Chrome/59.0.3071.115 Safari/537.36"
::1 - - [15/Jul/2017:15:57:22 +0000] "POST /login HTTP/1.1" 302 46 "http://localhost:3000/login.html" "Mozilla/5.0 (Windows NT 10.0; Win64; x64) AppleWebKit/537.36 (KHTML, like Gecko) Chrome/59.0.3071.115 Safari/537.36"
::1 - - [15/Jul/2017:15:57:22 +0000] "GET / HTTP/1.1" 200 3182 "http://localhost:3000/login.html" "Mozilla/5.0 (Windows NT 10.0; Win64; x64) AppleWebKit/537.36 (KHTML, like Gecko) Chrome/59.0.3071.115 Safari/537.36"
::1 - - [15/Jul/2017:15:57:22 +0000] "GET /favicon.ico HTTP/1.1" 200 1404 "http://localhost:3000/" "Mozilla/5.0 (Windows NT 10.0; Win64; x64) AppleWebKit/537.36 (KHTML, like Gecko) Chrome/59.0.3071.115 Safari/537.36"
::1 - - [15/Jul/2017:15:57:25 +0000] "GET /profile HTTP/1.1" 200 3009 "http://localhost:3000/" "Mozilla/5.0 (Windows NT 10.0; Win64; x64) AppleWebKit/537.36 (KHTML, like Gecko) Chrome/59.0.3071.115 Safari/537.36"
::1 - - [15/Jul/2017:15:57:25 +0000] "GET /favicon.ico HTTP/1.1" 200 1405 "http://localhost:3000/profile" "Mozilla/5.0 (Windows NT 10.0; Win64; x64) AppleWebKit/537.36 (KHTML, like Gecko) Chrome/59.0.3071.115 Safari/537.36"
::1 - - [15/Jul/2017:15:57:36 +0000] "GET / HTTP/1.1" 200 3183 "http://localhost:3000/profile" "Mozilla/5.0 (Windows NT 10.0; Win64; x64) AppleWebKit/537.36 (KHTML, like Gecko) Chrome/59.0.3071.115 Safari/537.36"
::1 - - [15/Jul/2017:15:57:36 +0000] "GET /favicon.ico HTTP/1.1" 200 1404 "http://localhost:3000/" "Mozilla/5.0 (Windows NT 10.0; Win64; x64) AppleWebKit/537.36 (KHTML, like Gecko) Chrome/59.0.3071.115 Safari/537.36"
::1 - - [15/Jul/2017:15:58:14 +0000] "POST /upload HTTP/1.1" 200 38 "http://localhost:3000/" "Mozilla/5.0 (Windows NT 10.0; Win64; x64) AppleWebKit/537.36 (KHTML, like Gecko) Chrome/59.0.3071.115 Safari/537.36"
::1 - - [15/Jul/2017:15:58:15 +0000] "GET /profile HTTP/1.1" 200 4009 "http://localhost:3000/" "Mozilla/5.0 (Windows NT 10.0; Win64; x64) AppleWebKit/537.36 (KHTML, like Gecko) Chrome/59.0.3071.115 Safari/537.36"
::1 - - [15/Jul/2017:15:58:16 +0000] "GET /favicon.ico HTTP/1.1" 304 - "http://localhost:3000/profile" "Mozilla/5.0 (Windows NT 10.0; Win64; x64) AppleWebKit/537.36 (KHTML, like Gecko) Chrome/59.0.3071.115 Safari/537.36"
::1 - - [15/Jul/2017:15:58:24 +0000] "GET / HTTP/1.1" 200 3182 "http://localhost:3000/profile" "Mozilla/5.0 (Windows NT 10.0; Win64; x64) AppleWebKit/537.36 (KHTML, like Gecko) Chrome/59.0.3071.115 Safari/537.36"
::1 - - [15/Jul/2017:15:58:24 +0000] "GET /favicon.ico HTTP/1.1" 200 1404 "http://localhost:3000/" "Mozilla/5.0 (Windows NT 10.0; Win64; x64) AppleWebKit/537.36 (KHTML, like Gecko) Chrome/59.0.3071.115 Safari/537.36"
::1 - - [15/Jul/2017:16:00:47 +0000] "GET /profile HTTP/1.1" 304 - "http://localhost:3000/" "Mozilla/5.0 (Windows NT 10.0; Win64; x64) AppleWebKit/537.36 (KHTML, like Gecko) Chrome/59.0.3071.115 Safari/537.36"
::1 - - [15/Jul/2017:16:00:47 +0000] "GET /favicon.ico HTTP/1.1" 200 1405 "http://localhost:3000/profile" "Mozilla/5.0 (Windows NT 10.0; Win64; x64) AppleWebKit/537.36 (KHTML, like Gecko) Chrome/59.0.3071.115 Safari/537.36"
::1 - - [15/Jul/2017:16:01:00 +0000] "GET /myfiles HTTP/1.1" 304 - "http://localhost:3000/profile" "Mozilla/5.0 (Windows NT 10.0; Win64; x64) AppleWebKit/537.36 (KHTML, like Gecko) Chrome/59.0.3071.115 Safari/537.36"
::1 - - [15/Jul/2017:16:01:00 +0000] "GET /favicon.ico HTTP/1.1" 200 1404 "http://localhost:3000/myfiles" "Mozilla/5.0 (Windows NT 10.0; Win64; x64) AppleWebKit/537.36 (KHTML, like Gecko) Chrome/59.0.3071.115 Safari/537.36"
::1 - - [15/Jul/2017:16:01:01 +0000] "GET / HTTP/1.1" 200 3183 "http://localhost:3000/myfiles" "Mozilla/5.0 (Windows NT 10.0; Win64; x64) AppleWebKit/537.36 (KHTML, like Gecko) Chrome/59.0.3071.115 Safari/537.36"
::1 - - [15/Jul/2017:16:01:02 +0000] "GET /favicon.ico HTTP/1.1" 200 1405 "http://localhost:3000/" "Mozilla/5.0 (Windows NT 10.0; Win64; x64) AppleWebKit/537.36 (KHTML, like Gecko) Chrome/59.0.3071.115 Safari/537.36"
::1 - - [15/Jul/2017:16:01:04 +0000] "GET /profile HTTP/1.1" 304 - "http://localhost:3000/" "Mozilla/5.0 (Windows NT 10.0; Win64; x64) AppleWebKit/537.36 (KHTML, like Gecko) Chrome/59.0.3071.115 Safari/537.36"
::1 - - [15/Jul/2017:16:01:05 +0000] "GET /favicon.ico HTTP/1.1" 200 1404 "http://localhost:3000/profile" "Mozilla/5.0 (Windows NT 10.0; Win64; x64) AppleWebKit/537.36 (KHTML, like Gecko) Chrome/59.0.3071.115 Safari/537.36"
::1 - - [15/Jul/2017:16:01:58 +0000] "GET / HTTP/1.1" 200 3182 "http://localhost:3000/profile" "Mozilla/5.0 (Windows NT 10.0; Win64; x64) AppleWebKit/537.36 (KHTML, like Gecko) Chrome/59.0.3071.115 Safari/537.36"
::1 - - [15/Jul/2017:16:01:58 +0000] "GET /favicon.ico HTTP/1.1" 200 1405 "http://localhost:3000/" "Mozilla/5.0 (Windows NT 10.0; Win64; x64) AppleWebKit/537.36 (KHTML, like Gecko) Chrome/59.0.3071.115 Safari/537.36"
::1 - - [15/Jul/2017:16:33:03 +0000] "GET / HTTP/1.1" 200 3183 "-" "Mozilla/5.0 (Windows NT 10.0; Win64; x64) AppleWebKit/537.36 (KHTML, like Gecko) Chrome/59.0.3071.115 Safari/537.36"
::1 - - [15/Jul/2017:16:33:04 +0000] "GET /favicon.ico HTTP/1.1" 200 1404 "http://localhost:3000/" "Mozilla/5.0 (Windows NT 10.0; Win64; x64) AppleWebKit/537.36 (KHTML, like Gecko) Chrome/59.0.3071.115 Safari/537.36"
::1 - - [15/Jul/2017:16:33:08 +0000] "GET /myfiles HTTP/1.1" 304 - "http://localhost:3000/" "Mozilla/5.0 (Windows NT 10.0; Win64; x64) AppleWebKit/537.36 (KHTML, like Gecko) Chrome/59.0.3071.115 Safari/537.36"
::1 - - [15/Jul/2017:16:33:08 +0000] "GET /favicon.ico HTTP/1.1" 200 1404 "http://localhost:3000/myfiles" "Mozilla/5.0 (Windows NT 10.0; Win64; x64) AppleWebKit/537.36 (KHTML, like Gecko) Chrome/59.0.3071.115 Safari/537.36"
::1 - - [15/Jul/2017:16:33:11 +0000] "GET /profile HTTP/1.1" 304 - "http://localhost:3000/myfiles" "Mozilla/5.0 (Windows NT 10.0; Win64; x64) AppleWebKit/537.36 (KHTML, like Gecko) Chrome/59.0.3071.115 Safari/537.36"
::1 - - [15/Jul/2017:16:33:11 +0000] "GET /favicon.ico HTTP/1.1" 200 1404 "http://localhost:3000/profile" "Mozilla/5.0 (Windows NT 10.0; Win64; x64) AppleWebKit/537.36 (KHTML, like Gecko) Chrome/59.0.3071.115 Safari/537.36"
::1 - - [15/Jul/2017:16:33:43 +0000] "GET /myfiles HTTP/1.1" 304 - "http://localhost:3000/profile" "Mozilla/5.0 (Windows NT 10.0; Win64; x64) AppleWebKit/537.36 (KHTML, like Gecko) Chrome/59.0.3071.115 Safari/537.36"
::1 - - [15/Jul/2017:16:33:43 +0000] "GET /favicon.ico HTTP/1.1" 200 1404 "http://localhost:3000/myfiles" "Mozilla/5.0 (Windows NT 10.0; Win64; x64) AppleWebKit/537.36 (KHTML, like Gecko) Chrome/59.0.3071.115 Safari/537.36"
::1 - - [15/Jul/2017:16:33:59 +0000] "GET /profile HTTP/1.1" 304 - "http://localhost:3000/myfiles" "Mozilla/5.0 (Windows NT 10.0; Win64; x64) AppleWebKit/537.36 (KHTML, like Gecko) Chrome/59.0.3071.115 Safari/537.36"
::1 - - [15/Jul/2017:16:33:59 +0000] "GET /favicon.ico HTTP/1.1" 200 1405 "http://localhost:3000/profile" "Mozilla/5.0 (Windows NT 10.0; Win64; x64) AppleWebKit/537.36 (KHTML, like Gecko) Chrome/59.0.3071.115 Safari/537.36"
::1 - - [15/Jul/2017:16:34:09 +0000] "GET /myfiles HTTP/1.1" 304 - "http://localhost:3000/profile" "Mozilla/5.0 (Windows NT 10.0; Win64; x64) AppleWebKit/537.36 (KHTML, like Gecko) Chrome/59.0.3071.115 Safari/537.36"
::1 - - [15/Jul/2017:16:34:09 +0000] "GET /favicon.ico HTTP/1.1" 200 1404 "http://localhost:3000/myfiles" "Mozilla/5.0 (Windows NT 10.0; Win64; x64) AppleWebKit/537.36 (KHTML, like Gecko) Chrome/59.0.3071.115 Safari/537.36"
::1 - - [15/Jul/2017:16:34:19 +0000] "GET /profile HTTP/1.1" 304 - "http://localhost:3000/myfiles" "Mozilla/5.0 (Windows NT 10.0; Win64; x64) AppleWebKit/537.36 (KHTML, like Gecko) Chrome/59.0.3071.115 Safari/537.36"
::1 - - [15/Jul/2017:16:34:19 +0000] "GET /favicon.ico HTTP/1.1" 200 1404 "http://localhost:3000/profile" "Mozilla/5.0 (Windows NT 10.0; Win64; x64) AppleWebKit/537.36 (KHTML, like Gecko) Chrome/59.0.3071.115 Safari/537.36"
::1 - - [15/Jul/2017:16:34:26 +0000] "GET /myfiles HTTP/1.1" 304 - "http://localhost:3000/profile" "Mozilla/5.0 (Windows NT 10.0; Win64; x64) AppleWebKit/537.36 (KHTML, like Gecko) Chrome/59.0.3071.115 Safari/537.36"
::1 - - [15/Jul/2017:16:34:26 +0000] "GET /favicon.ico HTTP/1.1" 200 1404 "http://localhost:3000/myfiles" "Mozilla/5.0 (Windows NT 10.0; Win64; x64) AppleWebKit/537.36 (KHTML, like Gecko) Chrome/59.0.3071.115 Safari/537.36"
::1 - - [15/Jul/2017:16:36:09 +0000] "GET /myfiles HTTP/1.1" 304 - "http://localhost:3000/profile" "Mozilla/5.0 (Windows NT 10.0; Win64; x64) AppleWebKit/537.36 (KHTML, like Gecko) Chrome/59.0.3071.115 Safari/537.36"
::1 - - [15/Jul/2017:16:36:09 +0000] "GET /favicon.ico HTTP/1.1" 200 1404 "http://localhost:3000/myfiles" "Mozilla/5.0 (Windows NT 10.0; Win64; x64) AppleWebKit/537.36 (KHTML, like Gecko) Chrome/59.0.3071.115 Safari/537.36"
::1 - - [15/Jul/2017:16:36:16 +0000] "GET /myfiles HTTP/1.1" 304 - "http://localhost:3000/profile" "Mozilla/5.0 (Windows NT 10.0; Win64; x64) AppleWebKit/537.36 (KHTML, like Gecko) Chrome/59.0.3071.115 Safari/537.36"
::1 - - [15/Jul/2017:16:36:17 +0000] "GET /favicon.ico HTTP/1.1" 200 1404 "http://localhost:3000/myfiles" "Mozilla/5.0 (Windows NT 10.0; Win64; x64) AppleWebKit/537.36 (KHTML, like Gecko) Chrome/59.0.3071.115 Safari/537.36"
::1 - - [15/Jul/2017:16:42:40 +0000] "GET /myfiles HTTP/1.1" 200 1849 "http://localhost:3000/profile" "Mozilla/5.0 (Windows NT 10.0; Win64; x64) AppleWebKit/537.36 (KHTML, like Gecko) Chrome/59.0.3071.115 Safari/537.36"
::1 - - [15/Jul/2017:16:42:40 +0000] "GET /favicon.ico HTTP/1.1" 200 1404 "http://localhost:3000/myfiles" "Mozilla/5.0 (Windows NT 10.0; Win64; x64) AppleWebKit/537.36 (KHTML, like Gecko) Chrome/59.0.3071.115 Safari/537.36"
::1 - - [15/Jul/2017:16:43:32 +0000] "GET /myfiles HTTP/1.1" 304 - "http://localhost:3000/profile" "Mozilla/5.0 (Windows NT 10.0; Win64; x64) AppleWebKit/537.36 (KHTML, like Gecko) Chrome/59.0.3071.115 Safari/537.36"
::1 - - [15/Jul/2017:16:43:33 +0000] "GET /favicon.ico HTTP/1.1" 200 1405 "http://localhost:3000/myfiles" "Mozilla/5.0 (Windows NT 10.0; Win64; x64) AppleWebKit/537.36 (KHTML, like Gecko) Chrome/59.0.3071.115 Safari/537.36"
::1 - - [15/Jul/2017:16:43:38 +0000] "GET /myfiles HTTP/1.1" 200 1917 "http://localhost:3000/profile" "Mozilla/5.0 (Windows NT 10.0; Win64; x64) AppleWebKit/537.36 (KHTML, like Gecko) Chrome/59.0.3071.115 Safari/537.36"
::1 - - [15/Jul/2017:16:43:38 +0000] "GET /favicon.ico HTTP/1.1" 200 1404 "http://localhost:3000/myfiles" "Mozilla/5.0 (Windows NT 10.0; Win64; x64) AppleWebKit/537.36 (KHTML, like Gecko) Chrome/59.0.3071.115 Safari/537.36"
::1 - - [15/Jul/2017:16:43:49 +0000] "GET / HTTP/1.1" 200 3182 "http://localhost:3000/myfiles" "Mozilla/5.0 (Windows NT 10.0; Win64; x64) AppleWebKit/537.36 (KHTML, like Gecko) Chrome/59.0.3071.115 Safari/537.36"
::1 - - [15/Jul/2017:16:43:49 +0000] "GET /favicon.ico HTTP/1.1" 200 1404 "http://localhost:3000/" "Mozilla/5.0 (Windows NT 10.0; Win64; x64) AppleWebKit/537.36 (KHTML, like Gecko) Chrome/59.0.3071.115 Safari/537.36"
::1 - - [15/Jul/2017:16:43:59 +0000] "POST /upload HTTP/1.1" 200 38 "http://localhost:3000/" "Mozilla/5.0 (Windows NT 10.0; Win64; x64) AppleWebKit/537.36 (KHTML, like Gecko) Chrome/59.0.3071.115 Safari/537.36"
::1 - - [15/Jul/2017:16:44:00 +0000] "GET /profile HTTP/1.1" 200 5013 "http://localhost:3000/" "Mozilla/5.0 (Windows NT 10.0; Win64; x64) AppleWebKit/537.36 (KHTML, like Gecko) Chrome/59.0.3071.115 Safari/537.36"
::1 - - [15/Jul/2017:16:44:01 +0000] "GET /favicon.ico HTTP/1.1" 200 1405 "http://localhost:3000/profile" "Mozilla/5.0 (Windows NT 10.0; Win64; x64) AppleWebKit/537.36 (KHTML, like Gecko) Chrome/59.0.3071.115 Safari/537.36"
::1 - - [15/Jul/2017:16:44:02 +0000] "GET /myfiles HTTP/1.1" 200 2008 "http://localhost:3000/profile" "Mozilla/5.0 (Windows NT 10.0; Win64; x64) AppleWebKit/537.36 (KHTML, like Gecko) Chrome/59.0.3071.115 Safari/537.36"
::1 - - [15/Jul/2017:16:44:02 +0000] "GET /favicon.ico HTTP/1.1" 200 1404 "http://localhost:3000/myfiles" "Mozilla/5.0 (Windows NT 10.0; Win64; x64) AppleWebKit/537.36 (KHTML, like Gecko) Chrome/59.0.3071.115 Safari/537.36"
::1 - - [15/Jul/2017:16:44:28 +0000] "GET /myfiles HTTP/1.1" 200 2039 "http://localhost:3000/profile" "Mozilla/5.0 (Windows NT 10.0; Win64; x64) AppleWebKit/537.36 (KHTML, like Gecko) Chrome/59.0.3071.115 Safari/537.36"
::1 - - [15/Jul/2017:16:44:28 +0000] "GET /favicon.ico HTTP/1.1" 200 1404 "http://localhost:3000/myfiles" "Mozilla/5.0 (Windows NT 10.0; Win64; x64) AppleWebKit/537.36 (KHTML, like Gecko) Chrome/59.0.3071.115 Safari/537.36"
::1 - - [15/Jul/2017:16:44:37 +0000] "GET /myfiles HTTP/1.1" 200 2155 "http://localhost:3000/profile" "Mozilla/5.0 (Windows NT 10.0; Win64; x64) AppleWebKit/537.36 (KHTML, like Gecko) Chrome/59.0.3071.115 Safari/537.36"
::1 - - [15/Jul/2017:16:44:37 +0000] "GET /favicon.ico HTTP/1.1" 200 1404 "http://localhost:3000/myfiles" "Mozilla/5.0 (Windows NT 10.0; Win64; x64) AppleWebKit/537.36 (KHTML, like Gecko) Chrome/59.0.3071.115 Safari/537.36"
::1 - - [15/Jul/2017:16:45:00 +0000] "GET /profile HTTP/1.1" 304 - "http://localhost:3000/myfiles" "Mozilla/5.0 (Windows NT 10.0; Win64; x64) AppleWebKit/537.36 (KHTML, like Gecko) Chrome/59.0.3071.115 Safari/537.36"
::1 - - [15/Jul/2017:16:45:00 +0000] "GET /favicon.ico HTTP/1.1" 200 1405 "http://localhost:3000/profile" "Mozilla/5.0 (Windows NT 10.0; Win64; x64) AppleWebKit/537.36 (KHTML, like Gecko) Chrome/59.0.3071.115 Safari/537.36"
::1 - - [15/Jul/2017:16:46:31 +0000] "GET /profile HTTP/1.1" 304 - "http://localhost:3000/myfiles" "Mozilla/5.0 (Windows NT 10.0; Win64; x64) AppleWebKit/537.36 (KHTML, like Gecko) Chrome/59.0.3071.115 Safari/537.36"
::1 - - [15/Jul/2017:16:46:31 +0000] "GET /favicon.ico HTTP/1.1" 200 1404 "http://localhost:3000/profile" "Mozilla/5.0 (Windows NT 10.0; Win64; x64) AppleWebKit/537.36 (KHTML, like Gecko) Chrome/59.0.3071.115 Safari/537.36"
::1 - - [15/Jul/2017:16:46:36 +0000] "GET /profile HTTP/1.1" 304 - "http://localhost:3000/myfiles" "Mozilla/5.0 (Windows NT 10.0; Win64; x64) AppleWebKit/537.36 (KHTML, like Gecko) Chrome/59.0.3071.115 Safari/537.36"
::1 - - [15/Jul/2017:16:46:36 +0000] "GET /favicon.ico HTTP/1.1" 200 1404 "http://localhost:3000/profile" "Mozilla/5.0 (Windows NT 10.0; Win64; x64) AppleWebKit/537.36 (KHTML, like Gecko) Chrome/59.0.3071.115 Safari/537.36"
::1 - - [15/Jul/2017:16:46:37 +0000] "GET /profile HTTP/1.1" 304 - "http://localhost:3000/myfiles" "Mozilla/5.0 (Windows NT 10.0; Win64; x64) AppleWebKit/537.36 (KHTML, like Gecko) Chrome/59.0.3071.115 Safari/537.36"
::1 - - [15/Jul/2017:16:46:37 +0000] "GET /favicon.ico HTTP/1.1" 200 1405 "http://localhost:3000/profile" "Mozilla/5.0 (Windows NT 10.0; Win64; x64) AppleWebKit/537.36 (KHTML, like Gecko) Chrome/59.0.3071.115 Safari/537.36"
::1 - - [15/Jul/2017:16:46:38 +0000] "GET /profile HTTP/1.1" 304 - "http://localhost:3000/myfiles" "Mozilla/5.0 (Windows NT 10.0; Win64; x64) AppleWebKit/537.36 (KHTML, like Gecko) Chrome/59.0.3071.115 Safari/537.36"
::1 - - [15/Jul/2017:16:46:38 +0000] "GET /favicon.ico HTTP/1.1" 200 1404 "http://localhost:3000/profile" "Mozilla/5.0 (Windows NT 10.0; Win64; x64) AppleWebKit/537.36 (KHTML, like Gecko) Chrome/59.0.3071.115 Safari/537.36"
::1 - - [15/Jul/2017:16:47:43 +0000] "GET /files/qnUzD0t3Xt HTTP/1.1" 200 3873 "http://localhost:3000/profile" "Mozilla/5.0 (Windows NT 10.0; Win64; x64) AppleWebKit/537.36 (KHTML, like Gecko) Chrome/59.0.3071.115 Safari/537.36"
::1 - - [15/Jul/2017:16:47:44 +0000] "GET /favicon.ico HTTP/1.1" 200 1405 "http://localhost:3000/files/qnUzD0t3Xt" "Mozilla/5.0 (Windows NT 10.0; Win64; x64) AppleWebKit/537.36 (KHTML, like Gecko) Chrome/59.0.3071.115 Safari/537.36"
::1 - - [15/Jul/2017:16:47:51 +0000] "GET /favicon.ico HTTP/1.1" 200 1405 "http://localhost:3000/profile" "Mozilla/5.0 (Windows NT 10.0; Win64; x64) AppleWebKit/537.36 (KHTML, like Gecko) Chrome/59.0.3071.115 Safari/537.36"
::1 - - [15/Jul/2017:16:49:44 +0000] "GET /profile HTTP/1.1" 200 5014 "http://localhost:3000/myfiles" "Mozilla/5.0 (Windows NT 10.0; Win64; x64) AppleWebKit/537.36 (KHTML, like Gecko) Chrome/59.0.3071.115 Safari/537.36"
::1 - - [15/Jul/2017:16:49:44 +0000] "GET /favicon.ico HTTP/1.1" 200 1404 "http://localhost:3000/profile" "Mozilla/5.0 (Windows NT 10.0; Win64; x64) AppleWebKit/537.36 (KHTML, like Gecko) Chrome/59.0.3071.115 Safari/537.36"
::1 - - [15/Jul/2017:16:50:54 +0000] "GET /profile HTTP/1.1" 304 - "http://localhost:3000/profile" "Mozilla/5.0 (Windows NT 10.0; Win64; x64) AppleWebKit/537.36 (KHTML, like Gecko) Chrome/59.0.3071.115 Safari/537.36"
::1 - - [15/Jul/2017:16:50:54 +0000] "GET /favicon.ico HTTP/1.1" 200 1404 "http://localhost:3000/profile" "Mozilla/5.0 (Windows NT 10.0; Win64; x64) AppleWebKit/537.36 (KHTML, like Gecko) Chrome/59.0.3071.115 Safari/537.36"
::1 - - [15/Jul/2017:16:50:56 +0000] "GET /myfiles HTTP/1.1" 304 - "http://localhost:3000/profile" "Mozilla/5.0 (Windows NT 10.0; Win64; x64) AppleWebKit/537.36 (KHTML, like Gecko) Chrome/59.0.3071.115 Safari/537.36"
::1 - - [15/Jul/2017:16:50:56 +0000] "GET /favicon.ico HTTP/1.1" 200 1404 "http://localhost:3000/myfiles" "Mozilla/5.0 (Windows NT 10.0; Win64; x64) AppleWebKit/537.36 (KHTML, like Gecko) Chrome/59.0.3071.115 Safari/537.36"
::1 - - [15/Jul/2017:16:51:20 +0000] "GET / HTTP/1.1" 200 3183 "http://localhost:3000/myfiles" "Mozilla/5.0 (Windows NT 10.0; Win64; x64) AppleWebKit/537.36 (KHTML, like Gecko) Chrome/59.0.3071.115 Safari/537.36"
::1 - - [15/Jul/2017:16:51:20 +0000] "GET /favicon.ico HTTP/1.1" 200 1404 "http://localhost:3000/" "Mozilla/5.0 (Windows NT 10.0; Win64; x64) AppleWebKit/537.36 (KHTML, like Gecko) Chrome/59.0.3071.115 Safari/537.36"
::1 - - [15/Jul/2017:16:51:29 +0000] "GET / HTTP/1.1" 200 3182 "http://localhost:3000/myfiles" "Mozilla/5.0 (Windows NT 10.0; Win64; x64) AppleWebKit/537.36 (KHTML, like Gecko) Chrome/59.0.3071.115 Safari/537.36"
::1 - - [15/Jul/2017:16:51:29 +0000] "GET /favicon.ico HTTP/1.1" 200 1404 "http://localhost:3000/" "Mozilla/5.0 (Windows NT 10.0; Win64; x64) AppleWebKit/537.36 (KHTML, like Gecko) Chrome/59.0.3071.115 Safari/537.36"
::1 - - [15/Jul/2017:16:51:30 +0000] "GET / HTTP/1.1" 200 3182 "http://localhost:3000/myfiles" "Mozilla/5.0 (Windows NT 10.0; Win64; x64) AppleWebKit/537.36 (KHTML, like Gecko) Chrome/59.0.3071.115 Safari/537.36"
::1 - - [15/Jul/2017:16:51:30 +0000] "GET /favicon.ico HTTP/1.1" 200 1405 "http://localhost:3000/" "Mozilla/5.0 (Windows NT 10.0; Win64; x64) AppleWebKit/537.36 (KHTML, like Gecko) Chrome/59.0.3071.115 Safari/537.36"
::1 - - [15/Jul/2017:16:51:31 +0000] "GET / HTTP/1.1" 200 3182 "http://localhost:3000/myfiles" "Mozilla/5.0 (Windows NT 10.0; Win64; x64) AppleWebKit/537.36 (KHTML, like Gecko) Chrome/59.0.3071.115 Safari/537.36"
::1 - - [15/Jul/2017:16:51:31 +0000] "GET /favicon.ico HTTP/1.1" 200 1404 "http://localhost:3000/" "Mozilla/5.0 (Windows NT 10.0; Win64; x64) AppleWebKit/537.36 (KHTML, like Gecko) Chrome/59.0.3071.115 Safari/537.36"
::1 - - [15/Jul/2017:16:51:32 +0000] "GET / HTTP/1.1" 200 3182 "http://localhost:3000/myfiles" "Mozilla/5.0 (Windows NT 10.0; Win64; x64) AppleWebKit/537.36 (KHTML, like Gecko) Chrome/59.0.3071.115 Safari/537.36"
::1 - - [15/Jul/2017:16:51:32 +0000] "GET /favicon.ico HTTP/1.1" 200 1404 "http://localhost:3000/" "Mozilla/5.0 (Windows NT 10.0; Win64; x64) AppleWebKit/537.36 (KHTML, like Gecko) Chrome/59.0.3071.115 Safari/537.36"
::1 - - [15/Jul/2017:16:51:33 +0000] "GET / HTTP/1.1" 200 3183 "http://localhost:3000/myfiles" "Mozilla/5.0 (Windows NT 10.0; Win64; x64) AppleWebKit/537.36 (KHTML, like Gecko) Chrome/59.0.3071.115 Safari/537.36"
::1 - - [15/Jul/2017:16:51:33 +0000] "GET /favicon.ico HTTP/1.1" 200 1405 "http://localhost:3000/" "Mozilla/5.0 (Windows NT 10.0; Win64; x64) AppleWebKit/537.36 (KHTML, like Gecko) Chrome/59.0.3071.115 Safari/537.36"
::1 - - [15/Jul/2017:16:51:34 +0000] "GET / HTTP/1.1" 200 3182 "http://localhost:3000/myfiles" "Mozilla/5.0 (Windows NT 10.0; Win64; x64) AppleWebKit/537.36 (KHTML, like Gecko) Chrome/59.0.3071.115 Safari/537.36"
::1 - - [15/Jul/2017:16:51:34 +0000] "GET /favicon.ico HTTP/1.1" 200 1404 "http://localhost:3000/" "Mozilla/5.0 (Windows NT 10.0; Win64; x64) AppleWebKit/537.36 (KHTML, like Gecko) Chrome/59.0.3071.115 Safari/537.36"
::1 - - [15/Jul/2017:16:51:34 +0000] "GET / HTTP/1.1" 200 3183 "http://localhost:3000/myfiles" "Mozilla/5.0 (Windows NT 10.0; Win64; x64) AppleWebKit/537.36 (KHTML, like Gecko) Chrome/59.0.3071.115 Safari/537.36"
::1 - - [15/Jul/2017:16:51:35 +0000] "GET /favicon.ico HTTP/1.1" 200 1405 "http://localhost:3000/" "Mozilla/5.0 (Windows NT 10.0; Win64; x64) AppleWebKit/537.36 (KHTML, like Gecko) Chrome/59.0.3071.115 Safari/537.36"
::1 - - [15/Jul/2017:16:51:35 +0000] "GET / HTTP/1.1" 200 3182 "http://localhost:3000/myfiles" "Mozilla/5.0 (Windows NT 10.0; Win64; x64) AppleWebKit/537.36 (KHTML, like Gecko) Chrome/59.0.3071.115 Safari/537.36"
::1 - - [15/Jul/2017:16:51:35 +0000] "GET /favicon.ico HTTP/1.1" 200 1405 "http://localhost:3000/" "Mozilla/5.0 (Windows NT 10.0; Win64; x64) AppleWebKit/537.36 (KHTML, like Gecko) Chrome/59.0.3071.115 Safari/537.36"
::1 - - [15/Jul/2017:16:51:35 +0000] "GET / HTTP/1.1" 200 3183 "http://localhost:3000/myfiles" "Mozilla/5.0 (Windows NT 10.0; Win64; x64) AppleWebKit/537.36 (KHTML, like Gecko) Chrome/59.0.3071.115 Safari/537.36"
::1 - - [15/Jul/2017:16:51:36 +0000] "GET /favicon.ico HTTP/1.1" 200 1405 "http://localhost:3000/" "Mozilla/5.0 (Windows NT 10.0; Win64; x64) AppleWebKit/537.36 (KHTML, like Gecko) Chrome/59.0.3071.115 Safari/537.36"
::1 - - [15/Jul/2017:16:51:36 +0000] "GET / HTTP/1.1" 200 3182 "http://localhost:3000/myfiles" "Mozilla/5.0 (Windows NT 10.0; Win64; x64) AppleWebKit/537.36 (KHTML, like Gecko) Chrome/59.0.3071.115 Safari/537.36"
::1 - - [15/Jul/2017:16:51:36 +0000] "GET /favicon.ico HTTP/1.1" 200 1405 "http://localhost:3000/" "Mozilla/5.0 (Windows NT 10.0; Win64; x64) AppleWebKit/537.36 (KHTML, like Gecko) Chrome/59.0.3071.115 Safari/537.36"
::1 - - [15/Jul/2017:16:52:08 +0000] "GET / HTTP/1.1" 200 3183 "http://localhost:3000/myfiles" "Mozilla/5.0 (Linux; Android 6.0; Nexus 5 Build/MRA58N) AppleWebKit/537.36 (KHTML, like Gecko) Chrome/59.0.3071.115 Mobile Safari/537.36"
::1 - - [15/Jul/2017:16:52:08 +0000] "GET /favicon.ico HTTP/1.1" 200 1405 "http://localhost:3000/" "Mozilla/5.0 (Linux; Android 6.0; Nexus 5 Build/MRA58N) AppleWebKit/537.36 (KHTML, like Gecko) Chrome/59.0.3071.115 Mobile Safari/537.36"
::1 - - [15/Jul/2017:16:53:58 +0000] "GET / HTTP/1.1" 200 3123 "http://localhost:3000/myfiles" "Mozilla/5.0 (Windows NT 10.0; Win64; x64) AppleWebKit/537.36 (KHTML, like Gecko) Chrome/59.0.3071.115 Safari/537.36"
::1 - - [15/Jul/2017:16:53:58 +0000] "GET /favicon.ico HTTP/1.1" 200 1404 "http://localhost:3000/" "Mozilla/5.0 (Windows NT 10.0; Win64; x64) AppleWebKit/537.36 (KHTML, like Gecko) Chrome/59.0.3071.115 Safari/537.36"
::1 - - [15/Jul/2017:16:54:04 +0000] "GET / HTTP/1.1" 200 3124 "http://localhost:3000/myfiles" "Mozilla/5.0 (Windows NT 10.0; Win64; x64) AppleWebKit/537.36 (KHTML, like Gecko) Chrome/59.0.3071.115 Safari/537.36"
::1 - - [15/Jul/2017:16:54:04 +0000] "GET /favicon.ico HTTP/1.1" 200 1404 "http://localhost:3000/" "Mozilla/5.0 (Windows NT 10.0; Win64; x64) AppleWebKit/537.36 (KHTML, like Gecko) Chrome/59.0.3071.115 Safari/537.36"
::1 - - [15/Jul/2017:16:54:05 +0000] "GET / HTTP/1.1" 200 3124 "http://localhost:3000/myfiles" "Mozilla/5.0 (Windows NT 10.0; Win64; x64) AppleWebKit/537.36 (KHTML, like Gecko) Chrome/59.0.3071.115 Safari/537.36"
::1 - - [15/Jul/2017:16:54:05 +0000] "GET /favicon.ico HTTP/1.1" 200 1404 "http://localhost:3000/" "Mozilla/5.0 (Windows NT 10.0; Win64; x64) AppleWebKit/537.36 (KHTML, like Gecko) Chrome/59.0.3071.115 Safari/537.36"
::1 - - [15/Jul/2017:16:54:07 +0000] "GET / HTTP/1.1" 304 - "http://localhost:3000/myfiles" "Mozilla/5.0 (Windows NT 10.0; Win64; x64) AppleWebKit/537.36 (KHTML, like Gecko) Chrome/59.0.3071.115 Safari/537.36"
::1 - - [15/Jul/2017:16:54:07 +0000] "GET /favicon.ico HTTP/1.1" 200 1404 "http://localhost:3000/" "Mozilla/5.0 (Windows NT 10.0; Win64; x64) AppleWebKit/537.36 (KHTML, like Gecko) Chrome/59.0.3071.115 Safari/537.36"
::1 - - [15/Jul/2017:16:54:08 +0000] "GET / HTTP/1.1" 200 3123 "http://localhost:3000/myfiles" "Mozilla/5.0 (Windows NT 10.0; Win64; x64) AppleWebKit/537.36 (KHTML, like Gecko) Chrome/59.0.3071.115 Safari/537.36"
::1 - - [15/Jul/2017:16:54:08 +0000] "GET /favicon.ico HTTP/1.1" 200 1405 "http://localhost:3000/" "Mozilla/5.0 (Windows NT 10.0; Win64; x64) AppleWebKit/537.36 (KHTML, like Gecko) Chrome/59.0.3071.115 Safari/537.36"
::1 - - [15/Jul/2017:16:54:08 +0000] "GET / HTTP/1.1" 200 3124 "http://localhost:3000/myfiles" "Mozilla/5.0 (Windows NT 10.0; Win64; x64) AppleWebKit/537.36 (KHTML, like Gecko) Chrome/59.0.3071.115 Safari/537.36"
::1 - - [15/Jul/2017:16:54:08 +0000] "GET /favicon.ico HTTP/1.1" 200 1405 "http://localhost:3000/" "Mozilla/5.0 (Windows NT 10.0; Win64; x64) AppleWebKit/537.36 (KHTML, like Gecko) Chrome/59.0.3071.115 Safari/537.36"
::1 - - [15/Jul/2017:16:54:08 +0000] "GET / HTTP/1.1" 200 3124 "http://localhost:3000/myfiles" "Mozilla/5.0 (Windows NT 10.0; Win64; x64) AppleWebKit/537.36 (KHTML, like Gecko) Chrome/59.0.3071.115 Safari/537.36"
::1 - - [15/Jul/2017:16:54:08 +0000] "GET /favicon.ico HTTP/1.1" 200 1404 "http://localhost:3000/" "Mozilla/5.0 (Windows NT 10.0; Win64; x64) AppleWebKit/537.36 (KHTML, like Gecko) Chrome/59.0.3071.115 Safari/537.36"
::1 - - [15/Jul/2017:16:54:09 +0000] "GET / HTTP/1.1" 200 3123 "http://localhost:3000/myfiles" "Mozilla/5.0 (Windows NT 10.0; Win64; x64) AppleWebKit/537.36 (KHTML, like Gecko) Chrome/59.0.3071.115 Safari/537.36"
::1 - - [15/Jul/2017:16:54:09 +0000] "GET /favicon.ico HTTP/1.1" 200 1404 "http://localhost:3000/" "Mozilla/5.0 (Windows NT 10.0; Win64; x64) AppleWebKit/537.36 (KHTML, like Gecko) Chrome/59.0.3071.115 Safari/537.36"
::1 - - [15/Jul/2017:16:54:41 +0000] "GET /favicon.ico HTTP/1.1" 304 - "http://localhost:3000/profile" "Mozilla/5.0 (Windows NT 10.0; Win64; x64) AppleWebKit/537.36 (KHTML, like Gecko) Chrome/59.0.3071.115 Safari/537.36"
::1 - - [15/Jul/2017:16:54:51 +0000] "GET /profile HTTP/1.1" 200 5014 "http://localhost:3000/profile" "Mozilla/5.0 (Windows NT 10.0; Win64; x64) AppleWebKit/537.36 (KHTML, like Gecko) Chrome/59.0.3071.115 Safari/537.36"
::1 - - [15/Jul/2017:16:54:51 +0000] "GET /favicon.ico HTTP/1.1" 200 1404 "http://localhost:3000/profile" "Mozilla/5.0 (Windows NT 10.0; Win64; x64) AppleWebKit/537.36 (KHTML, like Gecko) Chrome/59.0.3071.115 Safari/537.36"
::1 - - [15/Jul/2017:16:55:07 +0000] "GET / HTTP/1.1" 200 3124 "http://localhost:3000/myfiles" "Mozilla/5.0 (Windows NT 10.0; Win64; x64) AppleWebKit/537.36 (KHTML, like Gecko) Chrome/59.0.3071.115 Safari/537.36"
::1 - - [15/Jul/2017:16:55:08 +0000] "GET /favicon.ico HTTP/1.1" 200 1405 "http://localhost:3000/" "Mozilla/5.0 (Windows NT 10.0; Win64; x64) AppleWebKit/537.36 (KHTML, like Gecko) Chrome/59.0.3071.115 Safari/537.36"
::1 - - [15/Jul/2017:16:55:42 +0000] "GET /favicon.ico HTTP/1.1" 200 1404 "http://localhost:3000/" "Mozilla/5.0 (Windows NT 10.0; Win64; x64) AppleWebKit/537.36 (KHTML, like Gecko) Chrome/59.0.3071.115 Safari/537.36"
::1 - - [15/Jul/2017:16:55:43 +0000] "GET /favicon.ico HTTP/1.1" 200 1404 "http://localhost:3000/" "Mozilla/5.0 (Windows NT 10.0; Win64; x64) AppleWebKit/537.36 (KHTML, like Gecko) Chrome/59.0.3071.115 Safari/537.36"
::1 - - [15/Jul/2017:16:55:43 +0000] "GET /favicon.ico HTTP/1.1" 200 1404 "http://localhost:3000/" "Mozilla/5.0 (Windows NT 10.0; Win64; x64) AppleWebKit/537.36 (KHTML, like Gecko) Chrome/59.0.3071.115 Safari/537.36"
::1 - - [15/Jul/2017:16:55:44 +0000] "GET /favicon.ico HTTP/1.1" 200 1405 "http://localhost:3000/" "Mozilla/5.0 (Windows NT 10.0; Win64; x64) AppleWebKit/537.36 (KHTML, like Gecko) Chrome/59.0.3071.115 Safari/537.36"
::1 - - [15/Jul/2017:16:55:44 +0000] "GET /favicon.ico HTTP/1.1" 200 1405 "http://localhost:3000/" "Mozilla/5.0 (Windows NT 10.0; Win64; x64) AppleWebKit/537.36 (KHTML, like Gecko) Chrome/59.0.3071.115 Safari/537.36"
::1 - - [15/Jul/2017:16:55:44 +0000] "GET /favicon.ico HTTP/1.1" 200 1404 "http://localhost:3000/" "Mozilla/5.0 (Windows NT 10.0; Win64; x64) AppleWebKit/537.36 (KHTML, like Gecko) Chrome/59.0.3071.115 Safari/537.36"
::1 - - [15/Jul/2017:16:55:45 +0000] "GET /favicon.ico HTTP/1.1" 200 1404 "http://localhost:3000/" "Mozilla/5.0 (Windows NT 10.0; Win64; x64) AppleWebKit/537.36 (KHTML, like Gecko) Chrome/59.0.3071.115 Safari/537.36"
::1 - - [15/Jul/2017:16:55:45 +0000] "GET /favicon.ico HTTP/1.1" 200 1405 "http://localhost:3000/" "Mozilla/5.0 (Windows NT 10.0; Win64; x64) AppleWebKit/537.36 (KHTML, like Gecko) Chrome/59.0.3071.115 Safari/537.36"
::1 - - [15/Jul/2017:16:55:46 +0000] "GET /favicon.ico HTTP/1.1" 200 1405 "http://localhost:3000/" "Mozilla/5.0 (Windows NT 10.0; Win64; x64) AppleWebKit/537.36 (KHTML, like Gecko) Chrome/59.0.3071.115 Safari/537.36"
::1 - - [15/Jul/2017:16:55:47 +0000] "GET /favicon.ico HTTP/1.1" 200 1405 "http://localhost:3000/" "Mozilla/5.0 (Windows NT 10.0; Win64; x64) AppleWebKit/537.36 (KHTML, like Gecko) Chrome/59.0.3071.115 Safari/537.36"
::1 - - [15/Jul/2017:16:55:47 +0000] "GET /favicon.ico HTTP/1.1" 200 1404 "http://localhost:3000/" "Mozilla/5.0 (Windows NT 10.0; Win64; x64) AppleWebKit/537.36 (KHTML, like Gecko) Chrome/59.0.3071.115 Safari/537.36"
::1 - - [15/Jul/2017:16:55:47 +0000] "GET /favicon.ico HTTP/1.1" 200 1404 "http://localhost:3000/" "Mozilla/5.0 (Windows NT 10.0; Win64; x64) AppleWebKit/537.36 (KHTML, like Gecko) Chrome/59.0.3071.115 Safari/537.36"
::1 - - [15/Jul/2017:16:55:47 +0000] "GET /favicon.ico HTTP/1.1" 200 1405 "http://localhost:3000/" "Mozilla/5.0 (Windows NT 10.0; Win64; x64) AppleWebKit/537.36 (KHTML, like Gecko) Chrome/59.0.3071.115 Safari/537.36"
::1 - - [15/Jul/2017:16:55:47 +0000] "GET /favicon.ico HTTP/1.1" 200 1404 "http://localhost:3000/" "Mozilla/5.0 (Windows NT 10.0; Win64; x64) AppleWebKit/537.36 (KHTML, like Gecko) Chrome/59.0.3071.115 Safari/537.36"
::1 - - [15/Jul/2017:16:55:48 +0000] "GET /favicon.ico HTTP/1.1" 200 1405 "http://localhost:3000/" "Mozilla/5.0 (Windows NT 10.0; Win64; x64) AppleWebKit/537.36 (KHTML, like Gecko) Chrome/59.0.3071.115 Safari/537.36"
::1 - - [15/Jul/2017:16:55:48 +0000] "GET /favicon.ico HTTP/1.1" 200 1405 "http://localhost:3000/" "Mozilla/5.0 (Windows NT 10.0; Win64; x64) AppleWebKit/537.36 (KHTML, like Gecko) Chrome/59.0.3071.115 Safari/537.36"
::1 - - [15/Jul/2017:16:55:48 +0000] "GET /favicon.ico HTTP/1.1" 200 1405 "http://localhost:3000/" "Mozilla/5.0 (Windows NT 10.0; Win64; x64) AppleWebKit/537.36 (KHTML, like Gecko) Chrome/59.0.3071.115 Safari/537.36"
::1 - - [15/Jul/2017:16:55:50 +0000] "GET /favicon.ico HTTP/1.1" 200 1404 "http://localhost:3000/" "Mozilla/5.0 (Windows NT 10.0; Win64; x64) AppleWebKit/537.36 (KHTML, like Gecko) Chrome/59.0.3071.115 Safari/537.36"
::1 - - [15/Jul/2017:16:55:50 +0000] "GET /favicon.ico HTTP/1.1" 200 1404 "http://localhost:3000/" "Mozilla/5.0 (Windows NT 10.0; Win64; x64) AppleWebKit/537.36 (KHTML, like Gecko) Chrome/59.0.3071.115 Safari/537.36"
::1 - - [15/Jul/2017:16:55:51 +0000] "GET /favicon.ico HTTP/1.1" 200 1404 "http://localhost:3000/" "Mozilla/5.0 (Windows NT 10.0; Win64; x64) AppleWebKit/537.36 (KHTML, like Gecko) Chrome/59.0.3071.115 Safari/537.36"
::1 - - [15/Jul/2017:16:56:02 +0000] "GET / HTTP/1.1" 200 3123 "http://localhost:3000/myfiles" "Mozilla/5.0 (Windows NT 10.0; Win64; x64) AppleWebKit/537.36 (KHTML, like Gecko) Chrome/59.0.3071.115 Safari/537.36"
::1 - - [15/Jul/2017:16:56:02 +0000] "GET /favicon.ico HTTP/1.1" 200 1404 "http://localhost:3000/" "Mozilla/5.0 (Windows NT 10.0; Win64; x64) AppleWebKit/537.36 (KHTML, like Gecko) Chrome/59.0.3071.115 Safari/537.36"
::1 - - [15/Jul/2017:16:56:04 +0000] "GET /myfiles HTTP/1.1" 304 - "http://localhost:3000/" "Mozilla/5.0 (Windows NT 10.0; Win64; x64) AppleWebKit/537.36 (KHTML, like Gecko) Chrome/59.0.3071.115 Safari/537.36"
::1 - - [15/Jul/2017:16:56:05 +0000] "GET /favicon.ico HTTP/1.1" 200 1404 "http://localhost:3000/myfiles" "Mozilla/5.0 (Windows NT 10.0; Win64; x64) AppleWebKit/537.36 (KHTML, like Gecko) Chrome/59.0.3071.115 Safari/537.36"
::1 - - [15/Jul/2017:16:56:06 +0000] "GET /logout HTTP/1.1" 302 46 "http://localhost:3000/myfiles" "Mozilla/5.0 (Windows NT 10.0; Win64; x64) AppleWebKit/537.36 (KHTML, like Gecko) Chrome/59.0.3071.115 Safari/537.36"
::1 - - [15/Jul/2017:16:56:06 +0000] "GET / HTTP/1.1" 200 2815 "http://localhost:3000/myfiles" "Mozilla/5.0 (Windows NT 10.0; Win64; x64) AppleWebKit/537.36 (KHTML, like Gecko) Chrome/59.0.3071.115 Safari/537.36"
::1 - - [15/Jul/2017:16:56:07 +0000] "GET /favicon.ico HTTP/1.1" 200 1096 "http://localhost:3000/" "Mozilla/5.0 (Windows NT 10.0; Win64; x64) AppleWebKit/537.36 (KHTML, like Gecko) Chrome/59.0.3071.115 Safari/537.36"
::1 - - [15/Jul/2017:17:02:23 +0000] "GET / HTTP/1.1" 200 2816 "http://localhost:3000/myfiles" "Mozilla/5.0 (Windows NT 10.0; Win64; x64) AppleWebKit/537.36 (KHTML, like Gecko) Chrome/59.0.3071.115 Safari/537.36"
::1 - - [15/Jul/2017:17:02:23 +0000] "GET /favicon.ico HTTP/1.1" 200 1097 "http://localhost:3000/" "Mozilla/5.0 (Windows NT 10.0; Win64; x64) AppleWebKit/537.36 (KHTML, like Gecko) Chrome/59.0.3071.115 Safari/537.36"
::1 - - [15/Jul/2017:17:03:16 +0000] "GET / HTTP/1.1" 200 2815 "http://localhost:3000/myfiles" "Mozilla/5.0 (Linux; Android 6.0; Nexus 5 Build/MRA58N) AppleWebKit/537.36 (KHTML, like Gecko) Chrome/59.0.3071.115 Mobile Safari/537.36"
::1 - - [15/Jul/2017:17:03:16 +0000] "GET /favicon.ico HTTP/1.1" 200 1097 "http://localhost:3000/" "Mozilla/5.0 (Linux; Android 6.0; Nexus 5 Build/MRA58N) AppleWebKit/537.36 (KHTML, like Gecko) Chrome/59.0.3071.115 Mobile Safari/537.36"
::1 - - [15/Jul/2017:17:03:25 +0000] "GET / HTTP/1.1" 200 2741 "http://localhost:3000/myfiles" "Mozilla/5.0 (Windows NT 10.0; Win64; x64) AppleWebKit/537.36 (KHTML, like Gecko) Chrome/59.0.3071.115 Safari/537.36"
::1 - - [15/Jul/2017:17:03:25 +0000] "GET /favicon.ico HTTP/1.1" 200 1097 "http://localhost:3000/" "Mozilla/5.0 (Windows NT 10.0; Win64; x64) AppleWebKit/537.36 (KHTML, like Gecko) Chrome/59.0.3071.115 Safari/537.36"
::1 - - [15/Jul/2017:17:03:34 +0000] "GET / HTTP/1.1" 200 2741 "http://localhost:3000/myfiles" "Mozilla/5.0 (Windows NT 10.0; Win64; x64) AppleWebKit/537.36 (KHTML, like Gecko) Chrome/59.0.3071.115 Safari/537.36"
::1 - - [15/Jul/2017:17:03:37 +0000] "GET /favicon.ico HTTP/1.1" 200 1097 "http://localhost:3000/" "Mozilla/5.0 (Windows NT 10.0; Win64; x64) AppleWebKit/537.36 (KHTML, like Gecko) Chrome/59.0.3071.115 Safari/537.36"
::1 - - [15/Jul/2017:17:05:07 +0000] "GET / HTTP/1.1" 304 - "http://localhost:3000/myfiles" "Mozilla/5.0 (Windows NT 10.0; Win64; x64) AppleWebKit/537.36 (KHTML, like Gecko) Chrome/59.0.3071.115 Safari/537.36"
::1 - - [15/Jul/2017:17:05:07 +0000] "GET /favicon.ico HTTP/1.1" 200 1096 "http://localhost:3000/" "Mozilla/5.0 (Windows NT 10.0; Win64; x64) AppleWebKit/537.36 (KHTML, like Gecko) Chrome/59.0.3071.115 Safari/537.36"
::1 - - [15/Jul/2017:17:05:11 +0000] "GET / HTTP/1.1" 200 2799 "http://localhost:3000/myfiles" "Mozilla/5.0 (Windows NT 10.0; Win64; x64) AppleWebKit/537.36 (KHTML, like Gecko) Chrome/59.0.3071.115 Safari/537.36"
::1 - - [15/Jul/2017:17:05:12 +0000] "GET /favicon.ico HTTP/1.1" 200 1096 "http://localhost:3000/" "Mozilla/5.0 (Windows NT 10.0; Win64; x64) AppleWebKit/537.36 (KHTML, like Gecko) Chrome/59.0.3071.115 Safari/537.36"
::1 - - [15/Jul/2017:17:05:57 +0000] "GET / HTTP/1.1" 200 2761 "http://localhost:3000/myfiles" "Mozilla/5.0 (Windows NT 10.0; Win64; x64) AppleWebKit/537.36 (KHTML, like Gecko) Chrome/59.0.3071.115 Safari/537.36"
::1 - - [15/Jul/2017:17:05:58 +0000] "GET /favicon.ico HTTP/1.1" 200 1097 "http://localhost:3000/" "Mozilla/5.0 (Windows NT 10.0; Win64; x64) AppleWebKit/537.36 (KHTML, like Gecko) Chrome/59.0.3071.115 Safari/537.36"
::1 - - [15/Jul/2017:17:05:59 +0000] "GET / HTTP/1.1" 200 2761 "http://localhost:3000/myfiles" "Mozilla/5.0 (Windows NT 10.0; Win64; x64) AppleWebKit/537.36 (KHTML, like Gecko) Chrome/59.0.3071.115 Safari/537.36"
::1 - - [15/Jul/2017:17:05:59 +0000] "GET /favicon.ico HTTP/1.1" 200 1097 "http://localhost:3000/" "Mozilla/5.0 (Windows NT 10.0; Win64; x64) AppleWebKit/537.36 (KHTML, like Gecko) Chrome/59.0.3071.115 Safari/537.36"
::1 - - [15/Jul/2017:17:06:24 +0000] "GET / HTTP/1.1" 200 2705 "http://localhost:3000/myfiles" "Mozilla/5.0 (Windows NT 10.0; Win64; x64) AppleWebKit/537.36 (KHTML, like Gecko) Chrome/59.0.3071.115 Safari/537.36"
::1 - - [15/Jul/2017:17:06:25 +0000] "GET /favicon.ico HTTP/1.1" 200 1097 "http://localhost:3000/" "Mozilla/5.0 (Windows NT 10.0; Win64; x64) AppleWebKit/537.36 (KHTML, like Gecko) Chrome/59.0.3071.115 Safari/537.36"
::1 - - [15/Jul/2017:17:06:49 +0000] "GET / HTTP/1.1" 200 2783 "http://localhost:3000/myfiles" "Mozilla/5.0 (Windows NT 10.0; Win64; x64) AppleWebKit/537.36 (KHTML, like Gecko) Chrome/59.0.3071.115 Safari/537.36"
::1 - - [15/Jul/2017:17:06:49 +0000] "GET /favicon.ico HTTP/1.1" 200 1096 "http://localhost:3000/" "Mozilla/5.0 (Windows NT 10.0; Win64; x64) AppleWebKit/537.36 (KHTML, like Gecko) Chrome/59.0.3071.115 Safari/537.36"
::1 - - [15/Jul/2017:17:07:29 +0000] "GET / HTTP/1.1" 200 2783 "http://localhost:3000/myfiles" "Mozilla/5.0 (iPhone; CPU iPhone OS 9_1 like Mac OS X) AppleWebKit/601.1.46 (KHTML, like Gecko) Version/9.0 Mobile/13B143 Safari/601.1"
::1 - - [15/Jul/2017:17:07:29 +0000] "GET /favicon.ico HTTP/1.1" 200 1097 "http://localhost:3000/" "Mozilla/5.0 (iPhone; CPU iPhone OS 9_1 like Mac OS X) AppleWebKit/601.1.46 (KHTML, like Gecko) Version/9.0 Mobile/13B143 Safari/601.1"
::1 - - [15/Jul/2017:17:07:31 +0000] "GET / HTTP/1.1" 200 2783 "http://localhost:3000/myfiles" "Mozilla/5.0 (iPhone; CPU iPhone OS 9_1 like Mac OS X) AppleWebKit/601.1.46 (KHTML, like Gecko) Version/9.0 Mobile/13B143 Safari/601.1"
::1 - - [15/Jul/2017:17:07:32 +0000] "GET /favicon.ico HTTP/1.1" 200 1097 "http://localhost:3000/" "Mozilla/5.0 (iPhone; CPU iPhone OS 9_1 like Mac OS X) AppleWebKit/601.1.46 (KHTML, like Gecko) Version/9.0 Mobile/13B143 Safari/601.1"
::1 - - [15/Jul/2017:17:07:33 +0000] "GET / HTTP/1.1" 200 2783 "http://localhost:3000/myfiles" "Mozilla/5.0 (iPhone; CPU iPhone OS 9_1 like Mac OS X) AppleWebKit/601.1.46 (KHTML, like Gecko) Version/9.0 Mobile/13B143 Safari/601.1"
::1 - - [15/Jul/2017:17:07:33 +0000] "GET /favicon.ico HTTP/1.1" 200 1096 "http://localhost:3000/" "Mozilla/5.0 (iPhone; CPU iPhone OS 9_1 like Mac OS X) AppleWebKit/601.1.46 (KHTML, like Gecko) Version/9.0 Mobile/13B143 Safari/601.1"
::1 - - [15/Jul/2017:17:07:40 +0000] "GET / HTTP/1.1" 200 2782 "http://localhost:3000/myfiles" "Mozilla/5.0 (iPhone; CPU iPhone OS 9_1 like Mac OS X) AppleWebKit/601.1.46 (KHTML, like Gecko) Version/9.0 Mobile/13B143 Safari/601.1"
::1 - - [15/Jul/2017:17:07:40 +0000] "GET /favicon.ico HTTP/1.1" 200 1096 "http://localhost:3000/" "Mozilla/5.0 (iPhone; CPU iPhone OS 9_1 like Mac OS X) AppleWebKit/601.1.46 (KHTML, like Gecko) Version/9.0 Mobile/13B143 Safari/601.1"
::1 - - [15/Jul/2017:17:08:24 +0000] "GET / HTTP/1.1" 200 2874 "http://localhost:3000/myfiles" "Mozilla/5.0 (Linux; Android 5.0; SM-G900P Build/LRX21T) AppleWebKit/537.36 (KHTML, like Gecko) Chrome/59.0.3071.115 Mobile Safari/537.36"
::1 - - [15/Jul/2017:17:08:24 +0000] "GET /favicon.ico HTTP/1.1" 200 1096 "http://localhost:3000/" "Mozilla/5.0 (Linux; Android 5.0; SM-G900P Build/LRX21T) AppleWebKit/537.36 (KHTML, like Gecko) Chrome/59.0.3071.115 Mobile Safari/537.36"
::1 - - [15/Jul/2017:17:09:09 +0000] "GET /upgrade.html HTTP/1.1" 200 1097 "http://localhost:3000/" "Mozilla/5.0 (Windows NT 10.0; Win64; x64) AppleWebKit/537.36 (KHTML, like Gecko) Chrome/59.0.3071.115 Safari/537.36"
::1 - - [15/Jul/2017:17:09:09 +0000] "GET /favicon.ico HTTP/1.1" 200 1096 "http://localhost:3000/upgrade.html" "Mozilla/5.0 (Windows NT 10.0; Win64; x64) AppleWebKit/537.36 (KHTML, like Gecko) Chrome/59.0.3071.115 Safari/537.36"
::1 - - [15/Jul/2017:17:09:10 +0000] "GET /help.html HTTP/1.1" 200 1096 "http://localhost:3000/upgrade.html" "Mozilla/5.0 (Windows NT 10.0; Win64; x64) AppleWebKit/537.36 (KHTML, like Gecko) Chrome/59.0.3071.115 Safari/537.36"
::1 - - [15/Jul/2017:17:09:10 +0000] "GET /favicon.ico HTTP/1.1" 200 1097 "http://localhost:3000/help.html" "Mozilla/5.0 (Windows NT 10.0; Win64; x64) AppleWebKit/537.36 (KHTML, like Gecko) Chrome/59.0.3071.115 Safari/537.36"
::1 - - [15/Jul/2017:17:09:10 +0000] "GET /register.html HTTP/1.1" 304 - "http://localhost:3000/help.html" "Mozilla/5.0 (Windows NT 10.0; Win64; x64) AppleWebKit/537.36 (KHTML, like Gecko) Chrome/59.0.3071.115 Safari/537.36"
::1 - - [15/Jul/2017:17:09:11 +0000] "GET /favicon.ico HTTP/1.1" 200 1097 "http://localhost:3000/register.html" "Mozilla/5.0 (Windows NT 10.0; Win64; x64) AppleWebKit/537.36 (KHTML, like Gecko) Chrome/59.0.3071.115 Safari/537.36"
::1 - - [15/Jul/2017:17:09:11 +0000] "GET /login.html HTTP/1.1" 304 - "http://localhost:3000/register.html" "Mozilla/5.0 (Windows NT 10.0; Win64; x64) AppleWebKit/537.36 (KHTML, like Gecko) Chrome/59.0.3071.115 Safari/537.36"
::1 - - [15/Jul/2017:17:09:11 +0000] "GET /favicon.ico HTTP/1.1" 200 1097 "http://localhost:3000/login.html" "Mozilla/5.0 (Windows NT 10.0; Win64; x64) AppleWebKit/537.36 (KHTML, like Gecko) Chrome/59.0.3071.115 Safari/537.36"
::1 - - [15/Jul/2017:17:09:12 +0000] "GET / HTTP/1.1" 200 2874 "http://localhost:3000/login.html" "Mozilla/5.0 (Windows NT 10.0; Win64; x64) AppleWebKit/537.36 (KHTML, like Gecko) Chrome/59.0.3071.115 Safari/537.36"
::1 - - [15/Jul/2017:17:09:12 +0000] "GET /favicon.ico HTTP/1.1" 200 1096 "http://localhost:3000/" "Mozilla/5.0 (Windows NT 10.0; Win64; x64) AppleWebKit/537.36 (KHTML, like Gecko) Chrome/59.0.3071.115 Safari/537.36"
::1 - - [15/Jul/2017:17:09:16 +0000] "GET /undefined HTTP/1.1" 200 1096 "http://localhost:3000/" "Mozilla/5.0 (Windows NT 10.0; Win64; x64) AppleWebKit/537.36 (KHTML, like Gecko) Chrome/59.0.3071.115 Safari/537.36"
::1 - - [15/Jul/2017:17:09:17 +0000] "GET /undefined HTTP/1.1" 200 1097 "http://localhost:3000/" "Mozilla/5.0 (Windows NT 10.0; Win64; x64) AppleWebKit/537.36 (KHTML, like Gecko) Chrome/59.0.3071.115 Safari/537.36"
::1 - - [15/Jul/2017:17:09:18 +0000] "GET /favicon.ico HTTP/1.1" 200 1096 "http://localhost:3000/" "Mozilla/5.0 (Windows NT 10.0; Win64; x64) AppleWebKit/537.36 (KHTML, like Gecko) Chrome/59.0.3071.115 Safari/537.36"
::1 - - [15/Jul/2017:17:09:22 +0000] "GET /favicon.ico HTTP/1.1" 200 1096 "http://localhost:3000/" "Mozilla/5.0 (Windows NT 10.0; Win64; x64) AppleWebKit/537.36 (KHTML, like Gecko) Chrome/59.0.3071.115 Safari/537.36"
::1 - - [15/Jul/2017:18:34:48 +0000] "GET /register.html HTTP/1.1" 304 - "http://localhost:3000/" "Mozilla/5.0 (Windows NT 10.0; Win64; x64) AppleWebKit/537.36 (KHTML, like Gecko) Chrome/59.0.3071.115 Safari/537.36"
::1 - - [15/Jul/2017:18:34:48 +0000] "GET /favicon.ico HTTP/1.1" 200 1097 "http://localhost:3000/register.html" "Mozilla/5.0 (Windows NT 10.0; Win64; x64) AppleWebKit/537.36 (KHTML, like Gecko) Chrome/59.0.3071.115 Safari/537.36"
::1 - - [15/Jul/2017:18:34:49 +0000] "GET /login.html HTTP/1.1" 304 - "http://localhost:3000/register.html" "Mozilla/5.0 (Windows NT 10.0; Win64; x64) AppleWebKit/537.36 (KHTML, like Gecko) Chrome/59.0.3071.115 Safari/537.36"
::1 - - [15/Jul/2017:18:34:49 +0000] "GET /favicon.ico HTTP/1.1" 200 1096 "http://localhost:3000/login.html" "Mozilla/5.0 (Windows NT 10.0; Win64; x64) AppleWebKit/537.36 (KHTML, like Gecko) Chrome/59.0.3071.115 Safari/537.36"
::1 - - [15/Jul/2017:18:34:55 +0000] "POST /login HTTP/1.1" 302 46 "http://localhost:3000/login.html" "Mozilla/5.0 (Windows NT 10.0; Win64; x64) AppleWebKit/537.36 (KHTML, like Gecko) Chrome/59.0.3071.115 Safari/537.36"
::1 - - [15/Jul/2017:18:34:55 +0000] "GET / HTTP/1.1" 200 3182 "http://localhost:3000/login.html" "Mozilla/5.0 (Windows NT 10.0; Win64; x64) AppleWebKit/537.36 (KHTML, like Gecko) Chrome/59.0.3071.115 Safari/537.36"
::1 - - [15/Jul/2017:18:34:55 +0000] "GET /favicon.ico HTTP/1.1" 200 1404 "http://localhost:3000/" "Mozilla/5.0 (Windows NT 10.0; Win64; x64) AppleWebKit/537.36 (KHTML, like Gecko) Chrome/59.0.3071.115 Safari/537.36"
::1 - - [15/Jul/2017:18:34:56 +0000] "GET /profile HTTP/1.1" 304 - "http://localhost:3000/" "Mozilla/5.0 (Windows NT 10.0; Win64; x64) AppleWebKit/537.36 (KHTML, like Gecko) Chrome/59.0.3071.115 Safari/537.36"
::1 - - [15/Jul/2017:18:35:02 +0000] "GET /favicon.ico HTTP/1.1" 200 1404 "http://localhost:3000/profile" "Mozilla/5.0 (Windows NT 10.0; Win64; x64) AppleWebKit/537.36 (KHTML, like Gecko) Chrome/59.0.3071.115 Safari/537.36"
::1 - - [15/Jul/2017:18:35:23 +0000] "GET /myfiles HTTP/1.1" 304 - "http://localhost:3000/profile" "Mozilla/5.0 (Windows NT 10.0; Win64; x64) AppleWebKit/537.36 (KHTML, like Gecko) Chrome/59.0.3071.115 Safari/537.36"
::1 - - [15/Jul/2017:18:35:23 +0000] "GET /favicon.ico HTTP/1.1" 200 1404 "http://localhost:3000/myfiles" "Mozilla/5.0 (Windows NT 10.0; Win64; x64) AppleWebKit/537.36 (KHTML, like Gecko) Chrome/59.0.3071.115 Safari/537.36"
::1 - - [15/Jul/2017:18:36:10 +0000] "GET /profile HTTP/1.1" 304 - "http://localhost:3000/myfiles" "Mozilla/5.0 (Windows NT 10.0; Win64; x64) AppleWebKit/537.36 (KHTML, like Gecko) Chrome/59.0.3071.115 Safari/537.36"
::1 - - [15/Jul/2017:18:36:16 +0000] "GET /favicon.ico HTTP/1.1" 200 1405 "http://localhost:3000/profile" "Mozilla/5.0 (Windows NT 10.0; Win64; x64) AppleWebKit/537.36 (KHTML, like Gecko) Chrome/59.0.3071.115 Safari/537.36"
::1 - - [15/Jul/2017:18:36:17 +0000] "GET / HTTP/1.1" 200 3182 "http://localhost:3000/profile" "Mozilla/5.0 (Windows NT 10.0; Win64; x64) AppleWebKit/537.36 (KHTML, like Gecko) Chrome/59.0.3071.115 Safari/537.36"
::1 - - [15/Jul/2017:18:36:17 +0000] "GET /favicon.ico HTTP/1.1" 200 1404 "http://localhost:3000/" "Mozilla/5.0 (Windows NT 10.0; Win64; x64) AppleWebKit/537.36 (KHTML, like Gecko) Chrome/59.0.3071.115 Safari/537.36"
::1 - - [15/Jul/2017:18:36:46 +0000] "GET /favicon.ico HTTP/1.1" 200 1405 "http://localhost:3000/" "Mozilla/5.0 (Windows NT 10.0; Win64; x64) AppleWebKit/537.36 (KHTML, like Gecko) Chrome/59.0.3071.115 Safari/537.36"
::1 - - [15/Jul/2017:18:47:26 +0000] "GET / HTTP/1.1" 200 3182 "http://localhost:3000/profile" "Mozilla/5.0 (Windows NT 10.0; Win64; x64) AppleWebKit/537.36 (KHTML, like Gecko) Chrome/59.0.3071.115 Safari/537.36"
::1 - - [15/Jul/2017:18:47:26 +0000] "GET /favicon.ico HTTP/1.1" 200 1405 "http://localhost:3000/" "Mozilla/5.0 (Windows NT 10.0; Win64; x64) AppleWebKit/537.36 (KHTML, like Gecko) Chrome/59.0.3071.115 Safari/537.36"
::1 - - [15/Jul/2017:18:59:05 +0000] "GET /profile HTTP/1.1" 304 - "http://localhost:3000/" "Mozilla/5.0 (Windows NT 10.0; Win64; x64) AppleWebKit/537.36 (KHTML, like Gecko) Chrome/59.0.3071.115 Safari/537.36"
::1 - - [15/Jul/2017:18:59:05 +0000] "GET /favicon.ico HTTP/1.1" 200 1404 "http://localhost:3000/profile" "Mozilla/5.0 (Windows NT 10.0; Win64; x64) AppleWebKit/537.36 (KHTML, like Gecko) Chrome/59.0.3071.115 Safari/537.36"
::1 - - [15/Jul/2017:18:59:07 +0000] "GET /profile HTTP/1.1" 304 - "http://localhost:3000/" "Mozilla/5.0 (Windows NT 10.0; Win64; x64) AppleWebKit/537.36 (KHTML, like Gecko) Chrome/59.0.3071.115 Safari/537.36"
::1 - - [15/Jul/2017:18:59:07 +0000] "GET /favicon.ico HTTP/1.1" 200 1405 "http://localhost:3000/profile" "Mozilla/5.0 (Windows NT 10.0; Win64; x64) AppleWebKit/537.36 (KHTML, like Gecko) Chrome/59.0.3071.115 Safari/537.36"
::1 - - [15/Jul/2017:18:59:08 +0000] "GET /profile HTTP/1.1" 304 - "http://localhost:3000/" "Mozilla/5.0 (Windows NT 10.0; Win64; x64) AppleWebKit/537.36 (KHTML, like Gecko) Chrome/59.0.3071.115 Safari/537.36"
::1 - - [15/Jul/2017:18:59:08 +0000] "GET /favicon.ico HTTP/1.1" 200 1405 "http://localhost:3000/profile" "Mozilla/5.0 (Windows NT 10.0; Win64; x64) AppleWebKit/537.36 (KHTML, like Gecko) Chrome/59.0.3071.115 Safari/537.36"
::1 - - [15/Jul/2017:18:59:08 +0000] "GET /profile HTTP/1.1" 304 - "http://localhost:3000/" "Mozilla/5.0 (Windows NT 10.0; Win64; x64) AppleWebKit/537.36 (KHTML, like Gecko) Chrome/59.0.3071.115 Safari/537.36"
::1 - - [15/Jul/2017:18:59:08 +0000] "GET /favicon.ico HTTP/1.1" 200 1405 "http://localhost:3000/profile" "Mozilla/5.0 (Windows NT 10.0; Win64; x64) AppleWebKit/537.36 (KHTML, like Gecko) Chrome/59.0.3071.115 Safari/537.36"
::1 - - [15/Jul/2017:18:59:10 +0000] "GET /profile HTTP/1.1" 304 - "http://localhost:3000/" "Mozilla/5.0 (Windows NT 10.0; Win64; x64) AppleWebKit/537.36 (KHTML, like Gecko) Chrome/59.0.3071.115 Safari/537.36"
::1 - - [15/Jul/2017:18:59:14 +0000] "GET /favicon.ico HTTP/1.1" 200 1404 "http://localhost:3000/profile" "Mozilla/5.0 (Windows NT 10.0; Win64; x64) AppleWebKit/537.36 (KHTML, like Gecko) Chrome/59.0.3071.115 Safari/537.36"
::1 - - [15/Jul/2017:18:59:14 +0000] "GET / HTTP/1.1" 200 3182 "http://localhost:3000/profile" "Mozilla/5.0 (Windows NT 10.0; Win64; x64) AppleWebKit/537.36 (KHTML, like Gecko) Chrome/59.0.3071.115 Safari/537.36"
::1 - - [15/Jul/2017:18:59:14 +0000] "GET /favicon.ico HTTP/1.1" 200 1405 "http://localhost:3000/" "Mozilla/5.0 (Windows NT 10.0; Win64; x64) AppleWebKit/537.36 (KHTML, like Gecko) Chrome/59.0.3071.115 Safari/537.36"
::1 - - [15/Jul/2017:18:59:16 +0000] "GET / HTTP/1.1" 200 3182 "http://localhost:3000/profile" "Mozilla/5.0 (Windows NT 10.0; Win64; x64) AppleWebKit/537.36 (KHTML, like Gecko) Chrome/59.0.3071.115 Safari/537.36"
::1 - - [15/Jul/2017:18:59:16 +0000] "GET /favicon.ico HTTP/1.1" 200 1404 "http://localhost:3000/" "Mozilla/5.0 (Windows NT 10.0; Win64; x64) AppleWebKit/537.36 (KHTML, like Gecko) Chrome/59.0.3071.115 Safari/537.36"
::1 - - [15/Jul/2017:18:59:17 +0000] "GET / HTTP/1.1" 200 3183 "http://localhost:3000/profile" "Mozilla/5.0 (Windows NT 10.0; Win64; x64) AppleWebKit/537.36 (KHTML, like Gecko) Chrome/59.0.3071.115 Safari/537.36"
::1 - - [15/Jul/2017:18:59:17 +0000] "GET /favicon.ico HTTP/1.1" 200 1404 "http://localhost:3000/" "Mozilla/5.0 (Windows NT 10.0; Win64; x64) AppleWebKit/537.36 (KHTML, like Gecko) Chrome/59.0.3071.115 Safari/537.36"
::1 - - [15/Jul/2017:18:59:18 +0000] "GET / HTTP/1.1" 304 - "http://localhost:3000/profile" "Mozilla/5.0 (Windows NT 10.0; Win64; x64) AppleWebKit/537.36 (KHTML, like Gecko) Chrome/59.0.3071.115 Safari/537.36"
::1 - - [15/Jul/2017:18:59:18 +0000] "GET /favicon.ico HTTP/1.1" 200 1405 "http://localhost:3000/" "Mozilla/5.0 (Windows NT 10.0; Win64; x64) AppleWebKit/537.36 (KHTML, like Gecko) Chrome/59.0.3071.115 Safari/537.36"
::1 - - [15/Jul/2017:18:59:19 +0000] "GET / HTTP/1.1" 200 3183 "http://localhost:3000/profile" "Mozilla/5.0 (Windows NT 10.0; Win64; x64) AppleWebKit/537.36 (KHTML, like Gecko) Chrome/59.0.3071.115 Safari/537.36"
::1 - - [15/Jul/2017:18:59:19 +0000] "GET /favicon.ico HTTP/1.1" 200 1404 "http://localhost:3000/" "Mozilla/5.0 (Windows NT 10.0; Win64; x64) AppleWebKit/537.36 (KHTML, like Gecko) Chrome/59.0.3071.115 Safari/537.36"
::1 - - [15/Jul/2017:19:08:43 +0000] "GET /myfiles HTTP/1.1" 304 - "http://localhost:3000/" "Mozilla/5.0 (Windows NT 10.0; Win64; x64) AppleWebKit/537.36 (KHTML, like Gecko) Chrome/59.0.3071.115 Safari/537.36"
::1 - - [15/Jul/2017:19:08:43 +0000] "GET /favicon.ico HTTP/1.1" 200 1404 "http://localhost:3000/myfiles" "Mozilla/5.0 (Windows NT 10.0; Win64; x64) AppleWebKit/537.36 (KHTML, like Gecko) Chrome/59.0.3071.115 Safari/537.36"
::1 - - [15/Jul/2017:19:08:57 +0000] "GET /profile HTTP/1.1" 304 - "http://localhost:3000/myfiles" "Mozilla/5.0 (Windows NT 10.0; Win64; x64) AppleWebKit/537.36 (KHTML, like Gecko) Chrome/59.0.3071.115 Safari/537.36"
::1 - - [15/Jul/2017:19:08:57 +0000] "GET /favicon.ico HTTP/1.1" 200 1404 "http://localhost:3000/profile" "Mozilla/5.0 (Windows NT 10.0; Win64; x64) AppleWebKit/537.36 (KHTML, like Gecko) Chrome/59.0.3071.115 Safari/537.36"
::1 - - [15/Jul/2017:19:09:00 +0000] "GET / HTTP/1.1" 200 3183 "http://localhost:3000/profile" "Mozilla/5.0 (Windows NT 10.0; Win64; x64) AppleWebKit/537.36 (KHTML, like Gecko) Chrome/59.0.3071.115 Safari/537.36"
::1 - - [15/Jul/2017:19:09:00 +0000] "GET /favicon.ico HTTP/1.1" 200 1404 "http://localhost:3000/" "Mozilla/5.0 (Windows NT 10.0; Win64; x64) AppleWebKit/537.36 (KHTML, like Gecko) Chrome/59.0.3071.115 Safari/537.36"
::1 - - [15/Jul/2017:19:15:02 +0000] "GET /profile HTTP/1.1" 304 - "http://localhost:3000/" "Mozilla/5.0 (Windows NT 10.0; Win64; x64) AppleWebKit/537.36 (KHTML, like Gecko) Chrome/59.0.3071.115 Safari/537.36"
::1 - - [15/Jul/2017:19:15:06 +0000] "GET /favicon.ico HTTP/1.1" 200 1404 "http://localhost:3000/profile" "Mozilla/5.0 (Windows NT 10.0; Win64; x64) AppleWebKit/537.36 (KHTML, like Gecko) Chrome/59.0.3071.115 Safari/537.36"
::1 - - [15/Jul/2017:19:15:18 +0000] "GET /myfiles HTTP/1.1" 304 - "http://localhost:3000/profile" "Mozilla/5.0 (Windows NT 10.0; Win64; x64) AppleWebKit/537.36 (KHTML, like Gecko) Chrome/59.0.3071.115 Safari/537.36"
::1 - - [15/Jul/2017:19:15:21 +0000] "GET /favicon.ico HTTP/1.1" 200 1404 "http://localhost:3000/myfiles" "Mozilla/5.0 (Windows NT 10.0; Win64; x64) AppleWebKit/537.36 (KHTML, like Gecko) Chrome/59.0.3071.115 Safari/537.36"
::1 - - [15/Jul/2017:19:15:35 +0000] "GET /profile HTTP/1.1" 304 - "http://localhost:3000/myfiles" "Mozilla/5.0 (Windows NT 10.0; Win64; x64) AppleWebKit/537.36 (KHTML, like Gecko) Chrome/59.0.3071.115 Safari/537.36"
::1 - - [15/Jul/2017:19:15:35 +0000] "GET /favicon.ico HTTP/1.1" 200 1405 "http://localhost:3000/profile" "Mozilla/5.0 (Windows NT 10.0; Win64; x64) AppleWebKit/537.36 (KHTML, like Gecko) Chrome/59.0.3071.115 Safari/537.36"
::1 - - [15/Jul/2017:19:15:37 +0000] "GET /profile HTTP/1.1" 304 - "http://localhost:3000/myfiles" "Mozilla/5.0 (Windows NT 10.0; Win64; x64) AppleWebKit/537.36 (KHTML, like Gecko) Chrome/59.0.3071.115 Safari/537.36"
::1 - - [15/Jul/2017:19:15:37 +0000] "GET /favicon.ico HTTP/1.1" 200 1404 "http://localhost:3000/profile" "Mozilla/5.0 (Windows NT 10.0; Win64; x64) AppleWebKit/537.36 (KHTML, like Gecko) Chrome/59.0.3071.115 Safari/537.36"
::1 - - [15/Jul/2017:19:18:28 +0000] "GET /profile HTTP/1.1" 304 - "http://localhost:3000/myfiles" "Mozilla/5.0 (Windows NT 10.0; Win64; x64) AppleWebKit/537.36 (KHTML, like Gecko) Chrome/59.0.3071.115 Safari/537.36"
::1 - - [15/Jul/2017:19:18:29 +0000] "GET /favicon.ico HTTP/1.1" 200 1404 "http://localhost:3000/profile" "Mozilla/5.0 (Windows NT 10.0; Win64; x64) AppleWebKit/537.36 (KHTML, like Gecko) Chrome/59.0.3071.115 Safari/537.36"
::1 - - [15/Jul/2017:19:18:30 +0000] "GET /logout HTTP/1.1" 302 46 "http://localhost:3000/profile" "Mozilla/5.0 (Windows NT 10.0; Win64; x64) AppleWebKit/537.36 (KHTML, like Gecko) Chrome/59.0.3071.115 Safari/537.36"
::1 - - [15/Jul/2017:19:18:30 +0000] "GET / HTTP/1.1" 200 2874 "http://localhost:3000/profile" "Mozilla/5.0 (Windows NT 10.0; Win64; x64) AppleWebKit/537.36 (KHTML, like Gecko) Chrome/59.0.3071.115 Safari/537.36"
::1 - - [15/Jul/2017:19:18:31 +0000] "GET /favicon.ico HTTP/1.1" 200 1097 "http://localhost:3000/" "Mozilla/5.0 (Windows NT 10.0; Win64; x64) AppleWebKit/537.36 (KHTML, like Gecko) Chrome/59.0.3071.115 Safari/537.36"
::1 - - [15/Jul/2017:19:18:32 +0000] "GET /login.html HTTP/1.1" 200 3445 "http://localhost:3000/" "Mozilla/5.0 (Windows NT 10.0; Win64; x64) AppleWebKit/537.36 (KHTML, like Gecko) Chrome/59.0.3071.115 Safari/537.36"
::1 - - [15/Jul/2017:19:18:32 +0000] "GET /favicon.ico HTTP/1.1" 200 1096 "http://localhost:3000/login.html" "Mozilla/5.0 (Windows NT 10.0; Win64; x64) AppleWebKit/537.36 (KHTML, like Gecko) Chrome/59.0.3071.115 Safari/537.36"
::1 - - [15/Jul/2017:19:18:34 +0000] "POST /login HTTP/1.1" 302 56 "http://localhost:3000/login.html" "Mozilla/5.0 (Windows NT 10.0; Win64; x64) AppleWebKit/537.36 (KHTML, like Gecko) Chrome/59.0.3071.115 Safari/537.36"
::1 - - [15/Jul/2017:19:18:34 +0000] "GET /login HTTP/1.1" 200 3468 "http://localhost:3000/login.html" "Mozilla/5.0 (Windows NT 10.0; Win64; x64) AppleWebKit/537.36 (KHTML, like Gecko) Chrome/59.0.3071.115 Safari/537.36"
::1 - - [15/Jul/2017:19:18:34 +0000] "GET /favicon.ico HTTP/1.1" 200 1096 "http://localhost:3000/login" "Mozilla/5.0 (Windows NT 10.0; Win64; x64) AppleWebKit/537.36 (KHTML, like Gecko) Chrome/59.0.3071.115 Safari/537.36"
::1 - - [15/Jul/2017:19:19:19 +0000] "GET / HTTP/1.1" 200 2875 "http://localhost:3000/login" "Mozilla/5.0 (Windows NT 10.0; Win64; x64) AppleWebKit/537.36 (KHTML, like Gecko) Chrome/59.0.3071.115 Safari/537.36"
::1 - - [15/Jul/2017:19:19:19 +0000] "GET /favicon.ico HTTP/1.1" 200 1096 "http://localhost:3000/" "Mozilla/5.0 (Windows NT 10.0; Win64; x64) AppleWebKit/537.36 (KHTML, like Gecko) Chrome/59.0.3071.115 Safari/537.36"
::1 - - [15/Jul/2017:19:21:56 +0000] "GET /register.html HTTP/1.1" 304 - "http://localhost:3000/" "Mozilla/5.0 (iPad; CPU OS 9_1 like Mac OS X) AppleWebKit/601.1.46 (KHTML, like Gecko) Version/9.0 Mobile/13B143 Safari/601.1"
::1 - - [15/Jul/2017:19:21:57 +0000] "GET /favicon.ico HTTP/1.1" 200 1097 "http://localhost:3000/register.html" "Mozilla/5.0 (iPad; CPU OS 9_1 like Mac OS X) AppleWebKit/601.1.46 (KHTML, like Gecko) Version/9.0 Mobile/13B143 Safari/601.1"
::1 - - [15/Jul/2017:19:21:59 +0000] "GET / HTTP/1.1" 200 2874 "http://localhost:3000/register.html" "Mozilla/5.0 (Windows NT 10.0; Win64; x64) AppleWebKit/537.36 (KHTML, like Gecko) Chrome/59.0.3071.115 Safari/537.36"
::1 - - [15/Jul/2017:19:22:00 +0000] "GET /favicon.ico HTTP/1.1" 200 1096 "http://localhost:3000/" "Mozilla/5.0 (Windows NT 10.0; Win64; x64) AppleWebKit/537.36 (KHTML, like Gecko) Chrome/59.0.3071.115 Safari/537.36"
::1 - - [15/Jul/2017:19:22:27 +0000] "GET / HTTP/1.1" 200 2874 "http://localhost:3000/register.html" "Mozilla/5.0 (Windows NT 10.0; Win64; x64) AppleWebKit/537.36 (KHTML, like Gecko) Chrome/59.0.3071.115 Safari/537.36"
::1 - - [15/Jul/2017:19:22:27 +0000] "GET /favicon.ico HTTP/1.1" 200 1096 "http://localhost:3000/" "Mozilla/5.0 (Windows NT 10.0; Win64; x64) AppleWebKit/537.36 (KHTML, like Gecko) Chrome/59.0.3071.115 Safari/537.36"
::1 - - [15/Jul/2017:19:22:29 +0000] "GET / HTTP/1.1" 200 2874 "http://localhost:3000/register.html" "Mozilla/5.0 (Windows NT 10.0; Win64; x64) AppleWebKit/537.36 (KHTML, like Gecko) Chrome/59.0.3071.115 Safari/537.36"
::1 - - [15/Jul/2017:19:22:30 +0000] "GET /favicon.ico HTTP/1.1" 200 1096 "http://localhost:3000/" "Mozilla/5.0 (Windows NT 10.0; Win64; x64) AppleWebKit/537.36 (KHTML, like Gecko) Chrome/59.0.3071.115 Safari/537.36"
::1 - - [15/Jul/2017:19:22:31 +0000] "GET / HTTP/1.1" 200 2874 "http://localhost:3000/register.html" "Mozilla/5.0 (Windows NT 10.0; Win64; x64) AppleWebKit/537.36 (KHTML, like Gecko) Chrome/59.0.3071.115 Safari/537.36"
::1 - - [15/Jul/2017:19:22:32 +0000] "GET /favicon.ico HTTP/1.1" 200 1097 "http://localhost:3000/" "Mozilla/5.0 (Windows NT 10.0; Win64; x64) AppleWebKit/537.36 (KHTML, like Gecko) Chrome/59.0.3071.115 Safari/537.36"
::1 - - [15/Jul/2017:19:24:24 +0000] "GET / HTTP/1.1" 200 2874 "http://localhost:3000/register.html" "Mozilla/5.0 (Windows NT 10.0; Win64; x64) AppleWebKit/537.36 (KHTML, like Gecko) Chrome/59.0.3071.115 Safari/537.36"
::1 - - [15/Jul/2017:19:24:25 +0000] "GET /favicon.ico HTTP/1.1" 200 1096 "http://localhost:3000/" "Mozilla/5.0 (Windows NT 10.0; Win64; x64) AppleWebKit/537.36 (KHTML, like Gecko) Chrome/59.0.3071.115 Safari/537.36"
::1 - - [15/Jul/2017:19:28:37 +0000] "GET / HTTP/1.1" 200 2875 "http://localhost:3000/register.html" "Mozilla/5.0 (Windows NT 10.0; Win64; x64) AppleWebKit/537.36 (KHTML, like Gecko) Chrome/59.0.3071.115 Safari/537.36"
::1 - - [15/Jul/2017:19:28:49 +0000] "GET /favicon.ico HTTP/1.1" 200 1096 "http://localhost:3000/" "Mozilla/5.0 (Windows NT 10.0; Win64; x64) AppleWebKit/537.36 (KHTML, like Gecko) Chrome/59.0.3071.115 Safari/537.36"
