::1 - - [18/Jul/2017:22:14:22 +0000] "GET /profile HTTP/1.1" 304 - "http://localhost:3000/" "Mozilla/5.0 (Windows NT 10.0; Win64; x64) AppleWebKit/537.36 (KHTML, like Gecko) Chrome/59.0.3071.115 Safari/537.36"
::1 - - [18/Jul/2017:22:14:23 +0000] "GET /favicon.ico HTTP/1.1" 200 1404 "http://localhost:3000/profile" "Mozilla/5.0 (Windows NT 10.0; Win64; x64) AppleWebKit/537.36 (KHTML, like Gecko) Chrome/59.0.3071.115 Safari/537.36"
::1 - - [18/Jul/2017:22:22:00 +0000] "GET /profile HTTP/1.1" 500 16 "http://localhost:3000/" "Mozilla/5.0 (Windows NT 10.0; Win64; x64) AppleWebKit/537.36 (KHTML, like Gecko) Chrome/59.0.3071.115 Safari/537.36"
::1 - - [18/Jul/2017:22:22:01 +0000] "GET /favicon.ico HTTP/1.1" 200 1404 "http://localhost:3000/profile" "Mozilla/5.0 (Windows NT 10.0; Win64; x64) AppleWebKit/537.36 (KHTML, like Gecko) Chrome/59.0.3071.115 Safari/537.36"
::1 - - [18/Jul/2017:22:22:23 +0000] "GET /profile HTTP/1.1" 500 16 "http://localhost:3000/" "Mozilla/5.0 (Windows NT 10.0; Win64; x64) AppleWebKit/537.36 (KHTML, like Gecko) Chrome/59.0.3071.115 Safari/537.36"
::1 - - [18/Jul/2017:22:22:23 +0000] "GET /favicon.ico HTTP/1.1" 200 1404 "http://localhost:3000/profile" "Mozilla/5.0 (Windows NT 10.0; Win64; x64) AppleWebKit/537.36 (KHTML, like Gecko) Chrome/59.0.3071.115 Safari/537.36"
::1 - - [18/Jul/2017:22:22:27 +0000] "GET /profile HTTP/1.1" 500 16 "http://localhost:3000/" "Mozilla/5.0 (Windows NT 10.0; Win64; x64) AppleWebKit/537.36 (KHTML, like Gecko) Chrome/59.0.3071.115 Safari/537.36"
::1 - - [18/Jul/2017:22:22:27 +0000] "GET /favicon.ico HTTP/1.1" 200 1404 "http://localhost:3000/profile" "Mozilla/5.0 (Windows NT 10.0; Win64; x64) AppleWebKit/537.36 (KHTML, like Gecko) Chrome/59.0.3071.115 Safari/537.36"
::1 - - [18/Jul/2017:22:22:50 +0000] "GET /profile HTTP/1.1" 200 4011 "http://localhost:3000/" "Mozilla/5.0 (Windows NT 10.0; Win64; x64) AppleWebKit/537.36 (KHTML, like Gecko) Chrome/59.0.3071.115 Safari/537.36"
::1 - - [18/Jul/2017:22:22:51 +0000] "GET /favicon.ico HTTP/1.1" 200 1405 "http://localhost:3000/profile" "Mozilla/5.0 (Windows NT 10.0; Win64; x64) AppleWebKit/537.36 (KHTML, like Gecko) Chrome/59.0.3071.115 Safari/537.36"
::1 - - [18/Jul/2017:22:23:00 +0000] "GET /profile HTTP/1.1" 500 16 "http://localhost:3000/" "Mozilla/5.0 (Windows NT 10.0; Win64; x64) AppleWebKit/537.36 (KHTML, like Gecko) Chrome/59.0.3071.115 Safari/537.36"
::1 - - [18/Jul/2017:22:23:00 +0000] "GET /favicon.ico HTTP/1.1" 200 1405 "http://localhost:3000/profile" "Mozilla/5.0 (Windows NT 10.0; Win64; x64) AppleWebKit/537.36 (KHTML, like Gecko) Chrome/59.0.3071.115 Safari/537.36"
::1 - - [18/Jul/2017:22:23:34 +0000] "GET /profile HTTP/1.1" 200 4011 "http://localhost:3000/" "Mozilla/5.0 (Windows NT 10.0; Win64; x64) AppleWebKit/537.36 (KHTML, like Gecko) Chrome/59.0.3071.115 Safari/537.36"
::1 - - [18/Jul/2017:22:23:34 +0000] "GET /favicon.ico HTTP/1.1" 200 1404 "http://localhost:3000/profile" "Mozilla/5.0 (Windows NT 10.0; Win64; x64) AppleWebKit/537.36 (KHTML, like Gecko) Chrome/59.0.3071.115 Safari/537.36"
::1 - - [18/Jul/2017:22:24:13 +0000] "GET /profile HTTP/1.1" 304 - "http://localhost:3000/" "Mozilla/5.0 (Windows NT 10.0; Win64; x64) AppleWebKit/537.36 (KHTML, like Gecko) Chrome/59.0.3071.115 Safari/537.36"
::1 - - [18/Jul/2017:22:24:13 +0000] "GET /favicon.ico HTTP/1.1" 200 1405 "http://localhost:3000/profile" "Mozilla/5.0 (Windows NT 10.0; Win64; x64) AppleWebKit/537.36 (KHTML, like Gecko) Chrome/59.0.3071.115 Safari/537.36"
::1 - - [18/Jul/2017:22:26:31 +0000] "GET /profile HTTP/1.1" 304 - "http://localhost:3000/" "Mozilla/5.0 (Windows NT 10.0; Win64; x64) AppleWebKit/537.36 (KHTML, like Gecko) Chrome/59.0.3071.115 Safari/537.36"
::1 - - [18/Jul/2017:22:26:31 +0000] "GET /favicon.ico HTTP/1.1" 200 1404 "http://localhost:3000/profile" "Mozilla/5.0 (Windows NT 10.0; Win64; x64) AppleWebKit/537.36 (KHTML, like Gecko) Chrome/59.0.3071.115 Safari/537.36"
::1 - - [18/Jul/2017:22:27:07 +0000] "GET /profile HTTP/1.1" 304 - "http://localhost:3000/" "Mozilla/5.0 (Windows NT 10.0; Win64; x64) AppleWebKit/537.36 (KHTML, like Gecko) Chrome/59.0.3071.115 Safari/537.36"
::1 - - [18/Jul/2017:22:27:07 +0000] "GET /favicon.ico HTTP/1.1" 200 1405 "http://localhost:3000/profile" "Mozilla/5.0 (Windows NT 10.0; Win64; x64) AppleWebKit/537.36 (KHTML, like Gecko) Chrome/59.0.3071.115 Safari/537.36"
::1 - - [18/Jul/2017:22:28:36 +0000] "GET /profile HTTP/1.1" 304 - "-" "Mozilla/5.0 (Windows NT 10.0; Win64; x64) AppleWebKit/537.36 (KHTML, like Gecko) Chrome/59.0.3071.115 Safari/537.36"
::1 - - [18/Jul/2017:22:28:36 +0000] "GET /favicon.ico HTTP/1.1" 200 1405 "http://localhost:3000/profile" "Mozilla/5.0 (Windows NT 10.0; Win64; x64) AppleWebKit/537.36 (KHTML, like Gecko) Chrome/59.0.3071.115 Safari/537.36"
::1 - - [18/Jul/2017:22:29:01 +0000] "GET /profile HTTP/1.1" 304 - "-" "Mozilla/5.0 (Windows NT 10.0; Win64; x64) AppleWebKit/537.36 (KHTML, like Gecko) Chrome/59.0.3071.115 Safari/537.36"
::1 - - [18/Jul/2017:22:29:02 +0000] "GET /favicon.ico HTTP/1.1" 200 1405 "http://localhost:3000/profile" "Mozilla/5.0 (Windows NT 10.0; Win64; x64) AppleWebKit/537.36 (KHTML, like Gecko) Chrome/59.0.3071.115 Safari/537.36"
::1 - - [18/Jul/2017:22:29:05 +0000] "GET /profile HTTP/1.1" 304 - "-" "Mozilla/5.0 (Windows NT 10.0; Win64; x64) AppleWebKit/537.36 (KHTML, like Gecko) Chrome/59.0.3071.115 Safari/537.36"
::1 - - [18/Jul/2017:22:29:05 +0000] "GET /favicon.ico HTTP/1.1" 200 1404 "http://localhost:3000/profile" "Mozilla/5.0 (Windows NT 10.0; Win64; x64) AppleWebKit/537.36 (KHTML, like Gecko) Chrome/59.0.3071.115 Safari/537.36"
::1 - - [18/Jul/2017:22:29:08 +0000] "GET / HTTP/1.1" 200 3182 "http://localhost:3000/profile" "Mozilla/5.0 (Windows NT 10.0; Win64; x64) AppleWebKit/537.36 (KHTML, like Gecko) Chrome/59.0.3071.115 Safari/537.36"
::ffff:127.0.0.1 - - [18/Jul/2017:22:29:08 +0000] "GET /favicon.ico HTTP/1.1" 200 1404 "http://localhost:3000/" "Mozilla/5.0 (Windows NT 10.0; Win64; x64) AppleWebKit/537.36 (KHTML, like Gecko) Chrome/59.0.3071.115 Safari/537.36"
::ffff:127.0.0.1 - - [18/Jul/2017:22:29:12 +0000] "POST /upload HTTP/1.1" 200 38 "http://localhost:3000/" "Mozilla/5.0 (Windows NT 10.0; Win64; x64) AppleWebKit/537.36 (KHTML, like Gecko) Chrome/59.0.3071.115 Safari/537.36"
::ffff:127.0.0.1 - - [18/Jul/2017:22:29:12 +0000] "POST /upload HTTP/1.1" 200 38 "http://localhost:3000/" "Mozilla/5.0 (Windows NT 10.0; Win64; x64) AppleWebKit/537.36 (KHTML, like Gecko) Chrome/59.0.3071.115 Safari/537.36"
::ffff:127.0.0.1 - - [18/Jul/2017:22:29:12 +0000] "POST /upload HTTP/1.1" 200 38 "http://localhost:3000/" "Mozilla/5.0 (Windows NT 10.0; Win64; x64) AppleWebKit/537.36 (KHTML, like Gecko) Chrome/59.0.3071.115 Safari/537.36"
::ffff:127.0.0.1 - - [18/Jul/2017:22:29:12 +0000] "POST /upload HTTP/1.1" 200 38 "http://localhost:3000/" "Mozilla/5.0 (Windows NT 10.0; Win64; x64) AppleWebKit/537.36 (KHTML, like Gecko) Chrome/59.0.3071.115 Safari/537.36"
::ffff:127.0.0.1 - - [18/Jul/2017:22:29:12 +0000] "POST /upload HTTP/1.1" 200 38 "http://localhost:3000/" "Mozilla/5.0 (Windows NT 10.0; Win64; x64) AppleWebKit/537.36 (KHTML, like Gecko) Chrome/59.0.3071.115 Safari/537.36"
::ffff:127.0.0.1 - - [18/Jul/2017:22:29:12 +0000] "POST /upload HTTP/1.1" 200 38 "http://localhost:3000/" "Mozilla/5.0 (Windows NT 10.0; Win64; x64) AppleWebKit/537.36 (KHTML, like Gecko) Chrome/59.0.3071.115 Safari/537.36"
::ffff:127.0.0.1 - - [18/Jul/2017:22:29:13 +0000] "POST /upload HTTP/1.1" 200 38 "http://localhost:3000/" "Mozilla/5.0 (Windows NT 10.0; Win64; x64) AppleWebKit/537.36 (KHTML, like Gecko) Chrome/59.0.3071.115 Safari/537.36"
::ffff:127.0.0.1 - - [18/Jul/2017:22:29:14 +0000] "GET /profile HTTP/1.1" 200 10955 "http://localhost:3000/" "Mozilla/5.0 (Windows NT 10.0; Win64; x64) AppleWebKit/537.36 (KHTML, like Gecko) Chrome/59.0.3071.115 Safari/537.36"
::ffff:127.0.0.1 - - [18/Jul/2017:22:29:14 +0000] "GET /favicon.ico HTTP/1.1" 200 1405 "http://localhost:3000/profile" "Mozilla/5.0 (Windows NT 10.0; Win64; x64) AppleWebKit/537.36 (KHTML, like Gecko) Chrome/59.0.3071.115 Safari/537.36"
::ffff:127.0.0.1 - - [18/Jul/2017:22:29:22 +0000] "GET / HTTP/1.1" 200 3183 "http://localhost:3000/profile" "Mozilla/5.0 (Windows NT 10.0; Win64; x64) AppleWebKit/537.36 (KHTML, like Gecko) Chrome/59.0.3071.115 Safari/537.36"
::1 - - [18/Jul/2017:22:29:23 +0000] "GET /favicon.ico HTTP/1.1" 200 1404 "http://localhost:3000/" "Mozilla/5.0 (Windows NT 10.0; Win64; x64) AppleWebKit/537.36 (KHTML, like Gecko) Chrome/59.0.3071.115 Safari/537.36"
::1 - - [18/Jul/2017:22:29:27 +0000] "POST /upload HTTP/1.1" 200 38 "http://localhost:3000/" "Mozilla/5.0 (Windows NT 10.0; Win64; x64) AppleWebKit/537.36 (KHTML, like Gecko) Chrome/59.0.3071.115 Safari/537.36"
::1 - - [18/Jul/2017:22:29:31 +0000] "GET /profile HTTP/1.1" 200 11948 "http://localhost:3000/" "Mozilla/5.0 (Windows NT 10.0; Win64; x64) AppleWebKit/537.36 (KHTML, like Gecko) Chrome/59.0.3071.115 Safari/537.36"
::1 - - [18/Jul/2017:22:29:31 +0000] "GET /favicon.ico HTTP/1.1" 200 1404 "http://localhost:3000/profile" "Mozilla/5.0 (Windows NT 10.0; Win64; x64) AppleWebKit/537.36 (KHTML, like Gecko) Chrome/59.0.3071.115 Safari/537.36"
::1 - - [18/Jul/2017:22:30:30 +0000] "GET /profile HTTP/1.1" 304 - "http://localhost:3000/" "Mozilla/5.0 (Windows NT 10.0; Win64; x64) AppleWebKit/537.36 (KHTML, like Gecko) Chrome/59.0.3071.115 Safari/537.36"
::1 - - [18/Jul/2017:22:30:31 +0000] "GET /favicon.ico HTTP/1.1" 200 1405 "http://localhost:3000/profile" "Mozilla/5.0 (Windows NT 10.0; Win64; x64) AppleWebKit/537.36 (KHTML, like Gecko) Chrome/59.0.3071.115 Safari/537.36"
::1 - - [18/Jul/2017:22:30:40 +0000] "GET /profile HTTP/1.1" 304 - "http://localhost:3000/" "Mozilla/5.0 (Windows NT 10.0; Win64; x64) AppleWebKit/537.36 (KHTML, like Gecko) Chrome/59.0.3071.115 Safari/537.36"
::1 - - [18/Jul/2017:22:30:40 +0000] "GET /favicon.ico HTTP/1.1" 200 1405 "http://localhost:3000/profile" "Mozilla/5.0 (Windows NT 10.0; Win64; x64) AppleWebKit/537.36 (KHTML, like Gecko) Chrome/59.0.3071.115 Safari/537.36"
::1 - - [18/Jul/2017:22:38:00 +0000] "GET /myfiles HTTP/1.1" 200 3159 "http://localhost:3000/profile" "Mozilla/5.0 (Windows NT 10.0; Win64; x64) AppleWebKit/537.36 (KHTML, like Gecko) Chrome/59.0.3071.115 Safari/537.36"
::1 - - [18/Jul/2017:22:38:03 +0000] "GET /favicon.ico HTTP/1.1" 200 1404 "http://localhost:3000/myfiles" "Mozilla/5.0 (Windows NT 10.0; Win64; x64) AppleWebKit/537.36 (KHTML, like Gecko) Chrome/59.0.3071.115 Safari/537.36"
::1 - - [18/Jul/2017:22:42:25 +0000] "GET /myfiles HTTP/1.1" 304 - "http://localhost:3000/profile" "Mozilla/5.0 (Windows NT 10.0; Win64; x64) AppleWebKit/537.36 (KHTML, like Gecko) Chrome/59.0.3071.115 Safari/537.36"
::1 - - [18/Jul/2017:22:42:25 +0000] "GET /favicon.ico HTTP/1.1" 200 1404 "http://localhost:3000/myfiles" "Mozilla/5.0 (Windows NT 10.0; Win64; x64) AppleWebKit/537.36 (KHTML, like Gecko) Chrome/59.0.3071.115 Safari/537.36"
::1 - - [18/Jul/2017:22:42:28 +0000] "GET /myfiles HTTP/1.1" 304 - "http://localhost:3000/profile" "Mozilla/5.0 (Windows NT 10.0; Win64; x64) AppleWebKit/537.36 (KHTML, like Gecko) Chrome/59.0.3071.115 Safari/537.36"
::1 - - [18/Jul/2017:22:42:28 +0000] "GET /favicon.ico HTTP/1.1" 200 1404 "http://localhost:3000/myfiles" "Mozilla/5.0 (Windows NT 10.0; Win64; x64) AppleWebKit/537.36 (KHTML, like Gecko) Chrome/59.0.3071.115 Safari/537.36"
::1 - - [18/Jul/2017:22:42:36 +0000] "GET /myfiles HTTP/1.1" 200 6329 "http://localhost:3000/profile" "Mozilla/5.0 (Windows NT 10.0; Win64; x64) AppleWebKit/537.36 (KHTML, like Gecko) Chrome/59.0.3071.115 Safari/537.36"
::1 - - [18/Jul/2017:22:42:36 +0000] "GET /favicon.ico HTTP/1.1" 200 1404 "http://localhost:3000/myfiles" "Mozilla/5.0 (Windows NT 10.0; Win64; x64) AppleWebKit/537.36 (KHTML, like Gecko) Chrome/59.0.3071.115 Safari/537.36"
::1 - - [18/Jul/2017:22:42:54 +0000] "GET / HTTP/1.1" 200 3183 "http://localhost:3000/myfiles" "Mozilla/5.0 (Windows NT 10.0; Win64; x64) AppleWebKit/537.36 (KHTML, like Gecko) Chrome/59.0.3071.115 Safari/537.36"
::1 - - [18/Jul/2017:22:42:54 +0000] "GET /favicon.ico HTTP/1.1" 200 1405 "http://localhost:3000/" "Mozilla/5.0 (Windows NT 10.0; Win64; x64) AppleWebKit/537.36 (KHTML, like Gecko) Chrome/59.0.3071.115 Safari/537.36"
::1 - - [18/Jul/2017:22:42:55 +0000] "GET /profile HTTP/1.1" 304 - "http://localhost:3000/" "Mozilla/5.0 (Windows NT 10.0; Win64; x64) AppleWebKit/537.36 (KHTML, like Gecko) Chrome/59.0.3071.115 Safari/537.36"
::1 - - [18/Jul/2017:22:42:55 +0000] "GET /favicon.ico HTTP/1.1" 200 1404 "http://localhost:3000/profile" "Mozilla/5.0 (Windows NT 10.0; Win64; x64) AppleWebKit/537.36 (KHTML, like Gecko) Chrome/59.0.3071.115 Safari/537.36"
::1 - - [18/Jul/2017:22:42:58 +0000] "GET /myfiles HTTP/1.1" 304 - "http://localhost:3000/profile" "Mozilla/5.0 (Windows NT 10.0; Win64; x64) AppleWebKit/537.36 (KHTML, like Gecko) Chrome/59.0.3071.115 Safari/537.36"
::1 - - [18/Jul/2017:22:42:58 +0000] "GET /favicon.ico HTTP/1.1" 200 1405 "http://localhost:3000/myfiles" "Mozilla/5.0 (Windows NT 10.0; Win64; x64) AppleWebKit/537.36 (KHTML, like Gecko) Chrome/59.0.3071.115 Safari/537.36"
::1 - - [18/Jul/2017:22:43:33 +0000] "GET / HTTP/1.1" 200 3183 "http://localhost:3000/myfiles" "Mozilla/5.0 (Windows NT 10.0; Win64; x64) AppleWebKit/537.36 (KHTML, like Gecko) Chrome/59.0.3071.115 Safari/537.36"
::1 - - [18/Jul/2017:22:43:33 +0000] "GET /favicon.ico HTTP/1.1" 200 1404 "http://localhost:3000/" "Mozilla/5.0 (Windows NT 10.0; Win64; x64) AppleWebKit/537.36 (KHTML, like Gecko) Chrome/59.0.3071.115 Safari/537.36"
::1 - - [18/Jul/2017:22:43:35 +0000] "GET /profile HTTP/1.1" 304 - "http://localhost:3000/" "Mozilla/5.0 (Windows NT 10.0; Win64; x64) AppleWebKit/537.36 (KHTML, like Gecko) Chrome/59.0.3071.115 Safari/537.36"
::1 - - [18/Jul/2017:22:43:35 +0000] "GET /favicon.ico HTTP/1.1" 200 1404 "http://localhost:3000/profile" "Mozilla/5.0 (Windows NT 10.0; Win64; x64) AppleWebKit/537.36 (KHTML, like Gecko) Chrome/59.0.3071.115 Safari/537.36"
::1 - - [18/Jul/2017:22:43:37 +0000] "GET /myfiles HTTP/1.1" 304 - "http://localhost:3000/profile" "Mozilla/5.0 (Windows NT 10.0; Win64; x64) AppleWebKit/537.36 (KHTML, like Gecko) Chrome/59.0.3071.115 Safari/537.36"
::1 - - [18/Jul/2017:22:43:37 +0000] "GET /favicon.ico HTTP/1.1" 200 1404 "http://localhost:3000/myfiles" "Mozilla/5.0 (Windows NT 10.0; Win64; x64) AppleWebKit/537.36 (KHTML, like Gecko) Chrome/59.0.3071.115 Safari/537.36"
::1 - - [18/Jul/2017:22:50:49 +0000] "GET /myfiles HTTP/1.1" 200 6839 "http://localhost:3000/profile" "Mozilla/5.0 (Windows NT 10.0; Win64; x64) AppleWebKit/537.36 (KHTML, like Gecko) Chrome/59.0.3071.115 Safari/537.36"
::1 - - [18/Jul/2017:22:50:49 +0000] "GET /favicon.ico HTTP/1.1" 200 1404 "http://localhost:3000/myfiles" "Mozilla/5.0 (Windows NT 10.0; Win64; x64) AppleWebKit/537.36 (KHTML, like Gecko) Chrome/59.0.3071.115 Safari/537.36"
::1 - - [18/Jul/2017:22:51:17 +0000] "GET /myfiles HTTP/1.1" 200 6892 "http://localhost:3000/profile" "Mozilla/5.0 (Windows NT 10.0; Win64; x64) AppleWebKit/537.36 (KHTML, like Gecko) Chrome/59.0.3071.115 Safari/537.36"
::1 - - [18/Jul/2017:22:51:18 +0000] "GET /favicon.ico HTTP/1.1" 200 1405 "http://localhost:3000/myfiles" "Mozilla/5.0 (Windows NT 10.0; Win64; x64) AppleWebKit/537.36 (KHTML, like Gecko) Chrome/59.0.3071.115 Safari/537.36"
::1 - - [18/Jul/2017:22:51:37 +0000] "GET /myfiles HTTP/1.1" 200 6865 "http://localhost:3000/profile" "Mozilla/5.0 (Windows NT 10.0; Win64; x64) AppleWebKit/537.36 (KHTML, like Gecko) Chrome/59.0.3071.115 Safari/537.36"
::1 - - [18/Jul/2017:22:51:38 +0000] "GET /favicon.ico HTTP/1.1" 200 1405 "http://localhost:3000/myfiles" "Mozilla/5.0 (Windows NT 10.0; Win64; x64) AppleWebKit/537.36 (KHTML, like Gecko) Chrome/59.0.3071.115 Safari/537.36"
::1 - - [18/Jul/2017:22:52:35 +0000] "GET /myfiles HTTP/1.1" 200 6859 "http://localhost:3000/profile" "Mozilla/5.0 (Windows NT 10.0; Win64; x64) AppleWebKit/537.36 (KHTML, like Gecko) Chrome/59.0.3071.115 Safari/537.36"
::1 - - [18/Jul/2017:22:52:35 +0000] "GET /favicon.ico HTTP/1.1" 200 1405 "http://localhost:3000/myfiles" "Mozilla/5.0 (Windows NT 10.0; Win64; x64) AppleWebKit/537.36 (KHTML, like Gecko) Chrome/59.0.3071.115 Safari/537.36"
::1 - - [18/Jul/2017:22:53:44 +0000] "GET /myfiles HTTP/1.1" 200 7556 "http://localhost:3000/profile" "Mozilla/5.0 (Windows NT 10.0; Win64; x64) AppleWebKit/537.36 (KHTML, like Gecko) Chrome/59.0.3071.115 Safari/537.36"
::1 - - [18/Jul/2017:22:53:45 +0000] "GET /favicon.ico HTTP/1.1" 200 1404 "http://localhost:3000/myfiles" "Mozilla/5.0 (Windows NT 10.0; Win64; x64) AppleWebKit/537.36 (KHTML, like Gecko) Chrome/59.0.3071.115 Safari/537.36"
::1 - - [18/Jul/2017:22:59:31 +0000] "GET /myfiles HTTP/1.1" 200 7573 "http://localhost:3000/profile" "Mozilla/5.0 (Windows NT 10.0; Win64; x64) AppleWebKit/537.36 (KHTML, like Gecko) Chrome/59.0.3071.115 Safari/537.36"
::1 - - [18/Jul/2017:22:59:31 +0000] "GET /favicon.ico HTTP/1.1" 200 1404 "http://localhost:3000/myfiles" "Mozilla/5.0 (Windows NT 10.0; Win64; x64) AppleWebKit/537.36 (KHTML, like Gecko) Chrome/59.0.3071.115 Safari/537.36"
::1 - - [18/Jul/2017:22:59:40 +0000] "GET /myfiles HTTP/1.1" 304 - "http://localhost:3000/profile" "Mozilla/5.0 (Windows NT 10.0; Win64; x64) AppleWebKit/537.36 (KHTML, like Gecko) Chrome/59.0.3071.115 Safari/537.36"
::1 - - [18/Jul/2017:22:59:40 +0000] "GET /favicon.ico HTTP/1.1" 200 1405 "http://localhost:3000/myfiles" "Mozilla/5.0 (Windows NT 10.0; Win64; x64) AppleWebKit/537.36 (KHTML, like Gecko) Chrome/59.0.3071.115 Safari/537.36"
::1 - - [18/Jul/2017:23:00:34 +0000] "GET /myfiles HTTP/1.1" 200 6981 "http://localhost:3000/profile" "Mozilla/5.0 (Windows NT 10.0; Win64; x64) AppleWebKit/537.36 (KHTML, like Gecko) Chrome/59.0.3071.115 Safari/537.36"
::1 - - [18/Jul/2017:23:00:34 +0000] "GET /favicon.ico HTTP/1.1" 200 1405 "http://localhost:3000/myfiles" "Mozilla/5.0 (Windows NT 10.0; Win64; x64) AppleWebKit/537.36 (KHTML, like Gecko) Chrome/59.0.3071.115 Safari/537.36"
::1 - - [18/Jul/2017:23:02:16 +0000] "GET /myfiles HTTP/1.1" 304 - "http://localhost:3000/profile" "Mozilla/5.0 (Windows NT 10.0; Win64; x64) AppleWebKit/537.36 (KHTML, like Gecko) Chrome/59.0.3071.115 Safari/537.36"
::1 - - [18/Jul/2017:23:02:16 +0000] "GET /favicon.ico HTTP/1.1" 200 1405 "http://localhost:3000/myfiles" "Mozilla/5.0 (Windows NT 10.0; Win64; x64) AppleWebKit/537.36 (KHTML, like Gecko) Chrome/59.0.3071.115 Safari/537.36"
::1 - - [18/Jul/2017:23:04:24 +0000] "GET /myfiles HTTP/1.1" 200 7745 "http://localhost:3000/profile" "Mozilla/5.0 (Windows NT 10.0; Win64; x64) AppleWebKit/537.36 (KHTML, like Gecko) Chrome/59.0.3071.115 Safari/537.36"
::1 - - [18/Jul/2017:23:04:25 +0000] "GET /favicon.ico HTTP/1.1" 200 1404 "http://localhost:3000/myfiles" "Mozilla/5.0 (Windows NT 10.0; Win64; x64) AppleWebKit/537.36 (KHTML, like Gecko) Chrome/59.0.3071.115 Safari/537.36"
::1 - - [18/Jul/2017:23:04:43 +0000] "GET /myfiles HTTP/1.1" 200 7740 "http://localhost:3000/profile" "Mozilla/5.0 (Windows NT 10.0; Win64; x64) AppleWebKit/537.36 (KHTML, like Gecko) Chrome/59.0.3071.115 Safari/537.36"
::1 - - [18/Jul/2017:23:04:43 +0000] "GET /favicon.ico HTTP/1.1" 200 1405 "http://localhost:3000/myfiles" "Mozilla/5.0 (Windows NT 10.0; Win64; x64) AppleWebKit/537.36 (KHTML, like Gecko) Chrome/59.0.3071.115 Safari/537.36"
::1 - - [18/Jul/2017:23:04:58 +0000] "GET / HTTP/1.1" 200 3182 "http://localhost:3000/myfiles" "Mozilla/5.0 (Windows NT 10.0; Win64; x64) AppleWebKit/537.36 (KHTML, like Gecko) Chrome/59.0.3071.115 Safari/537.36"
::1 - - [18/Jul/2017:23:04:58 +0000] "GET /favicon.ico HTTP/1.1" 200 1405 "http://localhost:3000/" "Mozilla/5.0 (Windows NT 10.0; Win64; x64) AppleWebKit/537.36 (KHTML, like Gecko) Chrome/59.0.3071.115 Safari/537.36"
::1 - - [18/Jul/2017:23:05:07 +0000] "POST /upload HTTP/1.1" 200 38 "http://localhost:3000/" "Mozilla/5.0 (Windows NT 10.0; Win64; x64) AppleWebKit/537.36 (KHTML, like Gecko) Chrome/59.0.3071.115 Safari/537.36"
::1 - - [18/Jul/2017:23:05:09 +0000] "GET /myfiles HTTP/1.1" 200 8279 "http://localhost:3000/" "Mozilla/5.0 (Windows NT 10.0; Win64; x64) AppleWebKit/537.36 (KHTML, like Gecko) Chrome/59.0.3071.115 Safari/537.36"
::1 - - [18/Jul/2017:23:05:09 +0000] "GET /favicon.ico HTTP/1.1" 200 1405 "http://localhost:3000/myfiles" "Mozilla/5.0 (Windows NT 10.0; Win64; x64) AppleWebKit/537.36 (KHTML, like Gecko) Chrome/59.0.3071.115 Safari/537.36"
::1 - - [18/Jul/2017:23:05:14 +0000] "GET / HTTP/1.1" 200 3182 "http://localhost:3000/myfiles" "Mozilla/5.0 (Windows NT 10.0; Win64; x64) AppleWebKit/537.36 (KHTML, like Gecko) Chrome/59.0.3071.115 Safari/537.36"
::1 - - [18/Jul/2017:23:05:14 +0000] "GET /favicon.ico HTTP/1.1" 200 1405 "http://localhost:3000/" "Mozilla/5.0 (Windows NT 10.0; Win64; x64) AppleWebKit/537.36 (KHTML, like Gecko) Chrome/59.0.3071.115 Safari/537.36"
::1 - - [18/Jul/2017:23:05:20 +0000] "POST /upload HTTP/1.1" 200 38 "http://localhost:3000/" "Mozilla/5.0 (Windows NT 10.0; Win64; x64) AppleWebKit/537.36 (KHTML, like Gecko) Chrome/59.0.3071.115 Safari/537.36"
::1 - - [18/Jul/2017:23:05:22 +0000] "GET /myfiles HTTP/1.1" 200 9398 "http://localhost:3000/" "Mozilla/5.0 (Windows NT 10.0; Win64; x64) AppleWebKit/537.36 (KHTML, like Gecko) Chrome/59.0.3071.115 Safari/537.36"
::1 - - [18/Jul/2017:23:05:22 +0000] "GET /favicon.ico HTTP/1.1" 200 1404 "http://localhost:3000/myfiles" "Mozilla/5.0 (Windows NT 10.0; Win64; x64) AppleWebKit/537.36 (KHTML, like Gecko) Chrome/59.0.3071.115 Safari/537.36"
::1 - - [18/Jul/2017:23:06:44 +0000] "GET /myfiles HTTP/1.1" 304 - "http://localhost:3000/" "Mozilla/5.0 (Windows NT 10.0; Win64; x64) AppleWebKit/537.36 (KHTML, like Gecko) Chrome/59.0.3071.115 Safari/537.36"
::1 - - [18/Jul/2017:23:06:45 +0000] "GET /favicon.ico HTTP/1.1" 200 1404 "http://localhost:3000/myfiles" "Mozilla/5.0 (Windows NT 10.0; Win64; x64) AppleWebKit/537.36 (KHTML, like Gecko) Chrome/59.0.3071.115 Safari/537.36"
::1 - - [18/Jul/2017:23:07:01 +0000] "GET /myfiles HTTP/1.1" 304 - "http://localhost:3000/" "Mozilla/5.0 (Windows NT 10.0; Win64; x64) AppleWebKit/537.36 (KHTML, like Gecko) Chrome/59.0.3071.115 Safari/537.36"
::1 - - [18/Jul/2017:23:07:01 +0000] "GET /favicon.ico HTTP/1.1" 200 1405 "http://localhost:3000/myfiles" "Mozilla/5.0 (Windows NT 10.0; Win64; x64) AppleWebKit/537.36 (KHTML, like Gecko) Chrome/59.0.3071.115 Safari/537.36"
::1 - - [18/Jul/2017:23:07:33 +0000] "GET /myfiles HTTP/1.1" 200 9044 "http://localhost:3000/" "Mozilla/5.0 (Windows NT 10.0; Win64; x64) AppleWebKit/537.36 (KHTML, like Gecko) Chrome/59.0.3071.115 Safari/537.36"
::1 - - [18/Jul/2017:23:07:34 +0000] "GET /favicon.ico HTTP/1.1" 200 1405 "http://localhost:3000/myfiles" "Mozilla/5.0 (Windows NT 10.0; Win64; x64) AppleWebKit/537.36 (KHTML, like Gecko) Chrome/59.0.3071.115 Safari/537.36"
::1 - - [18/Jul/2017:23:08:01 +0000] "GET /myfiles HTTP/1.1" 200 9046 "http://localhost:3000/" "Mozilla/5.0 (Windows NT 10.0; Win64; x64) AppleWebKit/537.36 (KHTML, like Gecko) Chrome/59.0.3071.115 Safari/537.36"
::1 - - [18/Jul/2017:23:08:02 +0000] "GET /favicon.ico HTTP/1.1" 200 1405 "http://localhost:3000/myfiles" "Mozilla/5.0 (Windows NT 10.0; Win64; x64) AppleWebKit/537.36 (KHTML, like Gecko) Chrome/59.0.3071.115 Safari/537.36"
::1 - - [18/Jul/2017:23:09:35 +0000] "GET /myfiles HTTP/1.1" 200 9078 "http://localhost:3000/" "Mozilla/5.0 (Windows NT 10.0; Win64; x64) AppleWebKit/537.36 (KHTML, like Gecko) Chrome/59.0.3071.115 Safari/537.36"
::1 - - [18/Jul/2017:23:09:35 +0000] "GET /favicon.ico HTTP/1.1" 200 1404 "http://localhost:3000/myfiles" "Mozilla/5.0 (Windows NT 10.0; Win64; x64) AppleWebKit/537.36 (KHTML, like Gecko) Chrome/59.0.3071.115 Safari/537.36"
::1 - - [18/Jul/2017:23:10:13 +0000] "GET /myfiles HTTP/1.1" 200 9079 "http://localhost:3000/" "Mozilla/5.0 (Windows NT 10.0; Win64; x64) AppleWebKit/537.36 (KHTML, like Gecko) Chrome/59.0.3071.115 Safari/537.36"
::1 - - [18/Jul/2017:23:10:13 +0000] "GET /favicon.ico HTTP/1.1" 200 1405 "http://localhost:3000/myfiles" "Mozilla/5.0 (Windows NT 10.0; Win64; x64) AppleWebKit/537.36 (KHTML, like Gecko) Chrome/59.0.3071.115 Safari/537.36"
::1 - - [18/Jul/2017:23:11:00 +0000] "GET /myfiles HTTP/1.1" 200 9072 "http://localhost:3000/" "Mozilla/5.0 (Windows NT 10.0; Win64; x64) AppleWebKit/537.36 (KHTML, like Gecko) Chrome/59.0.3071.115 Safari/537.36"
::1 - - [18/Jul/2017:23:11:00 +0000] "GET /favicon.ico HTTP/1.1" 200 1404 "http://localhost:3000/myfiles" "Mozilla/5.0 (Windows NT 10.0; Win64; x64) AppleWebKit/537.36 (KHTML, like Gecko) Chrome/59.0.3071.115 Safari/537.36"
::1 - - [18/Jul/2017:23:11:10 +0000] "GET /myfiles HTTP/1.1" 304 - "http://localhost:3000/" "Mozilla/5.0 (Windows NT 10.0; Win64; x64) AppleWebKit/537.36 (KHTML, like Gecko) Chrome/59.0.3071.115 Safari/537.36"
::1 - - [18/Jul/2017:23:11:10 +0000] "GET /favicon.ico HTTP/1.1" 200 1405 "http://localhost:3000/myfiles" "Mozilla/5.0 (Windows NT 10.0; Win64; x64) AppleWebKit/537.36 (KHTML, like Gecko) Chrome/59.0.3071.115 Safari/537.36"
::1 - - [18/Jul/2017:23:11:15 +0000] "GET /myfiles HTTP/1.1" 304 - "http://localhost:3000/" "Mozilla/5.0 (Windows NT 10.0; Win64; x64) AppleWebKit/537.36 (KHTML, like Gecko) Chrome/59.0.3071.115 Safari/537.36"
::1 - - [18/Jul/2017:23:11:16 +0000] "GET /favicon.ico HTTP/1.1" 200 1405 "http://localhost:3000/myfiles" "Mozilla/5.0 (Windows NT 10.0; Win64; x64) AppleWebKit/537.36 (KHTML, like Gecko) Chrome/59.0.3071.115 Safari/537.36"
::1 - - [18/Jul/2017:23:12:24 +0000] "GET /myfiles HTTP/1.1" 200 9074 "http://localhost:3000/" "Mozilla/5.0 (Windows NT 10.0; Win64; x64) AppleWebKit/537.36 (KHTML, like Gecko) Chrome/59.0.3071.115 Safari/537.36"
::1 - - [18/Jul/2017:23:12:25 +0000] "GET /favicon.ico HTTP/1.1" 200 1404 "http://localhost:3000/myfiles" "Mozilla/5.0 (Windows NT 10.0; Win64; x64) AppleWebKit/537.36 (KHTML, like Gecko) Chrome/59.0.3071.115 Safari/537.36"
::1 - - [18/Jul/2017:23:25:30 +0000] "GET /myfiles HTTP/1.1" 200 9112 "http://localhost:3000/" "Mozilla/5.0 (Windows NT 10.0; Win64; x64) AppleWebKit/537.36 (KHTML, like Gecko) Chrome/59.0.3071.115 Safari/537.36"
::1 - - [18/Jul/2017:23:25:31 +0000] "GET /favicon.ico HTTP/1.1" 200 1404 "http://localhost:3000/myfiles" "Mozilla/5.0 (Windows NT 10.0; Win64; x64) AppleWebKit/537.36 (KHTML, like Gecko) Chrome/59.0.3071.115 Safari/537.36"
::1 - - [18/Jul/2017:23:25:53 +0000] "GET /myfiles HTTP/1.1" 200 9116 "http://localhost:3000/" "Mozilla/5.0 (Windows NT 10.0; Win64; x64) AppleWebKit/537.36 (KHTML, like Gecko) Chrome/59.0.3071.115 Safari/537.36"
::1 - - [18/Jul/2017:23:25:53 +0000] "GET /favicon.ico HTTP/1.1" 200 1405 "http://localhost:3000/myfiles" "Mozilla/5.0 (Windows NT 10.0; Win64; x64) AppleWebKit/537.36 (KHTML, like Gecko) Chrome/59.0.3071.115 Safari/537.36"
::1 - - [18/Jul/2017:23:27:14 +0000] "GET /myfiles HTTP/1.1" 200 9127 "http://localhost:3000/" "Mozilla/5.0 (Windows NT 10.0; Win64; x64) AppleWebKit/537.36 (KHTML, like Gecko) Chrome/59.0.3071.115 Safari/537.36"
::1 - - [18/Jul/2017:23:27:15 +0000] "GET /favicon.ico HTTP/1.1" 200 1405 "http://localhost:3000/myfiles" "Mozilla/5.0 (Windows NT 10.0; Win64; x64) AppleWebKit/537.36 (KHTML, like Gecko) Chrome/59.0.3071.115 Safari/537.36"
::1 - - [18/Jul/2017:23:27:45 +0000] "GET /myfiles HTTP/1.1" 200 9109 "http://localhost:3000/" "Mozilla/5.0 (Windows NT 10.0; Win64; x64) AppleWebKit/537.36 (KHTML, like Gecko) Chrome/59.0.3071.115 Safari/537.36"
::1 - - [18/Jul/2017:23:27:45 +0000] "GET /favicon.ico HTTP/1.1" 200 1405 "http://localhost:3000/myfiles" "Mozilla/5.0 (Windows NT 10.0; Win64; x64) AppleWebKit/537.36 (KHTML, like Gecko) Chrome/59.0.3071.115 Safari/537.36"
::1 - - [18/Jul/2017:23:28:18 +0000] "GET /myfiles HTTP/1.1" 200 9118 "http://localhost:3000/" "Mozilla/5.0 (Windows NT 10.0; Win64; x64) AppleWebKit/537.36 (KHTML, like Gecko) Chrome/59.0.3071.115 Safari/537.36"
::1 - - [18/Jul/2017:23:28:18 +0000] "GET /favicon.ico HTTP/1.1" 200 1404 "http://localhost:3000/myfiles" "Mozilla/5.0 (Windows NT 10.0; Win64; x64) AppleWebKit/537.36 (KHTML, like Gecko) Chrome/59.0.3071.115 Safari/537.36"
::1 - - [18/Jul/2017:23:31:42 +0000] "GET /myfiles HTTP/1.1" 304 - "http://localhost:3000/" "Mozilla/5.0 (Windows NT 10.0; Win64; x64) AppleWebKit/537.36 (KHTML, like Gecko) Chrome/59.0.3071.115 Safari/537.36"
::1 - - [18/Jul/2017:23:31:42 +0000] "GET /favicon.ico HTTP/1.1" 200 1404 "http://localhost:3000/myfiles" "Mozilla/5.0 (Windows NT 10.0; Win64; x64) AppleWebKit/537.36 (KHTML, like Gecko) Chrome/59.0.3071.115 Safari/537.36"
::1 - - [18/Jul/2017:23:33:06 +0000] "GET /myfiles HTTP/1.1" 200 9156 "http://localhost:3000/" "Mozilla/5.0 (Windows NT 10.0; Win64; x64) AppleWebKit/537.36 (KHTML, like Gecko) Chrome/59.0.3071.115 Safari/537.36"
::1 - - [18/Jul/2017:23:33:06 +0000] "GET /favicon.ico HTTP/1.1" 200 1404 "http://localhost:3000/myfiles" "Mozilla/5.0 (Windows NT 10.0; Win64; x64) AppleWebKit/537.36 (KHTML, like Gecko) Chrome/59.0.3071.115 Safari/537.36"
::1 - - [18/Jul/2017:23:33:23 +0000] "GET /myfiles HTTP/1.1" 200 9139 "http://localhost:3000/" "Mozilla/5.0 (Windows NT 10.0; Win64; x64) AppleWebKit/537.36 (KHTML, like Gecko) Chrome/59.0.3071.115 Safari/537.36"
::1 - - [18/Jul/2017:23:33:23 +0000] "GET /favicon.ico HTTP/1.1" 200 1405 "http://localhost:3000/myfiles" "Mozilla/5.0 (Windows NT 10.0; Win64; x64) AppleWebKit/537.36 (KHTML, like Gecko) Chrome/59.0.3071.115 Safari/537.36"
::1 - - [18/Jul/2017:23:33:27 +0000] "GET /myfiles HTTP/1.1" 200 9139 "http://localhost:3000/" "Mozilla/5.0 (Windows NT 10.0; Win64; x64) AppleWebKit/537.36 (KHTML, like Gecko) Chrome/59.0.3071.115 Safari/537.36"
::1 - - [18/Jul/2017:23:33:27 +0000] "GET /favicon.ico HTTP/1.1" 200 1404 "http://localhost:3000/myfiles" "Mozilla/5.0 (Windows NT 10.0; Win64; x64) AppleWebKit/537.36 (KHTML, like Gecko) Chrome/59.0.3071.115 Safari/537.36"
::1 - - [18/Jul/2017:23:33:42 +0000] "GET /myfiles HTTP/1.1" 200 9139 "http://localhost:3000/" "Mozilla/5.0 (Windows NT 10.0; Win64; x64) AppleWebKit/537.36 (KHTML, like Gecko) Chrome/59.0.3071.115 Safari/537.36"
::1 - - [18/Jul/2017:23:33:42 +0000] "GET /favicon.ico HTTP/1.1" 200 1404 "http://localhost:3000/myfiles" "Mozilla/5.0 (Windows NT 10.0; Win64; x64) AppleWebKit/537.36 (KHTML, like Gecko) Chrome/59.0.3071.115 Safari/537.36"
::1 - - [18/Jul/2017:23:34:13 +0000] "GET /myfiles HTTP/1.1" 200 9533 "http://localhost:3000/" "Mozilla/5.0 (Windows NT 10.0; Win64; x64) AppleWebKit/537.36 (KHTML, like Gecko) Chrome/59.0.3071.115 Safari/537.36"
::1 - - [18/Jul/2017:23:34:13 +0000] "GET /favicon.ico HTTP/1.1" 200 1405 "http://localhost:3000/myfiles" "Mozilla/5.0 (Windows NT 10.0; Win64; x64) AppleWebKit/537.36 (KHTML, like Gecko) Chrome/59.0.3071.115 Safari/537.36"
::1 - - [18/Jul/2017:23:36:13 +0000] "GET /myfiles HTTP/1.1" 200 9950 "http://localhost:3000/" "Mozilla/5.0 (Windows NT 10.0; Win64; x64) AppleWebKit/537.36 (KHTML, like Gecko) Chrome/59.0.3071.115 Safari/537.36"
::1 - - [18/Jul/2017:23:36:13 +0000] "GET /favicon.ico HTTP/1.1" 200 1404 "http://localhost:3000/myfiles" "Mozilla/5.0 (Windows NT 10.0; Win64; x64) AppleWebKit/537.36 (KHTML, like Gecko) Chrome/59.0.3071.115 Safari/537.36"
::1 - - [18/Jul/2017:23:37:07 +0000] "GET /myfiles HTTP/1.1" 200 3352 "http://localhost:3000/" "Mozilla/5.0 (Windows NT 10.0; Win64; x64) AppleWebKit/537.36 (KHTML, like Gecko) Chrome/59.0.3071.115 Safari/537.36"
::1 - - [18/Jul/2017:23:37:07 +0000] "GET /favicon.ico HTTP/1.1" 200 1405 "http://localhost:3000/myfiles" "Mozilla/5.0 (Windows NT 10.0; Win64; x64) AppleWebKit/537.36 (KHTML, like Gecko) Chrome/59.0.3071.115 Safari/537.36"
::1 - - [18/Jul/2017:23:38:43 +0000] "GET / HTTP/1.1" 200 3182 "http://localhost:3000/myfiles" "Mozilla/5.0 (Windows NT 10.0; Win64; x64) AppleWebKit/537.36 (KHTML, like Gecko) Chrome/59.0.3071.115 Safari/537.36"
::1 - - [18/Jul/2017:23:38:43 +0000] "GET /favicon.ico HTTP/1.1" 200 1404 "http://localhost:3000/" "Mozilla/5.0 (Windows NT 10.0; Win64; x64) AppleWebKit/537.36 (KHTML, like Gecko) Chrome/59.0.3071.115 Safari/537.36"
::1 - - [18/Jul/2017:23:38:48 +0000] "GET /undefined HTTP/1.1" 200 1405 "http://localhost:3000/" "Mozilla/5.0 (Windows NT 10.0; Win64; x64) AppleWebKit/537.36 (KHTML, like Gecko) Chrome/59.0.3071.115 Safari/537.36"
::1 - - [18/Jul/2017:23:38:59 +0000] "POST /upload HTTP/1.1" 200 38 "http://localhost:3000/" "Mozilla/5.0 (Windows NT 10.0; Win64; x64) AppleWebKit/537.36 (KHTML, like Gecko) Chrome/59.0.3071.115 Safari/537.36"
::1 - - [18/Jul/2017:23:39:00 +0000] "GET /profile HTTP/1.1" 200 4020 "http://localhost:3000/" "Mozilla/5.0 (Windows NT 10.0; Win64; x64) AppleWebKit/537.36 (KHTML, like Gecko) Chrome/59.0.3071.115 Safari/537.36"
::1 - - [18/Jul/2017:23:39:01 +0000] "GET /favicon.ico HTTP/1.1" 200 1404 "http://localhost:3000/profile" "Mozilla/5.0 (Windows NT 10.0; Win64; x64) AppleWebKit/537.36 (KHTML, like Gecko) Chrome/59.0.3071.115 Safari/537.36"
::1 - - [18/Jul/2017:23:39:05 +0000] "GET /myfiles HTTP/1.1" 200 3908 "http://localhost:3000/profile" "Mozilla/5.0 (Windows NT 10.0; Win64; x64) AppleWebKit/537.36 (KHTML, like Gecko) Chrome/59.0.3071.115 Safari/537.36"
::1 - - [18/Jul/2017:23:39:05 +0000] "GET /favicon.ico HTTP/1.1" 200 1404 "http://localhost:3000/myfiles" "Mozilla/5.0 (Windows NT 10.0; Win64; x64) AppleWebKit/537.36 (KHTML, like Gecko) Chrome/59.0.3071.115 Safari/537.36"
::1 - - [18/Jul/2017:23:39:14 +0000] "GET / HTTP/1.1" 200 3182 "http://localhost:3000/myfiles" "Mozilla/5.0 (Windows NT 10.0; Win64; x64) AppleWebKit/537.36 (KHTML, like Gecko) Chrome/59.0.3071.115 Safari/537.36"
::1 - - [18/Jul/2017:23:39:14 +0000] "GET /favicon.ico HTTP/1.1" 200 1404 "http://localhost:3000/" "Mozilla/5.0 (Windows NT 10.0; Win64; x64) AppleWebKit/537.36 (KHTML, like Gecko) Chrome/59.0.3071.115 Safari/537.36"
::1 - - [18/Jul/2017:23:39:47 +0000] "POST /upload HTTP/1.1" 200 38 "http://localhost:3000/" "Mozilla/5.0 (Windows NT 10.0; Win64; x64) AppleWebKit/537.36 (KHTML, like Gecko) Chrome/59.0.3071.115 Safari/537.36"
::1 - - [18/Jul/2017:23:39:48 +0000] "POST /upload HTTP/1.1" 200 38 "http://localhost:3000/" "Mozilla/5.0 (Windows NT 10.0; Win64; x64) AppleWebKit/537.36 (KHTML, like Gecko) Chrome/59.0.3071.115 Safari/537.36"
::1 - - [18/Jul/2017:23:39:54 +0000] "GET /profile HTTP/1.1" 200 6010 "http://localhost:3000/" "Mozilla/5.0 (Windows NT 10.0; Win64; x64) AppleWebKit/537.36 (KHTML, like Gecko) Chrome/59.0.3071.115 Safari/537.36"
::1 - - [18/Jul/2017:23:39:55 +0000] "GET /favicon.ico HTTP/1.1" 200 1405 "http://localhost:3000/profile" "Mozilla/5.0 (Windows NT 10.0; Win64; x64) AppleWebKit/537.36 (KHTML, like Gecko) Chrome/59.0.3071.115 Safari/537.36"
::1 - - [18/Jul/2017:23:39:58 +0000] "GET /myfiles HTTP/1.1" 200 4986 "http://localhost:3000/profile" "Mozilla/5.0 (Windows NT 10.0; Win64; x64) AppleWebKit/537.36 (KHTML, like Gecko) Chrome/59.0.3071.115 Safari/537.36"
::1 - - [18/Jul/2017:23:39:58 +0000] "GET /favicon.ico HTTP/1.1" 200 1405 "http://localhost:3000/myfiles" "Mozilla/5.0 (Windows NT 10.0; Win64; x64) AppleWebKit/537.36 (KHTML, like Gecko) Chrome/59.0.3071.115 Safari/537.36"
::1 - - [18/Jul/2017:23:43:42 +0000] "GET /myfiles HTTP/1.1" 200 5062 "http://localhost:3000/profile" "Mozilla/5.0 (Windows NT 10.0; Win64; x64) AppleWebKit/537.36 (KHTML, like Gecko) Chrome/59.0.3071.115 Safari/537.36"
::1 - - [18/Jul/2017:23:43:43 +0000] "GET /favicon.ico HTTP/1.1" 200 1405 "http://localhost:3000/myfiles" "Mozilla/5.0 (Windows NT 10.0; Win64; x64) AppleWebKit/537.36 (KHTML, like Gecko) Chrome/59.0.3071.115 Safari/537.36"
::1 - - [18/Jul/2017:23:44:19 +0000] "GET /myfiles HTTP/1.1" 200 5068 "http://localhost:3000/profile" "Mozilla/5.0 (Windows NT 10.0; Win64; x64) AppleWebKit/537.36 (KHTML, like Gecko) Chrome/59.0.3071.115 Safari/537.36"
::1 - - [18/Jul/2017:23:44:20 +0000] "GET /favicon.ico HTTP/1.1" 200 1405 "http://localhost:3000/myfiles" "Mozilla/5.0 (Windows NT 10.0; Win64; x64) AppleWebKit/537.36 (KHTML, like Gecko) Chrome/59.0.3071.115 Safari/537.36"
::1 - - [18/Jul/2017:23:45:34 +0000] "GET /myfiles HTTP/1.1" 200 5044 "http://localhost:3000/profile" "Mozilla/5.0 (Windows NT 10.0; Win64; x64) AppleWebKit/537.36 (KHTML, like Gecko) Chrome/59.0.3071.115 Safari/537.36"
::1 - - [18/Jul/2017:23:45:34 +0000] "GET /favicon.ico HTTP/1.1" 200 1404 "http://localhost:3000/myfiles" "Mozilla/5.0 (Windows NT 10.0; Win64; x64) AppleWebKit/537.36 (KHTML, like Gecko) Chrome/59.0.3071.115 Safari/537.36"
::1 - - [18/Jul/2017:23:46:17 +0000] "GET /myfiles HTTP/1.1" 200 5046 "http://localhost:3000/profile" "Mozilla/5.0 (Windows NT 10.0; Win64; x64) AppleWebKit/537.36 (KHTML, like Gecko) Chrome/59.0.3071.115 Safari/537.36"
::1 - - [18/Jul/2017:23:46:17 +0000] "GET /favicon.ico HTTP/1.1" 200 1404 "http://localhost:3000/myfiles" "Mozilla/5.0 (Windows NT 10.0; Win64; x64) AppleWebKit/537.36 (KHTML, like Gecko) Chrome/59.0.3071.115 Safari/537.36"
::1 - - [18/Jul/2017:23:47:03 +0000] "GET /myfiles HTTP/1.1" 304 - "http://localhost:3000/myfiles" "Mozilla/5.0 (Windows NT 10.0; Win64; x64) AppleWebKit/537.36 (KHTML, like Gecko) Chrome/59.0.3071.115 Safari/537.36"
::1 - - [18/Jul/2017:23:47:04 +0000] "GET /favicon.ico HTTP/1.1" 200 1404 "http://localhost:3000/myfiles" "Mozilla/5.0 (Windows NT 10.0; Win64; x64) AppleWebKit/537.36 (KHTML, like Gecko) Chrome/59.0.3071.115 Safari/537.36"
::1 - - [18/Jul/2017:23:55:29 +0000] "GET / HTTP/1.1" 200 3182 "http://localhost:3000/myfiles" "Mozilla/5.0 (Windows NT 10.0; Win64; x64) AppleWebKit/537.36 (KHTML, like Gecko) Chrome/59.0.3071.115 Safari/537.36"
::1 - - [18/Jul/2017:23:55:29 +0000] "GET /favicon.ico HTTP/1.1" 200 1404 "http://localhost:3000/" "Mozilla/5.0 (Windows NT 10.0; Win64; x64) AppleWebKit/537.36 (KHTML, like Gecko) Chrome/59.0.3071.115 Safari/537.36"
::1 - - [18/Jul/2017:23:55:30 +0000] "GET /profile HTTP/1.1" 304 - "http://localhost:3000/" "Mozilla/5.0 (Windows NT 10.0; Win64; x64) AppleWebKit/537.36 (KHTML, like Gecko) Chrome/59.0.3071.115 Safari/537.36"
::1 - - [18/Jul/2017:23:55:31 +0000] "GET /favicon.ico HTTP/1.1" 200 1405 "http://localhost:3000/profile" "Mozilla/5.0 (Windows NT 10.0; Win64; x64) AppleWebKit/537.36 (KHTML, like Gecko) Chrome/59.0.3071.115 Safari/537.36"
::1 - - [18/Jul/2017:23:55:34 +0000] "GET /myfiles HTTP/1.1" 304 - "http://localhost:3000/profile" "Mozilla/5.0 (Windows NT 10.0; Win64; x64) AppleWebKit/537.36 (KHTML, like Gecko) Chrome/59.0.3071.115 Safari/537.36"
::1 - - [18/Jul/2017:23:55:34 +0000] "GET /favicon.ico HTTP/1.1" 200 1404 "http://localhost:3000/myfiles" "Mozilla/5.0 (Windows NT 10.0; Win64; x64) AppleWebKit/537.36 (KHTML, like Gecko) Chrome/59.0.3071.115 Safari/537.36"
::1 - - [18/Jul/2017:23:55:37 +0000] "GET / HTTP/1.1" 200 3183 "http://localhost:3000/myfiles" "Mozilla/5.0 (Windows NT 10.0; Win64; x64) AppleWebKit/537.36 (KHTML, like Gecko) Chrome/59.0.3071.115 Safari/537.36"
::1 - - [18/Jul/2017:23:55:37 +0000] "GET /favicon.ico HTTP/1.1" 200 1404 "http://localhost:3000/" "Mozilla/5.0 (Windows NT 10.0; Win64; x64) AppleWebKit/537.36 (KHTML, like Gecko) Chrome/59.0.3071.115 Safari/537.36"
::1 - - [18/Jul/2017:23:55:39 +0000] "GET / HTTP/1.1" 200 3182 "http://localhost:3000/myfiles" "Mozilla/5.0 (Windows NT 10.0; Win64; x64) AppleWebKit/537.36 (KHTML, like Gecko) Chrome/59.0.3071.115 Safari/537.36"
::1 - - [18/Jul/2017:23:55:39 +0000] "GET /favicon.ico HTTP/1.1" 200 1404 "http://localhost:3000/" "Mozilla/5.0 (Windows NT 10.0; Win64; x64) AppleWebKit/537.36 (KHTML, like Gecko) Chrome/59.0.3071.115 Safari/537.36"
::1 - - [18/Jul/2017:23:55:40 +0000] "GET / HTTP/1.1" 200 3182 "http://localhost:3000/myfiles" "Mozilla/5.0 (Windows NT 10.0; Win64; x64) AppleWebKit/537.36 (KHTML, like Gecko) Chrome/59.0.3071.115 Safari/537.36"
::1 - - [18/Jul/2017:23:55:40 +0000] "GET /favicon.ico HTTP/1.1" 200 1405 "http://localhost:3000/" "Mozilla/5.0 (Windows NT 10.0; Win64; x64) AppleWebKit/537.36 (KHTML, like Gecko) Chrome/59.0.3071.115 Safari/537.36"
::1 - - [18/Jul/2017:23:55:41 +0000] "GET / HTTP/1.1" 200 3183 "http://localhost:3000/myfiles" "Mozilla/5.0 (Windows NT 10.0; Win64; x64) AppleWebKit/537.36 (KHTML, like Gecko) Chrome/59.0.3071.115 Safari/537.36"
::1 - - [18/Jul/2017:23:55:41 +0000] "GET /favicon.ico HTTP/1.1" 200 1404 "http://localhost:3000/" "Mozilla/5.0 (Windows NT 10.0; Win64; x64) AppleWebKit/537.36 (KHTML, like Gecko) Chrome/59.0.3071.115 Safari/537.36"
::1 - - [18/Jul/2017:23:55:42 +0000] "GET / HTTP/1.1" 200 3182 "http://localhost:3000/myfiles" "Mozilla/5.0 (Windows NT 10.0; Win64; x64) AppleWebKit/537.36 (KHTML, like Gecko) Chrome/59.0.3071.115 Safari/537.36"
::1 - - [18/Jul/2017:23:55:42 +0000] "GET /favicon.ico HTTP/1.1" 200 1405 "http://localhost:3000/" "Mozilla/5.0 (Windows NT 10.0; Win64; x64) AppleWebKit/537.36 (KHTML, like Gecko) Chrome/59.0.3071.115 Safari/537.36"
::1 - - [18/Jul/2017:23:55:42 +0000] "GET / HTTP/1.1" 200 3182 "http://localhost:3000/myfiles" "Mozilla/5.0 (Windows NT 10.0; Win64; x64) AppleWebKit/537.36 (KHTML, like Gecko) Chrome/59.0.3071.115 Safari/537.36"
::1 - - [18/Jul/2017:23:55:43 +0000] "GET /favicon.ico HTTP/1.1" 200 1405 "http://localhost:3000/" "Mozilla/5.0 (Windows NT 10.0; Win64; x64) AppleWebKit/537.36 (KHTML, like Gecko) Chrome/59.0.3071.115 Safari/537.36"
::1 - - [18/Jul/2017:23:55:43 +0000] "GET / HTTP/1.1" 200 3183 "http://localhost:3000/myfiles" "Mozilla/5.0 (Windows NT 10.0; Win64; x64) AppleWebKit/537.36 (KHTML, like Gecko) Chrome/59.0.3071.115 Safari/537.36"
::1 - - [18/Jul/2017:23:55:43 +0000] "GET /favicon.ico HTTP/1.1" 200 1404 "http://localhost:3000/" "Mozilla/5.0 (Windows NT 10.0; Win64; x64) AppleWebKit/537.36 (KHTML, like Gecko) Chrome/59.0.3071.115 Safari/537.36"
::1 - - [18/Jul/2017:23:55:44 +0000] "GET / HTTP/1.1" 200 3183 "http://localhost:3000/myfiles" "Mozilla/5.0 (Windows NT 10.0; Win64; x64) AppleWebKit/537.36 (KHTML, like Gecko) Chrome/59.0.3071.115 Safari/537.36"
::1 - - [18/Jul/2017:23:55:44 +0000] "GET /favicon.ico HTTP/1.1" 200 1404 "http://localhost:3000/" "Mozilla/5.0 (Windows NT 10.0; Win64; x64) AppleWebKit/537.36 (KHTML, like Gecko) Chrome/59.0.3071.115 Safari/537.36"
::1 - - [18/Jul/2017:23:55:45 +0000] "GET / HTTP/1.1" 304 - "http://localhost:3000/myfiles" "Mozilla/5.0 (Windows NT 10.0; Win64; x64) AppleWebKit/537.36 (KHTML, like Gecko) Chrome/59.0.3071.115 Safari/537.36"
::1 - - [18/Jul/2017:23:55:45 +0000] "GET /favicon.ico HTTP/1.1" 200 1404 "http://localhost:3000/" "Mozilla/5.0 (Windows NT 10.0; Win64; x64) AppleWebKit/537.36 (KHTML, like Gecko) Chrome/59.0.3071.115 Safari/537.36"
::1 - - [18/Jul/2017:23:55:46 +0000] "GET / HTTP/1.1" 200 3182 "http://localhost:3000/myfiles" "Mozilla/5.0 (Windows NT 10.0; Win64; x64) AppleWebKit/537.36 (KHTML, like Gecko) Chrome/59.0.3071.115 Safari/537.36"
::1 - - [18/Jul/2017:23:55:46 +0000] "GET /favicon.ico HTTP/1.1" 200 1404 "http://localhost:3000/" "Mozilla/5.0 (Windows NT 10.0; Win64; x64) AppleWebKit/537.36 (KHTML, like Gecko) Chrome/59.0.3071.115 Safari/537.36"
::1 - - [18/Jul/2017:23:55:46 +0000] "GET / HTTP/1.1" 200 3182 "http://localhost:3000/myfiles" "Mozilla/5.0 (Windows NT 10.0; Win64; x64) AppleWebKit/537.36 (KHTML, like Gecko) Chrome/59.0.3071.115 Safari/537.36"
::1 - - [18/Jul/2017:23:55:46 +0000] "GET /favicon.ico HTTP/1.1" 200 1405 "http://localhost:3000/" "Mozilla/5.0 (Windows NT 10.0; Win64; x64) AppleWebKit/537.36 (KHTML, like Gecko) Chrome/59.0.3071.115 Safari/537.36"
::1 - - [18/Jul/2017:23:55:47 +0000] "GET / HTTP/1.1" 200 3183 "http://localhost:3000/myfiles" "Mozilla/5.0 (Windows NT 10.0; Win64; x64) AppleWebKit/537.36 (KHTML, like Gecko) Chrome/59.0.3071.115 Safari/537.36"
::1 - - [18/Jul/2017:23:55:47 +0000] "GET /favicon.ico HTTP/1.1" 200 1405 "http://localhost:3000/" "Mozilla/5.0 (Windows NT 10.0; Win64; x64) AppleWebKit/537.36 (KHTML, like Gecko) Chrome/59.0.3071.115 Safari/537.36"
::1 - - [18/Jul/2017:23:55:48 +0000] "GET / HTTP/1.1" 200 3183 "http://localhost:3000/myfiles" "Mozilla/5.0 (Windows NT 10.0; Win64; x64) AppleWebKit/537.36 (KHTML, like Gecko) Chrome/59.0.3071.115 Safari/537.36"
::1 - - [18/Jul/2017:23:55:48 +0000] "GET /favicon.ico HTTP/1.1" 200 1404 "http://localhost:3000/" "Mozilla/5.0 (Windows NT 10.0; Win64; x64) AppleWebKit/537.36 (KHTML, like Gecko) Chrome/59.0.3071.115 Safari/537.36"
::1 - - [18/Jul/2017:23:55:55 +0000] "GET /favicon.ico HTTP/1.1" 200 1405 "http://localhost:3000/" "Mozilla/5.0 (Windows NT 10.0; Win64; x64) AppleWebKit/537.36 (KHTML, like Gecko) Chrome/59.0.3071.115 Safari/537.36"
::1 - - [18/Jul/2017:23:55:58 +0000] "GET /favicon.ico HTTP/1.1" 200 1405 "http://localhost:3000/" "Mozilla/5.0 (Windows NT 10.0; Win64; x64) AppleWebKit/537.36 (KHTML, like Gecko) Chrome/59.0.3071.115 Safari/537.36"
::1 - - [18/Jul/2017:23:56:18 +0000] "GET /favicon.ico HTTP/1.1" 200 1404 "http://localhost:3000/" "Mozilla/5.0 (iPad; CPU OS 9_1 like Mac OS X) AppleWebKit/601.1.46 (KHTML, like Gecko) Version/9.0 Mobile/13B143 Safari/601.1"
::1 - - [18/Jul/2017:23:56:32 +0000] "GET /favicon.ico HTTP/1.1" 200 1404 "http://localhost:3000/" "Mozilla/5.0 (Linux; Android 5.0; SM-G900P Build/LRX21T) AppleWebKit/537.36 (KHTML, like Gecko) Chrome/59.0.3071.115 Mobile Safari/537.36"
::1 - - [18/Jul/2017:23:56:34 +0000] "GET /favicon.ico HTTP/1.1" 200 1404 "http://localhost:3000/" "Mozilla/5.0 (Linux; Android 5.0; SM-G900P Build/LRX21T) AppleWebKit/537.36 (KHTML, like Gecko) Chrome/59.0.3071.115 Mobile Safari/537.36"
::1 - - [19/Jul/2017:18:37:38 +0000] "GET /profile HTTP/1.1" 302 46 "http://localhost:3000/" "Mozilla/5.0 (Windows NT 10.0; Win64; x64) AppleWebKit/537.36 (KHTML, like Gecko) Chrome/59.0.3071.115 Safari/537.36"
::1 - - [19/Jul/2017:18:37:38 +0000] "GET / HTTP/1.1" 200 2874 "http://localhost:3000/" "Mozilla/5.0 (Windows NT 10.0; Win64; x64) AppleWebKit/537.36 (KHTML, like Gecko) Chrome/59.0.3071.115 Safari/537.36"
::1 - - [19/Jul/2017:18:37:39 +0000] "GET /favicon.ico HTTP/1.1" 200 1097 "http://localhost:3000/" "Mozilla/5.0 (Windows NT 10.0; Win64; x64) AppleWebKit/537.36 (KHTML, like Gecko) Chrome/59.0.3071.115 Safari/537.36"
::1 - - [19/Jul/2017:18:37:40 +0000] "GET /login.html HTTP/1.1" 200 3445 "http://localhost:3000/" "Mozilla/5.0 (Windows NT 10.0; Win64; x64) AppleWebKit/537.36 (KHTML, like Gecko) Chrome/59.0.3071.115 Safari/537.36"
::1 - - [19/Jul/2017:18:37:40 +0000] "GET /favicon.ico HTTP/1.1" 200 1096 "http://localhost:3000/login.html" "Mozilla/5.0 (Windows NT 10.0; Win64; x64) AppleWebKit/537.36 (KHTML, like Gecko) Chrome/59.0.3071.115 Safari/537.36"
::1 - - [19/Jul/2017:18:37:46 +0000] "POST /login HTTP/1.1" 302 46 "http://localhost:3000/login.html" "Mozilla/5.0 (Windows NT 10.0; Win64; x64) AppleWebKit/537.36 (KHTML, like Gecko) Chrome/59.0.3071.115 Safari/537.36"
::1 - - [19/Jul/2017:18:37:46 +0000] "GET / HTTP/1.1" 200 3183 "http://localhost:3000/login.html" "Mozilla/5.0 (Windows NT 10.0; Win64; x64) AppleWebKit/537.36 (KHTML, like Gecko) Chrome/59.0.3071.115 Safari/537.36"
::1 - - [19/Jul/2017:18:37:47 +0000] "GET /favicon.ico HTTP/1.1" 200 1404 "http://localhost:3000/" "Mozilla/5.0 (Windows NT 10.0; Win64; x64) AppleWebKit/537.36 (KHTML, like Gecko) Chrome/59.0.3071.115 Safari/537.36"
::1 - - [19/Jul/2017:18:37:48 +0000] "GET /profile HTTP/1.1" 200 3016 "http://localhost:3000/" "Mozilla/5.0 (Windows NT 10.0; Win64; x64) AppleWebKit/537.36 (KHTML, like Gecko) Chrome/59.0.3071.115 Safari/537.36"
::1 - - [19/Jul/2017:18:37:48 +0000] "GET /favicon.ico HTTP/1.1" 200 1404 "http://localhost:3000/profile" "Mozilla/5.0 (Windows NT 10.0; Win64; x64) AppleWebKit/537.36 (KHTML, like Gecko) Chrome/59.0.3071.115 Safari/537.36"
::1 - - [19/Jul/2017:18:37:52 +0000] "GET /myfiles HTTP/1.1" 200 3412 "http://localhost:3000/profile" "Mozilla/5.0 (Windows NT 10.0; Win64; x64) AppleWebKit/537.36 (KHTML, like Gecko) Chrome/59.0.3071.115 Safari/537.36"
::1 - - [19/Jul/2017:18:37:52 +0000] "GET /favicon.ico HTTP/1.1" 200 1404 "http://localhost:3000/myfiles" "Mozilla/5.0 (Windows NT 10.0; Win64; x64) AppleWebKit/537.36 (KHTML, like Gecko) Chrome/59.0.3071.115 Safari/537.36"
::1 - - [19/Jul/2017:19:19:05 +0000] "GET / HTTP/1.1" 200 3183 "http://localhost:3000/myfiles" "Mozilla/5.0 (Windows NT 10.0; Win64; x64) AppleWebKit/537.36 (KHTML, like Gecko) Chrome/59.0.3071.115 Safari/537.36"
::1 - - [19/Jul/2017:19:19:06 +0000] "GET /favicon.ico HTTP/1.1" 200 1404 "http://localhost:3000/" "Mozilla/5.0 (Windows NT 10.0; Win64; x64) AppleWebKit/537.36 (KHTML, like Gecko) Chrome/59.0.3071.115 Safari/537.36"
::1 - - [19/Jul/2017:19:19:12 +0000] "POST /upload HTTP/1.1" 200 38 "http://localhost:3000/" "Mozilla/5.0 (Windows NT 10.0; Win64; x64) AppleWebKit/537.36 (KHTML, like Gecko) Chrome/59.0.3071.115 Safari/537.36"
::1 - - [19/Jul/2017:19:19:13 +0000] "GET /profile HTTP/1.1" 200 4016 "http://localhost:3000/" "Mozilla/5.0 (Windows NT 10.0; Win64; x64) AppleWebKit/537.36 (KHTML, like Gecko) Chrome/59.0.3071.115 Safari/537.36"
::1 - - [19/Jul/2017:19:19:14 +0000] "GET /favicon.ico HTTP/1.1" 200 1404 "http://localhost:3000/profile" "Mozilla/5.0 (Windows NT 10.0; Win64; x64) AppleWebKit/537.36 (KHTML, like Gecko) Chrome/59.0.3071.115 Safari/537.36"
::1 - - [19/Jul/2017:19:19:16 +0000] "GET /myfiles HTTP/1.1" 200 3963 "http://localhost:3000/profile" "Mozilla/5.0 (Windows NT 10.0; Win64; x64) AppleWebKit/537.36 (KHTML, like Gecko) Chrome/59.0.3071.115 Safari/537.36"
::1 - - [19/Jul/2017:19:19:16 +0000] "GET /favicon.ico HTTP/1.1" 304 - "http://localhost:3000/myfiles" "Mozilla/5.0 (Windows NT 10.0; Win64; x64) AppleWebKit/537.36 (KHTML, like Gecko) Chrome/59.0.3071.115 Safari/537.36"
::1 - - [19/Jul/2017:19:20:35 +0000] "GET / HTTP/1.1" 200 3182 "http://localhost:3000/myfiles" "Mozilla/5.0 (Windows NT 10.0; Win64; x64) AppleWebKit/537.36 (KHTML, like Gecko) Chrome/59.0.3071.115 Safari/537.36"
::1 - - [19/Jul/2017:19:20:36 +0000] "GET /favicon.ico HTTP/1.1" 200 1404 "http://localhost:3000/" "Mozilla/5.0 (Windows NT 10.0; Win64; x64) AppleWebKit/537.36 (KHTML, like Gecko) Chrome/59.0.3071.115 Safari/537.36"
::1 - - [19/Jul/2017:19:20:47 +0000] "POST /upload HTTP/1.1" 200 38 "http://localhost:3000/" "Mozilla/5.0 (Windows NT 10.0; Win64; x64) AppleWebKit/537.36 (KHTML, like Gecko) Chrome/59.0.3071.115 Safari/537.36"
::1 - - [19/Jul/2017:19:20:51 +0000] "GET /profile HTTP/1.1" 200 5022 "http://localhost:3000/" "Mozilla/5.0 (Windows NT 10.0; Win64; x64) AppleWebKit/537.36 (KHTML, like Gecko) Chrome/59.0.3071.115 Safari/537.36"
::1 - - [19/Jul/2017:19:20:51 +0000] "GET /favicon.ico HTTP/1.1" 200 1405 "http://localhost:3000/profile" "Mozilla/5.0 (Windows NT 10.0; Win64; x64) AppleWebKit/537.36 (KHTML, like Gecko) Chrome/59.0.3071.115 Safari/537.36"
::1 - - [19/Jul/2017:19:20:54 +0000] "GET /myfiles HTTP/1.1" 200 4513 "http://localhost:3000/profile" "Mozilla/5.0 (Windows NT 10.0; Win64; x64) AppleWebKit/537.36 (KHTML, like Gecko) Chrome/59.0.3071.115 Safari/537.36"
::1 - - [19/Jul/2017:19:20:54 +0000] "GET /favicon.ico HTTP/1.1" 200 1405 "http://localhost:3000/myfiles" "Mozilla/5.0 (Windows NT 10.0; Win64; x64) AppleWebKit/537.36 (KHTML, like Gecko) Chrome/59.0.3071.115 Safari/537.36"
::1 - - [19/Jul/2017:20:01:27 +0000] "GET / HTTP/1.1" 200 3182 "http://localhost:3000/myfiles" "Mozilla/5.0 (Windows NT 10.0; Win64; x64) AppleWebKit/537.36 (KHTML, like Gecko) Chrome/59.0.3071.115 Safari/537.36"
::1 - - [19/Jul/2017:20:01:28 +0000] "GET /favicon.ico HTTP/1.1" 200 1405 "http://localhost:3000/" "Mozilla/5.0 (Windows NT 10.0; Win64; x64) AppleWebKit/537.36 (KHTML, like Gecko) Chrome/59.0.3071.115 Safari/537.36"
::1 - - [19/Jul/2017:20:01:31 +0000] "GET / HTTP/1.1" 200 3183 "http://localhost:3000/myfiles" "Mozilla/5.0 (Windows NT 10.0; Win64; x64) AppleWebKit/537.36 (KHTML, like Gecko) Chrome/59.0.3071.115 Safari/537.36"
::1 - - [19/Jul/2017:20:01:32 +0000] "GET /favicon.ico HTTP/1.1" 200 1404 "http://localhost:3000/" "Mozilla/5.0 (Windows NT 10.0; Win64; x64) AppleWebKit/537.36 (KHTML, like Gecko) Chrome/59.0.3071.115 Safari/537.36"
::1 - - [19/Jul/2017:20:01:39 +0000] "POST /upload HTTP/1.1" 200 38 "http://localhost:3000/" "Mozilla/5.0 (Windows NT 10.0; Win64; x64) AppleWebKit/537.36 (KHTML, like Gecko) Chrome/59.0.3071.115 Safari/537.36"
::1 - - [19/Jul/2017:20:01:58 +0000] "GET /profile HTTP/1.1" 200 6017 "http://localhost:3000/" "Mozilla/5.0 (Windows NT 10.0; Win64; x64) AppleWebKit/537.36 (KHTML, like Gecko) Chrome/59.0.3071.115 Safari/537.36"
::1 - - [19/Jul/2017:20:01:58 +0000] "GET /favicon.ico HTTP/1.1" 200 1404 "http://localhost:3000/profile" "Mozilla/5.0 (Windows NT 10.0; Win64; x64) AppleWebKit/537.36 (KHTML, like Gecko) Chrome/59.0.3071.115 Safari/537.36"
::1 - - [19/Jul/2017:20:10:48 +0000] "GET /profile HTTP/1.1" 304 - "http://localhost:3000/" "Mozilla/5.0 (Windows NT 10.0; Win64; x64) AppleWebKit/537.36 (KHTML, like Gecko) Chrome/59.0.3071.115 Safari/537.36"
::1 - - [19/Jul/2017:20:10:48 +0000] "GET /favicon.ico HTTP/1.1" 200 1405 "http://localhost:3000/profile" "Mozilla/5.0 (Windows NT 10.0; Win64; x64) AppleWebKit/537.36 (KHTML, like Gecko) Chrome/59.0.3071.115 Safari/537.36"
